#
# A fatal error has been detected by the Java Runtime Environment:
#
#  SIGSEGV (0xb) at pc=0x01140e78, pid=5933, tid=2361355120
#
# JRE version: 6.0_17-b17
# Java VM: OpenJDK Server VM (14.0-b16 interpreted mode linux-x86 )
# Derivative: IcedTea6 1.7.5
# Distribution: Custom build (Sat Jun 25 03:01:37 BST 2011)
# Problematic frame:
# V  [libjvm.so+0x36ce78]
#
# If you would like to submit a bug report, please include
# instructions how to reproduce the bug and visit:
#   http://icedtea.classpath.org/bugzilla
#

---------------  T H R E A D  ---------------

Current thread (0x09661800):  JavaThread "Thread-69" daemon [_thread_in_vm, id=6051, stack(0x8c1f6000,0x8cbf7000)]

siginfo:si_signo=SIGSEGV: si_errno=0, si_code=1 (SEGV_MAPERR), si_addr=0x00004004

Registers:
EAX=0x8cbf5c84, EBX=0x01418814, ECX=0x8cbf5c8c, EDX=0x00004000
ESP=0x8cbf5bec, EBP=0x8cbf5c28, ESI=0x09661800, EDI=0x09661800
EIP=0x01140e78, CR2=0x00004004, EFLAGS=0x00210292

Top of Stack: (sp=0x8cbf5bec)
0x8cbf5bec:   01140dde af8f4fb4 0000027f 00000000
0x8cbf5bfc:   018592b6 09661910 8cbf5c44 8cbf5c5c
0x8cbf5c0c:   09661800 8cbf5c54 00000000 00000010
0x8cbf5c1c:   af8f4fb8 af8f4fb4 09661800 8cbf5c6c
0x8cbf5c2c:   0185900a 09661910 8cbf5c74 8cbf5c8c
0x8cbf5c3c:   00299760 8cbf5c84 00000009 00299760
0x8cbf5c4c:   8cbf5c4c 00000000 8cbf5c8c af955b58
0x8cbf5c5c:   00000000 af8f4fb8 00000000 8cbf5c7c 

Instructions: (pc=0x01140e78)
0x01140e68:   85 d2 0f 84 94 00 00 00 8b 4d 10 83 ec 04 8b 11
0x01140e78:   8b 4a 04 8d 71 08 8b 49 08 57 ff 75 20 ff 75 1c 

Stack: [0x8c1f6000,0x8cbf7000],  sp=0x8cbf5bec,  free space=10238k
Native frames: (J=compiled Java code, j=interpreted, Vv=VM code, C=native code)
V  [libjvm.so+0x36ce78]
j  java.lang.System.arraycopy(Ljava/lang/Object;ILjava/lang/Object;II)V+0
j  java.lang.String.getChars(II[CI)V+62
j  java.lang.AbstractStringBuilder.append(Ljava/lang/String;)Ljava/lang/AbstractStringBuilder;+50
j  java.lang.StringBuilder.append(Ljava/lang/String;)Ljava/lang/StringBuilder;+2
j  browsefs.BrowseFS.read_pre(Ljava/lang/String;Ljava/lang/String;IILjavafuse/Fuse_file_info;)I+92
v  ~StubRoutines::call_stub
V  [libjvm.so+0x31c625]
V  [libjvm.so+0x481749]
V  [libjvm.so+0x31b7df]
V  [libjvm.so+0x327dec]
V  [libjvm.so+0x33ed4d]
V  [libjvm.so+0x34a992]
C  [javafuse+0x4666]
C  [libfuse.so.2+0x6a0d]  fuse_fs_read+0x7d
C  [libfuse.so.2+0xf541]
C  [libfuse.so.2+0x139a9]
C  [libfuse.so.2+0x11a72]
C  [libfuse.so.2+0x14d27]  fuse_session_process+0x27
C  [libfuse.so.2+0x10034]
C  [libpthread.so.0+0x69e9]

Java frames: (J=compiled Java code, j=interpreted, Vv=VM code)
j  java.lang.System.arraycopy(Ljava/lang/Object;ILjava/lang/Object;II)V+0
j  java.lang.String.getChars(II[CI)V+62
j  java.lang.AbstractStringBuilder.append(Ljava/lang/String;)Ljava/lang/AbstractStringBuilder;+50
j  java.lang.StringBuilder.append(Ljava/lang/String;)Ljava/lang/StringBuilder;+2
j  browsefs.BrowseFS.read_pre(Ljava/lang/String;Ljava/lang/String;IILjavafuse/Fuse_file_info;)I+92
v  ~StubRoutines::call_stub

---------------  P R O C E S S  ---------------

Java Threads: ( => current thread )
  0x09682800 JavaThread "Thread-1782" daemon [_thread_in_native, id=7775, stack(0x8b1a1000,0x8bba2000)]
  0x8f336c00 JavaThread "Timer-1775" daemon [_thread_blocked, id=7773, stack(0x8ccea000,0x8cd3b000)]
=>0x09661800 JavaThread "Thread-69" daemon [_thread_in_vm, id=6051, stack(0x8c1f6000,0x8cbf7000)]
  0x8f331c00 JavaThread "Thread-12" daemon [_thread_in_native, id=5990, stack(0x8d065000,0x8da66000)]
  0x8f325000 JavaThread "Thread-4" daemon [_thread_in_native, id=5944, stack(0x8db59000,0x8e55a000)]
  0x0961cc00 JavaThread "Firefox output watcher" daemon [_thread_in_native, id=5969, stack(0x8dab7000,0x8db08000)]
  0x09618400 JavaThread "process reaper" daemon [_thread_in_native, id=5967, stack(0x8db08000,0x8db59000)]
  0x095c0000 JavaThread "Thread-0" daemon [_thread_in_native, id=5943, stack(0x8e57c000,0x8ef7d000)]
  0x095a1000 JavaThread "Low Memory Detector" daemon [_thread_blocked, id=5940, stack(0x8f40d000,0x8f45e000)]
  0x0959f400 JavaThread "CompilerThread1" daemon [_thread_blocked, id=5939, stack(0x8effe000,0x8f07f000)]
  0x0959d800 JavaThread "CompilerThread0" daemon [_thread_blocked, id=5938, stack(0x8f07f000,0x8f100000)]
  0x0959c000 JavaThread "Signal Dispatcher" daemon [_thread_blocked, id=5937, stack(0x8f45e000,0x8f4af000)]
  0x0958a400 JavaThread "Finalizer" daemon [_thread_blocked, id=5936, stack(0x8f4af000,0x8f500000)]
  0x09589000 JavaThread "Reference Handler" daemon [_thread_blocked, id=5935, stack(0x8f637000,0x8f688000)]
  0x09532800 JavaThread "main" [_thread_in_native, id=5933, stack(0xbfe03000,0xbfe53000)]

Other Threads:
  0x09585c00 VMThread [stack: 0x8f688000,0x8f709000] [id=5934]
  0x095a2c00 WatcherThread [stack: 0x8ef7d000,0x8effe000] [id=5941]

VM state:not at safepoint (normal execution)

VM Mutex/Monitor currently owned by a thread: None

Heap
 def new generation   total 960K, used 3K [0x8f8d0000, 0x8f9d0000, 0x931b0000)
  eden space 896K,   0% used [0x8f8d0000, 0x8f8d0c30, 0x8f9b0000)
  from space 64K,   0% used [0x8f9b0000, 0x8f9b0000, 0x8f9c0000)
  to   space 64K,   0% used [0x8f9c0000, 0x8f9c0000, 0x8f9d0000)
 tenured generation   total 9420K, used 6658K [0x931b0000, 0x93ae3000, 0xaf8d0000)
   the space 9420K,  70% used [0x931b0000, 0x938309a0, 0x93830a00, 0x93ae3000)
 compacting perm gen  total 16384K, used 7976K [0xaf8d0000, 0xb08d0000, 0xb78d0000)
   the space 16384K,  48% used [0xaf8d0000, 0xb009a370, 0xb009a400, 0xb08d0000)
No shared spaces configured.

Dynamic libraries:
00110000-00295000 r-xp 00000000 fd:00 672760     /lib/libc-2.12.so
00295000-00296000 ---p 00185000 fd:00 672760     /lib/libc-2.12.so
00296000-00298000 r--p 00185000 fd:00 672760     /lib/libc-2.12.so
00298000-00299000 rw-p 00187000 fd:00 672760     /lib/libc-2.12.so
00299000-0029c000 rw-p 00000000 00:00 0 
0029c000-002a7000 r-xp 00000000 fd:00 265562     /usr/lib/jvm/java-1.6.0-openjdk-1.6.0.0/jre/lib/i386/libverify.so
002a7000-002a8000 rw-p 0000b000 fd:00 265562     /usr/lib/jvm/java-1.6.0-openjdk-1.6.0.0/jre/lib/i386/libverify.so
002a8000-002b4000 r-xp 00000000 fd:00 653729     /lib/libnss_files-2.12.so
002b4000-002b5000 r--p 0000b000 fd:00 653729     /lib/libnss_files-2.12.so
002b5000-002b6000 rw-p 0000c000 fd:00 653729     /lib/libnss_files-2.12.so
002b6000-002bf000 rwxp 00000000 00:00 0 
002bf000-002f7000 rwxp 00000000 00:00 0 
002f7000-0030a000 r-xp 00000000 fd:00 265554     /usr/lib/jvm/java-1.6.0-openjdk-1.6.0.0/jre/lib/i386/libnet.so
0030a000-0030b000 rw-p 00013000 fd:00 265554     /usr/lib/jvm/java-1.6.0-openjdk-1.6.0.0/jre/lib/i386/libnet.so
0030b000-00312000 r-xp 00000000 fd:00 265555     /usr/lib/jvm/java-1.6.0-openjdk-1.6.0.0/jre/lib/i386/libnio.so
00312000-00313000 rw-p 00006000 fd:00 265555     /usr/lib/jvm/java-1.6.0-openjdk-1.6.0.0/jre/lib/i386/libnio.so
0031a000-0033c000 r-xp 00000000 fd:00 265543     /usr/lib/jvm/java-1.6.0-openjdk-1.6.0.0/jre/lib/i386/libjava.so
0033c000-0033e000 rw-p 00022000 fd:00 265543     /usr/lib/jvm/java-1.6.0-openjdk-1.6.0.0/jre/lib/i386/libjava.so
0033e000-0033f000 rwxp 00000000 00:00 0 
0033f000-0035a000 rwxp 00000000 00:00 0 
0035a000-00360000 rwxp 00000000 00:00 0 
00360000-0043e000 rwxp 00000000 00:00 0 
0043e000-00446000 rwxp 00000000 00:00 0 
00446000-0047e000 rwxp 00000000 00:00 0 
0047e000-00484000 rwxp 00000000 00:00 0 
00484000-00563000 rwxp 00000000 00:00 0 
00563000-00578000 r-xp 00000000 fd:00 672771     /lib/libresolv-2.12.so
00578000-00579000 r--p 00014000 fd:00 672771     /lib/libresolv-2.12.so
00579000-0057a000 rw-p 00015000 fd:00 672771     /lib/libresolv-2.12.so
0057a000-0057c000 rw-p 00000000 00:00 0 
0062c000-00632000 r-xp 00000000 fd:00 265563     /usr/lib/jvm/java-1.6.0-openjdk-1.6.0.0/jre/lib/i386/libzip.so
00632000-00633000 rw-p 00006000 fd:00 265563     /usr/lib/jvm/java-1.6.0-openjdk-1.6.0.0/jre/lib/i386/libzip.so
007d5000-007de000 r-xp 00000000 fd:00 793086     /root/javafuse/javafuse-read-only/build/libjavafuse.so
007de000-007df000 rw-p 00008000 fd:00 793086     /root/javafuse/javafuse-read-only/build/libjavafuse.so
007f1000-007f6000 r-xp 00000000 fd:00 653727     /lib/libnss_dns-2.12.so
007f6000-007f7000 r--p 00004000 fd:00 653727     /lib/libnss_dns-2.12.so
007f7000-007f8000 rw-p 00005000 fd:00 653727     /lib/libnss_dns-2.12.so
00a91000-00aaf000 r-xp 00000000 fd:00 672758     /lib/ld-2.12.so
00aaf000-00ab0000 r--p 0001d000 fd:00 672758     /lib/ld-2.12.so
00ab0000-00ab1000 rw-p 0001e000 fd:00 672758     /lib/ld-2.12.so
00ab3000-00ab6000 r-xp 00000000 fd:00 672768     /lib/libdl-2.12.so
00ab6000-00ab7000 r--p 00002000 fd:00 672768     /lib/libdl-2.12.so
00ab7000-00ab8000 rw-p 00003000 fd:00 672768     /lib/libdl-2.12.so
00aba000-00ad1000 r-xp 00000000 fd:00 672762     /lib/libpthread-2.12.so
00ad1000-00ad2000 r--p 00016000 fd:00 672762     /lib/libpthread-2.12.so
00ad2000-00ad3000 rw-p 00017000 fd:00 672762     /lib/libpthread-2.12.so
00ad3000-00ad5000 rw-p 00000000 00:00 0 
00ad7000-00aff000 r-xp 00000000 fd:00 672765     /lib/libm-2.12.so
00aff000-00b00000 r--p 00027000 fd:00 672765     /lib/libm-2.12.so
00b00000-00b01000 rw-p 00028000 fd:00 672765     /lib/libm-2.12.so
00b03000-00b0a000 r-xp 00000000 fd:00 672763     /lib/librt-2.12.so
00b0a000-00b0b000 r--p 00006000 fd:00 672763     /lib/librt-2.12.so
00b0b000-00b0c000 rw-p 00007000 fd:00 672763     /lib/librt-2.12.so
00b2f000-00b41000 r-xp 00000000 fd:00 672767     /lib/libz.so.1.2.3
00b41000-00b42000 rw-p 00011000 fd:00 672767     /lib/libz.so.1.2.3
00b4e000-00b4f000 r--p 00000000 00:00 0 
00bd5000-00bdb000 r-xp 00000000 fd:00 265564     /usr/lib/jvm/java-1.6.0-openjdk-1.6.0.0/jre/lib/i386/native_threads/libhpi.so
00bdb000-00bdc000 rw-p 00006000 fd:00 265564     /usr/lib/jvm/java-1.6.0-openjdk-1.6.0.0/jre/lib/i386/native_threads/libhpi.so
00c87000-00c88000 r-xp 00000000 00:00 0          [vdso]
00cc9000-00cd2000 rwxp 00000000 00:00 0 
00cd2000-00d89000 rwxp 00000000 00:00 0 
00da7000-00dcb000 r-xp 00000000 fd:00 656954     /lib/libfuse.so.2.8.3
00dcb000-00dd4000 rw-p 00024000 fd:00 656954     /lib/libfuse.so.2.8.3
00dd4000-013d7000 r-xp 00000000 fd:00 265569     /usr/lib/jvm/java-1.6.0-openjdk-1.6.0.0/jre/lib/i386/server/libjvm.so
013d7000-0142e000 rw-p 00603000 fd:00 265569     /usr/lib/jvm/java-1.6.0-openjdk-1.6.0.0/jre/lib/i386/server/libjvm.so
0142e000-0184f000 rw-p 00000000 00:00 0 
0184f000-01a8f000 rwxp 00000000 00:00 0 
01a8f000-0484f000 rwxp 00000000 00:00 0 
0652e000-06544000 r-xp 00000000 fd:00 672795     /lib/libnsl-2.12.so
06544000-06545000 r--p 00016000 fd:00 672795     /lib/libnsl-2.12.so
06545000-06546000 rw-p 00017000 fd:00 672795     /lib/libnsl-2.12.so
06546000-06548000 rw-p 00000000 00:00 0 
08048000-08053000 r-xp 00000000 fd:00 803860     /root/javafuse/javafuse-read-only/javafuse
08053000-08054000 rw-p 0000a000 fd:00 803860     /root/javafuse/javafuse-read-only/javafuse
0952e000-09810000 rw-p 00000000 00:00 0          [heap]
8b1a1000-8b1a4000 ---p 00000000 00:00 0 
8b1a4000-8bba2000 rw-p 00000000 00:00 0 
8bba2000-8bba5000 rwxp 00000000 00:00 0 
8bba5000-8bbf3000 rw-p 00000000 00:00 0 
8bbf3000-8bbf6000 rwxp 00000000 00:00 0 
8bbf6000-8bc44000 rw-p 00000000 00:00 0 
8bc44000-8bc47000 rwxp 00000000 00:00 0 
8bc47000-8bc95000 rw-p 00000000 00:00 0 
8bc95000-8bc98000 rwxp 00000000 00:00 0 
8bc98000-8bce6000 rw-p 00000000 00:00 0 
8bce6000-8bce9000 rwxp 00000000 00:00 0 
8bce9000-8bd37000 rw-p 00000000 00:00 0 
8bd37000-8bd3a000 rwxp 00000000 00:00 0 
8bd3a000-8bd88000 rw-p 00000000 00:00 0 
8bd88000-8bd8b000 rwxp 00000000 00:00 0 
8bd8b000-8bdd9000 rw-p 00000000 00:00 0 
8bdd9000-8bddc000 rwxp 00000000 00:00 0 
8bddc000-8be2a000 rw-p 00000000 00:00 0 
8be2a000-8be2d000 rwxp 00000000 00:00 0 
8be2d000-8be7b000 rw-p 00000000 00:00 0 
8be7b000-8be7e000 rwxp 00000000 00:00 0 
8be7e000-8becc000 rw-p 00000000 00:00 0 
8becc000-8becf000 rwxp 00000000 00:00 0 
8becf000-8bf1d000 rw-p 00000000 00:00 0 
8bf1d000-8bf20000 rwxp 00000000 00:00 0 
8bf20000-8bf6e000 rw-p 00000000 00:00 0 
8bf6e000-8bf71000 rwxp 00000000 00:00 0 
8bf71000-8bfbf000 rw-p 00000000 00:00 0 
8bfbf000-8bfc2000 rwxp 00000000 00:00 0 
8bfc2000-8c010000 rw-p 00000000 00:00 0 
8c010000-8c013000 rwxp 00000000 00:00 0 
8c013000-8c061000 rw-p 00000000 00:00 0 
8c061000-8c064000 rwxp 00000000 00:00 0 
8c064000-8c0b2000 rw-p 00000000 00:00 0 
8c0b2000-8c0b5000 rwxp 00000000 00:00 0 
8c0b5000-8c103000 rw-p 00000000 00:00 0 
8c103000-8c106000 rwxp 00000000 00:00 0 
8c106000-8c154000 rw-p 00000000 00:00 0 
8c154000-8c157000 rwxp 00000000 00:00 0 
8c157000-8c1a5000 rw-p 00000000 00:00 0 
8c1a5000-8c1a8000 rwxp 00000000 00:00 0 
8c1a8000-8c1f6000 rw-p 00000000 00:00 0 
8c1f6000-8c1f9000 ---p 00000000 00:00 0 
8c1f9000-8cbf7000 rw-p 00000000 00:00 0 
8cbf7000-8cbfa000 rwxp 00000000 00:00 0 
8cbfa000-8cc48000 rw-p 00000000 00:00 0 
8cc48000-8cc4b000 rwxp 00000000 00:00 0 
8cc4b000-8cc99000 rw-p 00000000 00:00 0 
8cc99000-8cc9c000 rwxp 00000000 00:00 0 
8cc9c000-8ccea000 rw-p 00000000 00:00 0 
8ccea000-8cced000 ---p 00000000 00:00 0 
8cced000-8cd3b000 rw-p 00000000 00:00 0 
8cd3b000-8cd3e000 rwxp 00000000 00:00 0 
8cd3e000-8cd8c000 rw-p 00000000 00:00 0 
8cd8c000-8cd8f000 rwxp 00000000 00:00 0 
8cd8f000-8cddd000 rw-p 00000000 00:00 0 
8cddd000-8cde0000 rwxp 00000000 00:00 0 
8cde0000-8ce2e000 rw-p 00000000 00:00 0 
8ce2e000-8ce31000 rwxp 00000000 00:00 0 
8ce31000-8ce7f000 rw-p 00000000 00:00 0 
8ce7f000-8ce82000 rwxp 00000000 00:00 0 
8ce82000-8ced0000 rw-p 00000000 00:00 0 
8ced0000-8ced3000 rwxp 00000000 00:00 0 
8ced3000-8cf21000 rw-p 00000000 00:00 0 
8cf21000-8cf24000 rwxp 00000000 00:00 0 
8cf24000-8cf72000 rw-p 00000000 00:00 0 
8cf72000-8cf75000 rwxp 00000000 00:00 0 
8cf75000-8cfc3000 rw-p 00000000 00:00 0 
8cfc3000-8cfc6000 rwxp 00000000 00:00 0 
8cfc6000-8d014000 rw-p 00000000 00:00 0 
8d014000-8d017000 rwxp 00000000 00:00 0 
8d017000-8d065000 rw-p 00000000 00:00 0 
8d065000-8d068000 ---p 00000000 00:00 0 
8d068000-8da66000 rw-p 00000000 00:00 0 
8da66000-8da69000 rwxp 00000000 00:00 0 
8da69000-8dab7000 rw-p 00000000 00:00 0 
8dab7000-8daba000 ---p 00000000 00:00 0 
8daba000-8db08000 rw-p 00000000 00:00 0 
8db08000-8db0b000 ---p 00000000 00:00 0 
8db0b000-8db59000 rw-p 00000000 00:00 0 
8db59000-8db5c000 ---p 00000000 00:00 0 
8db5c000-8e57c000 rw-p 00000000 00:00 0 
8e57c000-8e57f000 ---p 00000000 00:00 0 
8e57f000-8ef7d000 rw-p 00000000 00:00 0 
8ef7d000-8ef7e000 ---p 00000000 00:00 0 
8ef7e000-8effe000 rw-p 00000000 00:00 0 
8effe000-8f001000 ---p 00000000 00:00 0 
8f001000-8f07f000 rw-p 00000000 00:00 0 
8f07f000-8f082000 ---p 00000000 00:00 0 
8f082000-8f100000 rw-p 00000000 00:00 0 
8f100000-8f300000 r--p 00000000 fd:00 137199     /usr/lib/locale/locale-archive
8f300000-8f3ed000 rw-p 00000000 00:00 0 
8f3ed000-8f400000 ---p 00000000 00:00 0 
8f40d000-8f410000 ---p 00000000 00:00 0 
8f410000-8f45e000 rw-p 00000000 00:00 0 
8f45e000-8f461000 ---p 00000000 00:00 0 
8f461000-8f4af000 rw-p 00000000 00:00 0 
8f4af000-8f4b2000 ---p 00000000 00:00 0 
8f4b2000-8f500000 rw-p 00000000 00:00 0 
8f500000-8f563000 rw-p 00000000 00:00 0 
8f563000-8f600000 ---p 00000000 00:00 0 
8f601000-8f608000 r--s 000fe000 fd:00 265580     /usr/lib/jvm/java-1.6.0-openjdk-1.6.0.0/jre/lib/resources.jar
8f608000-8f60c000 r--s 0007c000 fd:00 262262     /usr/lib/jvm/java-1.6.0-openjdk-1.6.0.0/jre/lib/jsse.jar
8f60c000-8f615000 r--s 00065000 fd:00 265508     /usr/lib/jvm/java-1.6.0-openjdk-1.6.0.0/jre/lib/ext/gnome-java-bridge.jar
8f615000-8f637000 rw-p 00000000 00:00 0 
8f637000-8f63a000 ---p 00000000 00:00 0 
8f63a000-8f688000 rw-p 00000000 00:00 0 
8f688000-8f689000 ---p 00000000 00:00 0 
8f689000-8f73c000 rw-p 00000000 00:00 0 
8f73c000-8f8d0000 r--s 038cb000 fd:00 265582     /usr/lib/jvm/java-1.6.0-openjdk-1.6.0.0/jre/lib/rt.jar
8f8d0000-8f9d0000 rwxp 00000000 00:00 0 
8f9d0000-931b0000 rwxp 00000000 00:00 0 
931b0000-93ae3000 rwxp 00000000 00:00 0 
93ae3000-af8d0000 rwxp 00000000 00:00 0 
af8d0000-b08d0000 rwxp 00000000 00:00 0 
b08d0000-b78d0000 rwxp 00000000 00:00 0 
b78d0000-b78d3000 rw-p 00000000 00:00 0 
b78d4000-b78d7000 r--s 0000f000 fd:00 265511     /usr/lib/jvm/java-1.6.0-openjdk-1.6.0.0/jre/lib/ext/pulse-java.jar
b78d7000-b78df000 rw-s 00000000 fd:00 973560     /tmp/hsperfdata_root/5933
b78df000-b78e0000 rw-p 00000000 00:00 0 
b78e0000-b78e1000 r--p 00000000 00:00 0 
b78e1000-b78e3000 rw-p 00000000 00:00 0 
bfe03000-bfe06000 ---p 00000000 00:00 0 
bfe07000-bfe53000 rw-p 00000000 00:00 0          [stack]

VM Arguments:
jvm_args: -Xint -Xcheck:jni 
java_command: <unknown>
Launcher Type: generic

Environment Variables:
PATH=/usr/lib/qt-3.3/bin:/usr/local/sbin:/usr/sbin:/sbin:/usr/local/bin:/usr/bin:/bin:/root/bin
USERNAME=root
LD_LIBRARY_PATH=build:/usr/lib/jvm/java-1.6.0-openjdk-1.6.0.0/jre/lib/i386/server
SHELL=/bin/bash
DISPLAY=:0.0

Signal Handlers:
SIGSEGV: [libjvm.so+0x58fb90], sa_mask[0]=0x7ffbfeff, sa_flags=0x10000004
SIGBUS: [libjvm.so+0x58fb90], sa_mask[0]=0x7ffbfeff, sa_flags=0x10000004
SIGFPE: [libjvm.so+0x484220], sa_mask[0]=0x7ffbfeff, sa_flags=0x10000004
SIGPIPE: [libjvm.so+0x484220], sa_mask[0]=0x7ffbfeff, sa_flags=0x10000004
SIGXFSZ: [libjvm.so+0x484220], sa_mask[0]=0x7ffbfeff, sa_flags=0x10000004
SIGILL: [libjvm.so+0x484220], sa_mask[0]=0x7ffbfeff, sa_flags=0x10000004
SIGUSR1: SIG_DFL, sa_mask[0]=0x00000000, sa_flags=0x00000000
SIGUSR2: [libjvm.so+0x483970], sa_mask[0]=0x00000000, sa_flags=0x10000004
SIGHUP: [libjvm.so+0x485ed0], sa_mask[0]=0x7ffbfeff, sa_flags=0x10000004
SIGINT: [libjvm.so+0x485ed0], sa_mask[0]=0x7ffbfeff, sa_flags=0x10000004
SIGTERM: [libjvm.so+0x485ed0], sa_mask[0]=0x7ffbfeff, sa_flags=0x10000004
SIGQUIT: [libjvm.so+0x485ed0], sa_mask[0]=0x7ffbfeff, sa_flags=0x10000004


---------------  S Y S T E M  ---------------

OS:CentOS Linux release 6.0 (Final)

uname:Linux 2.6.32-71.el6.i686 #1 SMP Fri Nov 12 04:17:17 GMT 2010 i686
libc:glibc 2.12 NPTL 2.12 
rlimit: STACK 10240k, CORE 0k, NPROC 1024, NOFILE 1024, AS infinity
load average:0.50 0.44 0.30

CPU:total 1 (1 cores per cpu, 1 threads per core) family 6 model 23 stepping 6, cmov, cx8, fxsr, mmx, sse, sse2, sse3, ssse3, sse4.1

Memory: 4k page, physical 1031320k(110672k free), swap 2064376k(2047896k free)

vm_info: OpenJDK Server VM (14.0-b16) for linux-x86 JRE (1.6.0_17-b17), built on Jun 25 2011 03:11:37 by "mockbuild" with gcc 4.4.4 20100726 (Red Hat 4.4.4-13)

time: Wed Nov  2 01:08:44 2011
elapsed time: 65 seconds

