#
# A fatal error has been detected by the Java Runtime Environment:
#
#  SIGSEGV (0xb) at pc=0x01140e78, pid=28758, tid=2343889776
#
# JRE version: 6.0_17-b17
# Java VM: OpenJDK Server VM (14.0-b16 interpreted mode linux-x86 )
# Derivative: IcedTea6 1.7.5
# Distribution: Custom build (Sat Jun 25 03:01:37 BST 2011)
# Problematic frame:
# V  [libjvm.so+0x36ce78]
#
# If you would like to submit a bug report, please include
# instructions how to reproduce the bug and visit:
#   http://icedtea.classpath.org/bugzilla
#

---------------  T H R E A D  ---------------

Current thread (0x8f302800):  JavaThread "Thread-5" daemon [_thread_in_vm, id=28775, stack(0x8b14e000,0x8bb4f000)]

siginfo:si_signo=SIGSEGV: si_errno=0, si_code=1 (SEGV_MAPERR), si_addr=0x00001004

Registers:
EAX=0x8bb4dc84, EBX=0x01418814, ECX=0x8bb4dc8c, EDX=0x00001000
ESP=0x8bb4dbec, EBP=0x8bb4dc28, ESI=0x8f302800, EDI=0x8f302800
EIP=0x01140e78, CR2=0x00001004, EFLAGS=0x00210292

Top of Stack: (sp=0x8bb4dbec)
0x8bb4dbec:   01140dde af764fb4 0000027f 00000000
0x8bb4dbfc:   01e642b6 8f302910 8bb4dc44 8bb4dc5c
0x8bb4dc0c:   8f302800 8bb4dc54 00000000 00000010
0x8bb4dc1c:   af764fb8 af764fb4 8f302800 8bb4dc6c
0x8bb4dc2c:   01e6400a 8f302910 8bb4dc74 8bb4dc8c
0x8bb4dc3c:   656e6f6d 8bb4dc84 00000009 00003279
0x8bb4dc4c:   8bb4dc4c 00000000 8bb4dc8c af7c5b58
0x8bb4dc5c:   00000000 af764fb8 00000000 8bb4dc7c 

Instructions: (pc=0x01140e78)
0x01140e68:   85 d2 0f 84 94 00 00 00 8b 4d 10 83 ec 04 8b 11
0x01140e78:   8b 4a 04 8d 71 08 8b 49 08 57 ff 75 20 ff 75 1c 

Stack: [0x8b14e000,0x8bb4f000],  sp=0x8bb4dbec,  free space=10238k
Native frames: (J=compiled Java code, j=interpreted, Vv=VM code, C=native code)
V  [libjvm.so+0x36ce78]
j  java.lang.System.arraycopy(Ljava/lang/Object;ILjava/lang/Object;II)V+0
j  java.lang.String.getChars(II[CI)V+62
j  java.lang.AbstractStringBuilder.append(Ljava/lang/String;)Ljava/lang/AbstractStringBuilder;+50
j  java.lang.StringBuilder.append(Ljava/lang/String;)Ljava/lang/StringBuilder;+2
j  browsefs.BrowseFS.read_pre(Ljava/lang/String;Ljava/lang/String;IILjavafuse/Fuse_file_info;)I+49
v  ~StubRoutines::call_stub
V  [libjvm.so+0x31c625]
V  [libjvm.so+0x481749]
V  [libjvm.so+0x31b7df]
V  [libjvm.so+0x327dec]
V  [libjvm.so+0x33ed4d]
V  [libjvm.so+0x34a992]
C  [javafuse+0x4666]
C  [libfuse.so.2+0x6a0d]  fuse_fs_read+0x7d
C  [libfuse.so.2+0xf541]
C  [libfuse.so.2+0x139a9]
C  [libfuse.so.2+0x11a72]
C  [libfuse.so.2+0x14d27]  fuse_session_process+0x27
C  [libfuse.so.2+0x10034]
C  [libpthread.so.0+0x69e9]

Java frames: (J=compiled Java code, j=interpreted, Vv=VM code)
j  java.lang.System.arraycopy(Ljava/lang/Object;ILjava/lang/Object;II)V+0
j  java.lang.String.getChars(II[CI)V+62
j  java.lang.AbstractStringBuilder.append(Ljava/lang/String;)Ljava/lang/AbstractStringBuilder;+50
j  java.lang.StringBuilder.append(Ljava/lang/String;)Ljava/lang/StringBuilder;+2
j  browsefs.BrowseFS.read_pre(Ljava/lang/String;Ljava/lang/String;IILjavafuse/Fuse_file_info;)I+49
v  ~StubRoutines::call_stub

---------------  P R O C E S S  ---------------

Java Threads: ( => current thread )
=>0x8f302800 JavaThread "Thread-5" daemon [_thread_in_vm, id=28775, stack(0x8b14e000,0x8bb4f000)]
  0x8f10e800 JavaThread "Thread-4" daemon [_thread_in_native, id=28774, stack(0x8bb71000,0x8c572000)]
  0x0829d000 JavaThread "Thread-3" daemon [_thread_in_native, id=28773, stack(0x8c594000,0x8cf95000)]
  0x8f300c00 JavaThread "Thread-2" daemon [_thread_in_native, id=28770, stack(0x8cfb7000,0x8d9b8000)]
  0x8f103c00 JavaThread "Thread-1" daemon [_thread_in_native, id=28769, stack(0x8d9da000,0x8e3db000)]
  0x08292800 JavaThread "Thread-0" daemon [_thread_in_native, id=28768, stack(0x8e3fd000,0x8edfe000)]
  0x08272000 JavaThread "Low Memory Detector" daemon [_thread_blocked, id=28765, stack(0x8f22e000,0x8f27f000)]
  0x08270400 JavaThread "CompilerThread1" daemon [_thread_blocked, id=28764, stack(0x8ee7f000,0x8ef00000)]
  0x0826e800 JavaThread "CompilerThread0" daemon [_thread_blocked, id=28763, stack(0x8f27f000,0x8f300000)]
  0x0826d000 JavaThread "Signal Dispatcher" daemon [_thread_blocked, id=28762, stack(0x8f405000,0x8f456000)]
  0x0825b400 JavaThread "Finalizer" daemon [_thread_blocked, id=28761, stack(0x8f456000,0x8f4a7000)]
  0x0825a000 JavaThread "Reference Handler" daemon [_thread_blocked, id=28760, stack(0x8f4a7000,0x8f4f8000)]
  0x08203800 JavaThread "main" [_thread_in_native, id=28758, stack(0xbfae6000,0xbfb36000)]

Other Threads:
  0x08256c00 VMThread [stack: 0x8f4f8000,0x8f579000] [id=28759]
  0x08274000 WatcherThread [stack: 0x8edfe000,0x8ee7f000] [id=28766]

VM state:not at safepoint (normal execution)

VM Mutex/Monitor currently owned by a thread: None

Heap
 def new generation   total 960K, used 577K [0x8f740000, 0x8f840000, 0x93020000)
  eden space 896K,  57% used [0x8f740000, 0x8f7c0630, 0x8f820000)
  from space 64K, 100% used [0x8f830000, 0x8f840000, 0x8f840000)
  to   space 64K,   0% used [0x8f820000, 0x8f820000, 0x8f830000)
 tenured generation   total 4096K, used 49K [0x93020000, 0x93420000, 0xaf740000)
   the space 4096K,   1% used [0x93020000, 0x9302c538, 0x9302c600, 0x93420000)
 compacting perm gen  total 16384K, used 1948K [0xaf740000, 0xb0740000, 0xb7740000)
   the space 16384K,  11% used [0xaf740000, 0xaf927040, 0xaf927200, 0xb0740000)
No shared spaces configured.

Dynamic libraries:
00110000-00295000 r-xp 00000000 fd:00 672760     /lib/libc-2.12.so
00295000-00296000 ---p 00185000 fd:00 672760     /lib/libc-2.12.so
00296000-00298000 r--p 00185000 fd:00 672760     /lib/libc-2.12.so
00298000-00299000 rw-p 00187000 fd:00 672760     /lib/libc-2.12.so
00299000-0029c000 rw-p 00000000 00:00 0 
0029c000-002a7000 r-xp 00000000 fd:00 265562     /usr/lib/jvm/java-1.6.0-openjdk-1.6.0.0/jre/lib/i386/libverify.so
002a7000-002a8000 rw-p 0000b000 fd:00 265562     /usr/lib/jvm/java-1.6.0-openjdk-1.6.0.0/jre/lib/i386/libverify.so
002a8000-002ae000 r-xp 00000000 fd:00 265564     /usr/lib/jvm/java-1.6.0-openjdk-1.6.0.0/jre/lib/i386/native_threads/libhpi.so
002ae000-002af000 rw-p 00006000 fd:00 265564     /usr/lib/jvm/java-1.6.0-openjdk-1.6.0.0/jre/lib/i386/native_threads/libhpi.so
002d4000-002e0000 r-xp 00000000 fd:00 653729     /lib/libnss_files-2.12.so
002e0000-002e1000 r--p 0000b000 fd:00 653729     /lib/libnss_files-2.12.so
002e1000-002e2000 rw-p 0000c000 fd:00 653729     /lib/libnss_files-2.12.so
002e2000-002e3000 rwxp 00000000 00:00 0 
002e3000-002fe000 rwxp 00000000 00:00 0 
002fe000-00301000 rwxp 00000000 00:00 0 
00301000-003e2000 rwxp 00000000 00:00 0 
003e2000-003ea000 rwxp 00000000 00:00 0 
003ea000-00422000 rwxp 00000000 00:00 0 
00422000-0042c000 rwxp 00000000 00:00 0 
0042c000-00464000 rwxp 00000000 00:00 0 
00570000-00579000 rwxp 00000000 00:00 0 
00579000-00630000 rwxp 00000000 00:00 0 
006f2000-006f5000 rwxp 00000000 00:00 0 
006f5000-007d6000 rwxp 00000000 00:00 0 
0088c000-00892000 r-xp 00000000 fd:00 265563     /usr/lib/jvm/java-1.6.0-openjdk-1.6.0.0/jre/lib/i386/libzip.so
00892000-00893000 rw-p 00006000 fd:00 265563     /usr/lib/jvm/java-1.6.0-openjdk-1.6.0.0/jre/lib/i386/libzip.so
00954000-00976000 r-xp 00000000 fd:00 265543     /usr/lib/jvm/java-1.6.0-openjdk-1.6.0.0/jre/lib/i386/libjava.so
00976000-00978000 rw-p 00022000 fd:00 265543     /usr/lib/jvm/java-1.6.0-openjdk-1.6.0.0/jre/lib/i386/libjava.so
00a1d000-00a1e000 r-xp 00000000 00:00 0          [vdso]
00a91000-00aaf000 r-xp 00000000 fd:00 672758     /lib/ld-2.12.so
00aaf000-00ab0000 r--p 0001d000 fd:00 672758     /lib/ld-2.12.so
00ab0000-00ab1000 rw-p 0001e000 fd:00 672758     /lib/ld-2.12.so
00ab3000-00ab6000 r-xp 00000000 fd:00 672768     /lib/libdl-2.12.so
00ab6000-00ab7000 r--p 00002000 fd:00 672768     /lib/libdl-2.12.so
00ab7000-00ab8000 rw-p 00003000 fd:00 672768     /lib/libdl-2.12.so
00aba000-00ad1000 r-xp 00000000 fd:00 672762     /lib/libpthread-2.12.so
00ad1000-00ad2000 r--p 00016000 fd:00 672762     /lib/libpthread-2.12.so
00ad2000-00ad3000 rw-p 00017000 fd:00 672762     /lib/libpthread-2.12.so
00ad3000-00ad5000 rw-p 00000000 00:00 0 
00ad7000-00aff000 r-xp 00000000 fd:00 672765     /lib/libm-2.12.so
00aff000-00b00000 r--p 00027000 fd:00 672765     /lib/libm-2.12.so
00b00000-00b01000 rw-p 00028000 fd:00 672765     /lib/libm-2.12.so
00b03000-00b0a000 r-xp 00000000 fd:00 672763     /lib/librt-2.12.so
00b0a000-00b0b000 r--p 00006000 fd:00 672763     /lib/librt-2.12.so
00b0b000-00b0c000 rw-p 00007000 fd:00 672763     /lib/librt-2.12.so
00b2f000-00b41000 r-xp 00000000 fd:00 672767     /lib/libz.so.1.2.3
00b41000-00b42000 rw-p 00011000 fd:00 672767     /lib/libz.so.1.2.3
00c1c000-00c25000 r-xp 00000000 fd:00 793086     /root/javafuse/javafuse-read-only/build/libjavafuse.so
00c25000-00c26000 rw-p 00008000 fd:00 793086     /root/javafuse/javafuse-read-only/build/libjavafuse.so
00da7000-00dcb000 r-xp 00000000 fd:00 656954     /lib/libfuse.so.2.8.3
00dcb000-00dd4000 rw-p 00024000 fd:00 656954     /lib/libfuse.so.2.8.3
00dd4000-013d7000 r-xp 00000000 fd:00 265569     /usr/lib/jvm/java-1.6.0-openjdk-1.6.0.0/jre/lib/i386/server/libjvm.so
013d7000-0142e000 rw-p 00603000 fd:00 265569     /usr/lib/jvm/java-1.6.0-openjdk-1.6.0.0/jre/lib/i386/server/libjvm.so
0142e000-0184f000 rw-p 00000000 00:00 0 
01e5a000-0209a000 rwxp 00000000 00:00 0 
0209a000-04e5a000 rwxp 00000000 00:00 0 
0652e000-06544000 r-xp 00000000 fd:00 672795     /lib/libnsl-2.12.so
06544000-06545000 r--p 00016000 fd:00 672795     /lib/libnsl-2.12.so
06545000-06546000 rw-p 00017000 fd:00 672795     /lib/libnsl-2.12.so
06546000-06548000 rw-p 00000000 00:00 0 
08048000-08053000 r-xp 00000000 fd:00 803826     /root/javafuse/javafuse-read-only/javafuse
08053000-08054000 rw-p 0000a000 fd:00 803826     /root/javafuse/javafuse-read-only/javafuse
081ff000-082ee000 rw-p 00000000 00:00 0          [heap]
8b14e000-8b151000 ---p 00000000 00:00 0 
8b151000-8bb71000 rw-p 00000000 00:00 0 
8bb71000-8bb74000 ---p 00000000 00:00 0 
8bb74000-8c594000 rw-p 00000000 00:00 0 
8c594000-8c597000 ---p 00000000 00:00 0 
8c597000-8cfb7000 rw-p 00000000 00:00 0 
8cfb7000-8cfba000 ---p 00000000 00:00 0 
8cfba000-8d9da000 rw-p 00000000 00:00 0 
8d9da000-8d9dd000 ---p 00000000 00:00 0 
8d9dd000-8e3fd000 rw-p 00000000 00:00 0 
8e3fd000-8e400000 ---p 00000000 00:00 0 
8e400000-8edfe000 rw-p 00000000 00:00 0 
8edfe000-8edff000 ---p 00000000 00:00 0 
8edff000-8ee7f000 rw-p 00000000 00:00 0 
8ee7f000-8ee82000 ---p 00000000 00:00 0 
8ee82000-8ef00000 rw-p 00000000 00:00 0 
8ef00000-8f100000 r--p 00000000 fd:00 137199     /usr/lib/locale/locale-archive
8f100000-8f161000 rw-p 00000000 00:00 0 
8f161000-8f200000 ---p 00000000 00:00 0 
8f203000-8f20c000 r--s 00065000 fd:00 265508     /usr/lib/jvm/java-1.6.0-openjdk-1.6.0.0/jre/lib/ext/gnome-java-bridge.jar
8f20c000-8f22e000 rw-p 00000000 00:00 0 
8f22e000-8f231000 ---p 00000000 00:00 0 
8f231000-8f27f000 rw-p 00000000 00:00 0 
8f27f000-8f282000 ---p 00000000 00:00 0 
8f282000-8f300000 rw-p 00000000 00:00 0 
8f300000-8f328000 rw-p 00000000 00:00 0 
8f328000-8f400000 ---p 00000000 00:00 0 
8f405000-8f408000 ---p 00000000 00:00 0 
8f408000-8f456000 rw-p 00000000 00:00 0 
8f456000-8f459000 ---p 00000000 00:00 0 
8f459000-8f4a7000 rw-p 00000000 00:00 0 
8f4a7000-8f4aa000 ---p 00000000 00:00 0 
8f4aa000-8f4f8000 rw-p 00000000 00:00 0 
8f4f8000-8f4f9000 ---p 00000000 00:00 0 
8f4f9000-8f5ac000 rw-p 00000000 00:00 0 
8f5ac000-8f740000 r--s 038cb000 fd:00 265582     /usr/lib/jvm/java-1.6.0-openjdk-1.6.0.0/jre/lib/rt.jar
8f740000-8f840000 rwxp 00000000 00:00 0 
8f840000-93020000 rwxp 00000000 00:00 0 
93020000-93420000 rwxp 00000000 00:00 0 
93420000-af740000 rwxp 00000000 00:00 0 
af740000-b0740000 rwxp 00000000 00:00 0 
b0740000-b7740000 rwxp 00000000 00:00 0 
b7744000-b7747000 rw-p 00000000 00:00 0 
b7748000-b774b000 r--s 0000f000 fd:00 265511     /usr/lib/jvm/java-1.6.0-openjdk-1.6.0.0/jre/lib/ext/pulse-java.jar
b774b000-b7753000 rw-s 00000000 fd:00 653717     /tmp/hsperfdata_root/28758
b7753000-b7754000 rw-p 00000000 00:00 0 
b7754000-b7755000 r--p 00000000 00:00 0 
b7755000-b7757000 rw-p 00000000 00:00 0 
bfae6000-bfae9000 ---p 00000000 00:00 0 
bfaea000-bfb36000 rw-p 00000000 00:00 0          [stack]

VM Arguments:
jvm_args: -Xint -Xcheck:jni 
java_command: <unknown>
Launcher Type: generic

Environment Variables:
PATH=/usr/lib/qt-3.3/bin:/usr/local/sbin:/usr/sbin:/sbin:/usr/local/bin:/usr/bin:/bin:/root/bin
USERNAME=root
LD_LIBRARY_PATH=build:/usr/lib/jvm/java-1.6.0-openjdk-1.6.0.0/jre/lib/i386/server
SHELL=/bin/bash
DISPLAY=:0.0

Signal Handlers:
SIGSEGV: [libjvm.so+0x58fb90], sa_mask[0]=0x7ffbfeff, sa_flags=0x10000004
SIGBUS: [libjvm.so+0x58fb90], sa_mask[0]=0x7ffbfeff, sa_flags=0x10000004
SIGFPE: [libjvm.so+0x484220], sa_mask[0]=0x7ffbfeff, sa_flags=0x10000004
SIGPIPE: [libjvm.so+0x484220], sa_mask[0]=0x7ffbfeff, sa_flags=0x10000004
SIGXFSZ: [libjvm.so+0x484220], sa_mask[0]=0x7ffbfeff, sa_flags=0x10000004
SIGILL: [libjvm.so+0x484220], sa_mask[0]=0x7ffbfeff, sa_flags=0x10000004
SIGUSR1: SIG_DFL, sa_mask[0]=0x00000000, sa_flags=0x00000000
SIGUSR2: [libjvm.so+0x483970], sa_mask[0]=0x00000000, sa_flags=0x10000004
SIGHUP: [libjvm.so+0x485ed0], sa_mask[0]=0x7ffbfeff, sa_flags=0x10000004
SIGINT: [libjvm.so+0x485ed0], sa_mask[0]=0x7ffbfeff, sa_flags=0x10000004
SIGTERM: [libjvm.so+0x485ed0], sa_mask[0]=0x7ffbfeff, sa_flags=0x10000004
SIGQUIT: [libjvm.so+0x485ed0], sa_mask[0]=0x7ffbfeff, sa_flags=0x10000004


---------------  S Y S T E M  ---------------

OS:CentOS Linux release 6.0 (Final)

uname:Linux 2.6.32-71.el6.i686 #1 SMP Fri Nov 12 04:17:17 GMT 2010 i686
libc:glibc 2.12 NPTL 2.12 
rlimit: STACK 10240k, CORE 0k, NPROC 1024, NOFILE 1024, AS infinity
load average:0.00 0.00 0.00

CPU:total 1 (1 cores per cpu, 1 threads per core) family 6 model 23 stepping 6, cmov, cx8, fxsr, mmx, sse, sse2, sse3, ssse3, sse4.1

Memory: 4k page, physical 1031320k(75416k free), swap 2064376k(2062424k free)

vm_info: OpenJDK Server VM (14.0-b16) for linux-x86 JRE (1.6.0_17-b17), built on Jun 25 2011 03:11:37 by "mockbuild" with gcc 4.4.4 20100726 (Red Hat 4.4.4-13)

time: Sun Oct 23 17:24:38 2011
elapsed time: 35 seconds

