#
# A fatal error has been detected by the Java Runtime Environment:
#
#  SIGSEGV (0xb) at pc=0x01140e78, pid=28801, tid=2397555568
#
# JRE version: 6.0_17-b17
# Java VM: OpenJDK Server VM (14.0-b16 interpreted mode linux-x86 )
# Derivative: IcedTea6 1.7.5
# Distribution: Custom build (Sat Jun 25 03:01:37 BST 2011)
# Problematic frame:
# V  [libjvm.so+0x36ce78]
#
# If you would like to submit a bug report, please include
# instructions how to reproduce the bug and visit:
#   http://icedtea.classpath.org/bugzilla
#

---------------  T H R E A D  ---------------

Current thread (0x09d91000):  JavaThread "Thread-0" daemon [_thread_in_vm, id=28811, stack(0x8e47c000,0x8ee7d000)]

siginfo:si_signo=SIGSEGV: si_errno=0, si_code=1 (SEGV_MAPERR), si_addr=0x00001004

Registers:
EAX=0x8ee7bc84, EBX=0x01418814, ECX=0x8ee7bc8c, EDX=0x00001000
ESP=0x8ee7bbec, EBP=0x8ee7bc28, ESI=0x09d91000, EDI=0x09d91000
EIP=0x01140e78, CR2=0x00001004, EFLAGS=0x00210292

Top of Stack: (sp=0x8ee7bbec)
0x8ee7bbec:   01140dde af804fb4 0000027f 00000000
0x8ee7bbfc:   021852b6 09d91110 8ee7bc44 8ee7bc5c
0x8ee7bc0c:   09d91000 8ee7bc54 00000000 00000010
0x8ee7bc1c:   af804fb8 af804fb4 09d91000 8ee7bc6c
0x8ee7bc2c:   0218500a 09d91110 8ee7bc74 8ee7bc8c
0x8ee7bc3c:   00d6f6e0 8ee7bc84 00000009 00d6f6e0
0x8ee7bc4c:   8ee7bc4c 00000000 8ee7bc8c af865b58
0x8ee7bc5c:   00000000 af804fb8 00000000 8ee7bc7c 

Instructions: (pc=0x01140e78)
0x01140e68:   85 d2 0f 84 94 00 00 00 8b 4d 10 83 ec 04 8b 11
0x01140e78:   8b 4a 04 8d 71 08 8b 49 08 57 ff 75 20 ff 75 1c 

Stack: [0x8e47c000,0x8ee7d000],  sp=0x8ee7bbec,  free space=10238k
Native frames: (J=compiled Java code, j=interpreted, Vv=VM code, C=native code)
V  [libjvm.so+0x36ce78]
j  java.lang.System.arraycopy(Ljava/lang/Object;ILjava/lang/Object;II)V+0
j  java.lang.String.getChars(II[CI)V+62
j  java.lang.AbstractStringBuilder.append(Ljava/lang/String;)Ljava/lang/AbstractStringBuilder;+50
j  java.lang.StringBuilder.append(Ljava/lang/String;)Ljava/lang/StringBuilder;+2
j  browsefs.BrowseFS.read_pre(Ljava/lang/String;Ljava/lang/String;IILjavafuse/Fuse_file_info;)I+49
v  ~StubRoutines::call_stub
V  [libjvm.so+0x31c625]
V  [libjvm.so+0x481749]
V  [libjvm.so+0x31b7df]
V  [libjvm.so+0x327dec]
V  [libjvm.so+0x33ed4d]
V  [libjvm.so+0x34a992]
C  [javafuse+0x4666]
C  [libfuse.so.2+0x6a0d]  fuse_fs_read+0x7d
C  [libfuse.so.2+0xf541]
C  [libfuse.so.2+0x139a9]
C  [libfuse.so.2+0x11a72]
C  [libfuse.so.2+0x14d27]  fuse_session_process+0x27
C  [libfuse.so.2+0x10034]
C  [libpthread.so.0+0x69e9]

Java frames: (J=compiled Java code, j=interpreted, Vv=VM code)
j  java.lang.System.arraycopy(Ljava/lang/Object;ILjava/lang/Object;II)V+0
j  java.lang.String.getChars(II[CI)V+62
j  java.lang.AbstractStringBuilder.append(Ljava/lang/String;)Ljava/lang/AbstractStringBuilder;+50
j  java.lang.StringBuilder.append(Ljava/lang/String;)Ljava/lang/StringBuilder;+2
j  browsefs.BrowseFS.read_pre(Ljava/lang/String;Ljava/lang/String;IILjavafuse/Fuse_file_info;)I+49
v  ~StubRoutines::call_stub

---------------  P R O C E S S  ---------------

Java Threads: ( => current thread )
  0x8f215c00 JavaThread "Thread-4" daemon [_thread_in_native, id=28817, stack(0x8bc12000,0x8c613000)]
  0x09d9cc00 JavaThread "Thread-3" daemon [_thread_in_native, id=28816, stack(0x8c635000,0x8d036000)]
  0x8f401c00 JavaThread "Thread-2" daemon [_thread_in_native, id=28815, stack(0x8d058000,0x8da59000)]
  0x8f203c00 JavaThread "Thread-1" daemon [_thread_in_native, id=28812, stack(0x8da7b000,0x8e47c000)]
=>0x09d91000 JavaThread "Thread-0" daemon [_thread_in_vm, id=28811, stack(0x8e47c000,0x8ee7d000)]
  0x09d72000 JavaThread "Low Memory Detector" daemon [_thread_blocked, id=28808, stack(0x8f30d000,0x8f35e000)]
  0x09d70400 JavaThread "CompilerThread1" daemon [_thread_blocked, id=28807, stack(0x8eefe000,0x8ef7f000)]
  0x09d6e800 JavaThread "CompilerThread0" daemon [_thread_blocked, id=28806, stack(0x8ef7f000,0x8f000000)]
  0x09d6b000 JavaThread "Signal Dispatcher" daemon [_thread_blocked, id=28805, stack(0x8f35e000,0x8f3af000)]
  0x09d5b400 JavaThread "Finalizer" daemon [_thread_blocked, id=28804, stack(0x8f3af000,0x8f400000)]
  0x09d5a000 JavaThread "Reference Handler" daemon [_thread_blocked, id=28803, stack(0x8f547000,0x8f598000)]
  0x09d03800 JavaThread "main" [_thread_in_native, id=28801, stack(0xbfde2000,0xbfe32000)]

Other Threads:
  0x09d56c00 VMThread [stack: 0x8f598000,0x8f619000] [id=28802]
  0x09d73c00 WatcherThread [stack: 0x8ee7d000,0x8eefe000] [id=28809]

VM state:not at safepoint (normal execution)

VM Mutex/Monitor currently owned by a thread: None

Heap
 def new generation   total 960K, used 0K [0x8f7e0000, 0x8f8e0000, 0x930c0000)
  eden space 896K,   0% used [0x8f7e0000, 0x8f7e0000, 0x8f8c0000)
  from space 64K,   0% used [0x8f8c0000, 0x8f8c0000, 0x8f8d0000)
  to   space 64K,   0% used [0x8f8d0000, 0x8f8d0000, 0x8f8e0000)
 tenured generation   total 31612K, used 27632K [0x930c0000, 0x94f9f000, 0xaf7e0000)
   the space 31612K,  87% used [0x930c0000, 0x94bbc2c8, 0x94bbc400, 0x94f9f000)
 compacting perm gen  total 16384K, used 1948K [0xaf7e0000, 0xb07e0000, 0xb77e0000)
   the space 16384K,  11% used [0xaf7e0000, 0xaf9c7080, 0xaf9c7200, 0xb07e0000)
No shared spaces configured.

Dynamic libraries:
00110000-00119000 r-xp 00000000 fd:00 793086     /root/javafuse/javafuse-read-only/build/libjavafuse.so
00119000-0011a000 rw-p 00008000 fd:00 793086     /root/javafuse/javafuse-read-only/build/libjavafuse.so
0011a000-00125000 r-xp 00000000 fd:00 265562     /usr/lib/jvm/java-1.6.0-openjdk-1.6.0.0/jre/lib/i386/libverify.so
00125000-00126000 rw-p 0000b000 fd:00 265562     /usr/lib/jvm/java-1.6.0-openjdk-1.6.0.0/jre/lib/i386/libverify.so
00126000-00148000 r-xp 00000000 fd:00 265543     /usr/lib/jvm/java-1.6.0-openjdk-1.6.0.0/jre/lib/i386/libjava.so
00148000-0014a000 rw-p 00022000 fd:00 265543     /usr/lib/jvm/java-1.6.0-openjdk-1.6.0.0/jre/lib/i386/libjava.so
0014a000-00150000 r-xp 00000000 fd:00 265563     /usr/lib/jvm/java-1.6.0-openjdk-1.6.0.0/jre/lib/i386/libzip.so
00150000-00151000 rw-p 00006000 fd:00 265563     /usr/lib/jvm/java-1.6.0-openjdk-1.6.0.0/jre/lib/i386/libzip.so
00151000-00161000 rwxp 00000000 00:00 0 
00161000-00235000 rwxp 00000000 00:00 0 
00235000-0023e000 rwxp 00000000 00:00 0 
0023e000-00276000 rwxp 00000000 00:00 0 
00362000-00363000 r-xp 00000000 00:00 0          [vdso]
00399000-003a5000 r-xp 00000000 fd:00 653729     /lib/libnss_files-2.12.so
003a5000-003a6000 r--p 0000b000 fd:00 653729     /lib/libnss_files-2.12.so
003a6000-003a7000 rw-p 0000c000 fd:00 653729     /lib/libnss_files-2.12.so
0062a000-00633000 rwxp 00000000 00:00 0 
00633000-006ea000 rwxp 00000000 00:00 0 
00741000-00742000 rwxp 00000000 00:00 0 
00742000-0075d000 rwxp 00000000 00:00 0 
0075d000-0076d000 rwxp 00000000 00:00 0 
0076d000-00841000 rwxp 00000000 00:00 0 
00841000-00849000 rwxp 00000000 00:00 0 
00849000-00881000 rwxp 00000000 00:00 0 
00881000-00882000 rwxp 00000000 00:00 0 
008a5000-008ab000 r-xp 00000000 fd:00 265564     /usr/lib/jvm/java-1.6.0-openjdk-1.6.0.0/jre/lib/i386/native_threads/libhpi.so
008ab000-008ac000 rw-p 00006000 fd:00 265564     /usr/lib/jvm/java-1.6.0-openjdk-1.6.0.0/jre/lib/i386/native_threads/libhpi.so
00a91000-00aaf000 r-xp 00000000 fd:00 672758     /lib/ld-2.12.so
00aaf000-00ab0000 r--p 0001d000 fd:00 672758     /lib/ld-2.12.so
00ab0000-00ab1000 rw-p 0001e000 fd:00 672758     /lib/ld-2.12.so
00ab3000-00ab6000 r-xp 00000000 fd:00 672768     /lib/libdl-2.12.so
00ab6000-00ab7000 r--p 00002000 fd:00 672768     /lib/libdl-2.12.so
00ab7000-00ab8000 rw-p 00003000 fd:00 672768     /lib/libdl-2.12.so
00aba000-00ad1000 r-xp 00000000 fd:00 672762     /lib/libpthread-2.12.so
00ad1000-00ad2000 r--p 00016000 fd:00 672762     /lib/libpthread-2.12.so
00ad2000-00ad3000 rw-p 00017000 fd:00 672762     /lib/libpthread-2.12.so
00ad3000-00ad5000 rw-p 00000000 00:00 0 
00ad7000-00aff000 r-xp 00000000 fd:00 672765     /lib/libm-2.12.so
00aff000-00b00000 r--p 00027000 fd:00 672765     /lib/libm-2.12.so
00b00000-00b01000 rw-p 00028000 fd:00 672765     /lib/libm-2.12.so
00b03000-00b0a000 r-xp 00000000 fd:00 672763     /lib/librt-2.12.so
00b0a000-00b0b000 r--p 00006000 fd:00 672763     /lib/librt-2.12.so
00b0b000-00b0c000 rw-p 00007000 fd:00 672763     /lib/librt-2.12.so
00b2f000-00b41000 r-xp 00000000 fd:00 672767     /lib/libz.so.1.2.3
00b41000-00b42000 rw-p 00011000 fd:00 672767     /lib/libz.so.1.2.3
00be6000-00d6b000 r-xp 00000000 fd:00 672760     /lib/libc-2.12.so
00d6b000-00d6c000 ---p 00185000 fd:00 672760     /lib/libc-2.12.so
00d6c000-00d6e000 r--p 00185000 fd:00 672760     /lib/libc-2.12.so
00d6e000-00d6f000 rw-p 00187000 fd:00 672760     /lib/libc-2.12.so
00d6f000-00d72000 rw-p 00000000 00:00 0 
00da7000-00dcb000 r-xp 00000000 fd:00 656954     /lib/libfuse.so.2.8.3
00dcb000-00dd4000 rw-p 00024000 fd:00 656954     /lib/libfuse.so.2.8.3
00dd4000-013d7000 r-xp 00000000 fd:00 265569     /usr/lib/jvm/java-1.6.0-openjdk-1.6.0.0/jre/lib/i386/server/libjvm.so
013d7000-0142e000 rw-p 00603000 fd:00 265569     /usr/lib/jvm/java-1.6.0-openjdk-1.6.0.0/jre/lib/i386/server/libjvm.so
0142e000-0184f000 rw-p 00000000 00:00 0 
0217b000-023bb000 rwxp 00000000 00:00 0 
023bb000-0517b000 rwxp 00000000 00:00 0 
0652e000-06544000 r-xp 00000000 fd:00 672795     /lib/libnsl-2.12.so
06544000-06545000 r--p 00016000 fd:00 672795     /lib/libnsl-2.12.so
06545000-06546000 rw-p 00017000 fd:00 672795     /lib/libnsl-2.12.so
06546000-06548000 rw-p 00000000 00:00 0 
08048000-08053000 r-xp 00000000 fd:00 803826     /root/javafuse/javafuse-read-only/javafuse
08053000-08054000 rw-p 0000a000 fd:00 803826     /root/javafuse/javafuse-read-only/javafuse
09cff000-09e25000 rw-p 00000000 00:00 0          [heap]
8bc12000-8bc15000 ---p 00000000 00:00 0 
8bc15000-8c635000 rw-p 00000000 00:00 0 
8c635000-8c638000 ---p 00000000 00:00 0 
8c638000-8d058000 rw-p 00000000 00:00 0 
8d058000-8d05b000 ---p 00000000 00:00 0 
8d05b000-8da7b000 rw-p 00000000 00:00 0 
8da7b000-8da7e000 ---p 00000000 00:00 0 
8da7e000-8e47c000 rw-p 00000000 00:00 0 
8e47c000-8e47f000 ---p 00000000 00:00 0 
8e47f000-8ee7d000 rw-p 00000000 00:00 0 
8ee7d000-8ee7e000 ---p 00000000 00:00 0 
8ee7e000-8eefe000 rw-p 00000000 00:00 0 
8eefe000-8ef01000 ---p 00000000 00:00 0 
8ef01000-8ef7f000 rw-p 00000000 00:00 0 
8ef7f000-8ef82000 ---p 00000000 00:00 0 
8ef82000-8f000000 rw-p 00000000 00:00 0 
8f000000-8f200000 r--p 00000000 fd:00 137199     /usr/lib/locale/locale-archive
8f200000-8f249000 rw-p 00000000 00:00 0 
8f249000-8f300000 ---p 00000000 00:00 0 
8f304000-8f30d000 r--s 00065000 fd:00 265508     /usr/lib/jvm/java-1.6.0-openjdk-1.6.0.0/jre/lib/ext/gnome-java-bridge.jar
8f30d000-8f310000 ---p 00000000 00:00 0 
8f310000-8f35e000 rw-p 00000000 00:00 0 
8f35e000-8f361000 ---p 00000000 00:00 0 
8f361000-8f3af000 rw-p 00000000 00:00 0 
8f3af000-8f3b2000 ---p 00000000 00:00 0 
8f3b2000-8f400000 rw-p 00000000 00:00 0 
8f400000-8f421000 rw-p 00000000 00:00 0 
8f421000-8f500000 ---p 00000000 00:00 0 
8f503000-8f547000 rw-p 00000000 00:00 0 
8f547000-8f54a000 ---p 00000000 00:00 0 
8f54a000-8f598000 rw-p 00000000 00:00 0 
8f598000-8f599000 ---p 00000000 00:00 0 
8f599000-8f64c000 rw-p 00000000 00:00 0 
8f64c000-8f7e0000 r--s 038cb000 fd:00 265582     /usr/lib/jvm/java-1.6.0-openjdk-1.6.0.0/jre/lib/rt.jar
8f7e0000-8f8e0000 rwxp 00000000 00:00 0 
8f8e0000-930c0000 rwxp 00000000 00:00 0 
930c0000-94f9f000 rwxp 00000000 00:00 0 
94f9f000-af7e0000 rwxp 00000000 00:00 0 
af7e0000-b07e0000 rwxp 00000000 00:00 0 
b07e0000-b77e0000 rwxp 00000000 00:00 0 
b77e6000-b77e9000 rw-p 00000000 00:00 0 
b77ea000-b77ed000 r--s 0000f000 fd:00 265511     /usr/lib/jvm/java-1.6.0-openjdk-1.6.0.0/jre/lib/ext/pulse-java.jar
b77ed000-b77f5000 rw-s 00000000 fd:00 653717     /tmp/hsperfdata_root/28801
b77f5000-b77f6000 rw-p 00000000 00:00 0 
b77f6000-b77f7000 r--p 00000000 00:00 0 
b77f7000-b77f9000 rw-p 00000000 00:00 0 
bfde2000-bfde5000 ---p 00000000 00:00 0 
bfde6000-bfe32000 rw-p 00000000 00:00 0          [stack]

VM Arguments:
jvm_args: -Xint -Xcheck:jni 
java_command: <unknown>
Launcher Type: generic

Environment Variables:
PATH=/usr/lib/qt-3.3/bin:/usr/local/sbin:/usr/sbin:/sbin:/usr/local/bin:/usr/bin:/bin:/root/bin
USERNAME=root
LD_LIBRARY_PATH=build:/usr/lib/jvm/java-1.6.0-openjdk-1.6.0.0/jre/lib/i386/server
SHELL=/bin/bash
DISPLAY=:0.0

Signal Handlers:
SIGSEGV: [libjvm.so+0x58fb90], sa_mask[0]=0x7ffbfeff, sa_flags=0x10000004
SIGBUS: [libjvm.so+0x58fb90], sa_mask[0]=0x7ffbfeff, sa_flags=0x10000004
SIGFPE: [libjvm.so+0x484220], sa_mask[0]=0x7ffbfeff, sa_flags=0x10000004
SIGPIPE: [libjvm.so+0x484220], sa_mask[0]=0x7ffbfeff, sa_flags=0x10000004
SIGXFSZ: [libjvm.so+0x484220], sa_mask[0]=0x7ffbfeff, sa_flags=0x10000004
SIGILL: [libjvm.so+0x484220], sa_mask[0]=0x7ffbfeff, sa_flags=0x10000004
SIGUSR1: SIG_DFL, sa_mask[0]=0x00000000, sa_flags=0x00000000
SIGUSR2: [libjvm.so+0x483970], sa_mask[0]=0x00000000, sa_flags=0x10000004
SIGHUP: [libjvm.so+0x485ed0], sa_mask[0]=0x7ffbfeff, sa_flags=0x10000004
SIGINT: [libjvm.so+0x485ed0], sa_mask[0]=0x7ffbfeff, sa_flags=0x10000004
SIGTERM: [libjvm.so+0x485ed0], sa_mask[0]=0x7ffbfeff, sa_flags=0x10000004
SIGQUIT: [libjvm.so+0x485ed0], sa_mask[0]=0x7ffbfeff, sa_flags=0x10000004


---------------  S Y S T E M  ---------------

OS:CentOS Linux release 6.0 (Final)

uname:Linux 2.6.32-71.el6.i686 #1 SMP Fri Nov 12 04:17:17 GMT 2010 i686
libc:glibc 2.12 NPTL 2.12 
rlimit: STACK 10240k, CORE 0k, NPROC 1024, NOFILE 1024, AS infinity
load average:0.05 0.03 0.00

CPU:total 1 (1 cores per cpu, 1 threads per core) family 6 model 23 stepping 6, cmov, cx8, fxsr, mmx, sse, sse2, sse3, ssse3, sse4.1

Memory: 4k page, physical 1031320k(47872k free), swap 2064376k(2062424k free)

vm_info: OpenJDK Server VM (14.0-b16) for linux-x86 JRE (1.6.0_17-b17), built on Jun 25 2011 03:11:37 by "mockbuild" with gcc 4.4.4 20100726 (Red Hat 4.4.4-13)

time: Sun Oct 23 17:29:00 2011
elapsed time: 47 seconds

