#
# A fatal error has been detected by the Java Runtime Environment:
#
#  SIGSEGV (0xb) at pc=0x01140e78, pid=31017, tid=2397752176
#
# JRE version: 6.0_17-b17
# Java VM: OpenJDK Server VM (14.0-b16 interpreted mode linux-x86 )
# Derivative: IcedTea6 1.7.5
# Distribution: Custom build (Sat Jun 25 03:01:37 BST 2011)
# Problematic frame:
# V  [libjvm.so+0x36ce78]
#
# If you would like to submit a bug report, please include
# instructions how to reproduce the bug and visit:
#   http://icedtea.classpath.org/bugzilla
#

---------------  T H R E A D  ---------------

Current thread (0x08a5e000):  JavaThread "Thread-0" daemon [_thread_in_vm, id=31027, stack(0x8e4ac000,0x8eead000)]

siginfo:si_signo=SIGSEGV: si_errno=0, si_code=1 (SEGV_MAPERR), si_addr=0x00001004

Registers:
EAX=0x8eeabc84, EBX=0x01418814, ECX=0x8eeabc8c, EDX=0x00001000
ESP=0x8eeabbec, EBP=0x8eeabc28, ESI=0x08a5e000, EDI=0x08a5e000
EIP=0x01140e78, CR2=0x00001004, EFLAGS=0x00010292

Top of Stack: (sp=0x8eeabbec)
0x8eeabbec:   01140dde af814fb4 0000027f 00000000
0x8eeabbfc:   018592b6 08a5e110 8eeabc44 8eeabc5c
0x8eeabc0c:   08a5e000 8eeabc54 00000000 00000010
0x8eeabc1c:   af814fb8 af814fb4 08a5e000 8eeabc6c
0x8eeabc2c:   0185900a 08a5e110 8eeabc74 8eeabc8c
0x8eeabc3c:   002996e0 8eeabc84 00000009 002996e0
0x8eeabc4c:   8eeabc4c 00000000 8eeabc8c af875b58
0x8eeabc5c:   00000000 af814fb8 00000000 8eeabc7c 

Instructions: (pc=0x01140e78)
0x01140e68:   85 d2 0f 84 94 00 00 00 8b 4d 10 83 ec 04 8b 11
0x01140e78:   8b 4a 04 8d 71 08 8b 49 08 57 ff 75 20 ff 75 1c 

Stack: [0x8e4ac000,0x8eead000],  sp=0x8eeabbec,  free space=10238k
Native frames: (J=compiled Java code, j=interpreted, Vv=VM code, C=native code)
V  [libjvm.so+0x36ce78]
j  java.lang.System.arraycopy(Ljava/lang/Object;ILjava/lang/Object;II)V+0
j  java.lang.String.getChars(II[CI)V+62
j  java.lang.AbstractStringBuilder.append(Ljava/lang/String;)Ljava/lang/AbstractStringBuilder;+50
j  java.lang.StringBuilder.append(Ljava/lang/String;)Ljava/lang/StringBuilder;+2
j  browsefs.BrowseFS.read_pre(Ljava/lang/String;Ljava/lang/String;IILjavafuse/Fuse_file_info;)I+49
v  ~StubRoutines::call_stub
V  [libjvm.so+0x31c625]
V  [libjvm.so+0x481749]
V  [libjvm.so+0x31b7df]
V  [libjvm.so+0x327dec]
V  [libjvm.so+0x33ed4d]
V  [libjvm.so+0x34a992]
C  [javafuse+0x4666]
C  [libfuse.so.2+0x6a0d]  fuse_fs_read+0x7d
C  [libfuse.so.2+0xf541]
C  [libfuse.so.2+0x139a9]
C  [libfuse.so.2+0x11a72]
C  [libfuse.so.2+0x14d27]  fuse_session_process+0x27
C  [libfuse.so.2+0x10034]
C  [libpthread.so.0+0x69e9]

Java frames: (J=compiled Java code, j=interpreted, Vv=VM code)
j  java.lang.System.arraycopy(Ljava/lang/Object;ILjava/lang/Object;II)V+0
j  java.lang.String.getChars(II[CI)V+62
j  java.lang.AbstractStringBuilder.append(Ljava/lang/String;)Ljava/lang/AbstractStringBuilder;+50
j  java.lang.StringBuilder.append(Ljava/lang/String;)Ljava/lang/StringBuilder;+2
j  browsefs.BrowseFS.read_pre(Ljava/lang/String;Ljava/lang/String;IILjavafuse/Fuse_file_info;)I+49
v  ~StubRoutines::call_stub

---------------  P R O C E S S  ---------------

Java Threads: ( => current thread )
  0x08a9cc00 JavaThread "Thread-6" daemon [_thread_in_native, id=31089, stack(0x8bbdd000,0x8c5de000)]
  0x8f422000 JavaThread "Thread-5" daemon [_thread_in_native, id=31088, stack(0x8c5de000,0x8cfdf000)]
  0x8f204000 JavaThread "Thread-4" daemon [_thread_in_native, id=31087, stack(0x8cfdf000,0x8d9e0000)]
  0x08ae0c00 JavaThread "Thread-3" daemon [_thread_in_native, id=31028, stack(0x8da89000,0x8e48a000)]
  0x08a98c00 JavaThread "Firefox output watcher" daemon [_thread_in_native, id=31060, stack(0x8d9e0000,0x8da31000)]
  0x08a93000 JavaThread "process reaper" daemon [_thread_in_native, id=31058, stack(0x8da31000,0x8da82000)]
=>0x08a5e000 JavaThread "Thread-0" daemon [_thread_in_vm, id=31027, stack(0x8e4ac000,0x8eead000)]
  0x08a3f000 JavaThread "Low Memory Detector" daemon [_thread_blocked, id=31024, stack(0x8ef2e000,0x8ef7f000)]
  0x08a3d400 JavaThread "CompilerThread1" daemon [_thread_blocked, id=31023, stack(0x8ef7f000,0x8f000000)]
  0x08a3b800 JavaThread "CompilerThread0" daemon [_thread_blocked, id=31022, stack(0x8f32e000,0x8f3af000)]
  0x08a3a000 JavaThread "Signal Dispatcher" daemon [_thread_blocked, id=31021, stack(0x8f3af000,0x8f400000)]
  0x08a28400 JavaThread "Finalizer" daemon [_thread_blocked, id=31020, stack(0x8f506000,0x8f557000)]
  0x08a27000 JavaThread "Reference Handler" daemon [_thread_blocked, id=31019, stack(0x8f557000,0x8f5a8000)]
  0x089d0800 JavaThread "main" [_thread_in_native, id=31017, stack(0xbfa72000,0xbfac2000)]

Other Threads:
  0x08a23c00 VMThread [stack: 0x8f5a8000,0x8f629000] [id=31018]
  0x08a40c00 WatcherThread [stack: 0x8eead000,0x8ef2e000] [id=31025]

VM state:not at safepoint (normal execution)

VM Mutex/Monitor currently owned by a thread: None

Heap
 def new generation   total 960K, used 59K [0x8f7f0000, 0x8f8f0000, 0x930d0000)
  eden space 896K,   6% used [0x8f7f0000, 0x8f7feec8, 0x8f8d0000)
  from space 64K,   0% used [0x8f8e0000, 0x8f8e0000, 0x8f8f0000)
  to   space 64K,   0% used [0x8f8d0000, 0x8f8d0000, 0x8f8e0000)
 tenured generation   total 9420K, used 6734K [0x930d0000, 0x93a03000, 0xaf7f0000)
   the space 9420K,  71% used [0x930d0000, 0x93763968, 0x93763a00, 0x93a03000)
 compacting perm gen  total 16384K, used 7929K [0xaf7f0000, 0xb07f0000, 0xb77f0000)
   the space 16384K,  48% used [0xaf7f0000, 0xaffae758, 0xaffae800, 0xb07f0000)
No shared spaces configured.

Dynamic libraries:
00110000-00295000 r-xp 00000000 fd:00 672760     /lib/libc-2.12.so
00295000-00296000 ---p 00185000 fd:00 672760     /lib/libc-2.12.so
00296000-00298000 r--p 00185000 fd:00 672760     /lib/libc-2.12.so
00298000-00299000 rw-p 00187000 fd:00 672760     /lib/libc-2.12.so
00299000-0029c000 rw-p 00000000 00:00 0 
0029c000-002a7000 r-xp 00000000 fd:00 265562     /usr/lib/jvm/java-1.6.0-openjdk-1.6.0.0/jre/lib/i386/libverify.so
002a7000-002a8000 rw-p 0000b000 fd:00 265562     /usr/lib/jvm/java-1.6.0-openjdk-1.6.0.0/jre/lib/i386/libverify.so
002a8000-002ae000 r-xp 00000000 fd:00 265563     /usr/lib/jvm/java-1.6.0-openjdk-1.6.0.0/jre/lib/i386/libzip.so
002ae000-002af000 rw-p 00006000 fd:00 265563     /usr/lib/jvm/java-1.6.0-openjdk-1.6.0.0/jre/lib/i386/libzip.so
002af000-002b0000 rwxp 00000000 00:00 0 
002b0000-002cb000 rwxp 00000000 00:00 0 
002cb000-002d1000 rwxp 00000000 00:00 0 
002d1000-003af000 rwxp 00000000 00:00 0 
003af000-003b7000 rwxp 00000000 00:00 0 
003b7000-003ef000 rwxp 00000000 00:00 0 
003ef000-003f5000 rwxp 00000000 00:00 0 
003f5000-004d4000 rwxp 00000000 00:00 0 
004d4000-004dd000 rwxp 00000000 00:00 0 
004dd000-00515000 rwxp 00000000 00:00 0 
00515000-00528000 r-xp 00000000 fd:00 265554     /usr/lib/jvm/java-1.6.0-openjdk-1.6.0.0/jre/lib/i386/libnet.so
00528000-00529000 rw-p 00013000 fd:00 265554     /usr/lib/jvm/java-1.6.0-openjdk-1.6.0.0/jre/lib/i386/libnet.so
00529000-0052e000 r-xp 00000000 fd:00 653727     /lib/libnss_dns-2.12.so
0052e000-0052f000 r--p 00004000 fd:00 653727     /lib/libnss_dns-2.12.so
0052f000-00530000 rw-p 00005000 fd:00 653727     /lib/libnss_dns-2.12.so
00530000-00537000 r-xp 00000000 fd:00 265555     /usr/lib/jvm/java-1.6.0-openjdk-1.6.0.0/jre/lib/i386/libnio.so
00537000-00538000 rw-p 00006000 fd:00 265555     /usr/lib/jvm/java-1.6.0-openjdk-1.6.0.0/jre/lib/i386/libnio.so
00538000-00539000 r--p 00000000 00:00 0 
00639000-0063f000 r-xp 00000000 fd:00 265564     /usr/lib/jvm/java-1.6.0-openjdk-1.6.0.0/jre/lib/i386/native_threads/libhpi.so
0063f000-00640000 rw-p 00006000 fd:00 265564     /usr/lib/jvm/java-1.6.0-openjdk-1.6.0.0/jre/lib/i386/native_threads/libhpi.so
00741000-0074d000 r-xp 00000000 fd:00 653729     /lib/libnss_files-2.12.so
0074d000-0074e000 r--p 0000b000 fd:00 653729     /lib/libnss_files-2.12.so
0074e000-0074f000 rw-p 0000c000 fd:00 653729     /lib/libnss_files-2.12.so
007dc000-007e5000 r-xp 00000000 fd:00 793086     /root/javafuse/javafuse-read-only/build/libjavafuse.so
007e5000-007e6000 rw-p 00008000 fd:00 793086     /root/javafuse/javafuse-read-only/build/libjavafuse.so
00a91000-00aaf000 r-xp 00000000 fd:00 672758     /lib/ld-2.12.so
00aaf000-00ab0000 r--p 0001d000 fd:00 672758     /lib/ld-2.12.so
00ab0000-00ab1000 rw-p 0001e000 fd:00 672758     /lib/ld-2.12.so
00ab3000-00ab6000 r-xp 00000000 fd:00 672768     /lib/libdl-2.12.so
00ab6000-00ab7000 r--p 00002000 fd:00 672768     /lib/libdl-2.12.so
00ab7000-00ab8000 rw-p 00003000 fd:00 672768     /lib/libdl-2.12.so
00aba000-00ad1000 r-xp 00000000 fd:00 672762     /lib/libpthread-2.12.so
00ad1000-00ad2000 r--p 00016000 fd:00 672762     /lib/libpthread-2.12.so
00ad2000-00ad3000 rw-p 00017000 fd:00 672762     /lib/libpthread-2.12.so
00ad3000-00ad5000 rw-p 00000000 00:00 0 
00ad7000-00aff000 r-xp 00000000 fd:00 672765     /lib/libm-2.12.so
00aff000-00b00000 r--p 00027000 fd:00 672765     /lib/libm-2.12.so
00b00000-00b01000 rw-p 00028000 fd:00 672765     /lib/libm-2.12.so
00b03000-00b0a000 r-xp 00000000 fd:00 672763     /lib/librt-2.12.so
00b0a000-00b0b000 r--p 00006000 fd:00 672763     /lib/librt-2.12.so
00b0b000-00b0c000 rw-p 00007000 fd:00 672763     /lib/librt-2.12.so
00b2f000-00b41000 r-xp 00000000 fd:00 672767     /lib/libz.so.1.2.3
00b41000-00b42000 rw-p 00011000 fd:00 672767     /lib/libz.so.1.2.3
00b4c000-00b6e000 r-xp 00000000 fd:00 265543     /usr/lib/jvm/java-1.6.0-openjdk-1.6.0.0/jre/lib/i386/libjava.so
00b6e000-00b70000 rw-p 00022000 fd:00 265543     /usr/lib/jvm/java-1.6.0-openjdk-1.6.0.0/jre/lib/i386/libjava.so
00c36000-00c37000 r-xp 00000000 00:00 0          [vdso]
00c90000-00c99000 rwxp 00000000 00:00 0 
00c99000-00d50000 rwxp 00000000 00:00 0 
00d74000-00d89000 r-xp 00000000 fd:00 672771     /lib/libresolv-2.12.so
00d89000-00d8a000 r--p 00014000 fd:00 672771     /lib/libresolv-2.12.so
00d8a000-00d8b000 rw-p 00015000 fd:00 672771     /lib/libresolv-2.12.so
00d8b000-00d8d000 rw-p 00000000 00:00 0 
00da7000-00dcb000 r-xp 00000000 fd:00 656954     /lib/libfuse.so.2.8.3
00dcb000-00dd4000 rw-p 00024000 fd:00 656954     /lib/libfuse.so.2.8.3
00dd4000-013d7000 r-xp 00000000 fd:00 265569     /usr/lib/jvm/java-1.6.0-openjdk-1.6.0.0/jre/lib/i386/server/libjvm.so
013d7000-0142e000 rw-p 00603000 fd:00 265569     /usr/lib/jvm/java-1.6.0-openjdk-1.6.0.0/jre/lib/i386/server/libjvm.so
0142e000-0184f000 rw-p 00000000 00:00 0 
0184f000-01a8f000 rwxp 00000000 00:00 0 
01a8f000-0484f000 rwxp 00000000 00:00 0 
0652e000-06544000 r-xp 00000000 fd:00 672795     /lib/libnsl-2.12.so
06544000-06545000 r--p 00016000 fd:00 672795     /lib/libnsl-2.12.so
06545000-06546000 rw-p 00017000 fd:00 672795     /lib/libnsl-2.12.so
06546000-06548000 rw-p 00000000 00:00 0 
08048000-08053000 r-xp 00000000 fd:00 803860     /root/javafuse/javafuse-read-only/javafuse
08053000-08054000 rw-p 0000a000 fd:00 803860     /root/javafuse/javafuse-read-only/javafuse
089cc000-08bc8000 rw-p 00000000 00:00 0          [heap]
8bbdd000-8bbe0000 ---p 00000000 00:00 0 
8bbe0000-8c5de000 rw-p 00000000 00:00 0 
8c5de000-8c5e1000 ---p 00000000 00:00 0 
8c5e1000-8cfdf000 rw-p 00000000 00:00 0 
8cfdf000-8cfe2000 ---p 00000000 00:00 0 
8cfe2000-8d9e0000 rw-p 00000000 00:00 0 
8d9e0000-8d9e3000 ---p 00000000 00:00 0 
8d9e3000-8da31000 rw-p 00000000 00:00 0 
8da31000-8da34000 ---p 00000000 00:00 0 
8da34000-8da82000 rw-p 00000000 00:00 0 
8da82000-8da89000 r--s 000fe000 fd:00 265580     /usr/lib/jvm/java-1.6.0-openjdk-1.6.0.0/jre/lib/resources.jar
8da89000-8da8c000 ---p 00000000 00:00 0 
8da8c000-8e4ac000 rw-p 00000000 00:00 0 
8e4ac000-8e4af000 ---p 00000000 00:00 0 
8e4af000-8eead000 rw-p 00000000 00:00 0 
8eead000-8eeae000 ---p 00000000 00:00 0 
8eeae000-8ef2e000 rw-p 00000000 00:00 0 
8ef2e000-8ef31000 ---p 00000000 00:00 0 
8ef31000-8ef7f000 rw-p 00000000 00:00 0 
8ef7f000-8ef82000 ---p 00000000 00:00 0 
8ef82000-8f000000 rw-p 00000000 00:00 0 
8f000000-8f200000 r--p 00000000 fd:00 137199     /usr/lib/locale/locale-archive
8f200000-8f24f000 rw-p 00000000 00:00 0 
8f24f000-8f300000 ---p 00000000 00:00 0 
8f303000-8f30c000 r--s 00065000 fd:00 265508     /usr/lib/jvm/java-1.6.0-openjdk-1.6.0.0/jre/lib/ext/gnome-java-bridge.jar
8f30c000-8f32e000 rw-p 00000000 00:00 0 
8f32e000-8f331000 ---p 00000000 00:00 0 
8f331000-8f3af000 rw-p 00000000 00:00 0 
8f3af000-8f3b2000 ---p 00000000 00:00 0 
8f3b2000-8f400000 rw-p 00000000 00:00 0 
8f400000-8f43c000 rw-p 00000000 00:00 0 
8f43c000-8f500000 ---p 00000000 00:00 0 
8f506000-8f509000 ---p 00000000 00:00 0 
8f509000-8f557000 rw-p 00000000 00:00 0 
8f557000-8f55a000 ---p 00000000 00:00 0 
8f55a000-8f5a8000 rw-p 00000000 00:00 0 
8f5a8000-8f5a9000 ---p 00000000 00:00 0 
8f5a9000-8f65c000 rw-p 00000000 00:00 0 
8f65c000-8f7f0000 r--s 038cb000 fd:00 265582     /usr/lib/jvm/java-1.6.0-openjdk-1.6.0.0/jre/lib/rt.jar
8f7f0000-8f8f0000 rwxp 00000000 00:00 0 
8f8f0000-930d0000 rwxp 00000000 00:00 0 
930d0000-93a03000 rwxp 00000000 00:00 0 
93a03000-af7f0000 rwxp 00000000 00:00 0 
af7f0000-b07f0000 rwxp 00000000 00:00 0 
b07f0000-b77f0000 rwxp 00000000 00:00 0 
b77f0000-b77f4000 r--s 0007c000 fd:00 262262     /usr/lib/jvm/java-1.6.0-openjdk-1.6.0.0/jre/lib/jsse.jar
b77f4000-b77f7000 rw-p 00000000 00:00 0 
b77f8000-b77fb000 r--s 0000f000 fd:00 265511     /usr/lib/jvm/java-1.6.0-openjdk-1.6.0.0/jre/lib/ext/pulse-java.jar
b77fb000-b7803000 rw-s 00000000 fd:00 653762     /tmp/hsperfdata_root/31017
b7803000-b7804000 rw-p 00000000 00:00 0 
b7804000-b7805000 r--p 00000000 00:00 0 
b7805000-b7807000 rw-p 00000000 00:00 0 
bfa72000-bfa75000 ---p 00000000 00:00 0 
bfa76000-bfac2000 rw-p 00000000 00:00 0          [stack]

VM Arguments:
jvm_args: -Xint -Xcheck:jni 
java_command: <unknown>
Launcher Type: generic

Environment Variables:
PATH=/usr/lib/qt-3.3/bin:/usr/local/sbin:/usr/sbin:/sbin:/usr/local/bin:/usr/bin:/bin:/root/bin
USERNAME=root
LD_LIBRARY_PATH=build:/usr/lib/jvm/java-1.6.0-openjdk-1.6.0.0/jre/lib/i386/server
SHELL=/bin/bash
DISPLAY=:0.0

Signal Handlers:
SIGSEGV: [libjvm.so+0x58fb90], sa_mask[0]=0x7ffbfeff, sa_flags=0x10000004
SIGBUS: [libjvm.so+0x58fb90], sa_mask[0]=0x7ffbfeff, sa_flags=0x10000004
SIGFPE: [libjvm.so+0x484220], sa_mask[0]=0x7ffbfeff, sa_flags=0x10000004
SIGPIPE: [libjvm.so+0x484220], sa_mask[0]=0x7ffbfeff, sa_flags=0x10000004
SIGXFSZ: [libjvm.so+0x484220], sa_mask[0]=0x7ffbfeff, sa_flags=0x10000004
SIGILL: [libjvm.so+0x484220], sa_mask[0]=0x7ffbfeff, sa_flags=0x10000004
SIGUSR1: SIG_DFL, sa_mask[0]=0x00000000, sa_flags=0x00000000
SIGUSR2: [libjvm.so+0x483970], sa_mask[0]=0x00000000, sa_flags=0x10000004
SIGHUP: [libjvm.so+0x485ed0], sa_mask[0]=0x7ffbfeff, sa_flags=0x10000004
SIGINT: [libjvm.so+0x485ed0], sa_mask[0]=0x7ffbfeff, sa_flags=0x10000004
SIGTERM: [libjvm.so+0x485ed0], sa_mask[0]=0x7ffbfeff, sa_flags=0x10000004
SIGQUIT: [libjvm.so+0x485ed0], sa_mask[0]=0x7ffbfeff, sa_flags=0x10000004


---------------  S Y S T E M  ---------------

OS:CentOS Linux release 6.0 (Final)

uname:Linux 2.6.32-71.el6.i686 #1 SMP Fri Nov 12 04:17:17 GMT 2010 i686
libc:glibc 2.12 NPTL 2.12 
rlimit: STACK 10240k, CORE 0k, NPROC 1024, NOFILE 1024, AS infinity
load average:0.68 0.21 0.13

CPU:total 1 (1 cores per cpu, 1 threads per core) family 6 model 23 stepping 6, cmov, cx8, fxsr, mmx, sse, sse2, sse3, ssse3, sse4.1

Memory: 4k page, physical 1031320k(124568k free), swap 2064376k(2059928k free)

vm_info: OpenJDK Server VM (14.0-b16) for linux-x86 JRE (1.6.0_17-b17), built on Jun 25 2011 03:11:37 by "mockbuild" with gcc 4.4.4 20100726 (Red Hat 4.4.4-13)

time: Fri Oct 28 14:31:06 2011
elapsed time: 24 seconds

