#
# A fatal error has been detected by the Java Runtime Environment:
#
#  SIGSEGV (0xb) at pc=0x01140e78, pid=8691, tid=2396703600
#
# JRE version: 6.0_17-b17
# Java VM: OpenJDK Server VM (14.0-b16 interpreted mode linux-x86 )
# Derivative: IcedTea6 1.7.5
# Distribution: Custom build (Sat Jun 25 03:01:37 BST 2011)
# Problematic frame:
# V  [libjvm.so+0x36ce78]
#
# If you would like to submit a bug report, please include
# instructions how to reproduce the bug and visit:
#   http://icedtea.classpath.org/bugzilla
#

---------------  T H R E A D  ---------------

Current thread (0x09fee800):  JavaThread "Thread-0" daemon [_thread_in_vm, id=8702, stack(0x8e3ac000,0x8edad000)]

siginfo:si_signo=SIGSEGV: si_errno=0, si_code=1 (SEGV_MAPERR), si_addr=0x00001004

Registers:
EAX=0x8edabc84, EBX=0x01418814, ECX=0x8edabc8c, EDX=0x00001000
ESP=0x8edabbec, EBP=0x8edabc28, ESI=0x09fee800, EDI=0x09fee800
EIP=0x01140e78, CR2=0x00001004, EFLAGS=0x00010292

Top of Stack: (sp=0x8edabbec)
0x8edabbec:   01140dde af744fb4 0000027f 00000000
0x8edabbfc:   018592b6 09fee910 8edabc44 8edabc5c
0x8edabc0c:   09fee800 8edabc54 00000000 00000010
0x8edabc1c:   af744fb8 af744fb4 09fee800 8edabc6c
0x8edabc2c:   0185900a 09fee910 8edabc74 8edabc8c
0x8edabc3c:   00000000 8edabc84 00000009 000007d0
0x8edabc4c:   8edabc4c 00000000 8edabc8c af7a5b58
0x8edabc5c:   00000000 af744fb8 00000000 8edabc7c 

Instructions: (pc=0x01140e78)
0x01140e68:   85 d2 0f 84 94 00 00 00 8b 4d 10 83 ec 04 8b 11
0x01140e78:   8b 4a 04 8d 71 08 8b 49 08 57 ff 75 20 ff 75 1c 

Stack: [0x8e3ac000,0x8edad000],  sp=0x8edabbec,  free space=10238k
Native frames: (J=compiled Java code, j=interpreted, Vv=VM code, C=native code)
V  [libjvm.so+0x36ce78]
j  java.lang.System.arraycopy(Ljava/lang/Object;ILjava/lang/Object;II)V+0
j  java.lang.String.getChars(II[CI)V+62
j  java.lang.AbstractStringBuilder.append(Ljava/lang/String;)Ljava/lang/AbstractStringBuilder;+50
j  java.lang.StringBuilder.append(Ljava/lang/String;)Ljava/lang/StringBuilder;+2
j  browsefs.BrowseFS.read_pre(Ljava/lang/String;Ljava/lang/String;IILjavafuse/Fuse_file_info;)I+49
v  ~StubRoutines::call_stub
V  [libjvm.so+0x31c625]
V  [libjvm.so+0x481749]
V  [libjvm.so+0x31b7df]
V  [libjvm.so+0x327dec]
V  [libjvm.so+0x33ed4d]
V  [libjvm.so+0x34a992]
C  [javafuse+0x4666]
C  [libfuse.so.2+0x6a0d]  fuse_fs_read+0x7d
C  [libfuse.so.2+0xf541]
C  [libfuse.so.2+0x139a9]
C  [libfuse.so.2+0x11a72]
C  [libfuse.so.2+0x14d27]  fuse_session_process+0x27
C  [libfuse.so.2+0x10034]
C  [libpthread.so.0+0x69e9]

Java frames: (J=compiled Java code, j=interpreted, Vv=VM code)
j  java.lang.System.arraycopy(Ljava/lang/Object;ILjava/lang/Object;II)V+0
j  java.lang.String.getChars(II[CI)V+62
j  java.lang.AbstractStringBuilder.append(Ljava/lang/String;)Ljava/lang/AbstractStringBuilder;+50
j  java.lang.StringBuilder.append(Ljava/lang/String;)Ljava/lang/StringBuilder;+2
j  browsefs.BrowseFS.read_pre(Ljava/lang/String;Ljava/lang/String;IILjavafuse/Fuse_file_info;)I+49
v  ~StubRoutines::call_stub

---------------  P R O C E S S  ---------------

Java Threads: ( => current thread )
  0x0a063c00 JavaThread "Thread-1" daemon [_thread_in_native, id=8836, stack(0x8c465000,0x8c4b6000)]
  0x8f132400 JavaThread "SIGINT handler" daemon [_thread_blocked, id=8835, stack(0x8c4b6000,0x8c507000)]
  0x8f31ec00 JavaThread "Thread-5" daemon [_thread_in_vm, id=8765, stack(0x8c507000,0x8cf08000)]
  0x8f125000 JavaThread "Thread-4" daemon [_thread_in_native, id=8764, stack(0x8cf08000,0x8d909000)]
  0x0a06a800 JavaThread "Thread-3" daemon [_thread_in_native, id=8703, stack(0x8d9ab000,0x8e3ac000)]
=>0x09fee800 JavaThread "Thread-0" daemon [_thread_in_vm, id=8702, stack(0x8e3ac000,0x8edad000)]
  0x09fce000 JavaThread "Low Memory Detector" daemon [_thread_blocked, id=8698, stack(0x8ee2e000,0x8ee7f000)]
  0x09fcc400 JavaThread "CompilerThread1" daemon [_thread_blocked, id=8697, stack(0x8ee7f000,0x8ef00000)]
  0x09fca800 JavaThread "CompilerThread0" daemon [_thread_blocked, id=8696, stack(0x8f22e000,0x8f2af000)]
  0x09fc9000 JavaThread "Signal Dispatcher" daemon [_thread_blocked, id=8695, stack(0x8f2af000,0x8f300000)]
  0x09fb7400 JavaThread "Finalizer" daemon [_thread_blocked, id=8694, stack(0x8f436000,0x8f487000)]
  0x09fb6000 JavaThread "Reference Handler" daemon [_thread_blocked, id=8693, stack(0x8f487000,0x8f4d8000)]
  0x09f5f800 JavaThread "main" [_thread_in_native, id=8691, stack(0xbfb70000,0xbfbc0000)]

Other Threads:
  0x09fb2c00 VMThread [stack: 0x8f4d8000,0x8f559000] [id=8692]
  0x09fd0000 WatcherThread [stack: 0x8edad000,0x8ee2e000] [id=8699]

VM state:not at safepoint (normal execution)

VM Mutex/Monitor currently owned by a thread: None

Heap
 def new generation   total 960K, used 526K [0x8f720000, 0x8f820000, 0x93000000)
  eden space 896K,  51% used [0x8f720000, 0x8f7939c0, 0x8f800000)
  from space 64K, 100% used [0x8f800000, 0x8f810000, 0x8f810000)
  to   space 64K,   0% used [0x8f810000, 0x8f810000, 0x8f820000)
 tenured generation   total 4096K, used 1473K [0x93000000, 0x93400000, 0xaf720000)
   the space 4096K,  35% used [0x93000000, 0x93170668, 0x93170800, 0x93400000)
 compacting perm gen  total 16384K, used 7948K [0xaf720000, 0xb0720000, 0xb7720000)
   the space 16384K,  48% used [0xaf720000, 0xafee31d0, 0xafee3200, 0xb0720000)
No shared spaces configured.

Dynamic libraries:
00110000-00138000 r-xp 00000000 fd:00 672765     /lib/libm-2.12.so
00138000-00139000 r--p 00027000 fd:00 672765     /lib/libm-2.12.so
00139000-0013a000 rw-p 00028000 fd:00 672765     /lib/libm-2.12.so
0013a000-00145000 r-xp 00000000 fd:00 265562     /usr/lib/jvm/java-1.6.0-openjdk-1.6.0.0/jre/lib/i386/libverify.so
00145000-00146000 rw-p 0000b000 fd:00 265562     /usr/lib/jvm/java-1.6.0-openjdk-1.6.0.0/jre/lib/i386/libverify.so
00146000-0014c000 r-xp 00000000 fd:00 265563     /usr/lib/jvm/java-1.6.0-openjdk-1.6.0.0/jre/lib/i386/libzip.so
0014c000-0014d000 rw-p 00006000 fd:00 265563     /usr/lib/jvm/java-1.6.0-openjdk-1.6.0.0/jre/lib/i386/libzip.so
0014d000-00156000 rwxp 00000000 00:00 0 
00156000-0020d000 rwxp 00000000 00:00 0 
0020d000-0020e000 rwxp 00000000 00:00 0 
0020e000-00229000 rwxp 00000000 00:00 0 
00229000-0022c000 rwxp 00000000 00:00 0 
0022c000-0030d000 rwxp 00000000 00:00 0 
0030d000-00315000 rwxp 00000000 00:00 0 
00315000-0034d000 rwxp 00000000 00:00 0 
0034d000-00351000 rwxp 00000000 00:00 0 
00351000-00432000 rwxp 00000000 00:00 0 
00432000-00445000 r-xp 00000000 fd:00 265554     /usr/lib/jvm/java-1.6.0-openjdk-1.6.0.0/jre/lib/i386/libnet.so
00445000-00446000 rw-p 00013000 fd:00 265554     /usr/lib/jvm/java-1.6.0-openjdk-1.6.0.0/jre/lib/i386/libnet.so
00446000-0044b000 r-xp 00000000 fd:00 653727     /lib/libnss_dns-2.12.so
0044b000-0044c000 r--p 00004000 fd:00 653727     /lib/libnss_dns-2.12.so
0044c000-0044d000 rw-p 00005000 fd:00 653727     /lib/libnss_dns-2.12.so
0044d000-0044e000 r--p 00000000 00:00 0 
0057c000-00583000 r-xp 00000000 fd:00 265555     /usr/lib/jvm/java-1.6.0-openjdk-1.6.0.0/jre/lib/i386/libnio.so
00583000-00584000 rw-p 00006000 fd:00 265555     /usr/lib/jvm/java-1.6.0-openjdk-1.6.0.0/jre/lib/i386/libnio.so
0070d000-0072f000 r-xp 00000000 fd:00 265543     /usr/lib/jvm/java-1.6.0-openjdk-1.6.0.0/jre/lib/i386/libjava.so
0072f000-00731000 rw-p 00022000 fd:00 265543     /usr/lib/jvm/java-1.6.0-openjdk-1.6.0.0/jre/lib/i386/libjava.so
008da000-008e6000 r-xp 00000000 fd:00 653729     /lib/libnss_files-2.12.so
008e6000-008e7000 r--p 0000b000 fd:00 653729     /lib/libnss_files-2.12.so
008e7000-008e8000 rw-p 0000c000 fd:00 653729     /lib/libnss_files-2.12.so
00948000-00951000 rwxp 00000000 00:00 0 
00951000-00989000 rwxp 00000000 00:00 0 
00a75000-00a7b000 r-xp 00000000 fd:00 265564     /usr/lib/jvm/java-1.6.0-openjdk-1.6.0.0/jre/lib/i386/native_threads/libhpi.so
00a7b000-00a7c000 rw-p 00006000 fd:00 265564     /usr/lib/jvm/java-1.6.0-openjdk-1.6.0.0/jre/lib/i386/native_threads/libhpi.so
00a91000-00aaf000 r-xp 00000000 fd:00 672758     /lib/ld-2.12.so
00aaf000-00ab0000 r--p 0001d000 fd:00 672758     /lib/ld-2.12.so
00ab0000-00ab1000 rw-p 0001e000 fd:00 672758     /lib/ld-2.12.so
00ab3000-00ab6000 r-xp 00000000 fd:00 672768     /lib/libdl-2.12.so
00ab6000-00ab7000 r--p 00002000 fd:00 672768     /lib/libdl-2.12.so
00ab7000-00ab8000 rw-p 00003000 fd:00 672768     /lib/libdl-2.12.so
00aba000-00ad1000 r-xp 00000000 fd:00 672762     /lib/libpthread-2.12.so
00ad1000-00ad2000 r--p 00016000 fd:00 672762     /lib/libpthread-2.12.so
00ad2000-00ad3000 rw-p 00017000 fd:00 672762     /lib/libpthread-2.12.so
00ad3000-00ad5000 rw-p 00000000 00:00 0 
00af3000-00afc000 r-xp 00000000 fd:00 793086     /root/javafuse/javafuse-read-only/build/libjavafuse.so
00afc000-00afd000 rw-p 00008000 fd:00 793086     /root/javafuse/javafuse-read-only/build/libjavafuse.so
00b03000-00b0a000 r-xp 00000000 fd:00 672763     /lib/librt-2.12.so
00b0a000-00b0b000 r--p 00006000 fd:00 672763     /lib/librt-2.12.so
00b0b000-00b0c000 rw-p 00007000 fd:00 672763     /lib/librt-2.12.so
00b2f000-00b41000 r-xp 00000000 fd:00 672767     /lib/libz.so.1.2.3
00b41000-00b42000 rw-p 00011000 fd:00 672767     /lib/libz.so.1.2.3
00bd6000-00bd7000 r-xp 00000000 00:00 0          [vdso]
00be6000-00d6b000 r-xp 00000000 fd:00 672760     /lib/libc-2.12.so
00d6b000-00d6c000 ---p 00185000 fd:00 672760     /lib/libc-2.12.so
00d6c000-00d6e000 r--p 00185000 fd:00 672760     /lib/libc-2.12.so
00d6e000-00d6f000 rw-p 00187000 fd:00 672760     /lib/libc-2.12.so
00d6f000-00d72000 rw-p 00000000 00:00 0 
00d74000-00d89000 r-xp 00000000 fd:00 672771     /lib/libresolv-2.12.so
00d89000-00d8a000 r--p 00014000 fd:00 672771     /lib/libresolv-2.12.so
00d8a000-00d8b000 rw-p 00015000 fd:00 672771     /lib/libresolv-2.12.so
00d8b000-00d8d000 rw-p 00000000 00:00 0 
00da7000-00dcb000 r-xp 00000000 fd:00 656954     /lib/libfuse.so.2.8.3
00dcb000-00dd4000 rw-p 00024000 fd:00 656954     /lib/libfuse.so.2.8.3
00dd4000-013d7000 r-xp 00000000 fd:00 265569     /usr/lib/jvm/java-1.6.0-openjdk-1.6.0.0/jre/lib/i386/server/libjvm.so
013d7000-0142e000 rw-p 00603000 fd:00 265569     /usr/lib/jvm/java-1.6.0-openjdk-1.6.0.0/jre/lib/i386/server/libjvm.so
0142e000-0184f000 rw-p 00000000 00:00 0 
0184f000-01a8f000 rwxp 00000000 00:00 0 
01a8f000-0484f000 rwxp 00000000 00:00 0 
0652e000-06544000 r-xp 00000000 fd:00 672795     /lib/libnsl-2.12.so
06544000-06545000 r--p 00016000 fd:00 672795     /lib/libnsl-2.12.so
06545000-06546000 rw-p 00017000 fd:00 672795     /lib/libnsl-2.12.so
06546000-06548000 rw-p 00000000 00:00 0 
08048000-08053000 r-xp 00000000 fd:00 803860     /root/javafuse/javafuse-read-only/javafuse
08053000-08054000 rw-p 0000a000 fd:00 803860     /root/javafuse/javafuse-read-only/javafuse
09f5b000-0a0c4000 rw-p 00000000 00:00 0          [heap]
8c414000-8c417000 rwxp 00000000 00:00 0 
8c417000-8c465000 rw-p 00000000 00:00 0 
8c465000-8c468000 rwxp 00000000 00:00 0 
8c468000-8c4b6000 rw-p 00000000 00:00 0 
8c4b6000-8c4b9000 ---p 00000000 00:00 0 
8c4b9000-8c507000 rw-p 00000000 00:00 0 
8c507000-8c50a000 ---p 00000000 00:00 0 
8c50a000-8cf08000 rw-p 00000000 00:00 0 
8cf08000-8cf0b000 ---p 00000000 00:00 0 
8cf0b000-8d909000 rw-p 00000000 00:00 0 
8d909000-8d90c000 rwxp 00000000 00:00 0 
8d90c000-8d95a000 rw-p 00000000 00:00 0 
8d95a000-8d95d000 rwxp 00000000 00:00 0 
8d95d000-8d9ab000 rw-p 00000000 00:00 0 
8d9ab000-8d9ae000 ---p 00000000 00:00 0 
8d9ae000-8e3ac000 rw-p 00000000 00:00 0 
8e3ac000-8e3af000 ---p 00000000 00:00 0 
8e3af000-8edad000 rw-p 00000000 00:00 0 
8edad000-8edae000 ---p 00000000 00:00 0 
8edae000-8ee2e000 rw-p 00000000 00:00 0 
8ee2e000-8ee31000 ---p 00000000 00:00 0 
8ee31000-8ee7f000 rw-p 00000000 00:00 0 
8ee7f000-8ee82000 ---p 00000000 00:00 0 
8ee82000-8ef00000 rw-p 00000000 00:00 0 
8ef00000-8f100000 r--p 00000000 fd:00 137199     /usr/lib/locale/locale-archive
8f100000-8f13d000 rw-p 00000000 00:00 0 
8f13d000-8f200000 ---p 00000000 00:00 0 
8f20c000-8f22e000 rw-p 00000000 00:00 0 
8f22e000-8f231000 ---p 00000000 00:00 0 
8f231000-8f2af000 rw-p 00000000 00:00 0 
8f2af000-8f2b2000 ---p 00000000 00:00 0 
8f2b2000-8f300000 rw-p 00000000 00:00 0 
8f300000-8f3b4000 rw-p 00000000 00:00 0 
8f3b4000-8f400000 ---p 00000000 00:00 0 
8f409000-8f410000 r--s 000fe000 fd:00 265580     /usr/lib/jvm/java-1.6.0-openjdk-1.6.0.0/jre/lib/resources.jar
8f410000-8f414000 r--s 0007c000 fd:00 262262     /usr/lib/jvm/java-1.6.0-openjdk-1.6.0.0/jre/lib/jsse.jar
8f414000-8f436000 rw-p 00000000 00:00 0 
8f436000-8f439000 ---p 00000000 00:00 0 
8f439000-8f487000 rw-p 00000000 00:00 0 
8f487000-8f48a000 ---p 00000000 00:00 0 
8f48a000-8f4d8000 rw-p 00000000 00:00 0 
8f4d8000-8f4d9000 ---p 00000000 00:00 0 
8f4d9000-8f58c000 rw-p 00000000 00:00 0 
8f58c000-8f720000 r--s 038cb000 fd:00 265582     /usr/lib/jvm/java-1.6.0-openjdk-1.6.0.0/jre/lib/rt.jar
8f720000-8f820000 rwxp 00000000 00:00 0 
8f820000-93000000 rwxp 00000000 00:00 0 
93000000-93400000 rwxp 00000000 00:00 0 
93400000-af720000 rwxp 00000000 00:00 0 
af720000-b0720000 rwxp 00000000 00:00 0 
b0720000-b7720000 rwxp 00000000 00:00 0 
b7722000-b772b000 r--s 00065000 fd:00 265508     /usr/lib/jvm/java-1.6.0-openjdk-1.6.0.0/jre/lib/ext/gnome-java-bridge.jar
b772b000-b772e000 rw-p 00000000 00:00 0 
b772f000-b7732000 r--s 0000f000 fd:00 265511     /usr/lib/jvm/java-1.6.0-openjdk-1.6.0.0/jre/lib/ext/pulse-java.jar
b7732000-b773a000 rw-s 00000000 fd:00 679157     /tmp/hsperfdata_root/8691
b773a000-b773b000 rw-p 00000000 00:00 0 
b773b000-b773c000 r--p 00000000 00:00 0 
b773c000-b773e000 rw-p 00000000 00:00 0 
bfb70000-bfb73000 ---p 00000000 00:00 0 
bfb74000-bfbc0000 rw-p 00000000 00:00 0          [stack]

VM Arguments:
jvm_args: -Xint -Xcheck:jni 
java_command: <unknown>
Launcher Type: generic

Environment Variables:
PATH=/usr/lib/qt-3.3/bin:/usr/local/sbin:/usr/sbin:/sbin:/usr/local/bin:/usr/bin:/bin:/root/bin
USERNAME=root
LD_LIBRARY_PATH=build:/usr/lib/jvm/java-1.6.0-openjdk-1.6.0.0/jre/lib/i386/server
SHELL=/bin/bash
DISPLAY=:0.0

Signal Handlers:
SIGSEGV: [libjvm.so+0x58fb90], sa_mask[0]=0x7ffbfeff, sa_flags=0x10000004
SIGBUS: [libjvm.so+0x58fb90], sa_mask[0]=0x7ffbfeff, sa_flags=0x10000004
SIGFPE: [libjvm.so+0x484220], sa_mask[0]=0x7ffbfeff, sa_flags=0x10000004
SIGPIPE: [libjvm.so+0x484220], sa_mask[0]=0x7ffbfeff, sa_flags=0x10000004
SIGXFSZ: [libjvm.so+0x484220], sa_mask[0]=0x7ffbfeff, sa_flags=0x10000004
SIGILL: [libjvm.so+0x484220], sa_mask[0]=0x7ffbfeff, sa_flags=0x10000004
SIGUSR1: SIG_DFL, sa_mask[0]=0x00000000, sa_flags=0x00000000
SIGUSR2: [libjvm.so+0x483970], sa_mask[0]=0x00000000, sa_flags=0x10000004
SIGHUP: [libjvm.so+0x485ed0], sa_mask[0]=0x7ffbfeff, sa_flags=0x10000004
SIGINT: [libjvm.so+0x485ed0], sa_mask[0]=0x7ffbfeff, sa_flags=0x10000004
SIGTERM: [libjvm.so+0x485ed0], sa_mask[0]=0x7ffbfeff, sa_flags=0x10000004
SIGQUIT: [libjvm.so+0x485ed0], sa_mask[0]=0x7ffbfeff, sa_flags=0x10000004


---------------  S Y S T E M  ---------------

OS:CentOS Linux release 6.0 (Final)

uname:Linux 2.6.32-71.el6.i686 #1 SMP Fri Nov 12 04:17:17 GMT 2010 i686
libc:glibc 2.12 NPTL 2.12 
rlimit: STACK 10240k, CORE 0k, NPROC 1024, NOFILE 1024, AS infinity
load average:0.70 0.48 0.30

CPU:total 1 (1 cores per cpu, 1 threads per core) family 6 model 23 stepping 6, cmov, cx8, fxsr, mmx, sse, sse2, sse3, ssse3, sse4.1

Memory: 4k page, physical 1031320k(159740k free), swap 2064376k(2054524k free)

vm_info: OpenJDK Server VM (14.0-b16) for linux-x86 JRE (1.6.0_17-b17), built on Jun 25 2011 03:11:37 by "mockbuild" with gcc 4.4.4 20100726 (Red Hat 4.4.4-13)

time: Sat Oct 29 23:47:32 2011
elapsed time: 37 seconds

