#
# A fatal error has been detected by the Java Runtime Environment:
#
#  SIGSEGV (0xb) at pc=0x01140e78, pid=8060, tid=2387643248
#
# JRE version: 6.0_17-b17
# Java VM: OpenJDK Server VM (14.0-b16 interpreted mode linux-x86 )
# Derivative: IcedTea6 1.7.5
# Distribution: Custom build (Sat Jun 25 03:01:37 BST 2011)
# Problematic frame:
# V  [libjvm.so+0x36ce78]
#
# If you would like to submit a bug report, please include
# instructions how to reproduce the bug and visit:
#   http://icedtea.classpath.org/bugzilla
#

---------------  T H R E A D  ---------------

Current thread (0x08cae000):  JavaThread "Thread-3" daemon [_thread_in_vm, id=8071, stack(0x8db08000,0x8e509000)]

siginfo:si_signo=SIGSEGV: si_errno=0, si_code=1 (SEGV_MAPERR), si_addr=0x00001004

Registers:
EAX=0x8e507c84, EBX=0x01418814, ECX=0x8e507c8c, EDX=0x00001000
ESP=0x8e507bec, EBP=0x8e507c28, ESI=0x08cae000, EDI=0x08cae000
EIP=0x01140e78, CR2=0x00001004, EFLAGS=0x00010292

Top of Stack: (sp=0x8e507bec)
0x8e507bec:   01140dde af894fb4 0000027f 00000000
0x8e507bfc:   018592b6 08cae110 8e507c44 8e507c5c
0x8e507c0c:   08cae000 8e507c54 00000000 00000010
0x8e507c1c:   af894fb8 af894fb4 08cae000 8e507c6c
0x8e507c2c:   0185900a 08cae110 8e507c74 8e507c8c
0x8e507c3c:   00d6f6e0 8e507c84 00000009 00d6f6e0
0x8e507c4c:   8e507c4c 00000000 8e507c8c af8f5b58
0x8e507c5c:   00000000 af894fb8 00000000 8e507c7c 

Instructions: (pc=0x01140e78)
0x01140e68:   85 d2 0f 84 94 00 00 00 8b 4d 10 83 ec 04 8b 11
0x01140e78:   8b 4a 04 8d 71 08 8b 49 08 57 ff 75 20 ff 75 1c 

Stack: [0x8db08000,0x8e509000],  sp=0x8e507bec,  free space=10238k
Native frames: (J=compiled Java code, j=interpreted, Vv=VM code, C=native code)
V  [libjvm.so+0x36ce78]
j  java.lang.System.arraycopy(Ljava/lang/Object;ILjava/lang/Object;II)V+0
j  java.lang.String.getChars(II[CI)V+62
j  java.lang.AbstractStringBuilder.append(Ljava/lang/String;)Ljava/lang/AbstractStringBuilder;+50
j  java.lang.StringBuilder.append(Ljava/lang/String;)Ljava/lang/StringBuilder;+2
j  browsefs.BrowseFS.read_pre(Ljava/lang/String;Ljava/lang/String;IILjavafuse/Fuse_file_info;)I+49
v  ~StubRoutines::call_stub
V  [libjvm.so+0x31c625]
V  [libjvm.so+0x481749]
V  [libjvm.so+0x31b7df]
V  [libjvm.so+0x327dec]
V  [libjvm.so+0x33ed4d]
V  [libjvm.so+0x34a992]
C  [javafuse+0x4666]
C  [libfuse.so.2+0x6a0d]  fuse_fs_read+0x7d
C  [libfuse.so.2+0xf541]
C  [libfuse.so.2+0x139a9]
C  [libfuse.so.2+0x11a72]
C  [libfuse.so.2+0x14d27]  fuse_session_process+0x27
C  [libfuse.so.2+0x10034]
C  [libpthread.so.0+0x69e9]

Java frames: (J=compiled Java code, j=interpreted, Vv=VM code)
j  java.lang.System.arraycopy(Ljava/lang/Object;ILjava/lang/Object;II)V+0
j  java.lang.String.getChars(II[CI)V+62
j  java.lang.AbstractStringBuilder.append(Ljava/lang/String;)Ljava/lang/AbstractStringBuilder;+50
j  java.lang.StringBuilder.append(Ljava/lang/String;)Ljava/lang/StringBuilder;+2
j  browsefs.BrowseFS.read_pre(Ljava/lang/String;Ljava/lang/String;IILjavafuse/Fuse_file_info;)I+49
v  ~StubRoutines::call_stub

---------------  P R O C E S S  ---------------

Java Threads: ( => current thread )
  0x8f57c000 JavaThread "Thread-8" daemon [_thread_in_native, id=8249, stack(0x8a861000,0x8b262000)]
  0x8f377400 JavaThread "Thread-7" daemon [_thread_in_native, id=8248, stack(0x8b262000,0x8bc63000)]
  0x08ca6400 JavaThread "Thread-6" daemon [_thread_in_native, id=8134, stack(0x8bc63000,0x8c664000)]
  0x8f520800 JavaThread "Thread-5" daemon [_thread_in_native, id=8133, stack(0x8c664000,0x8d065000)]
  0x8f325000 JavaThread "Thread-4" daemon [_thread_in_native, id=8132, stack(0x8d065000,0x8da66000)]
=>0x08cae000 JavaThread "Thread-3" daemon [_thread_in_vm, id=8071, stack(0x8db08000,0x8e509000)]
  0x08c7bc00 JavaThread "Firefox output watcher" daemon [_thread_in_native, id=8105, stack(0x8da66000,0x8dab7000)]
  0x08c83c00 JavaThread "process reaper" daemon [_thread_in_native, id=8103, stack(0x8dab7000,0x8db08000)]
  0x08c2d000 JavaThread "Thread-0" daemon [_thread_in_native, id=8070, stack(0x8e52b000,0x8ef2c000)]
  0x08c0e000 JavaThread "Low Memory Detector" daemon [_thread_blocked, id=8067, stack(0x8efad000,0x8effe000)]
  0x08c0c400 JavaThread "CompilerThread1" daemon [_thread_blocked, id=8066, stack(0x8effe000,0x8f07f000)]
  0x08c0a800 JavaThread "CompilerThread0" daemon [_thread_blocked, id=8065, stack(0x8f07f000,0x8f100000)]
  0x08c09000 JavaThread "Signal Dispatcher" daemon [_thread_blocked, id=8064, stack(0x8f40d000,0x8f45e000)]
  0x08bf7400 JavaThread "Finalizer" daemon [_thread_blocked, id=8063, stack(0x8f45e000,0x8f4af000)]
  0x08bf6000 JavaThread "Reference Handler" daemon [_thread_blocked, id=8062, stack(0x8f4af000,0x8f500000)]
  0x08b9f800 JavaThread "main" [_thread_in_native, id=8060, stack(0xbfc5b000,0xbfcab000)]

Other Threads:
  0x08bf2c00 VMThread [stack: 0x8f628000,0x8f6a9000] [id=8061]
  0x08c0fc00 WatcherThread [stack: 0x8ef2c000,0x8efad000] [id=8068]

VM state:not at safepoint (normal execution)

VM Mutex/Monitor currently owned by a thread: None

Heap
 def new generation   total 960K, used 68K [0x8f870000, 0x8f970000, 0x93150000)
  eden space 896K,   7% used [0x8f870000, 0x8f8811f8, 0x8f950000)
  from space 64K,   0% used [0x8f950000, 0x8f950000, 0x8f960000)
  to   space 64K,   0% used [0x8f960000, 0x8f960000, 0x8f970000)
 tenured generation   total 31612K, used 28909K [0x93150000, 0x9502f000, 0xaf870000)
   the space 31612K,  91% used [0x93150000, 0x94d8b448, 0x94d8b600, 0x9502f000)
 compacting perm gen  total 16384K, used 7930K [0xaf870000, 0xb0870000, 0xb7870000)
   the space 16384K,  48% used [0xaf870000, 0xb002eac0, 0xb002ec00, 0xb0870000)
No shared spaces configured.

Dynamic libraries:
00110000-0011c000 r-xp 00000000 fd:00 653729     /lib/libnss_files-2.12.so
0011c000-0011d000 r--p 0000b000 fd:00 653729     /lib/libnss_files-2.12.so
0011d000-0011e000 rw-p 0000c000 fd:00 653729     /lib/libnss_files-2.12.so
0011e000-00131000 r-xp 00000000 fd:00 265554     /usr/lib/jvm/java-1.6.0-openjdk-1.6.0.0/jre/lib/i386/libnet.so
00131000-00132000 rw-p 00013000 fd:00 265554     /usr/lib/jvm/java-1.6.0-openjdk-1.6.0.0/jre/lib/i386/libnet.so
00132000-00137000 r-xp 00000000 fd:00 653727     /lib/libnss_dns-2.12.so
00137000-00138000 r--p 00004000 fd:00 653727     /lib/libnss_dns-2.12.so
00138000-00139000 rw-p 00005000 fd:00 653727     /lib/libnss_dns-2.12.so
00139000-00140000 r-xp 00000000 fd:00 265555     /usr/lib/jvm/java-1.6.0-openjdk-1.6.0.0/jre/lib/i386/libnio.so
00140000-00141000 rw-p 00006000 fd:00 265555     /usr/lib/jvm/java-1.6.0-openjdk-1.6.0.0/jre/lib/i386/libnio.so
00141000-00142000 r--p 00000000 00:00 0 
0016f000-00175000 r-xp 00000000 fd:00 265563     /usr/lib/jvm/java-1.6.0-openjdk-1.6.0.0/jre/lib/i386/libzip.so
00175000-00176000 rw-p 00006000 fd:00 265563     /usr/lib/jvm/java-1.6.0-openjdk-1.6.0.0/jre/lib/i386/libzip.so
00176000-0017f000 rwxp 00000000 00:00 0 
0017f000-00236000 rwxp 00000000 00:00 0 
00312000-0031b000 r-xp 00000000 fd:00 793086     /root/javafuse/javafuse-read-only/build/libjavafuse.so
0031b000-0031c000 rw-p 00008000 fd:00 793086     /root/javafuse/javafuse-read-only/build/libjavafuse.so
00338000-00341000 rwxp 00000000 00:00 0 
00341000-00379000 rwxp 00000000 00:00 0 
003f0000-003fb000 r-xp 00000000 fd:00 265562     /usr/lib/jvm/java-1.6.0-openjdk-1.6.0.0/jre/lib/i386/libverify.so
003fb000-003fc000 rw-p 0000b000 fd:00 265562     /usr/lib/jvm/java-1.6.0-openjdk-1.6.0.0/jre/lib/i386/libverify.so
003fc000-003fd000 rwxp 00000000 00:00 0 
003fd000-00418000 rwxp 00000000 00:00 0 
00418000-00428000 rwxp 00000000 00:00 0 
00428000-004fc000 rwxp 00000000 00:00 0 
004fc000-00504000 rwxp 00000000 00:00 0 
00504000-0053c000 rwxp 00000000 00:00 0 
0053c000-0053d000 rwxp 00000000 00:00 0 
005b3000-005d5000 r-xp 00000000 fd:00 265543     /usr/lib/jvm/java-1.6.0-openjdk-1.6.0.0/jre/lib/i386/libjava.so
005d5000-005d7000 rw-p 00022000 fd:00 265543     /usr/lib/jvm/java-1.6.0-openjdk-1.6.0.0/jre/lib/i386/libjava.so
005d7000-005d8000 r-xp 00000000 00:00 0          [vdso]
005d8000-005e8000 rwxp 00000000 00:00 0 
005e8000-006bc000 rwxp 00000000 00:00 0 
009c0000-009c6000 r-xp 00000000 fd:00 265564     /usr/lib/jvm/java-1.6.0-openjdk-1.6.0.0/jre/lib/i386/native_threads/libhpi.so
009c6000-009c7000 rw-p 00006000 fd:00 265564     /usr/lib/jvm/java-1.6.0-openjdk-1.6.0.0/jre/lib/i386/native_threads/libhpi.so
00a91000-00aaf000 r-xp 00000000 fd:00 672758     /lib/ld-2.12.so
00aaf000-00ab0000 r--p 0001d000 fd:00 672758     /lib/ld-2.12.so
00ab0000-00ab1000 rw-p 0001e000 fd:00 672758     /lib/ld-2.12.so
00ab3000-00ab6000 r-xp 00000000 fd:00 672768     /lib/libdl-2.12.so
00ab6000-00ab7000 r--p 00002000 fd:00 672768     /lib/libdl-2.12.so
00ab7000-00ab8000 rw-p 00003000 fd:00 672768     /lib/libdl-2.12.so
00aba000-00ad1000 r-xp 00000000 fd:00 672762     /lib/libpthread-2.12.so
00ad1000-00ad2000 r--p 00016000 fd:00 672762     /lib/libpthread-2.12.so
00ad2000-00ad3000 rw-p 00017000 fd:00 672762     /lib/libpthread-2.12.so
00ad3000-00ad5000 rw-p 00000000 00:00 0 
00ad7000-00aff000 r-xp 00000000 fd:00 672765     /lib/libm-2.12.so
00aff000-00b00000 r--p 00027000 fd:00 672765     /lib/libm-2.12.so
00b00000-00b01000 rw-p 00028000 fd:00 672765     /lib/libm-2.12.so
00b03000-00b0a000 r-xp 00000000 fd:00 672763     /lib/librt-2.12.so
00b0a000-00b0b000 r--p 00006000 fd:00 672763     /lib/librt-2.12.so
00b0b000-00b0c000 rw-p 00007000 fd:00 672763     /lib/librt-2.12.so
00b2f000-00b41000 r-xp 00000000 fd:00 672767     /lib/libz.so.1.2.3
00b41000-00b42000 rw-p 00011000 fd:00 672767     /lib/libz.so.1.2.3
00be6000-00d6b000 r-xp 00000000 fd:00 672760     /lib/libc-2.12.so
00d6b000-00d6c000 ---p 00185000 fd:00 672760     /lib/libc-2.12.so
00d6c000-00d6e000 r--p 00185000 fd:00 672760     /lib/libc-2.12.so
00d6e000-00d6f000 rw-p 00187000 fd:00 672760     /lib/libc-2.12.so
00d6f000-00d72000 rw-p 00000000 00:00 0 
00d74000-00d89000 r-xp 00000000 fd:00 672771     /lib/libresolv-2.12.so
00d89000-00d8a000 r--p 00014000 fd:00 672771     /lib/libresolv-2.12.so
00d8a000-00d8b000 rw-p 00015000 fd:00 672771     /lib/libresolv-2.12.so
00d8b000-00d8d000 rw-p 00000000 00:00 0 
00da7000-00dcb000 r-xp 00000000 fd:00 656954     /lib/libfuse.so.2.8.3
00dcb000-00dd4000 rw-p 00024000 fd:00 656954     /lib/libfuse.so.2.8.3
00dd4000-013d7000 r-xp 00000000 fd:00 265569     /usr/lib/jvm/java-1.6.0-openjdk-1.6.0.0/jre/lib/i386/server/libjvm.so
013d7000-0142e000 rw-p 00603000 fd:00 265569     /usr/lib/jvm/java-1.6.0-openjdk-1.6.0.0/jre/lib/i386/server/libjvm.so
0142e000-0184f000 rw-p 00000000 00:00 0 
0184f000-01a8f000 rwxp 00000000 00:00 0 
01a8f000-0484f000 rwxp 00000000 00:00 0 
0652e000-06544000 r-xp 00000000 fd:00 672795     /lib/libnsl-2.12.so
06544000-06545000 r--p 00016000 fd:00 672795     /lib/libnsl-2.12.so
06545000-06546000 rw-p 00017000 fd:00 672795     /lib/libnsl-2.12.so
06546000-06548000 rw-p 00000000 00:00 0 
08048000-08053000 r-xp 00000000 fd:00 803860     /root/javafuse/javafuse-read-only/javafuse
08053000-08054000 rw-p 0000a000 fd:00 803860     /root/javafuse/javafuse-read-only/javafuse
08b9b000-090a6000 rw-p 00000000 00:00 0          [heap]
8a500000-8a539000 rw-p 00000000 00:00 0 
8a539000-8a600000 ---p 00000000 00:00 0 
8a700000-8a760000 rw-p 00000000 00:00 0 
8a760000-8a800000 ---p 00000000 00:00 0 
8a861000-8a864000 ---p 00000000 00:00 0 
8a864000-8b262000 rw-p 00000000 00:00 0 
8b262000-8b265000 ---p 00000000 00:00 0 
8b265000-8bc63000 rw-p 00000000 00:00 0 
8bc63000-8bc66000 ---p 00000000 00:00 0 
8bc66000-8c664000 rw-p 00000000 00:00 0 
8c664000-8c667000 ---p 00000000 00:00 0 
8c667000-8d065000 rw-p 00000000 00:00 0 
8d065000-8d068000 ---p 00000000 00:00 0 
8d068000-8da66000 rw-p 00000000 00:00 0 
8da66000-8da69000 ---p 00000000 00:00 0 
8da69000-8dab7000 rw-p 00000000 00:00 0 
8dab7000-8daba000 ---p 00000000 00:00 0 
8daba000-8db08000 rw-p 00000000 00:00 0 
8db08000-8db0b000 ---p 00000000 00:00 0 
8db0b000-8e52b000 rw-p 00000000 00:00 0 
8e52b000-8e52e000 ---p 00000000 00:00 0 
8e52e000-8ef2c000 rw-p 00000000 00:00 0 
8ef2c000-8ef2d000 ---p 00000000 00:00 0 
8ef2d000-8efad000 rw-p 00000000 00:00 0 
8efad000-8efb0000 ---p 00000000 00:00 0 
8efb0000-8effe000 rw-p 00000000 00:00 0 
8effe000-8f001000 ---p 00000000 00:00 0 
8f001000-8f07f000 rw-p 00000000 00:00 0 
8f07f000-8f082000 ---p 00000000 00:00 0 
8f082000-8f100000 rw-p 00000000 00:00 0 
8f100000-8f300000 r--p 00000000 fd:00 137199     /usr/lib/locale/locale-archive
8f300000-8f3fb000 rw-p 00000000 00:00 0 
8f3fb000-8f400000 ---p 00000000 00:00 0 
8f406000-8f40d000 r--s 000fe000 fd:00 265580     /usr/lib/jvm/java-1.6.0-openjdk-1.6.0.0/jre/lib/resources.jar
8f40d000-8f410000 ---p 00000000 00:00 0 
8f410000-8f45e000 rw-p 00000000 00:00 0 
8f45e000-8f461000 ---p 00000000 00:00 0 
8f461000-8f4af000 rw-p 00000000 00:00 0 
8f4af000-8f4b2000 ---p 00000000 00:00 0 
8f4b2000-8f500000 rw-p 00000000 00:00 0 
8f500000-8f5fe000 rw-p 00000000 00:00 0 
8f5fe000-8f600000 ---p 00000000 00:00 0 
8f606000-8f628000 rw-p 00000000 00:00 0 
8f628000-8f629000 ---p 00000000 00:00 0 
8f629000-8f6dc000 rw-p 00000000 00:00 0 
8f6dc000-8f870000 r--s 038cb000 fd:00 265582     /usr/lib/jvm/java-1.6.0-openjdk-1.6.0.0/jre/lib/rt.jar
8f870000-8f970000 rwxp 00000000 00:00 0 
8f970000-93150000 rwxp 00000000 00:00 0 
93150000-9502f000 rwxp 00000000 00:00 0 
9502f000-af870000 rwxp 00000000 00:00 0 
af870000-b0870000 rwxp 00000000 00:00 0 
b0870000-b7870000 rwxp 00000000 00:00 0 
b7870000-b7874000 r--s 0007c000 fd:00 262262     /usr/lib/jvm/java-1.6.0-openjdk-1.6.0.0/jre/lib/jsse.jar
b7874000-b787d000 r--s 00065000 fd:00 265508     /usr/lib/jvm/java-1.6.0-openjdk-1.6.0.0/jre/lib/ext/gnome-java-bridge.jar
b787d000-b7880000 rw-p 00000000 00:00 0 
b7881000-b7884000 r--s 0000f000 fd:00 265511     /usr/lib/jvm/java-1.6.0-openjdk-1.6.0.0/jre/lib/ext/pulse-java.jar
b7884000-b788c000 rw-s 00000000 fd:00 681801     /tmp/hsperfdata_root/8060
b788c000-b788d000 rw-p 00000000 00:00 0 
b788d000-b788e000 r--p 00000000 00:00 0 
b788e000-b7890000 rw-p 00000000 00:00 0 
bfc5b000-bfc5e000 ---p 00000000 00:00 0 
bfc5f000-bfcab000 rw-p 00000000 00:00 0          [stack]

VM Arguments:
jvm_args: -Xint -Xcheck:jni 
java_command: <unknown>
Launcher Type: generic

Environment Variables:
PATH=/usr/lib/qt-3.3/bin:/usr/local/sbin:/usr/sbin:/sbin:/usr/local/bin:/usr/bin:/bin:/root/bin
USERNAME=root
LD_LIBRARY_PATH=build:/usr/lib/jvm/java-1.6.0-openjdk-1.6.0.0/jre/lib/i386/server
SHELL=/bin/bash
DISPLAY=:0.0

Signal Handlers:
SIGSEGV: [libjvm.so+0x58fb90], sa_mask[0]=0x7ffbfeff, sa_flags=0x10000004
SIGBUS: [libjvm.so+0x58fb90], sa_mask[0]=0x7ffbfeff, sa_flags=0x10000004
SIGFPE: [libjvm.so+0x484220], sa_mask[0]=0x7ffbfeff, sa_flags=0x10000004
SIGPIPE: [libjvm.so+0x484220], sa_mask[0]=0x7ffbfeff, sa_flags=0x10000004
SIGXFSZ: [libjvm.so+0x484220], sa_mask[0]=0x7ffbfeff, sa_flags=0x10000004
SIGILL: [libjvm.so+0x484220], sa_mask[0]=0x7ffbfeff, sa_flags=0x10000004
SIGUSR1: SIG_DFL, sa_mask[0]=0x00000000, sa_flags=0x00000000
SIGUSR2: [libjvm.so+0x483970], sa_mask[0]=0x00000000, sa_flags=0x10000004
SIGHUP: [libjvm.so+0x485ed0], sa_mask[0]=0x7ffbfeff, sa_flags=0x10000004
SIGINT: [libjvm.so+0x485ed0], sa_mask[0]=0x7ffbfeff, sa_flags=0x10000004
SIGTERM: [libjvm.so+0x485ed0], sa_mask[0]=0x7ffbfeff, sa_flags=0x10000004
SIGQUIT: [libjvm.so+0x485ed0], sa_mask[0]=0x7ffbfeff, sa_flags=0x10000004


---------------  S Y S T E M  ---------------

OS:CentOS Linux release 6.0 (Final)

uname:Linux 2.6.32-71.el6.i686 #1 SMP Fri Nov 12 04:17:17 GMT 2010 i686
libc:glibc 2.12 NPTL 2.12 
rlimit: STACK 10240k, CORE 0k, NPROC 1024, NOFILE 1024, AS infinity
load average:0.12 0.15 0.15

CPU:total 1 (1 cores per cpu, 1 threads per core) family 6 model 23 stepping 6, cmov, cx8, fxsr, mmx, sse, sse2, sse3, ssse3, sse4.1

Memory: 4k page, physical 1031320k(195944k free), swap 2064376k(2054524k free)

vm_info: OpenJDK Server VM (14.0-b16) for linux-x86 JRE (1.6.0_17-b17), built on Jun 25 2011 03:11:37 by "mockbuild" with gcc 4.4.4 20100726 (Red Hat 4.4.4-13)

time: Sat Oct 29 23:21:49 2011
elapsed time: 1789 seconds

