#
# A fatal error has been detected by the Java Runtime Environment:
#
#  SIGSEGV (0xb) at pc=0x01127e78, pid=9160, tid=2354989936
#
# JRE version: 6.0_17-b17
# Java VM: OpenJDK Server VM (14.0-b16 interpreted mode linux-x86 )
# Derivative: IcedTea6 1.7.5
# Distribution: Custom build (Sat Jun 25 03:01:37 BST 2011)
# Problematic frame:
# V  [libjvm.so+0x36ce78]
#
# If you would like to submit a bug report, please include
# instructions how to reproduce the bug and visit:
#   http://icedtea.classpath.org/bugzilla
#

---------------  T H R E A D  ---------------

Current thread (0x084d8800):  JavaThread "Thread-6" daemon [_thread_in_vm, id=9233, stack(0x8bbe4000,0x8c5e5000)]

siginfo:si_signo=SIGSEGV: si_errno=0, si_code=1 (SEGV_MAPERR), si_addr=0x00001004

Registers:
EAX=0x8c5e3c84, EBX=0x013ff814, ECX=0x8c5e3c8c, EDX=0x00001000
ESP=0x8c5e3bec, EBP=0x8c5e3c28, ESI=0x084d8800, EDI=0x084d8800
EIP=0x01127e78, CR2=0x00001004, EFLAGS=0x00010292

Top of Stack: (sp=0x8c5e3bec)
0x8c5e3bec:   01127dde af824fb4 0000027f 00000000
0x8c5e3bfc:   018402b6 084d8910 8c5e3c44 8c5e3c5c
0x8c5e3c0c:   084d8800 8c5e3c54 00000000 00000010
0x8c5e3c1c:   af824fb8 af824fb4 084d8800 8c5e3c6c
0x8c5e3c2c:   0184000a 084d8910 8c5e3c74 8c5e3c8c
0x8c5e3c3c:   00d6f6e0 8c5e3c84 00000009 00d6f6e0
0x8c5e3c4c:   8c5e3c4c 00000000 8c5e3c8c af885b58
0x8c5e3c5c:   00000000 af824fb8 00000000 8c5e3c7c 

Instructions: (pc=0x01127e78)
0x01127e68:   85 d2 0f 84 94 00 00 00 8b 4d 10 83 ec 04 8b 11
0x01127e78:   8b 4a 04 8d 71 08 8b 49 08 57 ff 75 20 ff 75 1c 

Stack: [0x8bbe4000,0x8c5e5000],  sp=0x8c5e3bec,  free space=10238k
Native frames: (J=compiled Java code, j=interpreted, Vv=VM code, C=native code)
V  [libjvm.so+0x36ce78]
j  java.lang.System.arraycopy(Ljava/lang/Object;ILjava/lang/Object;II)V+0
j  java.lang.String.getChars(II[CI)V+62
j  java.lang.AbstractStringBuilder.append(Ljava/lang/String;)Ljava/lang/AbstractStringBuilder;+50
j  java.lang.StringBuilder.append(Ljava/lang/String;)Ljava/lang/StringBuilder;+2
j  browsefs.BrowseFS.read_pre(Ljava/lang/String;Ljava/lang/String;IILjavafuse/Fuse_file_info;)I+49
v  ~StubRoutines::call_stub
V  [libjvm.so+0x31c625]
V  [libjvm.so+0x481749]
V  [libjvm.so+0x31b7df]
V  [libjvm.so+0x327dec]
V  [libjvm.so+0x33ed4d]
V  [libjvm.so+0x34a992]
C  [javafuse+0x4666]
C  [libfuse.so.2+0x6a0d]  fuse_fs_read+0x7d
C  [libfuse.so.2+0xf541]
C  [libfuse.so.2+0x139a9]
C  [libfuse.so.2+0x11a72]
C  [libfuse.so.2+0x14d27]  fuse_session_process+0x27
C  [libfuse.so.2+0x10034]
C  [libpthread.so.0+0x69e9]

Java frames: (J=compiled Java code, j=interpreted, Vv=VM code)
j  java.lang.System.arraycopy(Ljava/lang/Object;ILjava/lang/Object;II)V+0
j  java.lang.String.getChars(II[CI)V+62
j  java.lang.AbstractStringBuilder.append(Ljava/lang/String;)Ljava/lang/AbstractStringBuilder;+50
j  java.lang.StringBuilder.append(Ljava/lang/String;)Ljava/lang/StringBuilder;+2
j  browsefs.BrowseFS.read_pre(Ljava/lang/String;Ljava/lang/String;IILjavafuse/Fuse_file_info;)I+49
v  ~StubRoutines::call_stub

---------------  P R O C E S S  ---------------

Java Threads: ( => current thread )
  0x8f445400 JavaThread "Thread-8" daemon [_thread_in_native, id=9235, stack(0x8a7e2000,0x8b1e3000)]
  0x8f247c00 JavaThread "Thread-7" daemon [_thread_in_native, id=9234, stack(0x8b1e3000,0x8bbe4000)]
=>0x084d8800 JavaThread "Thread-6" daemon [_thread_in_vm, id=9233, stack(0x8bbe4000,0x8c5e5000)]
  0x8f443800 JavaThread "Thread-5" daemon [_thread_in_native, id=9232, stack(0x8c5e5000,0x8cfe6000)]
  0x8f225000 JavaThread "Thread-4" daemon [_thread_in_native, id=9231, stack(0x8cfe6000,0x8d9e7000)]
  0x084a2400 JavaThread "Thread-3" daemon [_thread_in_native, id=9171, stack(0x8da89000,0x8e48a000)]
  0x08497400 JavaThread "Firefox output watcher" daemon [_thread_in_native, id=9203, stack(0x8d9e7000,0x8da38000)]
  0x084a9400 JavaThread "process reaper" daemon [_thread_in_native, id=9201, stack(0x8da38000,0x8da89000)]
  0x0845c400 JavaThread "Thread-0" daemon [_thread_in_native, id=9170, stack(0x8e4ac000,0x8eead000)]
  0x0843c000 JavaThread "Low Memory Detector" daemon [_thread_blocked, id=9167, stack(0x8ef2e000,0x8ef7f000)]
  0x0843a400 JavaThread "CompilerThread1" daemon [_thread_blocked, id=9166, stack(0x8ef7f000,0x8f000000)]
  0x08438800 JavaThread "CompilerThread0" daemon [_thread_blocked, id=9165, stack(0x8f32e000,0x8f3af000)]
  0x08437000 JavaThread "Signal Dispatcher" daemon [_thread_blocked, id=9164, stack(0x8f3af000,0x8f400000)]
  0x08425400 JavaThread "Finalizer" daemon [_thread_blocked, id=9163, stack(0x8f516000,0x8f567000)]
  0x08424000 JavaThread "Reference Handler" daemon [_thread_blocked, id=9162, stack(0x8f567000,0x8f5b8000)]
  0x083cd800 JavaThread "main" [_thread_in_native, id=9160, stack(0xbfe9e000,0xbfeee000)]

Other Threads:
  0x08420c00 VMThread [stack: 0x8f5b8000,0x8f639000] [id=9161]
  0x0843f400 WatcherThread [stack: 0x8eead000,0x8ef2e000] [id=9168]

VM state:not at safepoint (normal execution)

VM Mutex/Monitor currently owned by a thread: None

Heap
 def new generation   total 960K, used 89K [0x8f800000, 0x8f900000, 0x930e0000)
  eden space 896K,   9% used [0x8f800000, 0x8f816580, 0x8f8e0000)
  from space 64K,   0% used [0x8f8e0000, 0x8f8e0000, 0x8f8f0000)
  to   space 64K,   0% used [0x8f8f0000, 0x8f8f0000, 0x8f900000)
 tenured generation   total 31612K, used 28925K [0x930e0000, 0x94fbf000, 0xaf800000)
   the space 31612K,  91% used [0x930e0000, 0x94d1f778, 0x94d1f800, 0x94fbf000)
 compacting perm gen  total 16384K, used 7930K [0xaf800000, 0xb0800000, 0xb7800000)
   the space 16384K,  48% used [0xaf800000, 0xaffbea18, 0xaffbec00, 0xb0800000)
No shared spaces configured.

Dynamic libraries:
00110000-00134000 r-xp 00000000 fd:00 656954     /lib/libfuse.so.2.8.3
00134000-0013d000 rw-p 00024000 fd:00 656954     /lib/libfuse.so.2.8.3
0013d000-00148000 r-xp 00000000 fd:00 265562     /usr/lib/jvm/java-1.6.0-openjdk-1.6.0.0/jre/lib/i386/libverify.so
00148000-00149000 rw-p 0000b000 fd:00 265562     /usr/lib/jvm/java-1.6.0-openjdk-1.6.0.0/jre/lib/i386/libverify.so
00149000-0014f000 r-xp 00000000 fd:00 265564     /usr/lib/jvm/java-1.6.0-openjdk-1.6.0.0/jre/lib/i386/native_threads/libhpi.so
0014f000-00150000 rw-p 00006000 fd:00 265564     /usr/lib/jvm/java-1.6.0-openjdk-1.6.0.0/jre/lib/i386/native_threads/libhpi.so
00150000-0015c000 r-xp 00000000 fd:00 653729     /lib/libnss_files-2.12.so
0015c000-0015d000 r--p 0000b000 fd:00 653729     /lib/libnss_files-2.12.so
0015d000-0015e000 rw-p 0000c000 fd:00 653729     /lib/libnss_files-2.12.so
0015e000-00163000 r-xp 00000000 fd:00 653727     /lib/libnss_dns-2.12.so
00163000-00164000 r--p 00004000 fd:00 653727     /lib/libnss_dns-2.12.so
00164000-00165000 rw-p 00005000 fd:00 653727     /lib/libnss_dns-2.12.so
00165000-0016c000 r-xp 00000000 fd:00 265555     /usr/lib/jvm/java-1.6.0-openjdk-1.6.0.0/jre/lib/i386/libnio.so
0016c000-0016d000 rw-p 00006000 fd:00 265555     /usr/lib/jvm/java-1.6.0-openjdk-1.6.0.0/jre/lib/i386/libnio.so
00174000-00196000 r-xp 00000000 fd:00 265543     /usr/lib/jvm/java-1.6.0-openjdk-1.6.0.0/jre/lib/i386/libjava.so
00196000-00198000 rw-p 00022000 fd:00 265543     /usr/lib/jvm/java-1.6.0-openjdk-1.6.0.0/jre/lib/i386/libjava.so
00198000-001a1000 rwxp 00000000 00:00 0 
001a1000-001d9000 rwxp 00000000 00:00 0 
00201000-00214000 r-xp 00000000 fd:00 265554     /usr/lib/jvm/java-1.6.0-openjdk-1.6.0.0/jre/lib/i386/libnet.so
00214000-00215000 rw-p 00013000 fd:00 265554     /usr/lib/jvm/java-1.6.0-openjdk-1.6.0.0/jre/lib/i386/libnet.so
002e5000-002ee000 r-xp 00000000 fd:00 793086     /root/javafuse/javafuse-read-only/build/libjavafuse.so
002ee000-002ef000 rw-p 00008000 fd:00 793086     /root/javafuse/javafuse-read-only/build/libjavafuse.so
00391000-00392000 rwxp 00000000 00:00 0 
00392000-003ad000 rwxp 00000000 00:00 0 
003ad000-003bd000 rwxp 00000000 00:00 0 
003bd000-00491000 rwxp 00000000 00:00 0 
00491000-00499000 rwxp 00000000 00:00 0 
00499000-004d1000 rwxp 00000000 00:00 0 
004d1000-004d2000 rwxp 00000000 00:00 0 
0062c000-00632000 r-xp 00000000 fd:00 265563     /usr/lib/jvm/java-1.6.0-openjdk-1.6.0.0/jre/lib/i386/libzip.so
00632000-00633000 rw-p 00006000 fd:00 265563     /usr/lib/jvm/java-1.6.0-openjdk-1.6.0.0/jre/lib/i386/libzip.so
00661000-00671000 rwxp 00000000 00:00 0 
00671000-00745000 rwxp 00000000 00:00 0 
00814000-0081d000 rwxp 00000000 00:00 0 
0081d000-008d4000 rwxp 00000000 00:00 0 
0090c000-0090d000 r--p 00000000 00:00 0 
00a91000-00aaf000 r-xp 00000000 fd:00 672758     /lib/ld-2.12.so
00aaf000-00ab0000 r--p 0001d000 fd:00 672758     /lib/ld-2.12.so
00ab0000-00ab1000 rw-p 0001e000 fd:00 672758     /lib/ld-2.12.so
00ab3000-00ab6000 r-xp 00000000 fd:00 672768     /lib/libdl-2.12.so
00ab6000-00ab7000 r--p 00002000 fd:00 672768     /lib/libdl-2.12.so
00ab7000-00ab8000 rw-p 00003000 fd:00 672768     /lib/libdl-2.12.so
00aba000-00ad1000 r-xp 00000000 fd:00 672762     /lib/libpthread-2.12.so
00ad1000-00ad2000 r--p 00016000 fd:00 672762     /lib/libpthread-2.12.so
00ad2000-00ad3000 rw-p 00017000 fd:00 672762     /lib/libpthread-2.12.so
00ad3000-00ad5000 rw-p 00000000 00:00 0 
00ad7000-00aff000 r-xp 00000000 fd:00 672765     /lib/libm-2.12.so
00aff000-00b00000 r--p 00027000 fd:00 672765     /lib/libm-2.12.so
00b00000-00b01000 rw-p 00028000 fd:00 672765     /lib/libm-2.12.so
00b03000-00b0a000 r-xp 00000000 fd:00 672763     /lib/librt-2.12.so
00b0a000-00b0b000 r--p 00006000 fd:00 672763     /lib/librt-2.12.so
00b0b000-00b0c000 rw-p 00007000 fd:00 672763     /lib/librt-2.12.so
00b2f000-00b41000 r-xp 00000000 fd:00 672767     /lib/libz.so.1.2.3
00b41000-00b42000 rw-p 00011000 fd:00 672767     /lib/libz.so.1.2.3
00be6000-00d6b000 r-xp 00000000 fd:00 672760     /lib/libc-2.12.so
00d6b000-00d6c000 ---p 00185000 fd:00 672760     /lib/libc-2.12.so
00d6c000-00d6e000 r--p 00185000 fd:00 672760     /lib/libc-2.12.so
00d6e000-00d6f000 rw-p 00187000 fd:00 672760     /lib/libc-2.12.so
00d6f000-00d72000 rw-p 00000000 00:00 0 
00d74000-00d89000 r-xp 00000000 fd:00 672771     /lib/libresolv-2.12.so
00d89000-00d8a000 r--p 00014000 fd:00 672771     /lib/libresolv-2.12.so
00d8a000-00d8b000 rw-p 00015000 fd:00 672771     /lib/libresolv-2.12.so
00d8b000-00d8d000 rw-p 00000000 00:00 0 
00dba000-00dbb000 r-xp 00000000 00:00 0          [vdso]
00dbb000-013be000 r-xp 00000000 fd:00 265569     /usr/lib/jvm/java-1.6.0-openjdk-1.6.0.0/jre/lib/i386/server/libjvm.so
013be000-01415000 rw-p 00603000 fd:00 265569     /usr/lib/jvm/java-1.6.0-openjdk-1.6.0.0/jre/lib/i386/server/libjvm.so
01415000-01836000 rw-p 00000000 00:00 0 
01836000-01a76000 rwxp 00000000 00:00 0 
01a76000-04836000 rwxp 00000000 00:00 0 
0652e000-06544000 r-xp 00000000 fd:00 672795     /lib/libnsl-2.12.so
06544000-06545000 r--p 00016000 fd:00 672795     /lib/libnsl-2.12.so
06545000-06546000 rw-p 00017000 fd:00 672795     /lib/libnsl-2.12.so
06546000-06548000 rw-p 00000000 00:00 0 
08048000-08053000 r-xp 00000000 fd:00 803860     /root/javafuse/javafuse-read-only/javafuse
08053000-08054000 rw-p 0000a000 fd:00 803860     /root/javafuse/javafuse-read-only/javafuse
083c9000-085a4000 rw-p 00000000 00:00 0          [heap]
8a7e2000-8a7e5000 ---p 00000000 00:00 0 
8a7e5000-8b1e3000 rw-p 00000000 00:00 0 
8b1e3000-8b1e6000 ---p 00000000 00:00 0 
8b1e6000-8bbe4000 rw-p 00000000 00:00 0 
8bbe4000-8bbe7000 ---p 00000000 00:00 0 
8bbe7000-8c5e5000 rw-p 00000000 00:00 0 
8c5e5000-8c5e8000 ---p 00000000 00:00 0 
8c5e8000-8cfe6000 rw-p 00000000 00:00 0 
8cfe6000-8cfe9000 ---p 00000000 00:00 0 
8cfe9000-8d9e7000 rw-p 00000000 00:00 0 
8d9e7000-8d9ea000 ---p 00000000 00:00 0 
8d9ea000-8da38000 rw-p 00000000 00:00 0 
8da38000-8da3b000 ---p 00000000 00:00 0 
8da3b000-8da89000 rw-p 00000000 00:00 0 
8da89000-8da8c000 ---p 00000000 00:00 0 
8da8c000-8e4ac000 rw-p 00000000 00:00 0 
8e4ac000-8e4af000 ---p 00000000 00:00 0 
8e4af000-8eead000 rw-p 00000000 00:00 0 
8eead000-8eeae000 ---p 00000000 00:00 0 
8eeae000-8ef2e000 rw-p 00000000 00:00 0 
8ef2e000-8ef31000 ---p 00000000 00:00 0 
8ef31000-8ef7f000 rw-p 00000000 00:00 0 
8ef7f000-8ef82000 ---p 00000000 00:00 0 
8ef82000-8f000000 rw-p 00000000 00:00 0 
8f000000-8f200000 r--p 00000000 fd:00 137199     /usr/lib/locale/locale-archive
8f200000-8f27a000 rw-p 00000000 00:00 0 
8f27a000-8f300000 ---p 00000000 00:00 0 
8f30c000-8f32e000 rw-p 00000000 00:00 0 
8f32e000-8f331000 ---p 00000000 00:00 0 
8f331000-8f3af000 rw-p 00000000 00:00 0 
8f3af000-8f3b2000 ---p 00000000 00:00 0 
8f3b2000-8f400000 rw-p 00000000 00:00 0 
8f400000-8f489000 rw-p 00000000 00:00 0 
8f489000-8f500000 ---p 00000000 00:00 0 
8f506000-8f50d000 r--s 000fe000 fd:00 265580     /usr/lib/jvm/java-1.6.0-openjdk-1.6.0.0/jre/lib/resources.jar
8f50d000-8f516000 r--s 00065000 fd:00 265508     /usr/lib/jvm/java-1.6.0-openjdk-1.6.0.0/jre/lib/ext/gnome-java-bridge.jar
8f516000-8f519000 ---p 00000000 00:00 0 
8f519000-8f567000 rw-p 00000000 00:00 0 
8f567000-8f56a000 ---p 00000000 00:00 0 
8f56a000-8f5b8000 rw-p 00000000 00:00 0 
8f5b8000-8f5b9000 ---p 00000000 00:00 0 
8f5b9000-8f66c000 rw-p 00000000 00:00 0 
8f66c000-8f800000 r--s 038cb000 fd:00 265582     /usr/lib/jvm/java-1.6.0-openjdk-1.6.0.0/jre/lib/rt.jar
8f800000-8f900000 rwxp 00000000 00:00 0 
8f900000-930e0000 rwxp 00000000 00:00 0 
930e0000-94fbf000 rwxp 00000000 00:00 0 
94fbf000-af800000 rwxp 00000000 00:00 0 
af800000-b0800000 rwxp 00000000 00:00 0 
b0800000-b7800000 rwxp 00000000 00:00 0 
b7802000-b7806000 r--s 0007c000 fd:00 262262     /usr/lib/jvm/java-1.6.0-openjdk-1.6.0.0/jre/lib/jsse.jar
b7806000-b7809000 rw-p 00000000 00:00 0 
b780a000-b780d000 r--s 0000f000 fd:00 265511     /usr/lib/jvm/java-1.6.0-openjdk-1.6.0.0/jre/lib/ext/pulse-java.jar
b780d000-b7815000 rw-s 00000000 fd:00 684073     /tmp/hsperfdata_root/9160
b7815000-b7816000 rw-p 00000000 00:00 0 
b7816000-b7817000 r--p 00000000 00:00 0 
b7817000-b7819000 rw-p 00000000 00:00 0 
bfe9e000-bfea1000 ---p 00000000 00:00 0 
bfea2000-bfeee000 rw-p 00000000 00:00 0          [stack]

VM Arguments:
jvm_args: -Xint -Xcheck:jni 
java_command: <unknown>
Launcher Type: generic

Environment Variables:
PATH=/usr/lib/qt-3.3/bin:/usr/local/sbin:/usr/sbin:/sbin:/usr/local/bin:/usr/bin:/bin:/root/bin
USERNAME=root
LD_LIBRARY_PATH=build:/usr/lib/jvm/java-1.6.0-openjdk-1.6.0.0/jre/lib/i386/server
SHELL=/bin/bash
DISPLAY=:0.0

Signal Handlers:
SIGSEGV: [libjvm.so+0x58fb90], sa_mask[0]=0x7ffbfeff, sa_flags=0x10000004
SIGBUS: [libjvm.so+0x58fb90], sa_mask[0]=0x7ffbfeff, sa_flags=0x10000004
SIGFPE: [libjvm.so+0x484220], sa_mask[0]=0x7ffbfeff, sa_flags=0x10000004
SIGPIPE: [libjvm.so+0x484220], sa_mask[0]=0x7ffbfeff, sa_flags=0x10000004
SIGXFSZ: [libjvm.so+0x484220], sa_mask[0]=0x7ffbfeff, sa_flags=0x10000004
SIGILL: [libjvm.so+0x484220], sa_mask[0]=0x7ffbfeff, sa_flags=0x10000004
SIGUSR1: SIG_DFL, sa_mask[0]=0x00000000, sa_flags=0x00000000
SIGUSR2: [libjvm.so+0x483970], sa_mask[0]=0x00000000, sa_flags=0x10000004
SIGHUP: [libjvm.so+0x485ed0], sa_mask[0]=0x7ffbfeff, sa_flags=0x10000004
SIGINT: [libjvm.so+0x485ed0], sa_mask[0]=0x7ffbfeff, sa_flags=0x10000004
SIGTERM: [libjvm.so+0x485ed0], sa_mask[0]=0x7ffbfeff, sa_flags=0x10000004
SIGQUIT: [libjvm.so+0x485ed0], sa_mask[0]=0x7ffbfeff, sa_flags=0x10000004


---------------  S Y S T E M  ---------------

OS:CentOS Linux release 6.0 (Final)

uname:Linux 2.6.32-71.el6.i686 #1 SMP Fri Nov 12 04:17:17 GMT 2010 i686
libc:glibc 2.12 NPTL 2.12 
rlimit: STACK 10240k, CORE 0k, NPROC 1024, NOFILE 1024, AS infinity
load average:0.90 0.44 0.30

CPU:total 1 (1 cores per cpu, 1 threads per core) family 6 model 23 stepping 6, cmov, cx8, fxsr, mmx, sse, sse2, sse3, ssse3, sse4.1

Memory: 4k page, physical 1031320k(106108k free), swap 2064376k(2054524k free)

vm_info: OpenJDK Server VM (14.0-b16) for linux-x86 JRE (1.6.0_17-b17), built on Jun 25 2011 03:11:37 by "mockbuild" with gcc 4.4.4 20100726 (Red Hat 4.4.4-13)

time: Sat Oct 29 23:57:09 2011
elapsed time: 26 seconds

