#
# A fatal error has been detected by the Java Runtime Environment:
#
#  SIGSEGV (0xb) at pc=0x01140e78, pid=505, tid=2398083952
#
# JRE version: 6.0_17-b17
# Java VM: OpenJDK Server VM (14.0-b16 interpreted mode linux-x86 )
# Derivative: IcedTea6 1.7.5
# Distribution: Custom build (Sat Jun 25 03:01:37 BST 2011)
# Problematic frame:
# V  [libjvm.so+0x36ce78]
#
# If you would like to submit a bug report, please include
# instructions how to reproduce the bug and visit:
#   http://icedtea.classpath.org/bugzilla
#

---------------  T H R E A D  ---------------

Current thread (0x08715000):  JavaThread "Thread-0" daemon [_thread_in_vm, id=515, stack(0x8e4fd000,0x8eefe000)]

siginfo:si_signo=SIGSEGV: si_errno=0, si_code=1 (SEGV_MAPERR), si_addr=0x00004004

Registers:
EAX=0x8eefcc84, EBX=0x01418814, ECX=0x8eefcc8c, EDX=0x00004000
ESP=0x8eefcbec, EBP=0x8eefcc28, ESI=0x08715000, EDI=0x08715000
EIP=0x01140e78, CR2=0x00004004, EFLAGS=0x00210292

Top of Stack: (sp=0x8eefcbec)
0x8eefcbec:   01140dde af864fb4 0000027f 00000000
0x8eefcbfc:   018592b6 08715110 8eefcc44 8eefcc5c
0x8eefcc0c:   08715000 8eefcc54 00000000 00000010
0x8eefcc1c:   af864fb8 af864fb4 08715000 8eefcc6c
0x8eefcc2c:   0185900a 08715110 8eefcc74 8eefcc8c
0x8eefcc3c:   002a3768 8eefcc84 00000009 002a3768
0x8eefcc4c:   8eefcc4c 00000000 8eefcc8c af8c5ab8
0x8eefcc5c:   00000000 af864fb8 00000000 8eefcc7c 

Instructions: (pc=0x01140e78)
0x01140e68:   85 d2 0f 84 94 00 00 00 8b 4d 10 83 ec 04 8b 11
0x01140e78:   8b 4a 04 8d 71 08 8b 49 08 57 ff 75 20 ff 75 1c 

Stack: [0x8e4fd000,0x8eefe000],  sp=0x8eefcbec,  free space=10238k
Native frames: (J=compiled Java code, j=interpreted, Vv=VM code, C=native code)
V  [libjvm.so+0x36ce78]
j  java.lang.System.arraycopy(Ljava/lang/Object;ILjava/lang/Object;II)V+0
j  java.lang.String.getChars(II[CI)V+62
j  java.lang.AbstractStringBuilder.append(Ljava/lang/String;)Ljava/lang/AbstractStringBuilder;+50
j  java.lang.StringBuilder.append(Ljava/lang/String;)Ljava/lang/StringBuilder;+2
j  browsefs.BrowseFS.read_pre(Ljava/lang/String;Ljava/lang/String;IILjavafuse/Fuse_file_info;)I+92
v  ~StubRoutines::call_stub
V  [libjvm.so+0x31c625]
V  [libjvm.so+0x481749]
V  [libjvm.so+0x31b7df]
V  [libjvm.so+0x327dec]
V  [libjvm.so+0x33ed4d]
V  [libjvm.so+0x34a992]
C  [javafuse+0x4666]
C  [libfuse.so.2+0x6a0d]  fuse_fs_read+0x7d
C  [libfuse.so.2+0xf541]
C  [libfuse.so.2+0x139a9]
C  [libfuse.so.2+0x11a72]
C  [libfuse.so.2+0x14d27]  fuse_session_process+0x27
C  [libfuse.so.2+0x10034]
C  [libpthread.so.0+0x69e9]

Java frames: (J=compiled Java code, j=interpreted, Vv=VM code)
j  java.lang.System.arraycopy(Ljava/lang/Object;ILjava/lang/Object;II)V+0
j  java.lang.String.getChars(II[CI)V+62
j  java.lang.AbstractStringBuilder.append(Ljava/lang/String;)Ljava/lang/AbstractStringBuilder;+50
j  java.lang.StringBuilder.append(Ljava/lang/String;)Ljava/lang/StringBuilder;+2
j  browsefs.BrowseFS.read_pre(Ljava/lang/String;Ljava/lang/String;IILjavafuse/Fuse_file_info;)I+92
v  ~StubRoutines::call_stub

---------------  P R O C E S S  ---------------

Java Threads: ( => current thread )
  0x08797400 JavaThread "Timer-4897" daemon [_thread_blocked, id=5794, stack(0x888c9000,0x8891a000)]
  0x8a521400 JavaThread "Thread-1667" daemon [_thread_in_native, id=2388, stack(0x89aff000,0x8a500000)]
  0x8f2c9800 JavaThread "Thread-1666" daemon [_thread_in_native, id=2383, stack(0x8a60c000,0x8b00d000)]
  0x8f264000 JavaThread "Thread-201" daemon [_thread_in_native, id=770, stack(0x8b5da000,0x8bfdb000)]
  0x8f238400 JavaThread "Thread-50" daemon [_thread_in_native, id=618, stack(0x8c170000,0x8cb71000)]
  0x8f231c00 JavaThread "Thread-14" daemon [_thread_in_native, id=576, stack(0x8cfdf000,0x8d9e0000)]
  0x8f225000 JavaThread "Thread-4" daemon [_thread_in_native, id=516, stack(0x8dada000,0x8e4db000)]
=>0x08715000 JavaThread "Thread-0" daemon [_thread_in_vm, id=515, stack(0x8e4fd000,0x8eefe000)]
  0x086f6000 JavaThread "Low Memory Detector" daemon [_thread_blocked, id=512, stack(0x8f32e000,0x8f37f000)]
  0x086f4400 JavaThread "CompilerThread1" daemon [_thread_blocked, id=511, stack(0x8ef7f000,0x8f000000)]
  0x086f2800 JavaThread "CompilerThread0" daemon [_thread_blocked, id=510, stack(0x8f37f000,0x8f400000)]
  0x086f1000 JavaThread "Signal Dispatcher" daemon [_thread_blocked, id=509, stack(0x8f505000,0x8f556000)]
  0x086df400 JavaThread "Finalizer" daemon [_thread_blocked, id=508, stack(0x8f556000,0x8f5a7000)]
  0x086de000 JavaThread "Reference Handler" daemon [_thread_blocked, id=507, stack(0x8f5a7000,0x8f5f8000)]
  0x08687800 JavaThread "main" [_thread_in_native, id=505, stack(0xbfcfd000,0xbfd4d000)]

Other Threads:
  0x086dac00 VMThread [stack: 0x8f5f8000,0x8f679000] [id=506]
  0x086f7c00 WatcherThread [stack: 0x8eefe000,0x8ef7f000] [id=513]

VM state:not at safepoint (normal execution)

VM Mutex/Monitor currently owned by a thread: None

Heap
 def new generation   total 1408K, used 283K [0x8f840000, 0x8f9c0000, 0x93120000)
  eden space 1280K,  22% used [0x8f840000, 0x8f886ba8, 0x8f980000)
  from space 128K,   0% used [0x8f980000, 0x8f980230, 0x8f9a0000)
  to   space 128K,   0% used [0x8f9a0000, 0x8f9a0000, 0x8f9c0000)
 tenured generation   total 11972K, used 8995K [0x93120000, 0x93cd1000, 0xaf840000)
   the space 11972K,  75% used [0x93120000, 0x939e8d10, 0x939e8e00, 0x93cd1000)
 compacting perm gen  total 16384K, used 9441K [0xaf840000, 0xb0840000, 0xb7840000)
   the space 16384K,  57% used [0xaf840000, 0xb01787c0, 0xb0178800, 0xb0840000)
No shared spaces configured.

Dynamic libraries:
00110000-00119000 r-xp 00000000 fd:00 793086     /root/javafuse/javafuse-read-only/build/libjavafuse.so
00119000-0011a000 rw-p 00008000 fd:00 793086     /root/javafuse/javafuse-read-only/build/libjavafuse.so
0011a000-0029f000 r-xp 00000000 fd:00 672760     /lib/libc-2.12.so
0029f000-002a0000 ---p 00185000 fd:00 672760     /lib/libc-2.12.so
002a0000-002a2000 r--p 00185000 fd:00 672760     /lib/libc-2.12.so
002a2000-002a3000 rw-p 00187000 fd:00 672760     /lib/libc-2.12.so
002a3000-002a6000 rw-p 00000000 00:00 0 
002a6000-002b9000 r-xp 00000000 fd:00 265554     /usr/lib/jvm/java-1.6.0-openjdk-1.6.0.0/jre/lib/i386/libnet.so
002b9000-002ba000 rw-p 00013000 fd:00 265554     /usr/lib/jvm/java-1.6.0-openjdk-1.6.0.0/jre/lib/i386/libnet.so
002ba000-002bf000 r-xp 00000000 fd:00 653727     /lib/libnss_dns-2.12.so
002bf000-002c0000 r--p 00004000 fd:00 653727     /lib/libnss_dns-2.12.so
002c0000-002c1000 rw-p 00005000 fd:00 653727     /lib/libnss_dns-2.12.so
002c1000-002c8000 r-xp 00000000 fd:00 265555     /usr/lib/jvm/java-1.6.0-openjdk-1.6.0.0/jre/lib/i386/libnio.so
002c8000-002c9000 rw-p 00006000 fd:00 265555     /usr/lib/jvm/java-1.6.0-openjdk-1.6.0.0/jre/lib/i386/libnio.so
002d2000-002f4000 r-xp 00000000 fd:00 265543     /usr/lib/jvm/java-1.6.0-openjdk-1.6.0.0/jre/lib/i386/libjava.so
002f4000-002f6000 rw-p 00022000 fd:00 265543     /usr/lib/jvm/java-1.6.0-openjdk-1.6.0.0/jre/lib/i386/libjava.so
00327000-00328000 r--p 00000000 00:00 0 
00348000-0034e000 r-xp 00000000 fd:00 265564     /usr/lib/jvm/java-1.6.0-openjdk-1.6.0.0/jre/lib/i386/native_threads/libhpi.so
0034e000-0034f000 rw-p 00006000 fd:00 265564     /usr/lib/jvm/java-1.6.0-openjdk-1.6.0.0/jre/lib/i386/native_threads/libhpi.so
00372000-0037b000 rwxp 00000000 00:00 0 
0037b000-00432000 rwxp 00000000 00:00 0 
0049e000-004a9000 r-xp 00000000 fd:00 265562     /usr/lib/jvm/java-1.6.0-openjdk-1.6.0.0/jre/lib/i386/libverify.so
004a9000-004aa000 rw-p 0000b000 fd:00 265562     /usr/lib/jvm/java-1.6.0-openjdk-1.6.0.0/jre/lib/i386/libverify.so
004aa000-004ab000 rwxp 00000000 00:00 0 
004ab000-004c6000 rwxp 00000000 00:00 0 
004c6000-004cd000 rwxp 00000000 00:00 0 
004cd000-005aa000 rwxp 00000000 00:00 0 
005aa000-005b2000 rwxp 00000000 00:00 0 
005b2000-005ea000 rwxp 00000000 00:00 0 
005ea000-005f1000 rwxp 00000000 00:00 0 
005f1000-006cf000 rwxp 00000000 00:00 0 
00766000-0076f000 rwxp 00000000 00:00 0 
0076f000-007a7000 rwxp 00000000 00:00 0 
00821000-00827000 r-xp 00000000 fd:00 265563     /usr/lib/jvm/java-1.6.0-openjdk-1.6.0.0/jre/lib/i386/libzip.so
00827000-00828000 rw-p 00006000 fd:00 265563     /usr/lib/jvm/java-1.6.0-openjdk-1.6.0.0/jre/lib/i386/libzip.so
00989000-00995000 r-xp 00000000 fd:00 653729     /lib/libnss_files-2.12.so
00995000-00996000 r--p 0000b000 fd:00 653729     /lib/libnss_files-2.12.so
00996000-00997000 rw-p 0000c000 fd:00 653729     /lib/libnss_files-2.12.so
00a91000-00aaf000 r-xp 00000000 fd:00 672758     /lib/ld-2.12.so
00aaf000-00ab0000 r--p 0001d000 fd:00 672758     /lib/ld-2.12.so
00ab0000-00ab1000 rw-p 0001e000 fd:00 672758     /lib/ld-2.12.so
00ab3000-00ab6000 r-xp 00000000 fd:00 672768     /lib/libdl-2.12.so
00ab6000-00ab7000 r--p 00002000 fd:00 672768     /lib/libdl-2.12.so
00ab7000-00ab8000 rw-p 00003000 fd:00 672768     /lib/libdl-2.12.so
00aba000-00ad1000 r-xp 00000000 fd:00 672762     /lib/libpthread-2.12.so
00ad1000-00ad2000 r--p 00016000 fd:00 672762     /lib/libpthread-2.12.so
00ad2000-00ad3000 rw-p 00017000 fd:00 672762     /lib/libpthread-2.12.so
00ad3000-00ad5000 rw-p 00000000 00:00 0 
00ad7000-00aff000 r-xp 00000000 fd:00 672765     /lib/libm-2.12.so
00aff000-00b00000 r--p 00027000 fd:00 672765     /lib/libm-2.12.so
00b00000-00b01000 rw-p 00028000 fd:00 672765     /lib/libm-2.12.so
00b03000-00b0a000 r-xp 00000000 fd:00 672763     /lib/librt-2.12.so
00b0a000-00b0b000 r--p 00006000 fd:00 672763     /lib/librt-2.12.so
00b0b000-00b0c000 rw-p 00007000 fd:00 672763     /lib/librt-2.12.so
00b2f000-00b41000 r-xp 00000000 fd:00 672767     /lib/libz.so.1.2.3
00b41000-00b42000 rw-p 00011000 fd:00 672767     /lib/libz.so.1.2.3
00c80000-00c81000 r-xp 00000000 00:00 0          [vdso]
00d74000-00d89000 r-xp 00000000 fd:00 672771     /lib/libresolv-2.12.so
00d89000-00d8a000 r--p 00014000 fd:00 672771     /lib/libresolv-2.12.so
00d8a000-00d8b000 rw-p 00015000 fd:00 672771     /lib/libresolv-2.12.so
00d8b000-00d8d000 rw-p 00000000 00:00 0 
00da7000-00dcb000 r-xp 00000000 fd:00 656954     /lib/libfuse.so.2.8.3
00dcb000-00dd4000 rw-p 00024000 fd:00 656954     /lib/libfuse.so.2.8.3
00dd4000-013d7000 r-xp 00000000 fd:00 265569     /usr/lib/jvm/java-1.6.0-openjdk-1.6.0.0/jre/lib/i386/server/libjvm.so
013d7000-0142e000 rw-p 00603000 fd:00 265569     /usr/lib/jvm/java-1.6.0-openjdk-1.6.0.0/jre/lib/i386/server/libjvm.so
0142e000-0184f000 rw-p 00000000 00:00 0 
0184f000-01a8f000 rwxp 00000000 00:00 0 
01a8f000-0484f000 rwxp 00000000 00:00 0 
0652e000-06544000 r-xp 00000000 fd:00 672795     /lib/libnsl-2.12.so
06544000-06545000 r--p 00016000 fd:00 672795     /lib/libnsl-2.12.so
06545000-06546000 rw-p 00017000 fd:00 672795     /lib/libnsl-2.12.so
06546000-06548000 rw-p 00000000 00:00 0 
08048000-08053000 r-xp 00000000 fd:00 803860     /root/javafuse/javafuse-read-only/javafuse
08053000-08054000 rw-p 0000a000 fd:00 803860     /root/javafuse/javafuse-read-only/javafuse
08683000-08839000 rw-p 00000000 00:00 0          [heap]
887d6000-887d9000 rwxp 00000000 00:00 0 
887d9000-88827000 rw-p 00000000 00:00 0 
88827000-8882a000 rwxp 00000000 00:00 0 
8882a000-88878000 rw-p 00000000 00:00 0 
88878000-8887b000 rwxp 00000000 00:00 0 
8887b000-888c9000 rw-p 00000000 00:00 0 
888c9000-888cc000 ---p 00000000 00:00 0 
888cc000-8891a000 rw-p 00000000 00:00 0 
8891a000-8891d000 rwxp 00000000 00:00 0 
8891d000-8896b000 rw-p 00000000 00:00 0 
8896b000-8896e000 rwxp 00000000 00:00 0 
8896e000-889bc000 rw-p 00000000 00:00 0 
889bc000-889bf000 rwxp 00000000 00:00 0 
889bf000-88a0d000 rw-p 00000000 00:00 0 
88a0d000-88a10000 rwxp 00000000 00:00 0 
88a10000-88a5e000 rw-p 00000000 00:00 0 
88a5e000-88a61000 rwxp 00000000 00:00 0 
88a61000-88aaf000 rw-p 00000000 00:00 0 
88aaf000-88ab2000 rwxp 00000000 00:00 0 
88ab2000-88b00000 rw-p 00000000 00:00 0 
88b00000-88b7e000 rw-p 00000000 00:00 0 
88b7e000-88c00000 ---p 00000000 00:00 0 
88c07000-88c0a000 rwxp 00000000 00:00 0 
88c0a000-88c58000 rw-p 00000000 00:00 0 
88c58000-88c5b000 rwxp 00000000 00:00 0 
88c5b000-88ca9000 rw-p 00000000 00:00 0 
88ca9000-88cac000 rwxp 00000000 00:00 0 
88cac000-88cfa000 rw-p 00000000 00:00 0 
88cfa000-88cfd000 rwxp 00000000 00:00 0 
88cfd000-88d4b000 rw-p 00000000 00:00 0 
88d4b000-88d4e000 rwxp 00000000 00:00 0 
88d4e000-88d9c000 rw-p 00000000 00:00 0 
88d9c000-88d9f000 rwxp 00000000 00:00 0 
88d9f000-88ded000 rw-p 00000000 00:00 0 
88ded000-88df0000 rwxp 00000000 00:00 0 
88df0000-88e3e000 rw-p 00000000 00:00 0 
88e3e000-88e41000 rwxp 00000000 00:00 0 
88e41000-88e8f000 rw-p 00000000 00:00 0 
88e8f000-88e92000 rwxp 00000000 00:00 0 
88e92000-88ee0000 rw-p 00000000 00:00 0 
88ee0000-88ee3000 rwxp 00000000 00:00 0 
88ee3000-88f31000 rw-p 00000000 00:00 0 
88f31000-88f34000 rwxp 00000000 00:00 0 
88f34000-88f82000 rw-p 00000000 00:00 0 
88f82000-88f85000 rwxp 00000000 00:00 0 
88f85000-88fd3000 rw-p 00000000 00:00 0 
88fd3000-88fd6000 rwxp 00000000 00:00 0 
88fd6000-89024000 rw-p 00000000 00:00 0 
89024000-89027000 rwxp 00000000 00:00 0 
89027000-89075000 rw-p 00000000 00:00 0 
89075000-89078000 rwxp 00000000 00:00 0 
89078000-890c6000 rw-p 00000000 00:00 0 
890c6000-890c9000 rwxp 00000000 00:00 0 
890c9000-89117000 rw-p 00000000 00:00 0 
89117000-8911a000 rwxp 00000000 00:00 0 
8911a000-89168000 rw-p 00000000 00:00 0 
89168000-8916b000 rwxp 00000000 00:00 0 
8916b000-891b9000 rw-p 00000000 00:00 0 
891b9000-891bc000 rwxp 00000000 00:00 0 
891bc000-8920a000 rw-p 00000000 00:00 0 
8920a000-8920d000 rwxp 00000000 00:00 0 
8920d000-8925b000 rw-p 00000000 00:00 0 
8925b000-8925e000 rwxp 00000000 00:00 0 
8925e000-892ac000 rw-p 00000000 00:00 0 
892ac000-892af000 rwxp 00000000 00:00 0 
892af000-892fd000 rw-p 00000000 00:00 0 
892fd000-89300000 rwxp 00000000 00:00 0 
89300000-8934e000 rw-p 00000000 00:00 0 
8934e000-89351000 rwxp 00000000 00:00 0 
89351000-8939f000 rw-p 00000000 00:00 0 
8939f000-893a2000 rwxp 00000000 00:00 0 
893a2000-893f0000 rw-p 00000000 00:00 0 
893f0000-893f3000 rwxp 00000000 00:00 0 
893f3000-89441000 rw-p 00000000 00:00 0 
89441000-89444000 rwxp 00000000 00:00 0 
89444000-89492000 rw-p 00000000 00:00 0 
89492000-89495000 rwxp 00000000 00:00 0 
89495000-894e3000 rw-p 00000000 00:00 0 
894e3000-894e6000 rwxp 00000000 00:00 0 
894e6000-89534000 rw-p 00000000 00:00 0 
89534000-89537000 rwxp 00000000 00:00 0 
89537000-89585000 rw-p 00000000 00:00 0 
89585000-89588000 rwxp 00000000 00:00 0 
89588000-895d6000 rw-p 00000000 00:00 0 
895d6000-895d9000 rwxp 00000000 00:00 0 
895d9000-89627000 rw-p 00000000 00:00 0 
89627000-8962a000 rwxp 00000000 00:00 0 
8962a000-89678000 rw-p 00000000 00:00 0 
89678000-8967b000 rwxp 00000000 00:00 0 
8967b000-896c9000 rw-p 00000000 00:00 0 
896c9000-896cc000 rwxp 00000000 00:00 0 
896cc000-8971a000 rw-p 00000000 00:00 0 
8971a000-8971d000 rwxp 00000000 00:00 0 
8971d000-8976b000 rw-p 00000000 00:00 0 
8976b000-8976e000 rwxp 00000000 00:00 0 
8976e000-897bc000 rw-p 00000000 00:00 0 
897bc000-897bf000 rwxp 00000000 00:00 0 
897bf000-8980d000 rw-p 00000000 00:00 0 
8980d000-89810000 rwxp 00000000 00:00 0 
89810000-8985e000 rw-p 00000000 00:00 0 
8985e000-89861000 rwxp 00000000 00:00 0 
89861000-898af000 rw-p 00000000 00:00 0 
898af000-898b2000 rwxp 00000000 00:00 0 
898b2000-89900000 rw-p 00000000 00:00 0 
89900000-899fe000 rw-p 00000000 00:00 0 
899fe000-89a00000 ---p 00000000 00:00 0 
89a0c000-89a0f000 rwxp 00000000 00:00 0 
89a0f000-89a5d000 rw-p 00000000 00:00 0 
89a5d000-89a60000 rwxp 00000000 00:00 0 
89a60000-89aae000 rw-p 00000000 00:00 0 
89aae000-89ab1000 rwxp 00000000 00:00 0 
89ab1000-89aff000 rw-p 00000000 00:00 0 
89aff000-89b02000 ---p 00000000 00:00 0 
89b02000-8a500000 rw-p 00000000 00:00 0 
8a500000-8a5f8000 rw-p 00000000 00:00 0 
8a5f8000-8a600000 ---p 00000000 00:00 0 
8a60c000-8a60f000 ---p 00000000 00:00 0 
8a60f000-8b00d000 rw-p 00000000 00:00 0 
8b00d000-8b010000 rwxp 00000000 00:00 0 
8b010000-8b05e000 rw-p 00000000 00:00 0 
8b05e000-8b061000 rwxp 00000000 00:00 0 
8b061000-8b0af000 rw-p 00000000 00:00 0 
8b0af000-8b0b2000 rwxp 00000000 00:00 0 
8b0b2000-8b100000 rw-p 00000000 00:00 0 
8b100000-8b1e7000 rw-p 00000000 00:00 0 
8b1e7000-8b200000 ---p 00000000 00:00 0 
8b20e000-8b211000 rwxp 00000000 00:00 0 
8b211000-8b25f000 rw-p 00000000 00:00 0 
8b25f000-8b262000 rwxp 00000000 00:00 0 
8b262000-8b2b0000 rw-p 00000000 00:00 0 
8b2b0000-8b2b3000 rwxp 00000000 00:00 0 
8b2b3000-8b301000 rw-p 00000000 00:00 0 
8b301000-8b304000 rwxp 00000000 00:00 0 
8b304000-8b352000 rw-p 00000000 00:00 0 
8b352000-8b355000 rwxp 00000000 00:00 0 
8b355000-8b3a3000 rw-p 00000000 00:00 0 
8b3a3000-8b3a6000 rwxp 00000000 00:00 0 
8b3a6000-8b3f4000 rw-p 00000000 00:00 0 
8b3f4000-8b3f7000 rwxp 00000000 00:00 0 
8b3f7000-8b445000 rw-p 00000000 00:00 0 
8b445000-8b448000 rwxp 00000000 00:00 0 
8b448000-8b496000 rw-p 00000000 00:00 0 
8b496000-8b499000 rwxp 00000000 00:00 0 
8b499000-8b4e7000 rw-p 00000000 00:00 0 
8b4e7000-8b4ea000 rwxp 00000000 00:00 0 
8b4ea000-8b538000 rw-p 00000000 00:00 0 
8b538000-8b53b000 rwxp 00000000 00:00 0 
8b53b000-8b589000 rw-p 00000000 00:00 0 
8b589000-8b58c000 rwxp 00000000 00:00 0 
8b58c000-8b5da000 rw-p 00000000 00:00 0 
8b5da000-8b5dd000 ---p 00000000 00:00 0 
8b5dd000-8bfdb000 rw-p 00000000 00:00 0 
8bfdb000-8bfde000 rwxp 00000000 00:00 0 
8bfde000-8c02c000 rw-p 00000000 00:00 0 
8c02c000-8c02f000 rwxp 00000000 00:00 0 
8c02f000-8c07d000 rw-p 00000000 00:00 0 
8c07d000-8c080000 rwxp 00000000 00:00 0 
8c080000-8c0ce000 rw-p 00000000 00:00 0 
8c0ce000-8c0d1000 rwxp 00000000 00:00 0 
8c0d1000-8c11f000 rw-p 00000000 00:00 0 
8c11f000-8c122000 rwxp 00000000 00:00 0 
8c122000-8c170000 rw-p 00000000 00:00 0 
8c170000-8c173000 ---p 00000000 00:00 0 
8c173000-8cb71000 rw-p 00000000 00:00 0 
8cb71000-8cb74000 rwxp 00000000 00:00 0 
8cb74000-8cbc2000 rw-p 00000000 00:00 0 
8cbc2000-8cbc5000 rwxp 00000000 00:00 0 
8cbc5000-8cc13000 rw-p 00000000 00:00 0 
8cc13000-8cc16000 rwxp 00000000 00:00 0 
8cc16000-8cc64000 rw-p 00000000 00:00 0 
8cc64000-8cc67000 rwxp 00000000 00:00 0 
8cc67000-8ccb5000 rw-p 00000000 00:00 0 
8ccb5000-8ccb8000 rwxp 00000000 00:00 0 
8ccb8000-8cd06000 rw-p 00000000 00:00 0 
8cd06000-8cd09000 rwxp 00000000 00:00 0 
8cd09000-8cd57000 rw-p 00000000 00:00 0 
8cd57000-8cd5a000 rwxp 00000000 00:00 0 
8cd5a000-8cda8000 rw-p 00000000 00:00 0 
8cda8000-8cdab000 rwxp 00000000 00:00 0 
8cdab000-8cdf9000 rw-p 00000000 00:00 0 
8cdf9000-8cdfc000 rwxp 00000000 00:00 0 
8cdfc000-8ce4a000 rw-p 00000000 00:00 0 
8ce4a000-8ce4d000 rwxp 00000000 00:00 0 
8ce4d000-8ce9b000 rw-p 00000000 00:00 0 
8ce9b000-8ce9e000 rwxp 00000000 00:00 0 
8ce9e000-8ceec000 rw-p 00000000 00:00 0 
8ceec000-8ceef000 rwxp 00000000 00:00 0 
8ceef000-8cf3d000 rw-p 00000000 00:00 0 
8cf3d000-8cf40000 rwxp 00000000 00:00 0 
8cf40000-8cf8e000 rw-p 00000000 00:00 0 
8cf8e000-8cf91000 rwxp 00000000 00:00 0 
8cf91000-8cfdf000 rw-p 00000000 00:00 0 
8cfdf000-8cfe2000 ---p 00000000 00:00 0 
8cfe2000-8d9e0000 rw-p 00000000 00:00 0 
8d9e0000-8d9e3000 rwxp 00000000 00:00 0 
8d9e3000-8da31000 rw-p 00000000 00:00 0 
8da31000-8da34000 rwxp 00000000 00:00 0 
8da34000-8da82000 rw-p 00000000 00:00 0 
8da82000-8da85000 rwxp 00000000 00:00 0 
8da85000-8dad3000 rw-p 00000000 00:00 0 
8dad3000-8dada000 r--s 000fe000 fd:00 265580     /usr/lib/jvm/java-1.6.0-openjdk-1.6.0.0/jre/lib/resources.jar
8dada000-8dadd000 ---p 00000000 00:00 0 
8dadd000-8e4fd000 rw-p 00000000 00:00 0 
8e4fd000-8e500000 ---p 00000000 00:00 0 
8e500000-8eefe000 rw-p 00000000 00:00 0 
8eefe000-8eeff000 ---p 00000000 00:00 0 
8eeff000-8ef7f000 rw-p 00000000 00:00 0 
8ef7f000-8ef82000 ---p 00000000 00:00 0 
8ef82000-8f000000 rw-p 00000000 00:00 0 
8f000000-8f200000 r--p 00000000 fd:00 137199     /usr/lib/locale/locale-archive
8f200000-8f300000 rw-p 00000000 00:00 0 
8f303000-8f30c000 r--s 00065000 fd:00 265508     /usr/lib/jvm/java-1.6.0-openjdk-1.6.0.0/jre/lib/ext/gnome-java-bridge.jar
8f30c000-8f32e000 rw-p 00000000 00:00 0 
8f32e000-8f331000 ---p 00000000 00:00 0 
8f331000-8f37f000 rw-p 00000000 00:00 0 
8f37f000-8f382000 ---p 00000000 00:00 0 
8f382000-8f400000 rw-p 00000000 00:00 0 
8f400000-8f46b000 rw-p 00000000 00:00 0 
8f46b000-8f500000 ---p 00000000 00:00 0 
8f500000-8f502000 r--s 00013000 fd:00 265570     /usr/lib/jvm/java-1.6.0-openjdk-1.6.0.0/jre/lib/jce.jar
8f502000-8f505000 r--s 00031000 fd:00 265512     /usr/lib/jvm/java-1.6.0-openjdk-1.6.0.0/jre/lib/ext/sunjce_provider.jar
8f505000-8f508000 ---p 00000000 00:00 0 
8f508000-8f556000 rw-p 00000000 00:00 0 
8f556000-8f559000 ---p 00000000 00:00 0 
8f559000-8f5a7000 rw-p 00000000 00:00 0 
8f5a7000-8f5aa000 ---p 00000000 00:00 0 
8f5aa000-8f5f8000 rw-p 00000000 00:00 0 
8f5f8000-8f5f9000 ---p 00000000 00:00 0 
8f5f9000-8f6ac000 rw-p 00000000 00:00 0 
8f6ac000-8f840000 r--s 038cb000 fd:00 265582     /usr/lib/jvm/java-1.6.0-openjdk-1.6.0.0/jre/lib/rt.jar
8f840000-8f9c0000 rwxp 00000000 00:00 0 
8f9c0000-93120000 rwxp 00000000 00:00 0 
93120000-93cd1000 rwxp 00000000 00:00 0 
93cd1000-af840000 rwxp 00000000 00:00 0 
af840000-b0840000 rwxp 00000000 00:00 0 
b0840000-b7840000 rwxp 00000000 00:00 0 
b7842000-b7846000 r--s 0007c000 fd:00 262262     /usr/lib/jvm/java-1.6.0-openjdk-1.6.0.0/jre/lib/jsse.jar
b7846000-b7849000 rw-p 00000000 00:00 0 
b784a000-b784d000 r--s 0000f000 fd:00 265511     /usr/lib/jvm/java-1.6.0-openjdk-1.6.0.0/jre/lib/ext/pulse-java.jar
b784d000-b7855000 rw-s 00000000 fd:00 919967     /tmp/hsperfdata_root/505
b7855000-b7856000 rw-p 00000000 00:00 0 
b7856000-b7857000 r--p 00000000 00:00 0 
b7857000-b7859000 rw-p 00000000 00:00 0 
bfcfd000-bfd00000 ---p 00000000 00:00 0 
bfd01000-bfd4d000 rw-p 00000000 00:00 0          [stack]

VM Arguments:
jvm_args: -Xint -Xcheck:jni 
java_command: <unknown>
Launcher Type: generic

Environment Variables:
PATH=/usr/lib/qt-3.3/bin:/usr/local/sbin:/usr/sbin:/sbin:/usr/local/bin:/usr/bin:/bin:/root/bin
USERNAME=root
LD_LIBRARY_PATH=build:/usr/lib/jvm/java-1.6.0-openjdk-1.6.0.0/jre/lib/i386/server
SHELL=/bin/bash
DISPLAY=:0.0

Signal Handlers:
SIGSEGV: [libjvm.so+0x58fb90], sa_mask[0]=0x7ffbfeff, sa_flags=0x10000004
SIGBUS: [libjvm.so+0x58fb90], sa_mask[0]=0x7ffbfeff, sa_flags=0x10000004
SIGFPE: [libjvm.so+0x484220], sa_mask[0]=0x7ffbfeff, sa_flags=0x10000004
SIGPIPE: [libjvm.so+0x484220], sa_mask[0]=0x7ffbfeff, sa_flags=0x10000004
SIGXFSZ: [libjvm.so+0x484220], sa_mask[0]=0x7ffbfeff, sa_flags=0x10000004
SIGILL: [libjvm.so+0x484220], sa_mask[0]=0x7ffbfeff, sa_flags=0x10000004
SIGUSR1: SIG_DFL, sa_mask[0]=0x00000000, sa_flags=0x00000000
SIGUSR2: [libjvm.so+0x483970], sa_mask[0]=0x00000000, sa_flags=0x10000004
SIGHUP: [libjvm.so+0x485ed0], sa_mask[0]=0x7ffbfeff, sa_flags=0x10000004
SIGINT: [libjvm.so+0x485ed0], sa_mask[0]=0x7ffbfeff, sa_flags=0x10000004
SIGTERM: [libjvm.so+0x485ed0], sa_mask[0]=0x7ffbfeff, sa_flags=0x10000004
SIGQUIT: [libjvm.so+0x485ed0], sa_mask[0]=0x7ffbfeff, sa_flags=0x10000004


---------------  S Y S T E M  ---------------

OS:CentOS Linux release 6.0 (Final)

uname:Linux 2.6.32-71.el6.i686 #1 SMP Fri Nov 12 04:17:17 GMT 2010 i686
libc:glibc 2.12 NPTL 2.12 
rlimit: STACK 10240k, CORE 0k, NPROC 1024, NOFILE 1024, AS infinity
load average:0.35 0.24 0.21

CPU:total 1 (1 cores per cpu, 1 threads per core) family 6 model 23 stepping 6, cmov, cx8, fxsr, mmx, sse, sse2, sse3, ssse3, sse4.1

Memory: 4k page, physical 1031320k(134936k free), swap 2064376k(2037844k free)

vm_info: OpenJDK Server VM (14.0-b16) for linux-x86 JRE (1.6.0_17-b17), built on Jun 25 2011 03:11:37 by "mockbuild" with gcc 4.4.4 20100726 (Red Hat 4.4.4-13)

time: Wed Nov  2 07:58:48 2011
elapsed time: 376 seconds

