#
# A fatal error has been detected by the Java Runtime Environment:
#
#  SIGSEGV (0xb) at pc=0x01140e78, pid=27285, tid=2397223792
#
# JRE version: 6.0_17-b17
# Java VM: OpenJDK Server VM (14.0-b16 interpreted mode linux-x86 )
# Derivative: IcedTea6 1.7.5
# Distribution: Custom build (Sat Jun 25 03:01:37 BST 2011)
# Problematic frame:
# V  [libjvm.so+0x36ce78]
#
# If you would like to submit a bug report, please include
# instructions how to reproduce the bug and visit:
#   http://icedtea.classpath.org/bugzilla
#

---------------  T H R E A D  ---------------

Current thread (0x08e0d800):  JavaThread "Thread-0" daemon [_thread_in_vm, id=27295, stack(0x8e42b000,0x8ee2c000)]

siginfo:si_signo=SIGSEGV: si_errno=0, si_code=1 (SEGV_MAPERR), si_addr=0x00001004

Registers:
EAX=0x8ee2ac84, EBX=0x01418814, ECX=0x8ee2ac8c, EDX=0x00001000
ESP=0x8ee2abec, EBP=0x8ee2ac28, ESI=0x08e0d800, EDI=0x08e0d800
EIP=0x01140e78, CR2=0x00001004, EFLAGS=0x00010292

Top of Stack: (sp=0x8ee2abec)
0x8ee2abec:   01140dde af7b4fb4 0000027f 00000000
0x8ee2abfc:   018592b6 08e0d910 8ee2ac44 8ee2ac5c
0x8ee2ac0c:   08e0d800 8ee2ac54 00000000 00000010
0x8ee2ac1c:   af7b4fb8 af7b4fb4 08e0d800 8ee2ac6c
0x8ee2ac2c:   0185900a 08e0d910 8ee2ac74 8ee2ac8c
0x8ee2ac3c:   00d6f760 8ee2ac84 00000009 00d6f760
0x8ee2ac4c:   8ee2ac4c 00000000 8ee2ac8c af815b58
0x8ee2ac5c:   00000000 af7b4fb8 00000000 8ee2ac7c 

Instructions: (pc=0x01140e78)
0x01140e68:   85 d2 0f 84 94 00 00 00 8b 4d 10 83 ec 04 8b 11
0x01140e78:   8b 4a 04 8d 71 08 8b 49 08 57 ff 75 20 ff 75 1c 

Stack: [0x8e42b000,0x8ee2c000],  sp=0x8ee2abec,  free space=10238k
Native frames: (J=compiled Java code, j=interpreted, Vv=VM code, C=native code)
V  [libjvm.so+0x36ce78]
j  java.lang.System.arraycopy(Ljava/lang/Object;ILjava/lang/Object;II)V+0
j  java.lang.String.getChars(II[CI)V+62
j  java.lang.AbstractStringBuilder.append(Ljava/lang/String;)Ljava/lang/AbstractStringBuilder;+50
j  java.lang.StringBuilder.append(Ljava/lang/String;)Ljava/lang/StringBuilder;+2
j  browsefs.BrowseFS.read_pre(Ljava/lang/String;Ljava/lang/String;IILjavafuse/Fuse_file_info;)I+49
v  ~StubRoutines::call_stub
V  [libjvm.so+0x31c625]
V  [libjvm.so+0x481749]
V  [libjvm.so+0x31b7df]
V  [libjvm.so+0x327dec]
V  [libjvm.so+0x33ed4d]
V  [libjvm.so+0x34a992]
C  [javafuse+0x4666]
C  [libfuse.so.2+0x6a0d]  fuse_fs_read+0x7d
C  [libfuse.so.2+0xf541]
C  [libfuse.so.2+0x139a9]
C  [libfuse.so.2+0x11a72]
C  [libfuse.so.2+0x14d27]  fuse_session_process+0x27
C  [libfuse.so.2+0x10034]
C  [libpthread.so.0+0x69e9]

Java frames: (J=compiled Java code, j=interpreted, Vv=VM code)
j  java.lang.System.arraycopy(Ljava/lang/Object;ILjava/lang/Object;II)V+0
j  java.lang.String.getChars(II[CI)V+62
j  java.lang.AbstractStringBuilder.append(Ljava/lang/String;)Ljava/lang/AbstractStringBuilder;+50
j  java.lang.StringBuilder.append(Ljava/lang/String;)Ljava/lang/StringBuilder;+2
j  browsefs.BrowseFS.read_pre(Ljava/lang/String;Ljava/lang/String;IILjavafuse/Fuse_file_info;)I+49
v  ~StubRoutines::call_stub

---------------  P R O C E S S  ---------------

Java Threads: ( => current thread )
  0x08e4c000 JavaThread "Thread-6" daemon [_thread_in_native, id=27391, stack(0x8bb85000,0x8c586000)]
  0x8f41f400 JavaThread "Thread-5" daemon [_thread_in_native, id=27368, stack(0x8c586000,0x8cf87000)]
  0x8f204000 JavaThread "Thread-4" daemon [_thread_in_native, id=27367, stack(0x8cf87000,0x8d988000)]
  0x08e8dc00 JavaThread "Thread-3" daemon [_thread_in_native, id=27296, stack(0x8da2a000,0x8e42b000)]
  0x08e58800 JavaThread "Firefox output watcher" daemon [_thread_in_native, id=27341, stack(0x8d988000,0x8d9d9000)]
  0x08e5d800 JavaThread "process reaper" daemon [_thread_in_native, id=27335, stack(0x8d9d9000,0x8da2a000)]
=>0x08e0d800 JavaThread "Thread-0" daemon [_thread_in_vm, id=27295, stack(0x8e42b000,0x8ee2c000)]
  0x08ded000 JavaThread "Low Memory Detector" daemon [_thread_blocked, id=27292, stack(0x8eead000,0x8eefe000)]
  0x08deb400 JavaThread "CompilerThread1" daemon [_thread_blocked, id=27291, stack(0x8eefe000,0x8ef7f000)]
  0x08de9800 JavaThread "CompilerThread0" daemon [_thread_blocked, id=27290, stack(0x8ef7f000,0x8f000000)]
  0x08de8000 JavaThread "Signal Dispatcher" daemon [_thread_blocked, id=27289, stack(0x8f30d000,0x8f35e000)]
  0x08dd6400 JavaThread "Finalizer" daemon [_thread_blocked, id=27288, stack(0x8f35e000,0x8f3af000)]
  0x08dd5000 JavaThread "Reference Handler" daemon [_thread_blocked, id=27287, stack(0x8f3af000,0x8f400000)]
  0x08d7e800 JavaThread "main" [_thread_in_native, id=27285, stack(0xbfec5000,0xbff15000)]

Other Threads:
  0x08dd1c00 VMThread [stack: 0x8f548000,0x8f5c9000] [id=27286]
  0x08def000 WatcherThread [stack: 0x8ee2c000,0x8eead000] [id=27293]

VM state:not at safepoint (normal execution)

VM Mutex/Monitor currently owned by a thread: None

Heap
 def new generation   total 960K, used 0K [0x8f790000, 0x8f890000, 0x93070000)
  eden space 896K,   0% used [0x8f790000, 0x8f790000, 0x8f870000)
  from space 64K,   0% used [0x8f870000, 0x8f870000, 0x8f880000)
  to   space 64K,   0% used [0x8f880000, 0x8f880000, 0x8f890000)
 tenured generation   total 31612K, used 28935K [0x93070000, 0x94f4f000, 0xaf790000)
   the space 31612K,  91% used [0x93070000, 0x94cb1f10, 0x94cb2000, 0x94f4f000)
 compacting perm gen  total 16384K, used 8048K [0xaf790000, 0xb0790000, 0xb7790000)
   the space 16384K,  49% used [0xaf790000, 0xaff6c0e8, 0xaff6c200, 0xb0790000)
No shared spaces configured.

Dynamic libraries:
00110000-00116000 r-xp 00000000 fd:00 265563     /usr/lib/jvm/java-1.6.0-openjdk-1.6.0.0/jre/lib/i386/libzip.so
00116000-00117000 rw-p 00006000 fd:00 265563     /usr/lib/jvm/java-1.6.0-openjdk-1.6.0.0/jre/lib/i386/libzip.so
00117000-00120000 rwxp 00000000 00:00 0 
00120000-001d7000 rwxp 00000000 00:00 0 
001d7000-001d8000 rwxp 00000000 00:00 0 
001d8000-001f3000 rwxp 00000000 00:00 0 
001f3000-00203000 rwxp 00000000 00:00 0 
00203000-002d7000 rwxp 00000000 00:00 0 
002d7000-002df000 rwxp 00000000 00:00 0 
002df000-00317000 rwxp 00000000 00:00 0 
00317000-00318000 rwxp 00000000 00:00 0 
00318000-0031d000 r-xp 00000000 fd:00 653727     /lib/libnss_dns-2.12.so
0031d000-0031e000 r--p 00004000 fd:00 653727     /lib/libnss_dns-2.12.so
0031e000-0031f000 rw-p 00005000 fd:00 653727     /lib/libnss_dns-2.12.so
0031f000-00326000 r-xp 00000000 fd:00 265555     /usr/lib/jvm/java-1.6.0-openjdk-1.6.0.0/jre/lib/i386/libnio.so
00326000-00327000 rw-p 00006000 fd:00 265555     /usr/lib/jvm/java-1.6.0-openjdk-1.6.0.0/jre/lib/i386/libnio.so
00344000-0034d000 r-xp 00000000 fd:00 793086     /root/javafuse/javafuse-read-only/build/libjavafuse.so
0034d000-0034e000 rw-p 00008000 fd:00 793086     /root/javafuse/javafuse-read-only/build/libjavafuse.so
0034e000-00357000 rwxp 00000000 00:00 0 
00357000-0038f000 rwxp 00000000 00:00 0 
004b8000-004c4000 r-xp 00000000 fd:00 653729     /lib/libnss_files-2.12.so
004c4000-004c5000 r--p 0000b000 fd:00 653729     /lib/libnss_files-2.12.so
004c5000-004c6000 rw-p 0000c000 fd:00 653729     /lib/libnss_files-2.12.so
00527000-00528000 r--p 00000000 00:00 0 
0066b000-0066c000 r-xp 00000000 00:00 0          [vdso]
007c5000-007d8000 r-xp 00000000 fd:00 265554     /usr/lib/jvm/java-1.6.0-openjdk-1.6.0.0/jre/lib/i386/libnet.so
007d8000-007d9000 rw-p 00013000 fd:00 265554     /usr/lib/jvm/java-1.6.0-openjdk-1.6.0.0/jre/lib/i386/libnet.so
00867000-00877000 rwxp 00000000 00:00 0 
00877000-0094b000 rwxp 00000000 00:00 0 
00a22000-00a28000 r-xp 00000000 fd:00 265564     /usr/lib/jvm/java-1.6.0-openjdk-1.6.0.0/jre/lib/i386/native_threads/libhpi.so
00a28000-00a29000 rw-p 00006000 fd:00 265564     /usr/lib/jvm/java-1.6.0-openjdk-1.6.0.0/jre/lib/i386/native_threads/libhpi.so
00a34000-00a56000 r-xp 00000000 fd:00 265543     /usr/lib/jvm/java-1.6.0-openjdk-1.6.0.0/jre/lib/i386/libjava.so
00a56000-00a58000 rw-p 00022000 fd:00 265543     /usr/lib/jvm/java-1.6.0-openjdk-1.6.0.0/jre/lib/i386/libjava.so
00a91000-00aaf000 r-xp 00000000 fd:00 672758     /lib/ld-2.12.so
00aaf000-00ab0000 r--p 0001d000 fd:00 672758     /lib/ld-2.12.so
00ab0000-00ab1000 rw-p 0001e000 fd:00 672758     /lib/ld-2.12.so
00ab3000-00ab6000 r-xp 00000000 fd:00 672768     /lib/libdl-2.12.so
00ab6000-00ab7000 r--p 00002000 fd:00 672768     /lib/libdl-2.12.so
00ab7000-00ab8000 rw-p 00003000 fd:00 672768     /lib/libdl-2.12.so
00aba000-00ad1000 r-xp 00000000 fd:00 672762     /lib/libpthread-2.12.so
00ad1000-00ad2000 r--p 00016000 fd:00 672762     /lib/libpthread-2.12.so
00ad2000-00ad3000 rw-p 00017000 fd:00 672762     /lib/libpthread-2.12.so
00ad3000-00ad5000 rw-p 00000000 00:00 0 
00ad7000-00aff000 r-xp 00000000 fd:00 672765     /lib/libm-2.12.so
00aff000-00b00000 r--p 00027000 fd:00 672765     /lib/libm-2.12.so
00b00000-00b01000 rw-p 00028000 fd:00 672765     /lib/libm-2.12.so
00b03000-00b0a000 r-xp 00000000 fd:00 672763     /lib/librt-2.12.so
00b0a000-00b0b000 r--p 00006000 fd:00 672763     /lib/librt-2.12.so
00b0b000-00b0c000 rw-p 00007000 fd:00 672763     /lib/librt-2.12.so
00b2f000-00b41000 r-xp 00000000 fd:00 672767     /lib/libz.so.1.2.3
00b41000-00b42000 rw-p 00011000 fd:00 672767     /lib/libz.so.1.2.3
00b98000-00ba3000 r-xp 00000000 fd:00 265562     /usr/lib/jvm/java-1.6.0-openjdk-1.6.0.0/jre/lib/i386/libverify.so
00ba3000-00ba4000 rw-p 0000b000 fd:00 265562     /usr/lib/jvm/java-1.6.0-openjdk-1.6.0.0/jre/lib/i386/libverify.so
00be6000-00d6b000 r-xp 00000000 fd:00 672760     /lib/libc-2.12.so
00d6b000-00d6c000 ---p 00185000 fd:00 672760     /lib/libc-2.12.so
00d6c000-00d6e000 r--p 00185000 fd:00 672760     /lib/libc-2.12.so
00d6e000-00d6f000 rw-p 00187000 fd:00 672760     /lib/libc-2.12.so
00d6f000-00d72000 rw-p 00000000 00:00 0 
00d74000-00d89000 r-xp 00000000 fd:00 672771     /lib/libresolv-2.12.so
00d89000-00d8a000 r--p 00014000 fd:00 672771     /lib/libresolv-2.12.so
00d8a000-00d8b000 rw-p 00015000 fd:00 672771     /lib/libresolv-2.12.so
00d8b000-00d8d000 rw-p 00000000 00:00 0 
00da7000-00dcb000 r-xp 00000000 fd:00 656954     /lib/libfuse.so.2.8.3
00dcb000-00dd4000 rw-p 00024000 fd:00 656954     /lib/libfuse.so.2.8.3
00dd4000-013d7000 r-xp 00000000 fd:00 265569     /usr/lib/jvm/java-1.6.0-openjdk-1.6.0.0/jre/lib/i386/server/libjvm.so
013d7000-0142e000 rw-p 00603000 fd:00 265569     /usr/lib/jvm/java-1.6.0-openjdk-1.6.0.0/jre/lib/i386/server/libjvm.so
0142e000-0184f000 rw-p 00000000 00:00 0 
0184f000-01a8f000 rwxp 00000000 00:00 0 
01a8f000-0484f000 rwxp 00000000 00:00 0 
0652e000-06544000 r-xp 00000000 fd:00 672795     /lib/libnsl-2.12.so
06544000-06545000 r--p 00016000 fd:00 672795     /lib/libnsl-2.12.so
06545000-06546000 rw-p 00017000 fd:00 672795     /lib/libnsl-2.12.so
06546000-06548000 rw-p 00000000 00:00 0 
08048000-08053000 r-xp 00000000 fd:00 803860     /root/javafuse/javafuse-read-only/javafuse
08053000-08054000 rw-p 0000a000 fd:00 803860     /root/javafuse/javafuse-read-only/javafuse
08d7a000-08f47000 rw-p 00000000 00:00 0          [heap]
8bb85000-8bb88000 ---p 00000000 00:00 0 
8bb88000-8c586000 rw-p 00000000 00:00 0 
8c586000-8c589000 ---p 00000000 00:00 0 
8c589000-8cf87000 rw-p 00000000 00:00 0 
8cf87000-8cf8a000 ---p 00000000 00:00 0 
8cf8a000-8d988000 rw-p 00000000 00:00 0 
8d988000-8d98b000 ---p 00000000 00:00 0 
8d98b000-8d9d9000 rw-p 00000000 00:00 0 
8d9d9000-8d9dc000 ---p 00000000 00:00 0 
8d9dc000-8da2a000 rw-p 00000000 00:00 0 
8da2a000-8da2d000 ---p 00000000 00:00 0 
8da2d000-8e42b000 rw-p 00000000 00:00 0 
8e42b000-8e42e000 ---p 00000000 00:00 0 
8e42e000-8ee2c000 rw-p 00000000 00:00 0 
8ee2c000-8ee2d000 ---p 00000000 00:00 0 
8ee2d000-8eead000 rw-p 00000000 00:00 0 
8eead000-8eeb0000 ---p 00000000 00:00 0 
8eeb0000-8eefe000 rw-p 00000000 00:00 0 
8eefe000-8ef01000 ---p 00000000 00:00 0 
8ef01000-8ef7f000 rw-p 00000000 00:00 0 
8ef7f000-8ef82000 ---p 00000000 00:00 0 
8ef82000-8f000000 rw-p 00000000 00:00 0 
8f000000-8f200000 r--p 00000000 fd:00 137199     /usr/lib/locale/locale-archive
8f200000-8f258000 rw-p 00000000 00:00 0 
8f258000-8f300000 ---p 00000000 00:00 0 
8f306000-8f30d000 r--s 000fe000 fd:00 265580     /usr/lib/jvm/java-1.6.0-openjdk-1.6.0.0/jre/lib/resources.jar
8f30d000-8f310000 ---p 00000000 00:00 0 
8f310000-8f35e000 rw-p 00000000 00:00 0 
8f35e000-8f361000 ---p 00000000 00:00 0 
8f361000-8f3af000 rw-p 00000000 00:00 0 
8f3af000-8f3b2000 ---p 00000000 00:00 0 
8f3b2000-8f400000 rw-p 00000000 00:00 0 
8f400000-8f45e000 rw-p 00000000 00:00 0 
8f45e000-8f500000 ---p 00000000 00:00 0 
8f500000-8f504000 r--s 0007c000 fd:00 262262     /usr/lib/jvm/java-1.6.0-openjdk-1.6.0.0/jre/lib/jsse.jar
8f504000-8f548000 rw-p 00000000 00:00 0 
8f548000-8f549000 ---p 00000000 00:00 0 
8f549000-8f5fc000 rw-p 00000000 00:00 0 
8f5fc000-8f790000 r--s 038cb000 fd:00 265582     /usr/lib/jvm/java-1.6.0-openjdk-1.6.0.0/jre/lib/rt.jar
8f790000-8f890000 rwxp 00000000 00:00 0 
8f890000-93070000 rwxp 00000000 00:00 0 
93070000-94f4f000 rwxp 00000000 00:00 0 
94f4f000-af790000 rwxp 00000000 00:00 0 
af790000-b0790000 rwxp 00000000 00:00 0 
b0790000-b7790000 rwxp 00000000 00:00 0 
b7791000-b779a000 r--s 00065000 fd:00 265508     /usr/lib/jvm/java-1.6.0-openjdk-1.6.0.0/jre/lib/ext/gnome-java-bridge.jar
b779a000-b779d000 rw-p 00000000 00:00 0 
b779e000-b77a1000 r--s 0000f000 fd:00 265511     /usr/lib/jvm/java-1.6.0-openjdk-1.6.0.0/jre/lib/ext/pulse-java.jar
b77a1000-b77a9000 rw-s 00000000 fd:00 653762     /tmp/hsperfdata_root/27285
b77a9000-b77aa000 rw-p 00000000 00:00 0 
b77aa000-b77ab000 r--p 00000000 00:00 0 
b77ab000-b77ad000 rw-p 00000000 00:00 0 
bfec5000-bfec8000 ---p 00000000 00:00 0 
bfec9000-bff15000 rw-p 00000000 00:00 0          [stack]

VM Arguments:
jvm_args: -Xint -Xcheck:jni 
java_command: <unknown>
Launcher Type: generic

Environment Variables:
PATH=/usr/lib/qt-3.3/bin:/usr/local/sbin:/usr/sbin:/sbin:/usr/local/bin:/usr/bin:/bin:/root/bin
USERNAME=root
LD_LIBRARY_PATH=build:/usr/lib/jvm/java-1.6.0-openjdk-1.6.0.0/jre/lib/i386/server
SHELL=/bin/bash
DISPLAY=:0.0

Signal Handlers:
SIGSEGV: [libjvm.so+0x58fb90], sa_mask[0]=0x7ffbfeff, sa_flags=0x10000004
SIGBUS: [libjvm.so+0x58fb90], sa_mask[0]=0x7ffbfeff, sa_flags=0x10000004
SIGFPE: [libjvm.so+0x484220], sa_mask[0]=0x7ffbfeff, sa_flags=0x10000004
SIGPIPE: [libjvm.so+0x484220], sa_mask[0]=0x7ffbfeff, sa_flags=0x10000004
SIGXFSZ: [libjvm.so+0x484220], sa_mask[0]=0x7ffbfeff, sa_flags=0x10000004
SIGILL: [libjvm.so+0x484220], sa_mask[0]=0x7ffbfeff, sa_flags=0x10000004
SIGUSR1: SIG_DFL, sa_mask[0]=0x00000000, sa_flags=0x00000000
SIGUSR2: [libjvm.so+0x483970], sa_mask[0]=0x00000000, sa_flags=0x10000004
SIGHUP: [libjvm.so+0x485ed0], sa_mask[0]=0x7ffbfeff, sa_flags=0x10000004
SIGINT: [libjvm.so+0x485ed0], sa_mask[0]=0x7ffbfeff, sa_flags=0x10000004
SIGTERM: [libjvm.so+0x485ed0], sa_mask[0]=0x7ffbfeff, sa_flags=0x10000004
SIGQUIT: [libjvm.so+0x485ed0], sa_mask[0]=0x7ffbfeff, sa_flags=0x10000004


---------------  S Y S T E M  ---------------

OS:CentOS Linux release 6.0 (Final)

uname:Linux 2.6.32-71.el6.i686 #1 SMP Fri Nov 12 04:17:17 GMT 2010 i686
libc:glibc 2.12 NPTL 2.12 
rlimit: STACK 10240k, CORE 0k, NPROC 1024, NOFILE 1024, AS infinity
load average:0.41 0.23 0.08

CPU:total 1 (1 cores per cpu, 1 threads per core) family 6 model 23 stepping 6, cmov, cx8, fxsr, mmx, sse, sse2, sse3, ssse3, sse4.1

Memory: 4k page, physical 1031320k(94676k free), swap 2064376k(2059928k free)

vm_info: OpenJDK Server VM (14.0-b16) for linux-x86 JRE (1.6.0_17-b17), built on Jun 25 2011 03:11:37 by "mockbuild" with gcc 4.4.4 20100726 (Red Hat 4.4.4-13)

time: Thu Oct 27 20:28:49 2011
elapsed time: 106 seconds

