#
# A fatal error has been detected by the Java Runtime Environment:
#
#  SIGSEGV (0xb) at pc=0x01140e78, pid=14583, tid=2397555568
#
# JRE version: 6.0_17-b17
# Java VM: OpenJDK Server VM (14.0-b16 interpreted mode linux-x86 )
# Derivative: IcedTea6 1.7.5
# Distribution: Custom build (Sat Jun 25 03:01:37 BST 2011)
# Problematic frame:
# V  [libjvm.so+0x36ce78]
#
# If you would like to submit a bug report, please include
# instructions how to reproduce the bug and visit:
#   http://icedtea.classpath.org/bugzilla
#

---------------  T H R E A D  ---------------

Current thread (0x08961000):  JavaThread "Thread-0" daemon [_thread_in_vm, id=14594, stack(0x8e47c000,0x8ee7d000)]

siginfo:si_signo=SIGSEGV: si_errno=0, si_code=1 (SEGV_MAPERR), si_addr=0x00001004

Registers:
EAX=0x8ee7bc84, EBX=0x01418814, ECX=0x8ee7bc8c, EDX=0x00001000
ESP=0x8ee7bbec, EBP=0x8ee7bc28, ESI=0x08961000, EDI=0x08961000
EIP=0x01140e78, CR2=0x00001004, EFLAGS=0x00010292

Top of Stack: (sp=0x8ee7bbec)
0x8ee7bbec:   01140dde af7e4fb4 0000027f 00000000
0x8ee7bbfc:   018592b6 08961110 8ee7bc44 8ee7bc5c
0x8ee7bc0c:   08961000 8ee7bc54 00000000 00000010
0x8ee7bc1c:   af7e4fb8 af7e4fb4 08961000 8ee7bc6c
0x8ee7bc2c:   0185900a 08961110 8ee7bc74 8ee7bc8c
0x8ee7bc3c:   00d6f6e0 8ee7bc84 00000009 00d6f6e0
0x8ee7bc4c:   8ee7bc4c 00000000 8ee7bc8c af845b58
0x8ee7bc5c:   00000000 af7e4fb8 00000000 8ee7bc7c 

Instructions: (pc=0x01140e78)
0x01140e68:   85 d2 0f 84 94 00 00 00 8b 4d 10 83 ec 04 8b 11
0x01140e78:   8b 4a 04 8d 71 08 8b 49 08 57 ff 75 20 ff 75 1c 

Stack: [0x8e47c000,0x8ee7d000],  sp=0x8ee7bbec,  free space=10238k
Native frames: (J=compiled Java code, j=interpreted, Vv=VM code, C=native code)
V  [libjvm.so+0x36ce78]
j  java.lang.System.arraycopy(Ljava/lang/Object;ILjava/lang/Object;II)V+0
j  java.lang.String.getChars(II[CI)V+62
j  java.lang.AbstractStringBuilder.append(Ljava/lang/String;)Ljava/lang/AbstractStringBuilder;+50
j  java.lang.StringBuilder.append(Ljava/lang/String;)Ljava/lang/StringBuilder;+2
j  browsefs.BrowseFS.read_pre(Ljava/lang/String;Ljava/lang/String;IILjavafuse/Fuse_file_info;)I+49
v  ~StubRoutines::call_stub
V  [libjvm.so+0x31c625]
V  [libjvm.so+0x481749]
V  [libjvm.so+0x31b7df]
V  [libjvm.so+0x327dec]
V  [libjvm.so+0x33ed4d]
V  [libjvm.so+0x34a992]
C  [javafuse+0x4666]
C  [libfuse.so.2+0x6a0d]  fuse_fs_read+0x7d
C  [libfuse.so.2+0xf541]
C  [libfuse.so.2+0x139a9]
C  [libfuse.so.2+0x11a72]
C  [libfuse.so.2+0x14d27]  fuse_session_process+0x27
C  [libfuse.so.2+0x10034]
C  [libpthread.so.0+0x69e9]

Java frames: (J=compiled Java code, j=interpreted, Vv=VM code)
j  java.lang.System.arraycopy(Ljava/lang/Object;ILjava/lang/Object;II)V+0
j  java.lang.String.getChars(II[CI)V+62
j  java.lang.AbstractStringBuilder.append(Ljava/lang/String;)Ljava/lang/AbstractStringBuilder;+50
j  java.lang.StringBuilder.append(Ljava/lang/String;)Ljava/lang/StringBuilder;+2
j  browsefs.BrowseFS.read_pre(Ljava/lang/String;Ljava/lang/String;IILjavafuse/Fuse_file_info;)I+49
v  ~StubRoutines::call_stub

---------------  P R O C E S S  ---------------

Java Threads: ( => current thread )
  0x8f420c00 JavaThread "Thread-5" daemon [_thread_in_native, id=14655, stack(0x8c5ae000,0x8cfaf000)]
  0x8f225000 JavaThread "Thread-4" daemon [_thread_in_native, id=14654, stack(0x8cfaf000,0x8d9b0000)]
  0x089a0000 JavaThread "Thread-3" daemon [_thread_in_native, id=14595, stack(0x8da59000,0x8e45a000)]
  0x088fa000 JavaThread "Firefox output watcher" daemon [_thread_in_native, id=14627, stack(0x8d9b0000,0x8da01000)]
  0x089d8000 JavaThread "process reaper" daemon [_thread_in_native, id=14625, stack(0x8da01000,0x8da52000)]
=>0x08961000 JavaThread "Thread-0" daemon [_thread_in_vm, id=14594, stack(0x8e47c000,0x8ee7d000)]
  0x08942000 JavaThread "Low Memory Detector" daemon [_thread_blocked, id=14590, stack(0x8f30d000,0x8f35e000)]
  0x08940400 JavaThread "CompilerThread1" daemon [_thread_blocked, id=14589, stack(0x8eefe000,0x8ef7f000)]
  0x0893e800 JavaThread "CompilerThread0" daemon [_thread_blocked, id=14588, stack(0x8ef7f000,0x8f000000)]
  0x0893d000 JavaThread "Signal Dispatcher" daemon [_thread_blocked, id=14587, stack(0x8f35e000,0x8f3af000)]
  0x0892b400 JavaThread "Finalizer" daemon [_thread_blocked, id=14586, stack(0x8f3af000,0x8f400000)]
  0x0892a000 JavaThread "Reference Handler" daemon [_thread_blocked, id=14585, stack(0x8f527000,0x8f578000)]
  0x088d3800 JavaThread "main" [_thread_in_native, id=14583, stack(0xbfd0e000,0xbfd5e000)]

Other Threads:
  0x08926c00 VMThread [stack: 0x8f578000,0x8f5f9000] [id=14584]
  0x08943c00 WatcherThread [stack: 0x8ee7d000,0x8eefe000] [id=14591]

VM state:not at safepoint (normal execution)

VM Mutex/Monitor currently owned by a thread: None

Heap
 def new generation   total 960K, used 22K [0x8f7c0000, 0x8f8c0000, 0x930a0000)
  eden space 896K,   2% used [0x8f7c0000, 0x8f7c5a18, 0x8f8a0000)
  from space 64K,   0% used [0x8f8a0000, 0x8f8a0000, 0x8f8b0000)
  to   space 64K,   0% used [0x8f8b0000, 0x8f8b0000, 0x8f8c0000)
 tenured generation   total 31612K, used 28927K [0x930a0000, 0x94f7f000, 0xaf7c0000)
   the space 31612K,  91% used [0x930a0000, 0x94cdffb8, 0x94ce0000, 0x94f7f000)
 compacting perm gen  total 16384K, used 7930K [0xaf7c0000, 0xb07c0000, 0xb77c0000)
   the space 16384K,  48% used [0xaf7c0000, 0xaff7ea50, 0xaff7ec00, 0xb07c0000)
No shared spaces configured.

Dynamic libraries:
00110000-00119000 r-xp 00000000 fd:00 793086     /root/javafuse/javafuse-read-only/build/libjavafuse.so
00119000-0011a000 rw-p 00008000 fd:00 793086     /root/javafuse/javafuse-read-only/build/libjavafuse.so
0011a000-00123000 rwxp 00000000 00:00 0 
00123000-001da000 rwxp 00000000 00:00 0 
001da000-001db000 rwxp 00000000 00:00 0 
001db000-001f6000 rwxp 00000000 00:00 0 
001f6000-00206000 rwxp 00000000 00:00 0 
00206000-002da000 rwxp 00000000 00:00 0 
002da000-002e2000 rwxp 00000000 00:00 0 
002e2000-0031a000 rwxp 00000000 00:00 0 
0031a000-0031b000 rwxp 00000000 00:00 0 
0031b000-0032e000 r-xp 00000000 fd:00 265554     /usr/lib/jvm/java-1.6.0-openjdk-1.6.0.0/jre/lib/i386/libnet.so
0032e000-0032f000 rw-p 00013000 fd:00 265554     /usr/lib/jvm/java-1.6.0-openjdk-1.6.0.0/jre/lib/i386/libnet.so
0032f000-00336000 r-xp 00000000 fd:00 265555     /usr/lib/jvm/java-1.6.0-openjdk-1.6.0.0/jre/lib/i386/libnio.so
00336000-00337000 rw-p 00006000 fd:00 265555     /usr/lib/jvm/java-1.6.0-openjdk-1.6.0.0/jre/lib/i386/libnio.so
00337000-00338000 r--p 00000000 00:00 0 
003ce000-003d9000 r-xp 00000000 fd:00 265562     /usr/lib/jvm/java-1.6.0-openjdk-1.6.0.0/jre/lib/i386/libverify.so
003d9000-003da000 rw-p 0000b000 fd:00 265562     /usr/lib/jvm/java-1.6.0-openjdk-1.6.0.0/jre/lib/i386/libverify.so
005e9000-005f9000 rwxp 00000000 00:00 0 
005f9000-006cd000 rwxp 00000000 00:00 0 
0072d000-0074f000 r-xp 00000000 fd:00 265543     /usr/lib/jvm/java-1.6.0-openjdk-1.6.0.0/jre/lib/i386/libjava.so
0074f000-00751000 rw-p 00022000 fd:00 265543     /usr/lib/jvm/java-1.6.0-openjdk-1.6.0.0/jre/lib/i386/libjava.so
0079a000-0079f000 r-xp 00000000 fd:00 653727     /lib/libnss_dns-2.12.so
0079f000-007a0000 r--p 00004000 fd:00 653727     /lib/libnss_dns-2.12.so
007a0000-007a1000 rw-p 00005000 fd:00 653727     /lib/libnss_dns-2.12.so
007d0000-007d9000 rwxp 00000000 00:00 0 
007d9000-00811000 rwxp 00000000 00:00 0 
00a06000-00a0c000 r-xp 00000000 fd:00 265563     /usr/lib/jvm/java-1.6.0-openjdk-1.6.0.0/jre/lib/i386/libzip.so
00a0c000-00a0d000 rw-p 00006000 fd:00 265563     /usr/lib/jvm/java-1.6.0-openjdk-1.6.0.0/jre/lib/i386/libzip.so
00a26000-00a27000 r-xp 00000000 00:00 0          [vdso]
00a41000-00a4d000 r-xp 00000000 fd:00 653729     /lib/libnss_files-2.12.so
00a4d000-00a4e000 r--p 0000b000 fd:00 653729     /lib/libnss_files-2.12.so
00a4e000-00a4f000 rw-p 0000c000 fd:00 653729     /lib/libnss_files-2.12.so
00a66000-00a6c000 r-xp 00000000 fd:00 265564     /usr/lib/jvm/java-1.6.0-openjdk-1.6.0.0/jre/lib/i386/native_threads/libhpi.so
00a6c000-00a6d000 rw-p 00006000 fd:00 265564     /usr/lib/jvm/java-1.6.0-openjdk-1.6.0.0/jre/lib/i386/native_threads/libhpi.so
00a91000-00aaf000 r-xp 00000000 fd:00 672758     /lib/ld-2.12.so
00aaf000-00ab0000 r--p 0001d000 fd:00 672758     /lib/ld-2.12.so
00ab0000-00ab1000 rw-p 0001e000 fd:00 672758     /lib/ld-2.12.so
00ab3000-00ab6000 r-xp 00000000 fd:00 672768     /lib/libdl-2.12.so
00ab6000-00ab7000 r--p 00002000 fd:00 672768     /lib/libdl-2.12.so
00ab7000-00ab8000 rw-p 00003000 fd:00 672768     /lib/libdl-2.12.so
00aba000-00ad1000 r-xp 00000000 fd:00 672762     /lib/libpthread-2.12.so
00ad1000-00ad2000 r--p 00016000 fd:00 672762     /lib/libpthread-2.12.so
00ad2000-00ad3000 rw-p 00017000 fd:00 672762     /lib/libpthread-2.12.so
00ad3000-00ad5000 rw-p 00000000 00:00 0 
00ad7000-00aff000 r-xp 00000000 fd:00 672765     /lib/libm-2.12.so
00aff000-00b00000 r--p 00027000 fd:00 672765     /lib/libm-2.12.so
00b00000-00b01000 rw-p 00028000 fd:00 672765     /lib/libm-2.12.so
00b03000-00b0a000 r-xp 00000000 fd:00 672763     /lib/librt-2.12.so
00b0a000-00b0b000 r--p 00006000 fd:00 672763     /lib/librt-2.12.so
00b0b000-00b0c000 rw-p 00007000 fd:00 672763     /lib/librt-2.12.so
00b2f000-00b41000 r-xp 00000000 fd:00 672767     /lib/libz.so.1.2.3
00b41000-00b42000 rw-p 00011000 fd:00 672767     /lib/libz.so.1.2.3
00be6000-00d6b000 r-xp 00000000 fd:00 672760     /lib/libc-2.12.so
00d6b000-00d6c000 ---p 00185000 fd:00 672760     /lib/libc-2.12.so
00d6c000-00d6e000 r--p 00185000 fd:00 672760     /lib/libc-2.12.so
00d6e000-00d6f000 rw-p 00187000 fd:00 672760     /lib/libc-2.12.so
00d6f000-00d72000 rw-p 00000000 00:00 0 
00d74000-00d89000 r-xp 00000000 fd:00 672771     /lib/libresolv-2.12.so
00d89000-00d8a000 r--p 00014000 fd:00 672771     /lib/libresolv-2.12.so
00d8a000-00d8b000 rw-p 00015000 fd:00 672771     /lib/libresolv-2.12.so
00d8b000-00d8d000 rw-p 00000000 00:00 0 
00da7000-00dcb000 r-xp 00000000 fd:00 656954     /lib/libfuse.so.2.8.3
00dcb000-00dd4000 rw-p 00024000 fd:00 656954     /lib/libfuse.so.2.8.3
00dd4000-013d7000 r-xp 00000000 fd:00 265569     /usr/lib/jvm/java-1.6.0-openjdk-1.6.0.0/jre/lib/i386/server/libjvm.so
013d7000-0142e000 rw-p 00603000 fd:00 265569     /usr/lib/jvm/java-1.6.0-openjdk-1.6.0.0/jre/lib/i386/server/libjvm.so
0142e000-0184f000 rw-p 00000000 00:00 0 
0184f000-01a8f000 rwxp 00000000 00:00 0 
01a8f000-0484f000 rwxp 00000000 00:00 0 
0652e000-06544000 r-xp 00000000 fd:00 672795     /lib/libnsl-2.12.so
06544000-06545000 r--p 00016000 fd:00 672795     /lib/libnsl-2.12.so
06545000-06546000 rw-p 00017000 fd:00 672795     /lib/libnsl-2.12.so
06546000-06548000 rw-p 00000000 00:00 0 
08048000-08053000 r-xp 00000000 fd:00 803860     /root/javafuse/javafuse-read-only/javafuse
08053000-08054000 rw-p 0000a000 fd:00 803860     /root/javafuse/javafuse-read-only/javafuse
088cf000-08a60000 rw-p 00000000 00:00 0          [heap]
8c5ae000-8c5b1000 ---p 00000000 00:00 0 
8c5b1000-8cfaf000 rw-p 00000000 00:00 0 
8cfaf000-8cfb2000 ---p 00000000 00:00 0 
8cfb2000-8d9b0000 rw-p 00000000 00:00 0 
8d9b0000-8d9b3000 ---p 00000000 00:00 0 
8d9b3000-8da01000 rw-p 00000000 00:00 0 
8da01000-8da04000 ---p 00000000 00:00 0 
8da04000-8da52000 rw-p 00000000 00:00 0 
8da52000-8da59000 r--s 000fe000 fd:00 265580     /usr/lib/jvm/java-1.6.0-openjdk-1.6.0.0/jre/lib/resources.jar
8da59000-8da5c000 ---p 00000000 00:00 0 
8da5c000-8e47c000 rw-p 00000000 00:00 0 
8e47c000-8e47f000 ---p 00000000 00:00 0 
8e47f000-8ee7d000 rw-p 00000000 00:00 0 
8ee7d000-8ee7e000 ---p 00000000 00:00 0 
8ee7e000-8eefe000 rw-p 00000000 00:00 0 
8eefe000-8ef01000 ---p 00000000 00:00 0 
8ef01000-8ef7f000 rw-p 00000000 00:00 0 
8ef7f000-8ef82000 ---p 00000000 00:00 0 
8ef82000-8f000000 rw-p 00000000 00:00 0 
8f000000-8f200000 r--p 00000000 fd:00 137199     /usr/lib/locale/locale-archive
8f200000-8f238000 rw-p 00000000 00:00 0 
8f238000-8f300000 ---p 00000000 00:00 0 
8f304000-8f30d000 r--s 00065000 fd:00 265508     /usr/lib/jvm/java-1.6.0-openjdk-1.6.0.0/jre/lib/ext/gnome-java-bridge.jar
8f30d000-8f310000 ---p 00000000 00:00 0 
8f310000-8f35e000 rw-p 00000000 00:00 0 
8f35e000-8f361000 ---p 00000000 00:00 0 
8f361000-8f3af000 rw-p 00000000 00:00 0 
8f3af000-8f3b2000 ---p 00000000 00:00 0 
8f3b2000-8f400000 rw-p 00000000 00:00 0 
8f400000-8f48b000 rw-p 00000000 00:00 0 
8f48b000-8f500000 ---p 00000000 00:00 0 
8f505000-8f527000 rw-p 00000000 00:00 0 
8f527000-8f52a000 ---p 00000000 00:00 0 
8f52a000-8f578000 rw-p 00000000 00:00 0 
8f578000-8f579000 ---p 00000000 00:00 0 
8f579000-8f62c000 rw-p 00000000 00:00 0 
8f62c000-8f7c0000 r--s 038cb000 fd:00 265582     /usr/lib/jvm/java-1.6.0-openjdk-1.6.0.0/jre/lib/rt.jar
8f7c0000-8f8c0000 rwxp 00000000 00:00 0 
8f8c0000-930a0000 rwxp 00000000 00:00 0 
930a0000-94f7f000 rwxp 00000000 00:00 0 
94f7f000-af7c0000 rwxp 00000000 00:00 0 
af7c0000-b07c0000 rwxp 00000000 00:00 0 
b07c0000-b77c0000 rwxp 00000000 00:00 0 
b77c3000-b77c7000 r--s 0007c000 fd:00 262262     /usr/lib/jvm/java-1.6.0-openjdk-1.6.0.0/jre/lib/jsse.jar
b77c7000-b77ca000 rw-p 00000000 00:00 0 
b77cb000-b77ce000 r--s 0000f000 fd:00 265511     /usr/lib/jvm/java-1.6.0-openjdk-1.6.0.0/jre/lib/ext/pulse-java.jar
b77ce000-b77d6000 rw-s 00000000 fd:00 684122     /tmp/hsperfdata_root/14583
b77d6000-b77d7000 rw-p 00000000 00:00 0 
b77d7000-b77d8000 r--p 00000000 00:00 0 
b77d8000-b77da000 rw-p 00000000 00:00 0 
bfd0e000-bfd11000 ---p 00000000 00:00 0 
bfd12000-bfd5e000 rw-p 00000000 00:00 0          [stack]

VM Arguments:
jvm_args: -Xint -Xcheck:jni 
java_command: <unknown>
Launcher Type: generic

Environment Variables:
PATH=/usr/lib/qt-3.3/bin:/usr/local/sbin:/usr/sbin:/sbin:/usr/local/bin:/usr/bin:/bin:/root/bin
USERNAME=root
LD_LIBRARY_PATH=build:/usr/lib/jvm/java-1.6.0-openjdk-1.6.0.0/jre/lib/i386/server
SHELL=/bin/bash
DISPLAY=:0.0

Signal Handlers:
SIGSEGV: [libjvm.so+0x58fb90], sa_mask[0]=0x7ffbfeff, sa_flags=0x10000004
SIGBUS: [libjvm.so+0x58fb90], sa_mask[0]=0x7ffbfeff, sa_flags=0x10000004
SIGFPE: [libjvm.so+0x484220], sa_mask[0]=0x7ffbfeff, sa_flags=0x10000004
SIGPIPE: [libjvm.so+0x484220], sa_mask[0]=0x7ffbfeff, sa_flags=0x10000004
SIGXFSZ: [libjvm.so+0x484220], sa_mask[0]=0x7ffbfeff, sa_flags=0x10000004
SIGILL: [libjvm.so+0x484220], sa_mask[0]=0x7ffbfeff, sa_flags=0x10000004
SIGUSR1: SIG_DFL, sa_mask[0]=0x00000000, sa_flags=0x00000000
SIGUSR2: [libjvm.so+0x483970], sa_mask[0]=0x00000000, sa_flags=0x10000004
SIGHUP: [libjvm.so+0x485ed0], sa_mask[0]=0x7ffbfeff, sa_flags=0x10000004
SIGINT: [libjvm.so+0x485ed0], sa_mask[0]=0x7ffbfeff, sa_flags=0x10000004
SIGTERM: [libjvm.so+0x485ed0], sa_mask[0]=0x7ffbfeff, sa_flags=0x10000004
SIGQUIT: [libjvm.so+0x485ed0], sa_mask[0]=0x7ffbfeff, sa_flags=0x10000004


---------------  S Y S T E M  ---------------

OS:CentOS Linux release 6.0 (Final)

uname:Linux 2.6.32-71.el6.i686 #1 SMP Fri Nov 12 04:17:17 GMT 2010 i686
libc:glibc 2.12 NPTL 2.12 
rlimit: STACK 10240k, CORE 0k, NPROC 1024, NOFILE 1024, AS infinity
load average:1.16 0.49 0.26

CPU:total 1 (1 cores per cpu, 1 threads per core) family 6 model 23 stepping 6, cmov, cx8, fxsr, mmx, sse, sse2, sse3, ssse3, sse4.1

Memory: 4k page, physical 1031320k(17408k free), swap 2064376k(2048860k free)

vm_info: OpenJDK Server VM (14.0-b16) for linux-x86 JRE (1.6.0_17-b17), built on Jun 25 2011 03:11:37 by "mockbuild" with gcc 4.4.4 20100726 (Red Hat 4.4.4-13)

time: Sun Oct 30 04:10:09 2011
elapsed time: 38 seconds

