#
# A fatal error has been detected by the Java Runtime Environment:
#
#  SIGSEGV (0xb) at pc=0x01140e78, pid=10407, tid=2354322288
#
# JRE version: 6.0_17-b17
# Java VM: OpenJDK Server VM (14.0-b16 interpreted mode linux-x86 )
# Derivative: IcedTea6 1.7.5
# Distribution: Custom build (Sat Jun 25 03:01:37 BST 2011)
# Problematic frame:
# V  [libjvm.so+0x36ce78]
#
# If you would like to submit a bug report, please include
# instructions how to reproduce the bug and visit:
#   http://icedtea.classpath.org/bugzilla
#

---------------  T H R E A D  ---------------

Current thread (0x09c3ac00):  JavaThread "Thread-6" daemon [_thread_in_vm, id=10479, stack(0x8bb41000,0x8c542000)]

siginfo:si_signo=SIGSEGV: si_errno=0, si_code=1 (SEGV_MAPERR), si_addr=0x00001004

Registers:
EAX=0x8c540c84, EBX=0x01418814, ECX=0x8c540c8c, EDX=0x00001000
ESP=0x8c540bec, EBP=0x8c540c28, ESI=0x09c3ac00, EDI=0x09c3ac00
EIP=0x01140e78, CR2=0x00001004, EFLAGS=0x00010292

Top of Stack: (sp=0x8c540bec)
0x8c540bec:   01140dde af774fb4 0000027f 00000000
0x8c540bfc:   018592b6 09c3ad10 8c540c44 8c540c5c
0x8c540c0c:   09c3ac00 8c540c54 00000000 00000010
0x8c540c1c:   af774fb8 af774fb4 09c3ac00 8c540c6c
0x8c540c2c:   0185900a 09c3ad10 8c540c74 8c540c8c
0x8c540c3c:   002a36f8 8c540c84 00000009 002a36f8
0x8c540c4c:   8c540c4c 00000000 8c540c8c af7d5b58
0x8c540c5c:   00000000 af774fb8 00000000 8c540c7c 

Instructions: (pc=0x01140e78)
0x01140e68:   85 d2 0f 84 94 00 00 00 8b 4d 10 83 ec 04 8b 11
0x01140e78:   8b 4a 04 8d 71 08 8b 49 08 57 ff 75 20 ff 75 1c 

Stack: [0x8bb41000,0x8c542000],  sp=0x8c540bec,  free space=10238k
Native frames: (J=compiled Java code, j=interpreted, Vv=VM code, C=native code)
V  [libjvm.so+0x36ce78]
j  java.lang.System.arraycopy(Ljava/lang/Object;ILjava/lang/Object;II)V+0
j  java.lang.String.getChars(II[CI)V+62
j  java.lang.AbstractStringBuilder.append(Ljava/lang/String;)Ljava/lang/AbstractStringBuilder;+50
j  java.lang.StringBuilder.append(Ljava/lang/String;)Ljava/lang/StringBuilder;+2
j  browsefs.BrowseFS.read_pre(Ljava/lang/String;Ljava/lang/String;IILjavafuse/Fuse_file_info;)I+49
v  ~StubRoutines::call_stub
V  [libjvm.so+0x31c625]
V  [libjvm.so+0x481749]
V  [libjvm.so+0x31b7df]
V  [libjvm.so+0x327dec]
V  [libjvm.so+0x33ed4d]
V  [libjvm.so+0x34a992]
C  [javafuse+0x4666]
C  [libfuse.so.2+0x6a0d]  fuse_fs_read+0x7d
C  [libfuse.so.2+0xf541]
C  [libfuse.so.2+0x139a9]
C  [libfuse.so.2+0x11a72]
C  [libfuse.so.2+0x14d27]  fuse_session_process+0x27
C  [libfuse.so.2+0x10034]
C  [libpthread.so.0+0x69e9]

Java frames: (J=compiled Java code, j=interpreted, Vv=VM code)
j  java.lang.System.arraycopy(Ljava/lang/Object;ILjava/lang/Object;II)V+0
j  java.lang.String.getChars(II[CI)V+62
j  java.lang.AbstractStringBuilder.append(Ljava/lang/String;)Ljava/lang/AbstractStringBuilder;+50
j  java.lang.StringBuilder.append(Ljava/lang/String;)Ljava/lang/StringBuilder;+2
j  browsefs.BrowseFS.read_pre(Ljava/lang/String;Ljava/lang/String;IILjavafuse/Fuse_file_info;)I+49
v  ~StubRoutines::call_stub

---------------  P R O C E S S  ---------------

Java Threads: ( => current thread )
=>0x09c3ac00 JavaThread "Thread-6" daemon [_thread_in_vm, id=10479, stack(0x8bb41000,0x8c542000)]
  0x8f420800 JavaThread "Thread-5" daemon [_thread_in_native, id=10478, stack(0x8c542000,0x8cf43000)]
  0x8f225000 JavaThread "Thread-4" daemon [_thread_in_native, id=10477, stack(0x8cf43000,0x8d944000)]
  0x09c41800 JavaThread "Thread-3" daemon [_thread_in_native, id=10418, stack(0x8d9e6000,0x8e3e7000)]
  0x09b55800 JavaThread "Firefox output watcher" daemon [_thread_in_native, id=10450, stack(0x8d944000,0x8d995000)]
  0x09b5c000 JavaThread "process reaper" daemon [_thread_in_native, id=10448, stack(0x8d995000,0x8d9e6000)]
  0x09bc3000 JavaThread "Thread-0" daemon [_thread_in_native, id=10417, stack(0x8e409000,0x8ee0a000)]
  0x09ba4000 JavaThread "Low Memory Detector" daemon [_thread_blocked, id=10414, stack(0x8eead000,0x8eefe000)]
  0x09ba2400 JavaThread "CompilerThread1" daemon [_thread_blocked, id=10413, stack(0x8eefe000,0x8ef7f000)]
  0x09ba0800 JavaThread "CompilerThread0" daemon [_thread_blocked, id=10412, stack(0x8ef7f000,0x8f000000)]
  0x09b9f000 JavaThread "Signal Dispatcher" daemon [_thread_blocked, id=10411, stack(0x8f30d000,0x8f35e000)]
  0x09b8d400 JavaThread "Finalizer" daemon [_thread_blocked, id=10410, stack(0x8f35e000,0x8f3af000)]
  0x09b8c000 JavaThread "Reference Handler" daemon [_thread_blocked, id=10409, stack(0x8f3af000,0x8f400000)]
  0x09b35800 JavaThread "main" [_thread_in_native, id=10407, stack(0xbf8db000,0xbf92b000)]

Other Threads:
  0x09b88c00 VMThread [stack: 0x8f508000,0x8f589000] [id=10408]
  0x09ba5c00 WatcherThread [stack: 0x8ee2c000,0x8eead000] [id=10415]

VM state:not at safepoint (normal execution)

VM Mutex/Monitor currently owned by a thread: None

Heap
 def new generation   total 960K, used 52K [0x8f750000, 0x8f850000, 0x93030000)
  eden space 896K,   5% used [0x8f750000, 0x8f75d0f8, 0x8f830000)
  from space 64K,   0% used [0x8f830000, 0x8f830000, 0x8f840000)
  to   space 64K,   0% used [0x8f840000, 0x8f840000, 0x8f850000)
 tenured generation   total 9500K, used 6833K [0x93030000, 0x93977000, 0xaf750000)
   the space 9500K,  71% used [0x93030000, 0x936dc738, 0x936dc800, 0x93977000)
 compacting perm gen  total 16384K, used 7931K [0xaf750000, 0xb0750000, 0xb7750000)
   the space 16384K,  48% used [0xaf750000, 0xaff0ec90, 0xaff0ee00, 0xb0750000)
No shared spaces configured.

Dynamic libraries:
00110000-00119000 r-xp 00000000 fd:00 793086     /root/javafuse/javafuse-read-only/build/libjavafuse.so
00119000-0011a000 rw-p 00008000 fd:00 793086     /root/javafuse/javafuse-read-only/build/libjavafuse.so
0011a000-0029f000 r-xp 00000000 fd:00 672760     /lib/libc-2.12.so
0029f000-002a0000 ---p 00185000 fd:00 672760     /lib/libc-2.12.so
002a0000-002a2000 r--p 00185000 fd:00 672760     /lib/libc-2.12.so
002a2000-002a3000 rw-p 00187000 fd:00 672760     /lib/libc-2.12.so
002a3000-002a6000 rw-p 00000000 00:00 0 
002a6000-002ac000 r-xp 00000000 fd:00 265564     /usr/lib/jvm/java-1.6.0-openjdk-1.6.0.0/jre/lib/i386/native_threads/libhpi.so
002ac000-002ad000 rw-p 00006000 fd:00 265564     /usr/lib/jvm/java-1.6.0-openjdk-1.6.0.0/jre/lib/i386/native_threads/libhpi.so
002ad000-002b6000 rwxp 00000000 00:00 0 
002b6000-0036d000 rwxp 00000000 00:00 0 
0036d000-0036e000 rwxp 00000000 00:00 0 
0036e000-00389000 rwxp 00000000 00:00 0 
00389000-0038f000 rwxp 00000000 00:00 0 
0038f000-0046d000 rwxp 00000000 00:00 0 
0046d000-00475000 rwxp 00000000 00:00 0 
00475000-004ad000 rwxp 00000000 00:00 0 
004ad000-004b7000 rwxp 00000000 00:00 0 
004b7000-004ef000 rwxp 00000000 00:00 0 
004ef000-00502000 r-xp 00000000 fd:00 265554     /usr/lib/jvm/java-1.6.0-openjdk-1.6.0.0/jre/lib/i386/libnet.so
00502000-00503000 rw-p 00013000 fd:00 265554     /usr/lib/jvm/java-1.6.0-openjdk-1.6.0.0/jre/lib/i386/libnet.so
00503000-00508000 r-xp 00000000 fd:00 653727     /lib/libnss_dns-2.12.so
00508000-00509000 r--p 00004000 fd:00 653727     /lib/libnss_dns-2.12.so
00509000-0050a000 rw-p 00005000 fd:00 653727     /lib/libnss_dns-2.12.so
0050a000-00511000 r-xp 00000000 fd:00 265555     /usr/lib/jvm/java-1.6.0-openjdk-1.6.0.0/jre/lib/i386/libnio.so
00511000-00512000 rw-p 00006000 fd:00 265555     /usr/lib/jvm/java-1.6.0-openjdk-1.6.0.0/jre/lib/i386/libnio.so
006e6000-006eb000 rwxp 00000000 00:00 0 
006eb000-007ca000 rwxp 00000000 00:00 0 
0080e000-0081a000 r-xp 00000000 fd:00 653729     /lib/libnss_files-2.12.so
0081a000-0081b000 r--p 0000b000 fd:00 653729     /lib/libnss_files-2.12.so
0081b000-0081c000 rw-p 0000c000 fd:00 653729     /lib/libnss_files-2.12.so
009e2000-009e8000 r-xp 00000000 fd:00 265563     /usr/lib/jvm/java-1.6.0-openjdk-1.6.0.0/jre/lib/i386/libzip.so
009e8000-009e9000 rw-p 00006000 fd:00 265563     /usr/lib/jvm/java-1.6.0-openjdk-1.6.0.0/jre/lib/i386/libzip.so
00a91000-00aaf000 r-xp 00000000 fd:00 672758     /lib/ld-2.12.so
00aaf000-00ab0000 r--p 0001d000 fd:00 672758     /lib/ld-2.12.so
00ab0000-00ab1000 rw-p 0001e000 fd:00 672758     /lib/ld-2.12.so
00ab3000-00ab6000 r-xp 00000000 fd:00 672768     /lib/libdl-2.12.so
00ab6000-00ab7000 r--p 00002000 fd:00 672768     /lib/libdl-2.12.so
00ab7000-00ab8000 rw-p 00003000 fd:00 672768     /lib/libdl-2.12.so
00aba000-00ad1000 r-xp 00000000 fd:00 672762     /lib/libpthread-2.12.so
00ad1000-00ad2000 r--p 00016000 fd:00 672762     /lib/libpthread-2.12.so
00ad2000-00ad3000 rw-p 00017000 fd:00 672762     /lib/libpthread-2.12.so
00ad3000-00ad5000 rw-p 00000000 00:00 0 
00ad7000-00aff000 r-xp 00000000 fd:00 672765     /lib/libm-2.12.so
00aff000-00b00000 r--p 00027000 fd:00 672765     /lib/libm-2.12.so
00b00000-00b01000 rw-p 00028000 fd:00 672765     /lib/libm-2.12.so
00b03000-00b0a000 r-xp 00000000 fd:00 672763     /lib/librt-2.12.so
00b0a000-00b0b000 r--p 00006000 fd:00 672763     /lib/librt-2.12.so
00b0b000-00b0c000 rw-p 00007000 fd:00 672763     /lib/librt-2.12.so
00b2f000-00b41000 r-xp 00000000 fd:00 672767     /lib/libz.so.1.2.3
00b41000-00b42000 rw-p 00011000 fd:00 672767     /lib/libz.so.1.2.3
00b9c000-00b9d000 r--p 00000000 00:00 0 
00bc0000-00bcb000 r-xp 00000000 fd:00 265562     /usr/lib/jvm/java-1.6.0-openjdk-1.6.0.0/jre/lib/i386/libverify.so
00bcb000-00bcc000 rw-p 0000b000 fd:00 265562     /usr/lib/jvm/java-1.6.0-openjdk-1.6.0.0/jre/lib/i386/libverify.so
00c00000-00c22000 r-xp 00000000 fd:00 265543     /usr/lib/jvm/java-1.6.0-openjdk-1.6.0.0/jre/lib/i386/libjava.so
00c22000-00c24000 rw-p 00022000 fd:00 265543     /usr/lib/jvm/java-1.6.0-openjdk-1.6.0.0/jre/lib/i386/libjava.so
00cdc000-00cdd000 r-xp 00000000 00:00 0          [vdso]
00d74000-00d89000 r-xp 00000000 fd:00 672771     /lib/libresolv-2.12.so
00d89000-00d8a000 r--p 00014000 fd:00 672771     /lib/libresolv-2.12.so
00d8a000-00d8b000 rw-p 00015000 fd:00 672771     /lib/libresolv-2.12.so
00d8b000-00d8d000 rw-p 00000000 00:00 0 
00da7000-00dcb000 r-xp 00000000 fd:00 656954     /lib/libfuse.so.2.8.3
00dcb000-00dd4000 rw-p 00024000 fd:00 656954     /lib/libfuse.so.2.8.3
00dd4000-013d7000 r-xp 00000000 fd:00 265569     /usr/lib/jvm/java-1.6.0-openjdk-1.6.0.0/jre/lib/i386/server/libjvm.so
013d7000-0142e000 rw-p 00603000 fd:00 265569     /usr/lib/jvm/java-1.6.0-openjdk-1.6.0.0/jre/lib/i386/server/libjvm.so
0142e000-0184f000 rw-p 00000000 00:00 0 
0184f000-01a8f000 rwxp 00000000 00:00 0 
01a8f000-0484f000 rwxp 00000000 00:00 0 
0652e000-06544000 r-xp 00000000 fd:00 672795     /lib/libnsl-2.12.so
06544000-06545000 r--p 00016000 fd:00 672795     /lib/libnsl-2.12.so
06545000-06546000 rw-p 00017000 fd:00 672795     /lib/libnsl-2.12.so
06546000-06548000 rw-p 00000000 00:00 0 
08048000-08053000 r-xp 00000000 fd:00 803860     /root/javafuse/javafuse-read-only/javafuse
08053000-08054000 rw-p 0000a000 fd:00 803860     /root/javafuse/javafuse-read-only/javafuse
09b31000-09d04000 rw-p 00000000 00:00 0          [heap]
8bb41000-8bb44000 ---p 00000000 00:00 0 
8bb44000-8c542000 rw-p 00000000 00:00 0 
8c542000-8c545000 ---p 00000000 00:00 0 
8c545000-8cf43000 rw-p 00000000 00:00 0 
8cf43000-8cf46000 ---p 00000000 00:00 0 
8cf46000-8d944000 rw-p 00000000 00:00 0 
8d944000-8d947000 ---p 00000000 00:00 0 
8d947000-8d995000 rw-p 00000000 00:00 0 
8d995000-8d998000 ---p 00000000 00:00 0 
8d998000-8d9e6000 rw-p 00000000 00:00 0 
8d9e6000-8d9e9000 ---p 00000000 00:00 0 
8d9e9000-8e409000 rw-p 00000000 00:00 0 
8e409000-8e40c000 ---p 00000000 00:00 0 
8e40c000-8ee2c000 rw-p 00000000 00:00 0 
8ee2c000-8ee2d000 ---p 00000000 00:00 0 
8ee2d000-8eead000 rw-p 00000000 00:00 0 
8eead000-8eeb0000 ---p 00000000 00:00 0 
8eeb0000-8eefe000 rw-p 00000000 00:00 0 
8eefe000-8ef01000 ---p 00000000 00:00 0 
8ef01000-8ef7f000 rw-p 00000000 00:00 0 
8ef7f000-8ef82000 ---p 00000000 00:00 0 
8ef82000-8f000000 rw-p 00000000 00:00 0 
8f000000-8f200000 r--p 00000000 fd:00 137199     /usr/lib/locale/locale-archive
8f200000-8f269000 rw-p 00000000 00:00 0 
8f269000-8f300000 ---p 00000000 00:00 0 
8f30d000-8f310000 ---p 00000000 00:00 0 
8f310000-8f35e000 rw-p 00000000 00:00 0 
8f35e000-8f361000 ---p 00000000 00:00 0 
8f361000-8f3af000 rw-p 00000000 00:00 0 
8f3af000-8f3b2000 ---p 00000000 00:00 0 
8f3b2000-8f400000 rw-p 00000000 00:00 0 
8f400000-8f444000 rw-p 00000000 00:00 0 
8f444000-8f500000 ---p 00000000 00:00 0 
8f501000-8f508000 r--s 000fe000 fd:00 265580     /usr/lib/jvm/java-1.6.0-openjdk-1.6.0.0/jre/lib/resources.jar
8f508000-8f509000 ---p 00000000 00:00 0 
8f509000-8f5bc000 rw-p 00000000 00:00 0 
8f5bc000-8f750000 r--s 038cb000 fd:00 265582     /usr/lib/jvm/java-1.6.0-openjdk-1.6.0.0/jre/lib/rt.jar
8f750000-8f850000 rwxp 00000000 00:00 0 
8f850000-93030000 rwxp 00000000 00:00 0 
93030000-93977000 rwxp 00000000 00:00 0 
93977000-af750000 rwxp 00000000 00:00 0 
af750000-b0750000 rwxp 00000000 00:00 0 
b0750000-b7750000 rwxp 00000000 00:00 0 
b7752000-b7756000 r--s 0007c000 fd:00 262262     /usr/lib/jvm/java-1.6.0-openjdk-1.6.0.0/jre/lib/jsse.jar
b7756000-b775f000 r--s 00065000 fd:00 265508     /usr/lib/jvm/java-1.6.0-openjdk-1.6.0.0/jre/lib/ext/gnome-java-bridge.jar
b775f000-b7762000 rw-p 00000000 00:00 0 
b7763000-b7766000 r--s 0000f000 fd:00 265511     /usr/lib/jvm/java-1.6.0-openjdk-1.6.0.0/jre/lib/ext/pulse-java.jar
b7766000-b776e000 rw-s 00000000 fd:00 679064     /tmp/hsperfdata_root/10407
b776e000-b776f000 rw-p 00000000 00:00 0 
b776f000-b7770000 r--p 00000000 00:00 0 
b7770000-b7772000 rw-p 00000000 00:00 0 
bf8db000-bf8de000 ---p 00000000 00:00 0 
bf8df000-bf92b000 rw-p 00000000 00:00 0          [stack]

VM Arguments:
jvm_args: -Xint -Xcheck:jni 
java_command: <unknown>
Launcher Type: generic

Environment Variables:
PATH=/usr/lib/qt-3.3/bin:/usr/local/sbin:/usr/sbin:/sbin:/usr/local/bin:/usr/bin:/bin:/root/bin
USERNAME=root
LD_LIBRARY_PATH=build:/usr/lib/jvm/java-1.6.0-openjdk-1.6.0.0/jre/lib/i386/server
SHELL=/bin/bash
DISPLAY=:0.0

Signal Handlers:
SIGSEGV: [libjvm.so+0x58fb90], sa_mask[0]=0x7ffbfeff, sa_flags=0x10000004
SIGBUS: [libjvm.so+0x58fb90], sa_mask[0]=0x7ffbfeff, sa_flags=0x10000004
SIGFPE: [libjvm.so+0x484220], sa_mask[0]=0x7ffbfeff, sa_flags=0x10000004
SIGPIPE: [libjvm.so+0x484220], sa_mask[0]=0x7ffbfeff, sa_flags=0x10000004
SIGXFSZ: [libjvm.so+0x484220], sa_mask[0]=0x7ffbfeff, sa_flags=0x10000004
SIGILL: [libjvm.so+0x484220], sa_mask[0]=0x7ffbfeff, sa_flags=0x10000004
SIGUSR1: SIG_DFL, sa_mask[0]=0x00000000, sa_flags=0x00000000
SIGUSR2: [libjvm.so+0x483970], sa_mask[0]=0x00000000, sa_flags=0x10000004
SIGHUP: [libjvm.so+0x485ed0], sa_mask[0]=0x7ffbfeff, sa_flags=0x10000004
SIGINT: [libjvm.so+0x485ed0], sa_mask[0]=0x7ffbfeff, sa_flags=0x10000004
SIGTERM: [libjvm.so+0x485ed0], sa_mask[0]=0x7ffbfeff, sa_flags=0x10000004
SIGQUIT: [libjvm.so+0x485ed0], sa_mask[0]=0x7ffbfeff, sa_flags=0x10000004


---------------  S Y S T E M  ---------------

OS:CentOS Linux release 6.0 (Final)

uname:Linux 2.6.32-71.el6.i686 #1 SMP Fri Nov 12 04:17:17 GMT 2010 i686
libc:glibc 2.12 NPTL 2.12 
rlimit: STACK 10240k, CORE 0k, NPROC 1024, NOFILE 1024, AS infinity
load average:0.86 0.55 0.56

CPU:total 1 (1 cores per cpu, 1 threads per core) family 6 model 23 stepping 6, cmov, cx8, fxsr, mmx, sse, sse2, sse3, ssse3, sse4.1

Memory: 4k page, physical 1031320k(67324k free), swap 2064376k(2054524k free)

vm_info: OpenJDK Server VM (14.0-b16) for linux-x86 JRE (1.6.0_17-b17), built on Jun 25 2011 03:11:37 by "mockbuild" with gcc 4.4.4 20100726 (Red Hat 4.4.4-13)

time: Sun Oct 30 00:43:03 2011
elapsed time: 26 seconds

