#
# A fatal error has been detected by the Java Runtime Environment:
#
#  SIGSEGV (0xb) at pc=0x01140e78, pid=13651, tid=2355129200
#
# JRE version: 6.0_17-b17
# Java VM: OpenJDK Server VM (14.0-b16 interpreted mode linux-x86 )
# Derivative: IcedTea6 1.7.5
# Distribution: Custom build (Sat Jun 25 03:01:37 BST 2011)
# Problematic frame:
# V  [libjvm.so+0x36ce78]
#
# If you would like to submit a bug report, please include
# instructions how to reproduce the bug and visit:
#   http://icedtea.classpath.org/bugzilla
#

---------------  T H R E A D  ---------------

Current thread (0x08951800):  JavaThread "Thread-6" daemon [_thread_in_vm, id=13709, stack(0x8bc06000,0x8c607000)]

siginfo:si_signo=SIGSEGV: si_errno=0, si_code=1 (SEGV_MAPERR), si_addr=0x00001004

Registers:
EAX=0x8c605c84, EBX=0x01418814, ECX=0x8c605c8c, EDX=0x00001000
ESP=0x8c605bec, EBP=0x8c605c28, ESI=0x08951800, EDI=0x08951800
EIP=0x01140e78, CR2=0x00001004, EFLAGS=0x00210292

Top of Stack: (sp=0x8c605bec)
0x8c605bec:   01140dde af844fb4 0000027f 00000000
0x8c605bfc:   018592b6 08951910 8c605c44 8c605c5c
0x8c605c0c:   08951800 8c605c54 00000000 00000010
0x8c605c1c:   af844fb8 af844fb4 08951800 8c605c6c
0x8c605c2c:   0185900a 08951910 8c605c74 8c605c8c
0x8c605c3c:   002996e0 8c605c84 00000009 002996e0
0x8c605c4c:   8c605c4c 00000000 8c605c8c af8a5b58
0x8c605c5c:   00000000 af844fb8 00000000 8c605c7c 

Instructions: (pc=0x01140e78)
0x01140e68:   85 d2 0f 84 94 00 00 00 8b 4d 10 83 ec 04 8b 11
0x01140e78:   8b 4a 04 8d 71 08 8b 49 08 57 ff 75 20 ff 75 1c 

Stack: [0x8bc06000,0x8c607000],  sp=0x8c605bec,  free space=10238k
Native frames: (J=compiled Java code, j=interpreted, Vv=VM code, C=native code)
V  [libjvm.so+0x36ce78]
j  java.lang.System.arraycopy(Ljava/lang/Object;ILjava/lang/Object;II)V+0
j  java.lang.String.getChars(II[CI)V+62
j  java.lang.AbstractStringBuilder.append(Ljava/lang/String;)Ljava/lang/AbstractStringBuilder;+50
j  java.lang.StringBuilder.append(Ljava/lang/String;)Ljava/lang/StringBuilder;+2
j  browsefs.BrowseFS.read_pre(Ljava/lang/String;Ljava/lang/String;IILjavafuse/Fuse_file_info;)I+69
v  ~StubRoutines::call_stub
V  [libjvm.so+0x31c625]
V  [libjvm.so+0x481749]
V  [libjvm.so+0x31b7df]
V  [libjvm.so+0x327dec]
V  [libjvm.so+0x33ed4d]
V  [libjvm.so+0x34a992]
C  [javafuse+0x4666]
C  [libfuse.so.2+0x6a0d]  fuse_fs_read+0x7d
C  [libfuse.so.2+0xf541]
C  [libfuse.so.2+0x139a9]
C  [libfuse.so.2+0x11a72]
C  [libfuse.so.2+0x14d27]  fuse_session_process+0x27
C  [libfuse.so.2+0x10034]
C  [libpthread.so.0+0x69e9]

Java frames: (J=compiled Java code, j=interpreted, Vv=VM code)
j  java.lang.System.arraycopy(Ljava/lang/Object;ILjava/lang/Object;II)V+0
j  java.lang.String.getChars(II[CI)V+62
j  java.lang.AbstractStringBuilder.append(Ljava/lang/String;)Ljava/lang/AbstractStringBuilder;+50
j  java.lang.StringBuilder.append(Ljava/lang/String;)Ljava/lang/StringBuilder;+2
j  browsefs.BrowseFS.read_pre(Ljava/lang/String;Ljava/lang/String;IILjavafuse/Fuse_file_info;)I+69
v  ~StubRoutines::call_stub

---------------  P R O C E S S  ---------------

Java Threads: ( => current thread )
  0x8f226800 JavaThread "SIGINT handler" daemon [_thread_blocked, id=13760, stack(0x8bbb5000,0x8bc06000)]
=>0x08951800 JavaThread "Thread-6" daemon [_thread_in_vm, id=13709, stack(0x8bc06000,0x8c607000)]
  0x8f421c00 JavaThread "Thread-5" daemon [_thread_in_native, id=13708, stack(0x8c607000,0x8d008000)]
  0x8f225000 JavaThread "Thread-4" daemon [_thread_in_native, id=13707, stack(0x8d008000,0x8da09000)]
  0x08995000 JavaThread "Thread-3" daemon [_thread_in_native, id=13662, stack(0x8daab000,0x8e4ac000)]
  0x08907000 JavaThread "Thread-0" daemon [_thread_in_native, id=13661, stack(0x8e4ac000,0x8eead000)]
  0x088e8000 JavaThread "Low Memory Detector" daemon [_thread_blocked, id=13658, stack(0x8ef2e000,0x8ef7f000)]
  0x088e6400 JavaThread "CompilerThread1" daemon [_thread_blocked, id=13657, stack(0x8ef7f000,0x8f000000)]
  0x088e4800 JavaThread "CompilerThread0" daemon [_thread_blocked, id=13656, stack(0x8f32e000,0x8f3af000)]
  0x088e3000 JavaThread "Signal Dispatcher" daemon [_thread_blocked, id=13655, stack(0x8f3af000,0x8f400000)]
  0x088d1400 JavaThread "Finalizer" daemon [_thread_blocked, id=13654, stack(0x8f536000,0x8f587000)]
  0x088d0000 JavaThread "Reference Handler" daemon [_thread_blocked, id=13653, stack(0x8f587000,0x8f5d8000)]
  0x08879800 JavaThread "main" [_thread_in_native, id=13651, stack(0xbfbbf000,0xbfc0f000)]

Other Threads:
  0x088ccc00 VMThread [stack: 0x8f5d8000,0x8f659000] [id=13652]
  0x088e9c00 WatcherThread [stack: 0x8eead000,0x8ef2e000] [id=13659]

VM state:not at safepoint (normal execution)

VM Mutex/Monitor currently owned by a thread: None

Heap
 def new generation   total 960K, used 93K [0x8f820000, 0x8f920000, 0x93100000)
  eden space 896K,  10% used [0x8f820000, 0x8f837718, 0x8f900000)
  from space 64K,   0% used [0x8f900000, 0x8f900000, 0x8f910000)
  to   space 64K,   0% used [0x8f910000, 0x8f910000, 0x8f920000)
 tenured generation   total 9420K, used 6716K [0x93100000, 0x93a33000, 0xaf820000)
   the space 9420K,  71% used [0x93100000, 0x9378f1b8, 0x9378f200, 0x93a33000)
 compacting perm gen  total 16384K, used 7974K [0xaf820000, 0xb0820000, 0xb7820000)
   the space 16384K,  48% used [0xaf820000, 0xaffe9a58, 0xaffe9c00, 0xb0820000)
No shared spaces configured.

Dynamic libraries:
00110000-00295000 r-xp 00000000 fd:00 672760     /lib/libc-2.12.so
00295000-00296000 ---p 00185000 fd:00 672760     /lib/libc-2.12.so
00296000-00298000 r--p 00185000 fd:00 672760     /lib/libc-2.12.so
00298000-00299000 rw-p 00187000 fd:00 672760     /lib/libc-2.12.so
00299000-0029c000 rw-p 00000000 00:00 0 
0029c000-002a2000 r-xp 00000000 fd:00 265564     /usr/lib/jvm/java-1.6.0-openjdk-1.6.0.0/jre/lib/i386/native_threads/libhpi.so
002a2000-002a3000 rw-p 00006000 fd:00 265564     /usr/lib/jvm/java-1.6.0-openjdk-1.6.0.0/jre/lib/i386/native_threads/libhpi.so
002a3000-002af000 r-xp 00000000 fd:00 653729     /lib/libnss_files-2.12.so
002af000-002b0000 r--p 0000b000 fd:00 653729     /lib/libnss_files-2.12.so
002b0000-002b1000 rw-p 0000c000 fd:00 653729     /lib/libnss_files-2.12.so
002b1000-002ba000 rwxp 00000000 00:00 0 
002ba000-002f2000 rwxp 00000000 00:00 0 
002f2000-002f3000 r--p 00000000 00:00 0 
002f7000-002fd000 r-xp 00000000 fd:00 265563     /usr/lib/jvm/java-1.6.0-openjdk-1.6.0.0/jre/lib/i386/libzip.so
002fd000-002fe000 rw-p 00006000 fd:00 265563     /usr/lib/jvm/java-1.6.0-openjdk-1.6.0.0/jre/lib/i386/libzip.so
002fe000-00307000 rwxp 00000000 00:00 0 
00307000-003be000 rwxp 00000000 00:00 0 
003ce000-003d9000 r-xp 00000000 fd:00 265562     /usr/lib/jvm/java-1.6.0-openjdk-1.6.0.0/jre/lib/i386/libverify.so
003d9000-003da000 rw-p 0000b000 fd:00 265562     /usr/lib/jvm/java-1.6.0-openjdk-1.6.0.0/jre/lib/i386/libverify.so
003da000-003ed000 r-xp 00000000 fd:00 265554     /usr/lib/jvm/java-1.6.0-openjdk-1.6.0.0/jre/lib/i386/libnet.so
003ed000-003ee000 rw-p 00013000 fd:00 265554     /usr/lib/jvm/java-1.6.0-openjdk-1.6.0.0/jre/lib/i386/libnet.so
0043b000-0043c000 r-xp 00000000 00:00 0          [vdso]
0043c000-0043d000 rwxp 00000000 00:00 0 
0043d000-00458000 rwxp 00000000 00:00 0 
00458000-0045e000 rwxp 00000000 00:00 0 
0045e000-0053c000 rwxp 00000000 00:00 0 
0053c000-00544000 rwxp 00000000 00:00 0 
00544000-0057c000 rwxp 00000000 00:00 0 
0057c000-00582000 rwxp 00000000 00:00 0 
00582000-00661000 rwxp 00000000 00:00 0 
007a2000-007a9000 r-xp 00000000 fd:00 265555     /usr/lib/jvm/java-1.6.0-openjdk-1.6.0.0/jre/lib/i386/libnio.so
007a9000-007aa000 rw-p 00006000 fd:00 265555     /usr/lib/jvm/java-1.6.0-openjdk-1.6.0.0/jre/lib/i386/libnio.so
00a0c000-00a2e000 r-xp 00000000 fd:00 265543     /usr/lib/jvm/java-1.6.0-openjdk-1.6.0.0/jre/lib/i386/libjava.so
00a2e000-00a30000 rw-p 00022000 fd:00 265543     /usr/lib/jvm/java-1.6.0-openjdk-1.6.0.0/jre/lib/i386/libjava.so
00a91000-00aaf000 r-xp 00000000 fd:00 672758     /lib/ld-2.12.so
00aaf000-00ab0000 r--p 0001d000 fd:00 672758     /lib/ld-2.12.so
00ab0000-00ab1000 rw-p 0001e000 fd:00 672758     /lib/ld-2.12.so
00ab3000-00ab6000 r-xp 00000000 fd:00 672768     /lib/libdl-2.12.so
00ab6000-00ab7000 r--p 00002000 fd:00 672768     /lib/libdl-2.12.so
00ab7000-00ab8000 rw-p 00003000 fd:00 672768     /lib/libdl-2.12.so
00aba000-00ad1000 r-xp 00000000 fd:00 672762     /lib/libpthread-2.12.so
00ad1000-00ad2000 r--p 00016000 fd:00 672762     /lib/libpthread-2.12.so
00ad2000-00ad3000 rw-p 00017000 fd:00 672762     /lib/libpthread-2.12.so
00ad3000-00ad5000 rw-p 00000000 00:00 0 
00ad7000-00aff000 r-xp 00000000 fd:00 672765     /lib/libm-2.12.so
00aff000-00b00000 r--p 00027000 fd:00 672765     /lib/libm-2.12.so
00b00000-00b01000 rw-p 00028000 fd:00 672765     /lib/libm-2.12.so
00b03000-00b0a000 r-xp 00000000 fd:00 672763     /lib/librt-2.12.so
00b0a000-00b0b000 r--p 00006000 fd:00 672763     /lib/librt-2.12.so
00b0b000-00b0c000 rw-p 00007000 fd:00 672763     /lib/librt-2.12.so
00b2f000-00b41000 r-xp 00000000 fd:00 672767     /lib/libz.so.1.2.3
00b41000-00b42000 rw-p 00011000 fd:00 672767     /lib/libz.so.1.2.3
00c0b000-00c10000 r-xp 00000000 fd:00 653727     /lib/libnss_dns-2.12.so
00c10000-00c11000 r--p 00004000 fd:00 653727     /lib/libnss_dns-2.12.so
00c11000-00c12000 rw-p 00005000 fd:00 653727     /lib/libnss_dns-2.12.so
00d65000-00d6e000 r-xp 00000000 fd:00 793086     /root/javafuse/javafuse-read-only/build/libjavafuse.so
00d6e000-00d6f000 rw-p 00008000 fd:00 793086     /root/javafuse/javafuse-read-only/build/libjavafuse.so
00d74000-00d89000 r-xp 00000000 fd:00 672771     /lib/libresolv-2.12.so
00d89000-00d8a000 r--p 00014000 fd:00 672771     /lib/libresolv-2.12.so
00d8a000-00d8b000 rw-p 00015000 fd:00 672771     /lib/libresolv-2.12.so
00d8b000-00d8d000 rw-p 00000000 00:00 0 
00da7000-00dcb000 r-xp 00000000 fd:00 656954     /lib/libfuse.so.2.8.3
00dcb000-00dd4000 rw-p 00024000 fd:00 656954     /lib/libfuse.so.2.8.3
00dd4000-013d7000 r-xp 00000000 fd:00 265569     /usr/lib/jvm/java-1.6.0-openjdk-1.6.0.0/jre/lib/i386/server/libjvm.so
013d7000-0142e000 rw-p 00603000 fd:00 265569     /usr/lib/jvm/java-1.6.0-openjdk-1.6.0.0/jre/lib/i386/server/libjvm.so
0142e000-0184f000 rw-p 00000000 00:00 0 
0184f000-01a8f000 rwxp 00000000 00:00 0 
01a8f000-0484f000 rwxp 00000000 00:00 0 
0652e000-06544000 r-xp 00000000 fd:00 672795     /lib/libnsl-2.12.so
06544000-06545000 r--p 00016000 fd:00 672795     /lib/libnsl-2.12.so
06545000-06546000 rw-p 00017000 fd:00 672795     /lib/libnsl-2.12.so
06546000-06548000 rw-p 00000000 00:00 0 
08048000-08053000 r-xp 00000000 fd:00 803860     /root/javafuse/javafuse-read-only/javafuse
08053000-08054000 rw-p 0000a000 fd:00 803860     /root/javafuse/javafuse-read-only/javafuse
08875000-08a07000 rw-p 00000000 00:00 0          [heap]
8bb13000-8bb16000 rwxp 00000000 00:00 0 
8bb16000-8bb64000 rw-p 00000000 00:00 0 
8bb64000-8bb67000 rwxp 00000000 00:00 0 
8bb67000-8bbb5000 rw-p 00000000 00:00 0 
8bbb5000-8bbb8000 ---p 00000000 00:00 0 
8bbb8000-8bc06000 rw-p 00000000 00:00 0 
8bc06000-8bc09000 ---p 00000000 00:00 0 
8bc09000-8c607000 rw-p 00000000 00:00 0 
8c607000-8c60a000 ---p 00000000 00:00 0 
8c60a000-8d008000 rw-p 00000000 00:00 0 
8d008000-8d00b000 ---p 00000000 00:00 0 
8d00b000-8da09000 rw-p 00000000 00:00 0 
8da09000-8da0c000 rwxp 00000000 00:00 0 
8da0c000-8da5a000 rw-p 00000000 00:00 0 
8da5a000-8da5d000 rwxp 00000000 00:00 0 
8da5d000-8daab000 rw-p 00000000 00:00 0 
8daab000-8daae000 ---p 00000000 00:00 0 
8daae000-8e4ac000 rw-p 00000000 00:00 0 
8e4ac000-8e4af000 ---p 00000000 00:00 0 
8e4af000-8eead000 rw-p 00000000 00:00 0 
8eead000-8eeae000 ---p 00000000 00:00 0 
8eeae000-8ef2e000 rw-p 00000000 00:00 0 
8ef2e000-8ef31000 ---p 00000000 00:00 0 
8ef31000-8ef7f000 rw-p 00000000 00:00 0 
8ef7f000-8ef82000 ---p 00000000 00:00 0 
8ef82000-8f000000 rw-p 00000000 00:00 0 
8f000000-8f200000 r--p 00000000 fd:00 137199     /usr/lib/locale/locale-archive
8f200000-8f261000 rw-p 00000000 00:00 0 
8f261000-8f300000 ---p 00000000 00:00 0 
8f30c000-8f32e000 rw-p 00000000 00:00 0 
8f32e000-8f331000 ---p 00000000 00:00 0 
8f331000-8f3af000 rw-p 00000000 00:00 0 
8f3af000-8f3b2000 ---p 00000000 00:00 0 
8f3b2000-8f400000 rw-p 00000000 00:00 0 
8f400000-8f4c2000 rw-p 00000000 00:00 0 
8f4c2000-8f500000 ---p 00000000 00:00 0 
8f504000-8f50b000 r--s 000fe000 fd:00 265580     /usr/lib/jvm/java-1.6.0-openjdk-1.6.0.0/jre/lib/resources.jar
8f50b000-8f514000 r--s 00065000 fd:00 265508     /usr/lib/jvm/java-1.6.0-openjdk-1.6.0.0/jre/lib/ext/gnome-java-bridge.jar
8f514000-8f536000 rw-p 00000000 00:00 0 
8f536000-8f539000 ---p 00000000 00:00 0 
8f539000-8f587000 rw-p 00000000 00:00 0 
8f587000-8f58a000 ---p 00000000 00:00 0 
8f58a000-8f5d8000 rw-p 00000000 00:00 0 
8f5d8000-8f5d9000 ---p 00000000 00:00 0 
8f5d9000-8f68c000 rw-p 00000000 00:00 0 
8f68c000-8f820000 r--s 038cb000 fd:00 265582     /usr/lib/jvm/java-1.6.0-openjdk-1.6.0.0/jre/lib/rt.jar
8f820000-8f920000 rwxp 00000000 00:00 0 
8f920000-93100000 rwxp 00000000 00:00 0 
93100000-93a33000 rwxp 00000000 00:00 0 
93a33000-af820000 rwxp 00000000 00:00 0 
af820000-b0820000 rwxp 00000000 00:00 0 
b0820000-b7820000 rwxp 00000000 00:00 0 
b7823000-b7827000 r--s 0007c000 fd:00 262262     /usr/lib/jvm/java-1.6.0-openjdk-1.6.0.0/jre/lib/jsse.jar
b7827000-b782a000 rw-p 00000000 00:00 0 
b782b000-b782e000 r--s 0000f000 fd:00 265511     /usr/lib/jvm/java-1.6.0-openjdk-1.6.0.0/jre/lib/ext/pulse-java.jar
b782e000-b7836000 rw-s 00000000 fd:00 967861     /tmp/hsperfdata_root/13651
b7836000-b7837000 rw-p 00000000 00:00 0 
b7837000-b7838000 r--p 00000000 00:00 0 
b7838000-b783a000 rw-p 00000000 00:00 0 
bfbbf000-bfbc2000 ---p 00000000 00:00 0 
bfbc3000-bfc0f000 rw-p 00000000 00:00 0          [stack]

VM Arguments:
jvm_args: -Xint -Xcheck:jni 
java_command: <unknown>
Launcher Type: generic

Environment Variables:
PATH=/usr/lib/qt-3.3/bin:/usr/local/sbin:/usr/sbin:/sbin:/usr/local/bin:/usr/bin:/bin:/root/bin
USERNAME=root
LD_LIBRARY_PATH=build:/usr/lib/jvm/java-1.6.0-openjdk-1.6.0.0/jre/lib/i386/server
SHELL=/bin/bash
DISPLAY=:0.0

Signal Handlers:
SIGSEGV: [libjvm.so+0x58fb90], sa_mask[0]=0x7ffbfeff, sa_flags=0x10000004
SIGBUS: [libjvm.so+0x58fb90], sa_mask[0]=0x7ffbfeff, sa_flags=0x10000004
SIGFPE: [libjvm.so+0x484220], sa_mask[0]=0x7ffbfeff, sa_flags=0x10000004
SIGPIPE: [libjvm.so+0x484220], sa_mask[0]=0x7ffbfeff, sa_flags=0x10000004
SIGXFSZ: [libjvm.so+0x484220], sa_mask[0]=0x7ffbfeff, sa_flags=0x10000004
SIGILL: [libjvm.so+0x484220], sa_mask[0]=0x7ffbfeff, sa_flags=0x10000004
SIGUSR1: SIG_DFL, sa_mask[0]=0x00000000, sa_flags=0x00000000
SIGUSR2: [libjvm.so+0x483970], sa_mask[0]=0x00000000, sa_flags=0x10000004
SIGHUP: [libjvm.so+0x485ed0], sa_mask[0]=0x7ffbfeff, sa_flags=0x10000004
SIGINT: [libjvm.so+0x485ed0], sa_mask[0]=0x7ffbfeff, sa_flags=0x10000004
SIGTERM: [libjvm.so+0x485ed0], sa_mask[0]=0x7ffbfeff, sa_flags=0x10000004
SIGQUIT: [libjvm.so+0x485ed0], sa_mask[0]=0x7ffbfeff, sa_flags=0x10000004


---------------  S Y S T E M  ---------------

OS:CentOS Linux release 6.0 (Final)

uname:Linux 2.6.32-71.el6.i686 #1 SMP Fri Nov 12 04:17:17 GMT 2010 i686
libc:glibc 2.12 NPTL 2.12 
rlimit: STACK 10240k, CORE 0k, NPROC 1024, NOFILE 1024, AS infinity
load average:0.30 0.23 0.21

CPU:total 1 (1 cores per cpu, 1 threads per core) family 6 model 23 stepping 6, cmov, cx8, fxsr, mmx, sse, sse2, sse3, ssse3, sse4.1

Memory: 4k page, physical 1031320k(117524k free), swap 2064376k(2058228k free)

vm_info: OpenJDK Server VM (14.0-b16) for linux-x86 JRE (1.6.0_17-b17), built on Jun 25 2011 03:11:37 by "mockbuild" with gcc 4.4.4 20100726 (Red Hat 4.4.4-13)

time: Tue Nov  1 17:40:42 2011
elapsed time: 47 seconds

