#
# A fatal error has been detected by the Java Runtime Environment:
#
#  SIGSEGV (0xb) at pc=0x011dbe78, pid=22212, tid=2311052144
#
# JRE version: 6.0_17-b17
# Java VM: OpenJDK Server VM (14.0-b16 interpreted mode linux-x86 )
# Derivative: IcedTea6 1.7.5
# Distribution: Custom build (Sat Jun 25 03:01:37 BST 2011)
# Problematic frame:
# V  [libjvm.so+0x36ce78]
#
# If you would like to submit a bug report, please include
# instructions how to reproduce the bug and visit:
#   http://icedtea.classpath.org/bugzilla
#

---------------  T H R E A D  ---------------

Current thread (0x8b048400):  JavaThread "Thread-1593" daemon [_thread_in_vm, id=23953, stack(0x891fd000,0x89bfe000)]

siginfo:si_signo=SIGSEGV: si_errno=0, si_code=1 (SEGV_MAPERR), si_addr=0x00007004

Registers:
EAX=0x89bfcc74, EBX=0x014b3814, ECX=0x89bfcc7c, EDX=0x00007000
ESP=0x89bfcbdc, EBP=0x89bfcc18, ESI=0x8b048400, EDI=0x8b048400
EIP=0x011dbe78, CR2=0x00007004, EFLAGS=0x00210292

Top of Stack: (sp=0x89bfcbdc)
0x89bfcbdc:   011dbdde af8b4fb4 0000027f 00000000
0x89bfcbec:   018f42b6 8b048510 89bfcc34 89bfcc4c
0x89bfcbfc:   8b048400 89bfcc44 00000000 00000010
0x89bfcc0c:   af8b4fb8 af8b4fb4 8b048400 89bfcc5c
0x89bfcc1c:   018f400a 8b048510 89bfcc64 89bfcc7c
0x89bfcc2c:   24893257 89bfcc74 00000009 0632232b
0x89bfcc3c:   89bfcc3c 00000000 89bfcc7c af915ae8
0x89bfcc4c:   00000000 af8b4fb8 00000000 89bfcc6c 

Instructions: (pc=0x011dbe78)
0x011dbe68:   85 d2 0f 84 94 00 00 00 8b 4d 10 83 ec 04 8b 11
0x011dbe78:   8b 4a 04 8d 71 08 8b 49 08 57 ff 75 20 ff 75 1c 

Stack: [0x891fd000,0x89bfe000],  sp=0x89bfcbdc,  free space=10238k
Native frames: (J=compiled Java code, j=interpreted, Vv=VM code, C=native code)
V  [libjvm.so+0x36ce78]
j  java.lang.System.arraycopy(Ljava/lang/Object;ILjava/lang/Object;II)V+0
j  java.lang.String.getChars(II[CI)V+62
j  java.lang.AbstractStringBuilder.append(Ljava/lang/String;)Ljava/lang/AbstractStringBuilder;+50
j  java.lang.StringBuilder.append(Ljava/lang/String;)Ljava/lang/StringBuilder;+2
j  browsefs.BrowseFS.read_post(Ljava/lang/String;Ljava/lang/String;IILjavafuse/Fuse_file_info;I)I+92
v  ~StubRoutines::call_stub
V  [libjvm.so+0x31c625]
V  [libjvm.so+0x481749]
V  [libjvm.so+0x31b7df]
V  [libjvm.so+0x327dec]
V  [libjvm.so+0x33ed4d]
V  [libjvm.so+0x34a992]
C  [javafuse+0x4941]
C  [libfuse.so.2+0x6a0d]  fuse_fs_read+0x7d
C  [libfuse.so.2+0xf541]
C  [libfuse.so.2+0x139a9]
C  [libfuse.so.2+0x11a72]
C  [libfuse.so.2+0x14d27]  fuse_session_process+0x27
C  [libfuse.so.2+0x10034]
C  [libpthread.so.0+0x69e9]

Java frames: (J=compiled Java code, j=interpreted, Vv=VM code)
j  java.lang.System.arraycopy(Ljava/lang/Object;ILjava/lang/Object;II)V+0
j  java.lang.String.getChars(II[CI)V+62
j  java.lang.AbstractStringBuilder.append(Ljava/lang/String;)Ljava/lang/AbstractStringBuilder;+50
j  java.lang.StringBuilder.append(Ljava/lang/String;)Ljava/lang/StringBuilder;+2
j  browsefs.BrowseFS.read_post(Ljava/lang/String;Ljava/lang/String;IILjavafuse/Fuse_file_info;I)I+92
v  ~StubRoutines::call_stub

---------------  P R O C E S S  ---------------

Java Threads: ( => current thread )
  0x8b0b4c00 JavaThread "Timer-2370" daemon [_thread_blocked, id=24779, stack(0x8b358000,0x8b3a9000)]
  0x8b071000 JavaThread "Keep-Alive-Timer" daemon [_thread_blocked, id=24365, stack(0x8b172000,0x8b1c3000)]
=>0x8b048400 JavaThread "Thread-1593" daemon [_thread_in_vm, id=23953, stack(0x891fd000,0x89bfe000)]
  0x8f56ac00 JavaThread "Thread-1550" daemon [_thread_in_native, id=23920, stack(0x8a5ff000,0x8b000000)]
  0x8f5e8c00 JavaThread "Thread-1546" daemon [_thread_in_native, id=23922, stack(0x89bfe000,0x8a5ff000)]
  0x8f55a000 JavaThread "Thread-322" daemon [_thread_in_native, id=22591, stack(0x8b58f000,0x8bf90000)]
  0x8f524800 JavaThread "Thread-75" daemon [_thread_in_native, id=22346, stack(0x8c269000,0x8cc6a000)]
  0x09d64000 JavaThread "Thread-20" daemon [_thread_in_native, id=22283, stack(0x8d036000,0x8da37000)]
  0x8f325000 JavaThread "Thread-4" daemon [_thread_in_native, id=22223, stack(0x8db2a000,0x8e52b000)]
  0x09d4f000 JavaThread "Firefox output watcher" daemon [_thread_in_native, id=22255, stack(0x8da88000,0x8dad9000)]
  0x09d43800 JavaThread "process reaper" daemon [_thread_in_native, id=22253, stack(0x8dad9000,0x8db2a000)]
  0x09cd5000 JavaThread "Thread-0" daemon [_thread_in_native, id=22222, stack(0x8e52b000,0x8ef2c000)]
  0x09cb6000 JavaThread "Low Memory Detector" daemon [_thread_blocked, id=22219, stack(0x8efad000,0x8effe000)]
  0x09cb4400 JavaThread "CompilerThread1" daemon [_thread_blocked, id=22218, stack(0x8effe000,0x8f07f000)]
  0x09cb2800 JavaThread "CompilerThread0" daemon [_thread_blocked, id=22217, stack(0x8f07f000,0x8f100000)]
  0x09cb1000 JavaThread "Signal Dispatcher" daemon [_thread_blocked, id=22216, stack(0x8f40d000,0x8f45e000)]
  0x09c9f400 JavaThread "Finalizer" daemon [_thread_blocked, id=22215, stack(0x8f45e000,0x8f4af000)]
  0x09c9e000 JavaThread "Reference Handler" daemon [_thread_blocked, id=22214, stack(0x8f4af000,0x8f500000)]
  0x09c47800 JavaThread "main" [_thread_in_native, id=22212, stack(0xbfc29000,0xbfc79000)]

Other Threads:
  0x09c9ac00 VMThread [stack: 0x8f648000,0x8f6c9000] [id=22213]
  0x09cb7c00 WatcherThread [stack: 0x8ef2c000,0x8efad000] [id=22220]

VM state:not at safepoint (normal execution)

VM Mutex/Monitor currently owned by a thread: None

Heap
 def new generation   total 31744K, used 631K [0x8f890000, 0x91b00000, 0x93170000)
  eden space 28224K,   2% used [0x8f890000, 0x8f92ddb8, 0x91420000)
  from space 3520K,   0% used [0x91420000, 0x91420000, 0x91790000)
  to   space 3520K,   0% used [0x91790000, 0x91790000, 0x91b00000)
 tenured generation   total 281996K, used 204798K [0x93170000, 0xa44d3000, 0xaf890000)
   the space 281996K,  72% used [0x93170000, 0x9f96f900, 0x9f96fa00, 0xa44d3000)
 compacting perm gen  total 16384K, used 9447K [0xaf890000, 0xb0890000, 0xb7890000)
   the space 16384K,  57% used [0xaf890000, 0xb01c9cf0, 0xb01c9e00, 0xb0890000)
No shared spaces configured.

Dynamic libraries:
00110000-00295000 r-xp 00000000 fd:00 672760     /lib/libc-2.12.so
00295000-00296000 ---p 00185000 fd:00 672760     /lib/libc-2.12.so
00296000-00298000 r--p 00185000 fd:00 672760     /lib/libc-2.12.so
00298000-00299000 rw-p 00187000 fd:00 672760     /lib/libc-2.12.so
00299000-0029c000 rw-p 00000000 00:00 0 
0029c000-002a7000 r-xp 00000000 fd:00 265562     /usr/lib/jvm/java-1.6.0-openjdk-1.6.0.0/jre/lib/i386/libverify.so
002a7000-002a8000 rw-p 0000b000 fd:00 265562     /usr/lib/jvm/java-1.6.0-openjdk-1.6.0.0/jre/lib/i386/libverify.so
002a8000-002ae000 r-xp 00000000 fd:00 265564     /usr/lib/jvm/java-1.6.0-openjdk-1.6.0.0/jre/lib/i386/native_threads/libhpi.so
002ae000-002af000 rw-p 00006000 fd:00 265564     /usr/lib/jvm/java-1.6.0-openjdk-1.6.0.0/jre/lib/i386/native_threads/libhpi.so
002af000-00339000 rwxp 00000000 00:00 0 
00339000-00393000 rwxp 00000000 00:00 0 
00393000-0039c000 rwxp 00000000 00:00 0 
0039c000-003d4000 rwxp 00000000 00:00 0 
003d4000-003d9000 r-xp 00000000 fd:00 653727     /lib/libnss_dns-2.12.so
003d9000-003da000 r--p 00004000 fd:00 653727     /lib/libnss_dns-2.12.so
003da000-003db000 rw-p 00005000 fd:00 653727     /lib/libnss_dns-2.12.so
003db000-003dc000 r--p 00000000 00:00 0 
003dc000-003e2000 r-xp 00000000 fd:00 265563     /usr/lib/jvm/java-1.6.0-openjdk-1.6.0.0/jre/lib/i386/libzip.so
003e2000-003e3000 rw-p 00006000 fd:00 265563     /usr/lib/jvm/java-1.6.0-openjdk-1.6.0.0/jre/lib/i386/libzip.so
00413000-0041f000 r-xp 00000000 fd:00 653729     /lib/libnss_files-2.12.so
0041f000-00420000 r--p 0000b000 fd:00 653729     /lib/libnss_files-2.12.so
00420000-00421000 rw-p 0000c000 fd:00 653729     /lib/libnss_files-2.12.so
00520000-00529000 rwxp 00000000 00:00 0 
00529000-005e0000 rwxp 00000000 00:00 0 
005e0000-005f2000 rwxp 00000000 00:00 0 
005f2000-005fc000 rwxp 00000000 00:00 0 
005fc000-00687000 rwxp 00000000 00:00 0 
00687000-006e0000 rwxp 00000000 00:00 0 
006e0000-006e8000 rwxp 00000000 00:00 0 
006e8000-00720000 rwxp 00000000 00:00 0 
00720000-00721000 rwxp 00000000 00:00 0 
00a43000-00a56000 r-xp 00000000 fd:00 265554     /usr/lib/jvm/java-1.6.0-openjdk-1.6.0.0/jre/lib/i386/libnet.so
00a56000-00a57000 rw-p 00013000 fd:00 265554     /usr/lib/jvm/java-1.6.0-openjdk-1.6.0.0/jre/lib/i386/libnet.so
00a91000-00aaf000 r-xp 00000000 fd:00 672758     /lib/ld-2.12.so
00aaf000-00ab0000 r--p 0001d000 fd:00 672758     /lib/ld-2.12.so
00ab0000-00ab1000 rw-p 0001e000 fd:00 672758     /lib/ld-2.12.so
00ab3000-00ab6000 r-xp 00000000 fd:00 672768     /lib/libdl-2.12.so
00ab6000-00ab7000 r--p 00002000 fd:00 672768     /lib/libdl-2.12.so
00ab7000-00ab8000 rw-p 00003000 fd:00 672768     /lib/libdl-2.12.so
00aba000-00ad1000 r-xp 00000000 fd:00 672762     /lib/libpthread-2.12.so
00ad1000-00ad2000 r--p 00016000 fd:00 672762     /lib/libpthread-2.12.so
00ad2000-00ad3000 rw-p 00017000 fd:00 672762     /lib/libpthread-2.12.so
00ad3000-00ad5000 rw-p 00000000 00:00 0 
00ad7000-00aff000 r-xp 00000000 fd:00 672765     /lib/libm-2.12.so
00aff000-00b00000 r--p 00027000 fd:00 672765     /lib/libm-2.12.so
00b00000-00b01000 rw-p 00028000 fd:00 672765     /lib/libm-2.12.so
00b03000-00b0a000 r-xp 00000000 fd:00 672763     /lib/librt-2.12.so
00b0a000-00b0b000 r--p 00006000 fd:00 672763     /lib/librt-2.12.so
00b0b000-00b0c000 rw-p 00007000 fd:00 672763     /lib/librt-2.12.so
00b2f000-00b41000 r-xp 00000000 fd:00 672767     /lib/libz.so.1.2.3
00b41000-00b42000 rw-p 00011000 fd:00 672767     /lib/libz.so.1.2.3
00c39000-00c40000 r-xp 00000000 fd:00 265555     /usr/lib/jvm/java-1.6.0-openjdk-1.6.0.0/jre/lib/i386/libnio.so
00c40000-00c41000 rw-p 00006000 fd:00 265555     /usr/lib/jvm/java-1.6.0-openjdk-1.6.0.0/jre/lib/i386/libnio.so
00cf5000-00cfe000 r-xp 00000000 fd:00 793086     /root/javafuse/javafuse-read-only/build/libjavafuse.so
00cfe000-00cff000 rw-p 00008000 fd:00 793086     /root/javafuse/javafuse-read-only/build/libjavafuse.so
00d4f000-00d71000 r-xp 00000000 fd:00 265543     /usr/lib/jvm/java-1.6.0-openjdk-1.6.0.0/jre/lib/i386/libjava.so
00d71000-00d73000 rw-p 00022000 fd:00 265543     /usr/lib/jvm/java-1.6.0-openjdk-1.6.0.0/jre/lib/i386/libjava.so
00d74000-00d89000 r-xp 00000000 fd:00 672771     /lib/libresolv-2.12.so
00d89000-00d8a000 r--p 00014000 fd:00 672771     /lib/libresolv-2.12.so
00d8a000-00d8b000 rw-p 00015000 fd:00 672771     /lib/libresolv-2.12.so
00d8b000-00d8d000 rw-p 00000000 00:00 0 
00da7000-00dcb000 r-xp 00000000 fd:00 656954     /lib/libfuse.so.2.8.3
00dcb000-00dd4000 rw-p 00024000 fd:00 656954     /lib/libfuse.so.2.8.3
00e6e000-00e6f000 r-xp 00000000 00:00 0          [vdso]
00e6f000-01472000 r-xp 00000000 fd:00 265569     /usr/lib/jvm/java-1.6.0-openjdk-1.6.0.0/jre/lib/i386/server/libjvm.so
01472000-014c9000 rw-p 00603000 fd:00 265569     /usr/lib/jvm/java-1.6.0-openjdk-1.6.0.0/jre/lib/i386/server/libjvm.so
014c9000-018ea000 rw-p 00000000 00:00 0 
018ea000-01b2a000 rwxp 00000000 00:00 0 
01b2a000-048ea000 rwxp 00000000 00:00 0 
0652e000-06544000 r-xp 00000000 fd:00 672795     /lib/libnsl-2.12.so
06544000-06545000 r--p 00016000 fd:00 672795     /lib/libnsl-2.12.so
06545000-06546000 rw-p 00017000 fd:00 672795     /lib/libnsl-2.12.so
06546000-06548000 rw-p 00000000 00:00 0 
08048000-08053000 r-xp 00000000 fd:00 803860     /root/javafuse/javafuse-read-only/javafuse
08053000-08054000 rw-p 0000a000 fd:00 803860     /root/javafuse/javafuse-read-only/javafuse
09c43000-09e9a000 rw-p 00000000 00:00 0          [heap]
891fd000-89200000 ---p 00000000 00:00 0 
89200000-89bfe000 rw-p 00000000 00:00 0 
89bfe000-89c01000 ---p 00000000 00:00 0 
89c01000-8a5ff000 rw-p 00000000 00:00 0 
8a5ff000-8a602000 ---p 00000000 00:00 0 
8a602000-8b000000 rw-p 00000000 00:00 0 
8b000000-8b0fa000 rw-p 00000000 00:00 0 
8b0fa000-8b100000 ---p 00000000 00:00 0 
8b121000-8b124000 rwxp 00000000 00:00 0 
8b124000-8b172000 rw-p 00000000 00:00 0 
8b172000-8b175000 ---p 00000000 00:00 0 
8b175000-8b1c3000 rw-p 00000000 00:00 0 
8b1c3000-8b1c6000 rwxp 00000000 00:00 0 
8b1c6000-8b214000 rw-p 00000000 00:00 0 
8b214000-8b217000 rwxp 00000000 00:00 0 
8b217000-8b265000 rw-p 00000000 00:00 0 
8b265000-8b268000 rwxp 00000000 00:00 0 
8b268000-8b2b6000 rw-p 00000000 00:00 0 
8b2b6000-8b2b9000 rwxp 00000000 00:00 0 
8b2b9000-8b307000 rw-p 00000000 00:00 0 
8b307000-8b30a000 rwxp 00000000 00:00 0 
8b30a000-8b358000 rw-p 00000000 00:00 0 
8b358000-8b35b000 ---p 00000000 00:00 0 
8b35b000-8b3a9000 rw-p 00000000 00:00 0 
8b3a9000-8b3ac000 rwxp 00000000 00:00 0 
8b3ac000-8b3fa000 rw-p 00000000 00:00 0 
8b3fa000-8b3fd000 rwxp 00000000 00:00 0 
8b3fd000-8b44b000 rw-p 00000000 00:00 0 
8b44b000-8b44e000 rwxp 00000000 00:00 0 
8b44e000-8b49c000 rw-p 00000000 00:00 0 
8b49c000-8b49f000 rwxp 00000000 00:00 0 
8b49f000-8b4ed000 rw-p 00000000 00:00 0 
8b4ed000-8b4f0000 rwxp 00000000 00:00 0 
8b4f0000-8b53e000 rw-p 00000000 00:00 0 
8b53e000-8b541000 rwxp 00000000 00:00 0 
8b541000-8b58f000 rw-p 00000000 00:00 0 
8b58f000-8b592000 ---p 00000000 00:00 0 
8b592000-8bf90000 rw-p 00000000 00:00 0 
8bf90000-8bf93000 rwxp 00000000 00:00 0 
8bf93000-8bfe1000 rw-p 00000000 00:00 0 
8bfe1000-8bfe4000 rwxp 00000000 00:00 0 
8bfe4000-8c032000 rw-p 00000000 00:00 0 
8c032000-8c035000 rwxp 00000000 00:00 0 
8c035000-8c083000 rw-p 00000000 00:00 0 
8c083000-8c086000 rwxp 00000000 00:00 0 
8c086000-8c0d4000 rw-p 00000000 00:00 0 
8c0d4000-8c0d7000 rwxp 00000000 00:00 0 
8c0d7000-8c125000 rw-p 00000000 00:00 0 
8c125000-8c128000 rwxp 00000000 00:00 0 
8c128000-8c176000 rw-p 00000000 00:00 0 
8c176000-8c179000 rwxp 00000000 00:00 0 
8c179000-8c1c7000 rw-p 00000000 00:00 0 
8c1c7000-8c1ca000 rwxp 00000000 00:00 0 
8c1ca000-8c218000 rw-p 00000000 00:00 0 
8c218000-8c21b000 rwxp 00000000 00:00 0 
8c21b000-8c269000 rw-p 00000000 00:00 0 
8c269000-8c26c000 ---p 00000000 00:00 0 
8c26c000-8cc6a000 rw-p 00000000 00:00 0 
8cc6a000-8cc6d000 rwxp 00000000 00:00 0 
8cc6d000-8ccbb000 rw-p 00000000 00:00 0 
8ccbb000-8ccbe000 rwxp 00000000 00:00 0 
8ccbe000-8cd0c000 rw-p 00000000 00:00 0 
8cd0c000-8cd0f000 rwxp 00000000 00:00 0 
8cd0f000-8cd5d000 rw-p 00000000 00:00 0 
8cd5d000-8cd60000 rwxp 00000000 00:00 0 
8cd60000-8cdae000 rw-p 00000000 00:00 0 
8cdae000-8cdb1000 rwxp 00000000 00:00 0 
8cdb1000-8cdff000 rw-p 00000000 00:00 0 
8cdff000-8ce02000 rwxp 00000000 00:00 0 
8ce02000-8ce50000 rw-p 00000000 00:00 0 
8ce50000-8ce53000 rwxp 00000000 00:00 0 
8ce53000-8cea1000 rw-p 00000000 00:00 0 
8cea1000-8cea4000 rwxp 00000000 00:00 0 
8cea4000-8cef2000 rw-p 00000000 00:00 0 
8cef2000-8cef5000 rwxp 00000000 00:00 0 
8cef5000-8cf43000 rw-p 00000000 00:00 0 
8cf43000-8cf46000 rwxp 00000000 00:00 0 
8cf46000-8cf94000 rw-p 00000000 00:00 0 
8cf94000-8cf97000 rwxp 00000000 00:00 0 
8cf97000-8cfe5000 rw-p 00000000 00:00 0 
8cfe5000-8cfe8000 rwxp 00000000 00:00 0 
8cfe8000-8d036000 rw-p 00000000 00:00 0 
8d036000-8d039000 ---p 00000000 00:00 0 
8d039000-8da37000 rw-p 00000000 00:00 0 
8da37000-8da3a000 rwxp 00000000 00:00 0 
8da3a000-8da88000 rw-p 00000000 00:00 0 
8da88000-8da8b000 ---p 00000000 00:00 0 
8da8b000-8dad9000 rw-p 00000000 00:00 0 
8dad9000-8dadc000 ---p 00000000 00:00 0 
8dadc000-8db2a000 rw-p 00000000 00:00 0 
8db2a000-8db2d000 ---p 00000000 00:00 0 
8db2d000-8e52b000 rw-p 00000000 00:00 0 
8e52b000-8e52e000 ---p 00000000 00:00 0 
8e52e000-8ef2c000 rw-p 00000000 00:00 0 
8ef2c000-8ef2d000 ---p 00000000 00:00 0 
8ef2d000-8efad000 rw-p 00000000 00:00 0 
8efad000-8efb0000 ---p 00000000 00:00 0 
8efb0000-8effe000 rw-p 00000000 00:00 0 
8effe000-8f001000 ---p 00000000 00:00 0 
8f001000-8f07f000 rw-p 00000000 00:00 0 
8f07f000-8f082000 ---p 00000000 00:00 0 
8f082000-8f100000 rw-p 00000000 00:00 0 
8f100000-8f300000 r--p 00000000 fd:00 137199     /usr/lib/locale/locale-archive
8f300000-8f383000 rw-p 00000000 00:00 0 
8f383000-8f400000 ---p 00000000 00:00 0 
8f404000-8f406000 r--s 00013000 fd:00 265570     /usr/lib/jvm/java-1.6.0-openjdk-1.6.0.0/jre/lib/jce.jar
8f406000-8f40d000 r--s 000fe000 fd:00 265580     /usr/lib/jvm/java-1.6.0-openjdk-1.6.0.0/jre/lib/resources.jar
8f40d000-8f410000 ---p 00000000 00:00 0 
8f410000-8f45e000 rw-p 00000000 00:00 0 
8f45e000-8f461000 ---p 00000000 00:00 0 
8f461000-8f4af000 rw-p 00000000 00:00 0 
8f4af000-8f4b2000 ---p 00000000 00:00 0 
8f4b2000-8f500000 rw-p 00000000 00:00 0 
8f500000-8f5f3000 rw-p 00000000 00:00 0 
8f5f3000-8f600000 ---p 00000000 00:00 0 
8f600000-8f604000 r--s 0007c000 fd:00 262262     /usr/lib/jvm/java-1.6.0-openjdk-1.6.0.0/jre/lib/jsse.jar
8f604000-8f648000 rw-p 00000000 00:00 0 
8f648000-8f649000 ---p 00000000 00:00 0 
8f649000-8f6fc000 rw-p 00000000 00:00 0 
8f6fc000-8f890000 r--s 038cb000 fd:00 265582     /usr/lib/jvm/java-1.6.0-openjdk-1.6.0.0/jre/lib/rt.jar
8f890000-91b00000 rwxp 00000000 00:00 0 
91b00000-93170000 rwxp 00000000 00:00 0 
93170000-a44d3000 rwxp 00000000 00:00 0 
a44d3000-af890000 rwxp 00000000 00:00 0 
af890000-b0890000 rwxp 00000000 00:00 0 
b0890000-b7890000 rwxp 00000000 00:00 0 
b7890000-b7893000 r--s 00031000 fd:00 265512     /usr/lib/jvm/java-1.6.0-openjdk-1.6.0.0/jre/lib/ext/sunjce_provider.jar
b7893000-b789c000 r--s 00065000 fd:00 265508     /usr/lib/jvm/java-1.6.0-openjdk-1.6.0.0/jre/lib/ext/gnome-java-bridge.jar
b789c000-b789f000 rw-p 00000000 00:00 0 
b78a0000-b78a3000 r--s 0000f000 fd:00 265511     /usr/lib/jvm/java-1.6.0-openjdk-1.6.0.0/jre/lib/ext/pulse-java.jar
b78a3000-b78ab000 rw-s 00000000 fd:00 678190     /tmp/hsperfdata_root/22212
b78ab000-b78ac000 rw-p 00000000 00:00 0 
b78ac000-b78ad000 r--p 00000000 00:00 0 
b78ad000-b78af000 rw-p 00000000 00:00 0 
bfc29000-bfc2c000 ---p 00000000 00:00 0 
bfc2d000-bfc79000 rw-p 00000000 00:00 0          [stack]

VM Arguments:
jvm_args: -Xint -Xcheck:jni 
java_command: <unknown>
Launcher Type: generic

Environment Variables:
PATH=/usr/lib/qt-3.3/bin:/usr/local/sbin:/usr/sbin:/sbin:/usr/local/bin:/usr/bin:/bin:/root/bin
USERNAME=root
LD_LIBRARY_PATH=build:/usr/lib/jvm/java-1.6.0-openjdk-1.6.0.0/jre/lib/i386/server
SHELL=/bin/bash
DISPLAY=:0.0

Signal Handlers:
SIGSEGV: [libjvm.so+0x58fb90], sa_mask[0]=0x7ffbfeff, sa_flags=0x10000004
SIGBUS: [libjvm.so+0x58fb90], sa_mask[0]=0x7ffbfeff, sa_flags=0x10000004
SIGFPE: [libjvm.so+0x484220], sa_mask[0]=0x7ffbfeff, sa_flags=0x10000004
SIGPIPE: [libjvm.so+0x484220], sa_mask[0]=0x7ffbfeff, sa_flags=0x10000004
SIGXFSZ: [libjvm.so+0x484220], sa_mask[0]=0x7ffbfeff, sa_flags=0x10000004
SIGILL: [libjvm.so+0x484220], sa_mask[0]=0x7ffbfeff, sa_flags=0x10000004
SIGUSR1: SIG_DFL, sa_mask[0]=0x00000000, sa_flags=0x00000000
SIGUSR2: [libjvm.so+0x483970], sa_mask[0]=0x00000000, sa_flags=0x10000004
SIGHUP: [libjvm.so+0x485ed0], sa_mask[0]=0x7ffbfeff, sa_flags=0x10000004
SIGINT: [libjvm.so+0x485ed0], sa_mask[0]=0x7ffbfeff, sa_flags=0x10000004
SIGTERM: [libjvm.so+0x485ed0], sa_mask[0]=0x7ffbfeff, sa_flags=0x10000004
SIGQUIT: [libjvm.so+0x485ed0], sa_mask[0]=0x7ffbfeff, sa_flags=0x10000004


---------------  S Y S T E M  ---------------

OS:CentOS Linux release 6.0 (Final)

uname:Linux 2.6.32-71.el6.i686 #1 SMP Fri Nov 12 04:17:17 GMT 2010 i686
libc:glibc 2.12 NPTL 2.12 
rlimit: STACK 10240k, CORE 0k, NPROC 1024, NOFILE 1024, AS infinity
load average:0.61 0.16 0.06

CPU:total 1 (1 cores per cpu, 1 threads per core) family 6 model 23 stepping 6, cmov, cx8, fxsr, mmx, sse, sse2, sse3, ssse3, sse4.1

Memory: 4k page, physical 1031320k(133580k free), swap 2064376k(2064376k free)

vm_info: OpenJDK Server VM (14.0-b16) for linux-x86 JRE (1.6.0_17-b17), built on Jun 25 2011 03:11:37 by "mockbuild" with gcc 4.4.4 20100726 (Red Hat 4.4.4-13)

time: Wed Nov  2 10:08:43 2011
elapsed time: 1585 seconds

