#
# A fatal error has been detected by the Java Runtime Environment:
#
#  SIGSEGV (0xb) at pc=0x01140e78, pid=15951, tid=2376960880
#
# JRE version: 6.0_17-b17
# Java VM: OpenJDK Server VM (14.0-b16 interpreted mode linux-x86 )
# Derivative: IcedTea6 1.7.5
# Distribution: Custom build (Sat Jun 25 03:01:37 BST 2011)
# Problematic frame:
# V  [libjvm.so+0x36ce78]
#
# If you would like to submit a bug report, please include
# instructions how to reproduce the bug and visit:
#   http://icedtea.classpath.org/bugzilla
#

---------------  T H R E A D  ---------------

Current thread (0x8f300c00):  JavaThread "Thread-4" daemon [_thread_in_vm, id=16021, stack(0x8d0d8000,0x8dad9000)]

siginfo:si_signo=SIGSEGV: si_errno=0, si_code=1 (SEGV_MAPERR), si_addr=0x00001004

Registers:
EAX=0x8dad7c84, EBX=0x01418814, ECX=0x8dad7c8c, EDX=0x00001000
ESP=0x8dad7bec, EBP=0x8dad7c28, ESI=0x8f300c00, EDI=0x8f300c00
EIP=0x01140e78, CR2=0x00001004, EFLAGS=0x00010292

Top of Stack: (sp=0x8dad7bec)
0x8dad7bec:   01140dde 8f92f218 0000000c 00000010
0x8dad7bfc:   af9f4320 00000000 012fce8e 8f92f218
0x8dad7c0c:   8f300c00 8f300c00 01434b10 01434b10
0x8dad7c1c:   af904fb8 af904fb4 8f300c00 8dad7c6c
0x8dad7c2c:   0185900a 8f300d10 8dad7c74 8dad7c8c
0x8dad7c3c:   00000003 8dad7c84 00000009 00000004
0x8dad7c4c:   8dad7c4c 00000000 8dad7c8c af965b58
0x8dad7c5c:   00000000 af904fb8 00000000 8dad7c7c 

Instructions: (pc=0x01140e78)
0x01140e68:   85 d2 0f 84 94 00 00 00 8b 4d 10 83 ec 04 8b 11
0x01140e78:   8b 4a 04 8d 71 08 8b 49 08 57 ff 75 20 ff 75 1c 

Stack: [0x8d0d8000,0x8dad9000],  sp=0x8dad7bec,  free space=10238k
Native frames: (J=compiled Java code, j=interpreted, Vv=VM code, C=native code)
V  [libjvm.so+0x36ce78]
j  java.lang.System.arraycopy(Ljava/lang/Object;ILjava/lang/Object;II)V+0
j  java.lang.String.getChars(II[CI)V+62
j  java.lang.AbstractStringBuilder.append(Ljava/lang/String;)Ljava/lang/AbstractStringBuilder;+50
j  java.lang.StringBuilder.append(Ljava/lang/String;)Ljava/lang/StringBuilder;+2
j  browsefs.BrowseFS.read_pre(Ljava/lang/String;Ljava/lang/String;IILjavafuse/Fuse_file_info;)I+49
v  ~StubRoutines::call_stub
V  [libjvm.so+0x31c625]
V  [libjvm.so+0x481749]
V  [libjvm.so+0x31b7df]
V  [libjvm.so+0x327dec]
V  [libjvm.so+0x33ed4d]
V  [libjvm.so+0x34a992]
C  [javafuse+0x4666]
C  [libfuse.so.2+0x6a0d]  fuse_fs_read+0x7d
C  [libfuse.so.2+0xf541]
C  [libfuse.so.2+0x139a9]
C  [libfuse.so.2+0x11a72]
C  [libfuse.so.2+0x14d27]  fuse_session_process+0x27
C  [libfuse.so.2+0x10034]
C  [libpthread.so.0+0x69e9]

Java frames: (J=compiled Java code, j=interpreted, Vv=VM code)
j  java.lang.System.arraycopy(Ljava/lang/Object;ILjava/lang/Object;II)V+0
j  java.lang.String.getChars(II[CI)V+62
j  java.lang.AbstractStringBuilder.append(Ljava/lang/String;)Ljava/lang/AbstractStringBuilder;+50
j  java.lang.StringBuilder.append(Ljava/lang/String;)Ljava/lang/StringBuilder;+2
j  browsefs.BrowseFS.read_pre(Ljava/lang/String;Ljava/lang/String;IILjavafuse/Fuse_file_info;)I+49
v  ~StubRoutines::call_stub

---------------  P R O C E S S  ---------------

Java Threads: ( => current thread )
  0x8f51f400 JavaThread "Thread-5" daemon [_thread_in_vm, id=16022, stack(0x8c6d7000,0x8d0d8000)]
=>0x8f300c00 JavaThread "Thread-4" daemon [_thread_in_vm, id=16021, stack(0x8d0d8000,0x8dad9000)]
  0x09b06400 JavaThread "Thread-3" daemon [_thread_in_native, id=15962, stack(0x8db2a000,0x8e52b000)]
  0x09acdc00 JavaThread "Firefox output watcher" daemon [_thread_in_native, id=15994, stack(0x8dad9000,0x8db2a000)]
  0x09ad6c00 JavaThread "process reaper" daemon [_thread_in_native, id=15992, stack(0x8f406000,0x8f457000)]
  0x09a67000 JavaThread "Thread-0" daemon [_thread_in_vm, id=15961, stack(0x8e52b000,0x8ef2c000)]
  0x09a63400 JavaThread "Low Memory Detector" daemon [_thread_blocked, id=15958, stack(0x8efad000,0x8effe000)]
  0x09a61400 JavaThread "CompilerThread1" daemon [_thread_blocked, id=15957, stack(0x8effe000,0x8f07f000)]
  0x09a5fc00 JavaThread "CompilerThread0" daemon [_thread_blocked, id=15956, stack(0x8f07f000,0x8f100000)]
  0x09a5e400 JavaThread "Signal Dispatcher" daemon [_thread_blocked, id=15955, stack(0x8f45e000,0x8f4af000)]
  0x09a49400 JavaThread "Finalizer" daemon [_thread_blocked, id=15954, stack(0x8f4af000,0x8f500000)]
  0x09a48000 JavaThread "Reference Handler" daemon [_thread_blocked, id=15953, stack(0x8f647000,0x8f698000)]
  0x099f1800 JavaThread "main" [_thread_in_native, id=15951, stack(0xbf879000,0xbf8c9000)]

Other Threads:
  0x09a44c00 VMThread [stack: 0x8f698000,0x8f719000] [id=15952]
  0x09a65400 WatcherThread [stack: 0x8ef2c000,0x8efad000] [id=15959]

VM state:not at safepoint (normal execution)

VM Mutex/Monitor currently owned by a thread: None

Heap
 def new generation   total 960K, used 362K [0x8f8e0000, 0x8f9e0000, 0x931c0000)
  eden space 896K,  39% used [0x8f8e0000, 0x8f938ad0, 0x8f9c0000)
  from space 64K,  11% used [0x8f9d0000, 0x8f9d1d60, 0x8f9e0000)
  to   space 64K,   0% used [0x8f9c0000, 0x8f9c0000, 0x8f9d0000)
 tenured generation   total 4096K, used 1460K [0x931c0000, 0x935c0000, 0xaf8e0000)
   the space 4096K,  35% used [0x931c0000, 0x9332d2f8, 0x9332d400, 0x935c0000)
 compacting perm gen  total 16384K, used 7930K [0xaf8e0000, 0xb08e0000, 0xb78e0000)
   the space 16384K,  48% used [0xaf8e0000, 0xb009e9f8, 0xb009ea00, 0xb08e0000)
No shared spaces configured.

Dynamic libraries:
00110000-0011b000 r-xp 00000000 fd:00 265562     /usr/lib/jvm/java-1.6.0-openjdk-1.6.0.0/jre/lib/i386/libverify.so
0011b000-0011c000 rw-p 0000b000 fd:00 265562     /usr/lib/jvm/java-1.6.0-openjdk-1.6.0.0/jre/lib/i386/libverify.so
0011c000-00122000 r-xp 00000000 fd:00 265564     /usr/lib/jvm/java-1.6.0-openjdk-1.6.0.0/jre/lib/i386/native_threads/libhpi.so
00122000-00123000 rw-p 00006000 fd:00 265564     /usr/lib/jvm/java-1.6.0-openjdk-1.6.0.0/jre/lib/i386/native_threads/libhpi.so
00123000-0012f000 r-xp 00000000 fd:00 653729     /lib/libnss_files-2.12.so
0012f000-00130000 r--p 0000b000 fd:00 653729     /lib/libnss_files-2.12.so
00130000-00131000 rw-p 0000c000 fd:00 653729     /lib/libnss_files-2.12.so
00131000-00143000 r-xp 00000000 fd:00 672767     /lib/libz.so.1.2.3
00143000-00144000 rw-p 00011000 fd:00 672767     /lib/libz.so.1.2.3
00144000-00149000 r-xp 00000000 fd:00 653727     /lib/libnss_dns-2.12.so
00149000-0014a000 r--p 00004000 fd:00 653727     /lib/libnss_dns-2.12.so
0014a000-0014b000 rw-p 00005000 fd:00 653727     /lib/libnss_dns-2.12.so
0014b000-00152000 r-xp 00000000 fd:00 265555     /usr/lib/jvm/java-1.6.0-openjdk-1.6.0.0/jre/lib/i386/libnio.so
00152000-00153000 rw-p 00006000 fd:00 265555     /usr/lib/jvm/java-1.6.0-openjdk-1.6.0.0/jre/lib/i386/libnio.so
00153000-00154000 r--p 00000000 00:00 0 
00154000-0015d000 r-xp 00000000 fd:00 793086     /root/javafuse/javafuse-read-only/build/libjavafuse.so
0015d000-0015e000 rw-p 00008000 fd:00 793086     /root/javafuse/javafuse-read-only/build/libjavafuse.so
0015e000-00167000 rwxp 00000000 00:00 0 
00167000-0021e000 rwxp 00000000 00:00 0 
0021e000-0021f000 rwxp 00000000 00:00 0 
0021f000-0023a000 rwxp 00000000 00:00 0 
0023a000-0023d000 rwxp 00000000 00:00 0 
0023d000-0031e000 rwxp 00000000 00:00 0 
0031e000-00326000 rwxp 00000000 00:00 0 
00326000-0035e000 rwxp 00000000 00:00 0 
0035e000-0035f000 rwxp 00000000 00:00 0 
0035f000-00372000 r-xp 00000000 fd:00 265554     /usr/lib/jvm/java-1.6.0-openjdk-1.6.0.0/jre/lib/i386/libnet.so
00372000-00373000 rw-p 00013000 fd:00 265554     /usr/lib/jvm/java-1.6.0-openjdk-1.6.0.0/jre/lib/i386/libnet.so
00418000-0041b000 rwxp 00000000 00:00 0 
0041b000-004fc000 rwxp 00000000 00:00 0 
0075f000-00760000 r-xp 00000000 00:00 0          [vdso]
0088d000-00893000 r-xp 00000000 fd:00 265563     /usr/lib/jvm/java-1.6.0-openjdk-1.6.0.0/jre/lib/i386/libzip.so
00893000-00894000 rw-p 00006000 fd:00 265563     /usr/lib/jvm/java-1.6.0-openjdk-1.6.0.0/jre/lib/i386/libzip.so
0092a000-00933000 rwxp 00000000 00:00 0 
00933000-0096b000 rwxp 00000000 00:00 0 
00a91000-00aaf000 r-xp 00000000 fd:00 672758     /lib/ld-2.12.so
00aaf000-00ab0000 r--p 0001d000 fd:00 672758     /lib/ld-2.12.so
00ab0000-00ab1000 rw-p 0001e000 fd:00 672758     /lib/ld-2.12.so
00ab3000-00ab6000 r-xp 00000000 fd:00 672768     /lib/libdl-2.12.so
00ab6000-00ab7000 r--p 00002000 fd:00 672768     /lib/libdl-2.12.so
00ab7000-00ab8000 rw-p 00003000 fd:00 672768     /lib/libdl-2.12.so
00aba000-00ad1000 r-xp 00000000 fd:00 672762     /lib/libpthread-2.12.so
00ad1000-00ad2000 r--p 00016000 fd:00 672762     /lib/libpthread-2.12.so
00ad2000-00ad3000 rw-p 00017000 fd:00 672762     /lib/libpthread-2.12.so
00ad3000-00ad5000 rw-p 00000000 00:00 0 
00ad7000-00aff000 r-xp 00000000 fd:00 672765     /lib/libm-2.12.so
00aff000-00b00000 r--p 00027000 fd:00 672765     /lib/libm-2.12.so
00b00000-00b01000 rw-p 00028000 fd:00 672765     /lib/libm-2.12.so
00b03000-00b0a000 r-xp 00000000 fd:00 672763     /lib/librt-2.12.so
00b0a000-00b0b000 r--p 00006000 fd:00 672763     /lib/librt-2.12.so
00b0b000-00b0c000 rw-p 00007000 fd:00 672763     /lib/librt-2.12.so
00b34000-00b56000 r-xp 00000000 fd:00 265543     /usr/lib/jvm/java-1.6.0-openjdk-1.6.0.0/jre/lib/i386/libjava.so
00b56000-00b58000 rw-p 00022000 fd:00 265543     /usr/lib/jvm/java-1.6.0-openjdk-1.6.0.0/jre/lib/i386/libjava.so
00be6000-00d6b000 r-xp 00000000 fd:00 672760     /lib/libc-2.12.so
00d6b000-00d6c000 ---p 00185000 fd:00 672760     /lib/libc-2.12.so
00d6c000-00d6e000 r--p 00185000 fd:00 672760     /lib/libc-2.12.so
00d6e000-00d6f000 rw-p 00187000 fd:00 672760     /lib/libc-2.12.so
00d6f000-00d72000 rw-p 00000000 00:00 0 
00d74000-00d89000 r-xp 00000000 fd:00 672771     /lib/libresolv-2.12.so
00d89000-00d8a000 r--p 00014000 fd:00 672771     /lib/libresolv-2.12.so
00d8a000-00d8b000 rw-p 00015000 fd:00 672771     /lib/libresolv-2.12.so
00d8b000-00d8d000 rw-p 00000000 00:00 0 
00da7000-00dcb000 r-xp 00000000 fd:00 656954     /lib/libfuse.so.2.8.3
00dcb000-00dd4000 rw-p 00024000 fd:00 656954     /lib/libfuse.so.2.8.3
00dd4000-013d7000 r-xp 00000000 fd:00 265569     /usr/lib/jvm/java-1.6.0-openjdk-1.6.0.0/jre/lib/i386/server/libjvm.so
013d7000-0142e000 rw-p 00603000 fd:00 265569     /usr/lib/jvm/java-1.6.0-openjdk-1.6.0.0/jre/lib/i386/server/libjvm.so
0142e000-0184f000 rw-p 00000000 00:00 0 
0184f000-01a8f000 rwxp 00000000 00:00 0 
01a8f000-0484f000 rwxp 00000000 00:00 0 
0652e000-06544000 r-xp 00000000 fd:00 672795     /lib/libnsl-2.12.so
06544000-06545000 r--p 00016000 fd:00 672795     /lib/libnsl-2.12.so
06545000-06546000 rw-p 00017000 fd:00 672795     /lib/libnsl-2.12.so
06546000-06548000 rw-p 00000000 00:00 0 
08048000-08053000 r-xp 00000000 fd:00 803860     /root/javafuse/javafuse-read-only/javafuse
08053000-08054000 rw-p 0000a000 fd:00 803860     /root/javafuse/javafuse-read-only/javafuse
099ed000-09be1000 rw-p 00000000 00:00 0          [heap]
8c6d7000-8c6da000 ---p 00000000 00:00 0 
8c6da000-8d0d8000 rw-p 00000000 00:00 0 
8d0d8000-8d0db000 ---p 00000000 00:00 0 
8d0db000-8dad9000 rw-p 00000000 00:00 0 
8dad9000-8dadc000 ---p 00000000 00:00 0 
8dadc000-8db2a000 rw-p 00000000 00:00 0 
8db2a000-8db2d000 ---p 00000000 00:00 0 
8db2d000-8e52b000 rw-p 00000000 00:00 0 
8e52b000-8e52e000 ---p 00000000 00:00 0 
8e52e000-8ef2c000 rw-p 00000000 00:00 0 
8ef2c000-8ef2d000 ---p 00000000 00:00 0 
8ef2d000-8efad000 rw-p 00000000 00:00 0 
8efad000-8efb0000 ---p 00000000 00:00 0 
8efb0000-8effe000 rw-p 00000000 00:00 0 
8effe000-8f001000 ---p 00000000 00:00 0 
8f001000-8f07f000 rw-p 00000000 00:00 0 
8f07f000-8f082000 ---p 00000000 00:00 0 
8f082000-8f100000 rw-p 00000000 00:00 0 
8f100000-8f300000 r--p 00000000 fd:00 137199     /usr/lib/locale/locale-archive
8f300000-8f325000 rw-p 00000000 00:00 0 
8f325000-8f400000 ---p 00000000 00:00 0 
8f406000-8f409000 ---p 00000000 00:00 0 
8f409000-8f457000 rw-p 00000000 00:00 0 
8f457000-8f45e000 r--s 000fe000 fd:00 265580     /usr/lib/jvm/java-1.6.0-openjdk-1.6.0.0/jre/lib/resources.jar
8f45e000-8f461000 ---p 00000000 00:00 0 
8f461000-8f4af000 rw-p 00000000 00:00 0 
8f4af000-8f4b2000 ---p 00000000 00:00 0 
8f4b2000-8f500000 rw-p 00000000 00:00 0 
8f500000-8f531000 rw-p 00000000 00:00 0 
8f531000-8f600000 ---p 00000000 00:00 0 
8f603000-8f647000 rw-p 00000000 00:00 0 
8f647000-8f64a000 ---p 00000000 00:00 0 
8f64a000-8f698000 rw-p 00000000 00:00 0 
8f698000-8f699000 ---p 00000000 00:00 0 
8f699000-8f74c000 rw-p 00000000 00:00 0 
8f74c000-8f8e0000 r--s 038cb000 fd:00 265582     /usr/lib/jvm/java-1.6.0-openjdk-1.6.0.0/jre/lib/rt.jar
8f8e0000-8f9e0000 rwxp 00000000 00:00 0 
8f9e0000-931c0000 rwxp 00000000 00:00 0 
931c0000-935c0000 rwxp 00000000 00:00 0 
935c0000-af8e0000 rwxp 00000000 00:00 0 
af8e0000-b08e0000 rwxp 00000000 00:00 0 
b08e0000-b78e0000 rwxp 00000000 00:00 0 
b78e0000-b78e4000 r--s 0007c000 fd:00 262262     /usr/lib/jvm/java-1.6.0-openjdk-1.6.0.0/jre/lib/jsse.jar
b78e4000-b78ed000 r--s 00065000 fd:00 265508     /usr/lib/jvm/java-1.6.0-openjdk-1.6.0.0/jre/lib/ext/gnome-java-bridge.jar
b78ed000-b78f0000 rw-p 00000000 00:00 0 
b78f1000-b78f4000 r--s 0000f000 fd:00 265511     /usr/lib/jvm/java-1.6.0-openjdk-1.6.0.0/jre/lib/ext/pulse-java.jar
b78f4000-b78fc000 rw-s 00000000 fd:00 684180     /tmp/hsperfdata_root/15951
b78fc000-b78fd000 rw-p 00000000 00:00 0 
b78fd000-b78fe000 r--p 00000000 00:00 0 
b78fe000-b7900000 rw-p 00000000 00:00 0 
bf879000-bf87c000 ---p 00000000 00:00 0 
bf87d000-bf8c9000 rw-p 00000000 00:00 0          [stack]

VM Arguments:
jvm_args: -Xint -Xcheck:jni 
java_command: <unknown>
Launcher Type: generic

Environment Variables:
PATH=/usr/lib/qt-3.3/bin:/usr/local/sbin:/usr/sbin:/sbin:/usr/local/bin:/usr/bin:/bin:/root/bin
USERNAME=root
LD_LIBRARY_PATH=build:/usr/lib/jvm/java-1.6.0-openjdk-1.6.0.0/jre/lib/i386/server
SHELL=/bin/bash
DISPLAY=:0.0

Signal Handlers:
SIGSEGV: [libjvm.so+0x58fb90], sa_mask[0]=0x7ffbfeff, sa_flags=0x10000004
SIGBUS: [libjvm.so+0x58fb90], sa_mask[0]=0x7ffbfeff, sa_flags=0x10000004
SIGFPE: [libjvm.so+0x484220], sa_mask[0]=0x7ffbfeff, sa_flags=0x10000004
SIGPIPE: [libjvm.so+0x484220], sa_mask[0]=0x7ffbfeff, sa_flags=0x10000004
SIGXFSZ: [libjvm.so+0x484220], sa_mask[0]=0x7ffbfeff, sa_flags=0x10000004
SIGILL: [libjvm.so+0x484220], sa_mask[0]=0x7ffbfeff, sa_flags=0x10000004
SIGUSR1: SIG_DFL, sa_mask[0]=0x00000000, sa_flags=0x00000000
SIGUSR2: [libjvm.so+0x483970], sa_mask[0]=0x00000000, sa_flags=0x10000004
SIGHUP: [libjvm.so+0x485ed0], sa_mask[0]=0x7ffbfeff, sa_flags=0x10000004
SIGINT: [libjvm.so+0x485ed0], sa_mask[0]=0x7ffbfeff, sa_flags=0x10000004
SIGTERM: [libjvm.so+0x485ed0], sa_mask[0]=0x7ffbfeff, sa_flags=0x10000004
SIGQUIT: [libjvm.so+0x485ed0], sa_mask[0]=0x7ffbfeff, sa_flags=0x10000004


---------------  S Y S T E M  ---------------

OS:CentOS Linux release 6.0 (Final)

uname:Linux 2.6.32-71.el6.i686 #1 SMP Fri Nov 12 04:17:17 GMT 2010 i686
libc:glibc 2.12 NPTL 2.12 
rlimit: STACK 10240k, CORE 0k, NPROC 1024, NOFILE 1024, AS infinity
load average:0.92 0.34 0.14

CPU:total 1 (1 cores per cpu, 1 threads per core) family 6 model 23 stepping 6, cmov, cx8, fxsr, mmx, sse, sse2, sse3, ssse3, sse4.1

Memory: 4k page, physical 1031320k(106048k free), swap 2064376k(2048476k free)

vm_info: OpenJDK Server VM (14.0-b16) for linux-x86 JRE (1.6.0_17-b17), built on Jun 25 2011 03:11:37 by "mockbuild" with gcc 4.4.4 20100726 (Red Hat 4.4.4-13)

time: Sun Oct 30 07:15:38 2011
elapsed time: 24 seconds

