#
# A fatal error has been detected by the Java Runtime Environment:
#
#  SIGSEGV (0xb) at pc=0x01140e78, pid=30807, tid=2398083952
#
# JRE version: 6.0_17-b17
# Java VM: OpenJDK Server VM (14.0-b16 interpreted mode linux-x86 )
# Derivative: IcedTea6 1.7.5
# Distribution: Custom build (Sat Jun 25 03:01:37 BST 2011)
# Problematic frame:
# V  [libjvm.so+0x36ce78]
#
# If you would like to submit a bug report, please include
# instructions how to reproduce the bug and visit:
#   http://icedtea.classpath.org/bugzilla
#

---------------  T H R E A D  ---------------

Current thread (0x08107000):  JavaThread "Thread-0" daemon [_thread_in_vm, id=30817, stack(0x8e4fd000,0x8eefe000)]

siginfo:si_signo=SIGSEGV: si_errno=0, si_code=1 (SEGV_MAPERR), si_addr=0x00001004

Registers:
EAX=0x8eefcc84, EBX=0x01418814, ECX=0x8eefcc8c, EDX=0x00001000
ESP=0x8eefcbec, EBP=0x8eefcc28, ESI=0x08107000, EDI=0x08107000
EIP=0x01140e78, CR2=0x00001004, EFLAGS=0x00010292

Top of Stack: (sp=0x8eefcbec)
0x8eefcbec:   01140dde af864fb4 0000027f 00000000
0x8eefcbfc:   018592b6 08107110 8eefcc44 8eefcc5c
0x8eefcc0c:   08107000 8eefcc54 00000000 00000010
0x8eefcc1c:   af864fb8 af864fb4 08107000 8eefcc6c
0x8eefcc2c:   0185900a 08107110 8eefcc74 8eefcc8c
0x8eefcc3c:   00000000 8eefcc84 00000009 000007d0
0x8eefcc4c:   8eefcc4c 00000000 8eefcc8c af8c5b58
0x8eefcc5c:   00000000 af864fb8 00000000 8eefcc7c 

Instructions: (pc=0x01140e78)
0x01140e68:   85 d2 0f 84 94 00 00 00 8b 4d 10 83 ec 04 8b 11
0x01140e78:   8b 4a 04 8d 71 08 8b 49 08 57 ff 75 20 ff 75 1c 

Stack: [0x8e4fd000,0x8eefe000],  sp=0x8eefcbec,  free space=10238k
Native frames: (J=compiled Java code, j=interpreted, Vv=VM code, C=native code)
V  [libjvm.so+0x36ce78]
j  java.lang.System.arraycopy(Ljava/lang/Object;ILjava/lang/Object;II)V+0
j  java.lang.String.getChars(II[CI)V+62
j  java.lang.AbstractStringBuilder.append(Ljava/lang/String;)Ljava/lang/AbstractStringBuilder;+50
j  java.lang.StringBuilder.append(Ljava/lang/String;)Ljava/lang/StringBuilder;+2
j  browsefs.BrowseFS.read_pre(Ljava/lang/String;Ljava/lang/String;IILjavafuse/Fuse_file_info;)I+49
v  ~StubRoutines::call_stub
V  [libjvm.so+0x31c625]
V  [libjvm.so+0x481749]
V  [libjvm.so+0x31b7df]
V  [libjvm.so+0x327dec]
V  [libjvm.so+0x33ed4d]
V  [libjvm.so+0x34a992]
C  [javafuse+0x4666]
C  [libfuse.so.2+0x6a0d]  fuse_fs_read+0x7d
C  [libfuse.so.2+0xf541]
C  [libfuse.so.2+0x139a9]
C  [libfuse.so.2+0x11a72]
C  [libfuse.so.2+0x14d27]  fuse_session_process+0x27
C  [libfuse.so.2+0x10034]
C  [libpthread.so.0+0x69e9]

Java frames: (J=compiled Java code, j=interpreted, Vv=VM code)
j  java.lang.System.arraycopy(Ljava/lang/Object;ILjava/lang/Object;II)V+0
j  java.lang.String.getChars(II[CI)V+62
j  java.lang.AbstractStringBuilder.append(Ljava/lang/String;)Ljava/lang/AbstractStringBuilder;+50
j  java.lang.StringBuilder.append(Ljava/lang/String;)Ljava/lang/StringBuilder;+2
j  browsefs.BrowseFS.read_pre(Ljava/lang/String;Ljava/lang/String;IILjavafuse/Fuse_file_info;)I+49
v  ~StubRoutines::call_stub

---------------  P R O C E S S  ---------------

Java Threads: ( => current thread )
  0x08150c00 JavaThread "Thread-1" daemon [_thread_blocked, id=30953, stack(0x8c58d000,0x8c5de000)]
  0x8f205800 JavaThread "SIGINT handler" daemon [_thread_blocked, id=30952, stack(0x8c5de000,0x8c62f000)]
  0x8f420c00 JavaThread "Thread-5" daemon [_thread_in_native, id=30881, stack(0x8c62f000,0x8d030000)]
  0x8f204000 JavaThread "Thread-4" daemon [_thread_in_native, id=30880, stack(0x8d030000,0x8da31000)]
  0x080a0000 JavaThread "Thread-3" daemon [_thread_in_native, id=30818, stack(0x8dada000,0x8e4db000)]
  0x08141c00 JavaThread "Firefox output watcher" daemon [_thread_blocked, id=30851, stack(0x8da82000,0x8dad3000)]
  0x0813c400 JavaThread "process reaper" daemon [_thread_blocked, id=30849, stack(0x8da31000,0x8da82000)]
=>0x08107000 JavaThread "Thread-0" daemon [_thread_in_vm, id=30817, stack(0x8e4fd000,0x8eefe000)]
  0x080e8000 JavaThread "Low Memory Detector" daemon [_thread_blocked, id=30814, stack(0x8f32e000,0x8f37f000)]
  0x080e6400 JavaThread "CompilerThread1" daemon [_thread_blocked, id=30813, stack(0x8ef7f000,0x8f000000)]
  0x080e4800 JavaThread "CompilerThread0" daemon [_thread_blocked, id=30812, stack(0x8f37f000,0x8f400000)]
  0x080e3000 JavaThread "Signal Dispatcher" daemon [_thread_blocked, id=30811, stack(0x8f505000,0x8f556000)]
  0x080d1400 JavaThread "Finalizer" daemon [_thread_blocked, id=30810, stack(0x8f556000,0x8f5a7000)]
  0x080d0000 JavaThread "Reference Handler" daemon [_thread_blocked, id=30809, stack(0x8f5a7000,0x8f5f8000)]
  0x08079800 JavaThread "main" [_thread_in_native, id=30807, stack(0xbfe33000,0xbfe83000)]

Other Threads:
  0x080ccc00 VMThread [stack: 0x8f5f8000,0x8f679000] [id=30808]
  0x080e9c00 WatcherThread [stack: 0x8eefe000,0x8ef7f000] [id=30815]

VM state:synchronizing (normal execution)

VM Mutex/Monitor currently owned by a thread:  ([mutex/lock_event])
[0x08077ef0] Threads_lock - owner thread: 0x080ccc00

Heap
 def new generation   total 960K, used 883K [0x8f840000, 0x8f940000, 0x93120000)
  eden space 896K,  93% used [0x8f840000, 0x8f9119b8, 0x8f920000)
  from space 64K,  70% used [0x8f930000, 0x8f93b458, 0x8f940000)
  to   space 64K,   0% used [0x8f920000, 0x8f920000, 0x8f930000)
 tenured generation   total 4096K, used 1446K [0x93120000, 0x93520000, 0xaf840000)
   the space 4096K,  35% used [0x93120000, 0x93289a68, 0x93289c00, 0x93520000)
 compacting perm gen  total 16384K, used 7952K [0xaf840000, 0xb0840000, 0xb7840000)
   the space 16384K,  48% used [0xaf840000, 0xb0004098, 0xb0004200, 0xb0840000)
No shared spaces configured.

Dynamic libraries:
00110000-00116000 r-xp 00000000 fd:00 265564     /usr/lib/jvm/java-1.6.0-openjdk-1.6.0.0/jre/lib/i386/native_threads/libhpi.so
00116000-00117000 rw-p 00006000 fd:00 265564     /usr/lib/jvm/java-1.6.0-openjdk-1.6.0.0/jre/lib/i386/native_threads/libhpi.so
00117000-00123000 r-xp 00000000 fd:00 653729     /lib/libnss_files-2.12.so
00123000-00124000 r--p 0000b000 fd:00 653729     /lib/libnss_files-2.12.so
00124000-00125000 rw-p 0000c000 fd:00 653729     /lib/libnss_files-2.12.so
00125000-0012b000 r-xp 00000000 fd:00 265563     /usr/lib/jvm/java-1.6.0-openjdk-1.6.0.0/jre/lib/i386/libzip.so
0012b000-0012c000 rw-p 00006000 fd:00 265563     /usr/lib/jvm/java-1.6.0-openjdk-1.6.0.0/jre/lib/i386/libzip.so
0012c000-0012d000 rwxp 00000000 00:00 0 
0012d000-00148000 rwxp 00000000 00:00 0 
00148000-0014b000 rwxp 00000000 00:00 0 
0014b000-0022c000 rwxp 00000000 00:00 0 
0022c000-00234000 rwxp 00000000 00:00 0 
00234000-0026c000 rwxp 00000000 00:00 0 
0026c000-00276000 rwxp 00000000 00:00 0 
00276000-002ae000 rwxp 00000000 00:00 0 
002ae000-002c1000 r-xp 00000000 fd:00 265554     /usr/lib/jvm/java-1.6.0-openjdk-1.6.0.0/jre/lib/i386/libnet.so
002c1000-002c2000 rw-p 00013000 fd:00 265554     /usr/lib/jvm/java-1.6.0-openjdk-1.6.0.0/jre/lib/i386/libnet.so
002c2000-002c9000 r-xp 00000000 fd:00 265555     /usr/lib/jvm/java-1.6.0-openjdk-1.6.0.0/jre/lib/i386/libnio.so
002c9000-002ca000 rw-p 00006000 fd:00 265555     /usr/lib/jvm/java-1.6.0-openjdk-1.6.0.0/jre/lib/i386/libnio.so
002ca000-002cb000 r--p 00000000 00:00 0 
002f9000-002fa000 r-xp 00000000 00:00 0          [vdso]
002fa000-002fd000 rwxp 00000000 00:00 0 
002fd000-003de000 rwxp 00000000 00:00 0 
00661000-0066a000 r-xp 00000000 fd:00 793086     /root/javafuse/javafuse-read-only/build/libjavafuse.so
0066a000-0066b000 rw-p 00008000 fd:00 793086     /root/javafuse/javafuse-read-only/build/libjavafuse.so
0074d000-0076f000 r-xp 00000000 fd:00 265543     /usr/lib/jvm/java-1.6.0-openjdk-1.6.0.0/jre/lib/i386/libjava.so
0076f000-00771000 rw-p 00022000 fd:00 265543     /usr/lib/jvm/java-1.6.0-openjdk-1.6.0.0/jre/lib/i386/libjava.so
0086d000-00878000 r-xp 00000000 fd:00 265562     /usr/lib/jvm/java-1.6.0-openjdk-1.6.0.0/jre/lib/i386/libverify.so
00878000-00879000 rw-p 0000b000 fd:00 265562     /usr/lib/jvm/java-1.6.0-openjdk-1.6.0.0/jre/lib/i386/libverify.so
008b6000-008bf000 rwxp 00000000 00:00 0 
008bf000-00976000 rwxp 00000000 00:00 0 
009cd000-009d2000 r-xp 00000000 fd:00 653727     /lib/libnss_dns-2.12.so
009d2000-009d3000 r--p 00004000 fd:00 653727     /lib/libnss_dns-2.12.so
009d3000-009d4000 rw-p 00005000 fd:00 653727     /lib/libnss_dns-2.12.so
00a91000-00aaf000 r-xp 00000000 fd:00 672758     /lib/ld-2.12.so
00aaf000-00ab0000 r--p 0001d000 fd:00 672758     /lib/ld-2.12.so
00ab0000-00ab1000 rw-p 0001e000 fd:00 672758     /lib/ld-2.12.so
00ab3000-00ab6000 r-xp 00000000 fd:00 672768     /lib/libdl-2.12.so
00ab6000-00ab7000 r--p 00002000 fd:00 672768     /lib/libdl-2.12.so
00ab7000-00ab8000 rw-p 00003000 fd:00 672768     /lib/libdl-2.12.so
00aba000-00ad1000 r-xp 00000000 fd:00 672762     /lib/libpthread-2.12.so
00ad1000-00ad2000 r--p 00016000 fd:00 672762     /lib/libpthread-2.12.so
00ad2000-00ad3000 rw-p 00017000 fd:00 672762     /lib/libpthread-2.12.so
00ad3000-00ad5000 rw-p 00000000 00:00 0 
00ad7000-00aff000 r-xp 00000000 fd:00 672765     /lib/libm-2.12.so
00aff000-00b00000 r--p 00027000 fd:00 672765     /lib/libm-2.12.so
00b00000-00b01000 rw-p 00028000 fd:00 672765     /lib/libm-2.12.so
00b03000-00b0a000 r-xp 00000000 fd:00 672763     /lib/librt-2.12.so
00b0a000-00b0b000 r--p 00006000 fd:00 672763     /lib/librt-2.12.so
00b0b000-00b0c000 rw-p 00007000 fd:00 672763     /lib/librt-2.12.so
00b2f000-00b41000 r-xp 00000000 fd:00 672767     /lib/libz.so.1.2.3
00b41000-00b42000 rw-p 00011000 fd:00 672767     /lib/libz.so.1.2.3
00be6000-00d6b000 r-xp 00000000 fd:00 672760     /lib/libc-2.12.so
00d6b000-00d6c000 ---p 00185000 fd:00 672760     /lib/libc-2.12.so
00d6c000-00d6e000 r--p 00185000 fd:00 672760     /lib/libc-2.12.so
00d6e000-00d6f000 rw-p 00187000 fd:00 672760     /lib/libc-2.12.so
00d6f000-00d72000 rw-p 00000000 00:00 0 
00d74000-00d89000 r-xp 00000000 fd:00 672771     /lib/libresolv-2.12.so
00d89000-00d8a000 r--p 00014000 fd:00 672771     /lib/libresolv-2.12.so
00d8a000-00d8b000 rw-p 00015000 fd:00 672771     /lib/libresolv-2.12.so
00d8b000-00d8d000 rw-p 00000000 00:00 0 
00da7000-00dcb000 r-xp 00000000 fd:00 656954     /lib/libfuse.so.2.8.3
00dcb000-00dd4000 rw-p 00024000 fd:00 656954     /lib/libfuse.so.2.8.3
00dd4000-013d7000 r-xp 00000000 fd:00 265569     /usr/lib/jvm/java-1.6.0-openjdk-1.6.0.0/jre/lib/i386/server/libjvm.so
013d7000-0142e000 rw-p 00603000 fd:00 265569     /usr/lib/jvm/java-1.6.0-openjdk-1.6.0.0/jre/lib/i386/server/libjvm.so
0142e000-0184f000 rw-p 00000000 00:00 0 
0184f000-01a8f000 rwxp 00000000 00:00 0 
01a8f000-0484f000 rwxp 00000000 00:00 0 
0652e000-06544000 r-xp 00000000 fd:00 672795     /lib/libnsl-2.12.so
06544000-06545000 r--p 00016000 fd:00 672795     /lib/libnsl-2.12.so
06545000-06546000 rw-p 00017000 fd:00 672795     /lib/libnsl-2.12.so
06546000-06548000 rw-p 00000000 00:00 0 
08048000-08053000 r-xp 00000000 fd:00 803860     /root/javafuse/javafuse-read-only/javafuse
08053000-08054000 rw-p 0000a000 fd:00 803860     /root/javafuse/javafuse-read-only/javafuse
08075000-08250000 rw-p 00000000 00:00 0          [heap]
8bb3b000-8bb3c000 ---p 00000000 00:00 0 
8bb3c000-8c53c000 rw-p 00000000 00:00 0 
8c53c000-8c53f000 rwxp 00000000 00:00 0 
8c53f000-8c58d000 rw-p 00000000 00:00 0 
8c58d000-8c590000 ---p 00000000 00:00 0 
8c590000-8c5de000 rw-p 00000000 00:00 0 
8c5de000-8c5e1000 ---p 00000000 00:00 0 
8c5e1000-8c62f000 rw-p 00000000 00:00 0 
8c62f000-8c632000 ---p 00000000 00:00 0 
8c632000-8d030000 rw-p 00000000 00:00 0 
8d030000-8d033000 ---p 00000000 00:00 0 
8d033000-8da31000 rw-p 00000000 00:00 0 
8da31000-8da34000 ---p 00000000 00:00 0 
8da34000-8da82000 rw-p 00000000 00:00 0 
8da82000-8da85000 ---p 00000000 00:00 0 
8da85000-8dad3000 rw-p 00000000 00:00 0 
8dad3000-8dada000 r--s 000fe000 fd:00 265580     /usr/lib/jvm/java-1.6.0-openjdk-1.6.0.0/jre/lib/resources.jar
8dada000-8dadd000 ---p 00000000 00:00 0 
8dadd000-8e4fd000 rw-p 00000000 00:00 0 
8e4fd000-8e500000 ---p 00000000 00:00 0 
8e500000-8eefe000 rw-p 00000000 00:00 0 
8eefe000-8eeff000 ---p 00000000 00:00 0 
8eeff000-8ef7f000 rw-p 00000000 00:00 0 
8ef7f000-8ef82000 ---p 00000000 00:00 0 
8ef82000-8f000000 rw-p 00000000 00:00 0 
8f000000-8f200000 r--p 00000000 fd:00 137199     /usr/lib/locale/locale-archive
8f200000-8f241000 rw-p 00000000 00:00 0 
8f241000-8f300000 ---p 00000000 00:00 0 
8f303000-8f30c000 r--s 00065000 fd:00 265508     /usr/lib/jvm/java-1.6.0-openjdk-1.6.0.0/jre/lib/ext/gnome-java-bridge.jar
8f30c000-8f32e000 rw-p 00000000 00:00 0 
8f32e000-8f331000 ---p 00000000 00:00 0 
8f331000-8f37f000 rw-p 00000000 00:00 0 
8f37f000-8f382000 ---p 00000000 00:00 0 
8f382000-8f400000 rw-p 00000000 00:00 0 
8f400000-8f465000 rw-p 00000000 00:00 0 
8f465000-8f500000 ---p 00000000 00:00 0 
8f505000-8f508000 ---p 00000000 00:00 0 
8f508000-8f556000 rw-p 00000000 00:00 0 
8f556000-8f559000 ---p 00000000 00:00 0 
8f559000-8f5a7000 rw-p 00000000 00:00 0 
8f5a7000-8f5aa000 ---p 00000000 00:00 0 
8f5aa000-8f5f8000 rw-p 00000000 00:00 0 
8f5f8000-8f5f9000 ---p 00000000 00:00 0 
8f5f9000-8f6ac000 rw-p 00000000 00:00 0 
8f6ac000-8f840000 r--s 038cb000 fd:00 265582     /usr/lib/jvm/java-1.6.0-openjdk-1.6.0.0/jre/lib/rt.jar
8f840000-8f940000 rwxp 00000000 00:00 0 
8f940000-93120000 rwxp 00000000 00:00 0 
93120000-93520000 rwxp 00000000 00:00 0 
93520000-af840000 rwxp 00000000 00:00 0 
af840000-b0840000 rwxp 00000000 00:00 0 
b0840000-b7840000 rwxp 00000000 00:00 0 
b7841000-b7845000 r--s 0007c000 fd:00 262262     /usr/lib/jvm/java-1.6.0-openjdk-1.6.0.0/jre/lib/jsse.jar
b7845000-b7848000 rw-p 00000000 00:00 0 
b7849000-b784c000 r--s 0000f000 fd:00 265511     /usr/lib/jvm/java-1.6.0-openjdk-1.6.0.0/jre/lib/ext/pulse-java.jar
b784c000-b7854000 rw-s 00000000 fd:00 653714     /tmp/hsperfdata_root/30807
b7854000-b7855000 rw-p 00000000 00:00 0 
b7855000-b7856000 ---p 00000000 00:00 0 
b7856000-b7858000 rw-p 00000000 00:00 0 
bfe33000-bfe36000 ---p 00000000 00:00 0 
bfe37000-bfe83000 rw-p 00000000 00:00 0          [stack]

VM Arguments:
jvm_args: -Xint -Xcheck:jni 
java_command: <unknown>
Launcher Type: generic

Environment Variables:
PATH=/usr/lib/qt-3.3/bin:/usr/local/sbin:/usr/sbin:/sbin:/usr/local/bin:/usr/bin:/bin:/root/bin
USERNAME=root
LD_LIBRARY_PATH=build:/usr/lib/jvm/java-1.6.0-openjdk-1.6.0.0/jre/lib/i386/server
SHELL=/bin/bash
DISPLAY=:0.0

Signal Handlers:
SIGSEGV: [libjvm.so+0x58fb90], sa_mask[0]=0x7ffbfeff, sa_flags=0x10000004
SIGBUS: [libjvm.so+0x58fb90], sa_mask[0]=0x7ffbfeff, sa_flags=0x10000004
SIGFPE: [libjvm.so+0x484220], sa_mask[0]=0x7ffbfeff, sa_flags=0x10000004
SIGPIPE: [libjvm.so+0x484220], sa_mask[0]=0x7ffbfeff, sa_flags=0x10000004
SIGXFSZ: [libjvm.so+0x484220], sa_mask[0]=0x7ffbfeff, sa_flags=0x10000004
SIGILL: [libjvm.so+0x484220], sa_mask[0]=0x7ffbfeff, sa_flags=0x10000004
SIGUSR1: SIG_DFL, sa_mask[0]=0x00000000, sa_flags=0x00000000
SIGUSR2: [libjvm.so+0x483970], sa_mask[0]=0x00000000, sa_flags=0x10000004
SIGHUP: [libjvm.so+0x485ed0], sa_mask[0]=0x7ffbfeff, sa_flags=0x10000004
SIGINT: [libjvm.so+0x485ed0], sa_mask[0]=0x7ffbfeff, sa_flags=0x10000004
SIGTERM: [libjvm.so+0x485ed0], sa_mask[0]=0x7ffbfeff, sa_flags=0x10000004
SIGQUIT: [libjvm.so+0x485ed0], sa_mask[0]=0x7ffbfeff, sa_flags=0x10000004


---------------  S Y S T E M  ---------------

OS:CentOS Linux release 6.0 (Final)

uname:Linux 2.6.32-71.el6.i686 #1 SMP Fri Nov 12 04:17:17 GMT 2010 i686
libc:glibc 2.12 NPTL 2.12 
rlimit: STACK 10240k, CORE 0k, NPROC 1024, NOFILE 1024, AS infinity
load average:1.41 0.66 0.25

CPU:total 1 (1 cores per cpu, 1 threads per core) family 6 model 23 stepping 6, cmov, cx8, fxsr, mmx, sse, sse2, sse3, ssse3, sse4.1

Memory: 4k page, physical 1031320k(164772k free), swap 2064376k(2059928k free)

vm_info: OpenJDK Server VM (14.0-b16) for linux-x86 JRE (1.6.0_17-b17), built on Jun 25 2011 03:11:37 by "mockbuild" with gcc 4.4.4 20100726 (Red Hat 4.4.4-13)

time: Fri Oct 28 14:13:24 2011
elapsed time: 111 seconds

