#
# A fatal error has been detected by the Java Runtime Environment:
#
#  SIGSEGV (0xb) at pc=0x01140e78, pid=9808, tid=2387975024
#
# JRE version: 6.0_17-b17
# Java VM: OpenJDK Server VM (14.0-b16 interpreted mode linux-x86 )
# Derivative: IcedTea6 1.7.5
# Distribution: Custom build (Sat Jun 25 03:01:37 BST 2011)
# Problematic frame:
# V  [libjvm.so+0x36ce78]
#
# If you would like to submit a bug report, please include
# instructions how to reproduce the bug and visit:
#   http://icedtea.classpath.org/bugzilla
#

---------------  T H R E A D  ---------------

Current thread (0x09464c00):  JavaThread "Thread-3" daemon [_thread_in_vm, id=9820, stack(0x8db59000,0x8e55a000)]

siginfo:si_signo=SIGSEGV: si_errno=0, si_code=1 (SEGV_MAPERR), si_addr=0x00001004

Registers:
EAX=0x8e558c84, EBX=0x01418814, ECX=0x8e558c8c, EDX=0x00001000
ESP=0x8e558bec, EBP=0x8e558c28, ESI=0x09464c00, EDI=0x09464c00
EIP=0x01140e78, CR2=0x00001004, EFLAGS=0x00010292

Top of Stack: (sp=0x8e558bec)
0x8e558bec:   01140dde af8e4fb4 0000027f 00000000
0x8e558bfc:   018592b6 09464d10 8e558c44 8e558c5c
0x8e558c0c:   09464c00 8e558c54 00000000 00000010
0x8e558c1c:   af8e4fb8 af8e4fb4 09464c00 8e558c6c
0x8e558c2c:   0185900a 09464d10 8e558c74 8e558c8c
0x8e558c3c:   00d6f720 8e558c84 00000009 00d6f720
0x8e558c4c:   8e558c4c 00000000 8e558c8c af945b58
0x8e558c5c:   00000000 af8e4fb8 00000000 8e558c7c 

Instructions: (pc=0x01140e78)
0x01140e68:   85 d2 0f 84 94 00 00 00 8b 4d 10 83 ec 04 8b 11
0x01140e78:   8b 4a 04 8d 71 08 8b 49 08 57 ff 75 20 ff 75 1c 

Stack: [0x8db59000,0x8e55a000],  sp=0x8e558bec,  free space=10238k
Native frames: (J=compiled Java code, j=interpreted, Vv=VM code, C=native code)
V  [libjvm.so+0x36ce78]
j  java.lang.System.arraycopy(Ljava/lang/Object;ILjava/lang/Object;II)V+0
j  java.lang.String.getChars(II[CI)V+62
j  java.lang.AbstractStringBuilder.append(Ljava/lang/String;)Ljava/lang/AbstractStringBuilder;+50
j  java.lang.StringBuilder.append(Ljava/lang/String;)Ljava/lang/StringBuilder;+2
j  browsefs.BrowseFS.read_pre(Ljava/lang/String;Ljava/lang/String;IILjavafuse/Fuse_file_info;)I+49
v  ~StubRoutines::call_stub
V  [libjvm.so+0x31c625]
V  [libjvm.so+0x481749]
V  [libjvm.so+0x31b7df]
V  [libjvm.so+0x327dec]
V  [libjvm.so+0x33ed4d]
V  [libjvm.so+0x34a992]
C  [javafuse+0x4666]
C  [libfuse.so.2+0x6a0d]  fuse_fs_read+0x7d
C  [libfuse.so.2+0xf541]
C  [libfuse.so.2+0x139a9]
C  [libfuse.so.2+0x11a72]
C  [libfuse.so.2+0x14d27]  fuse_session_process+0x27
C  [libfuse.so.2+0x10034]
C  [libpthread.so.0+0x69e9]

Java frames: (J=compiled Java code, j=interpreted, Vv=VM code)
j  java.lang.System.arraycopy(Ljava/lang/Object;ILjava/lang/Object;II)V+0
j  java.lang.String.getChars(II[CI)V+62
j  java.lang.AbstractStringBuilder.append(Ljava/lang/String;)Ljava/lang/AbstractStringBuilder;+50
j  java.lang.StringBuilder.append(Ljava/lang/String;)Ljava/lang/StringBuilder;+2
j  browsefs.BrowseFS.read_pre(Ljava/lang/String;Ljava/lang/String;IILjavafuse/Fuse_file_info;)I+49
v  ~StubRoutines::call_stub

---------------  P R O C E S S  ---------------

Java Threads: ( => current thread )
  0x8f326000 JavaThread "Thread-7" daemon [_thread_in_native, id=9882, stack(0x8b2ac000,0x8bcad000)]
  0x0945f400 JavaThread "Thread-6" daemon [_thread_in_native, id=9881, stack(0x8bcad000,0x8c6ae000)]
  0x8f541000 JavaThread "Thread-5" daemon [_thread_in_native, id=9880, stack(0x8c6ae000,0x8d0af000)]
  0x8f304000 JavaThread "Thread-4" daemon [_thread_in_native, id=9879, stack(0x8d0af000,0x8dab0000)]
=>0x09464c00 JavaThread "Thread-3" daemon [_thread_in_vm, id=9820, stack(0x8db59000,0x8e55a000)]
  0x09434000 JavaThread "Firefox output watcher" daemon [_thread_in_native, id=9852, stack(0x8dab0000,0x8db01000)]
  0x0941d800 JavaThread "process reaper" daemon [_thread_in_native, id=9850, stack(0x8db01000,0x8db52000)]
  0x093e1000 JavaThread "Thread-0" daemon [_thread_in_native, id=9819, stack(0x8e57c000,0x8ef7d000)]
  0x093c2000 JavaThread "Low Memory Detector" daemon [_thread_blocked, id=9815, stack(0x8f40d000,0x8f45e000)]
  0x093c0400 JavaThread "CompilerThread1" daemon [_thread_blocked, id=9814, stack(0x8effe000,0x8f07f000)]
  0x093be800 JavaThread "CompilerThread0" daemon [_thread_blocked, id=9813, stack(0x8f07f000,0x8f100000)]
  0x093bd000 JavaThread "Signal Dispatcher" daemon [_thread_blocked, id=9812, stack(0x8f45e000,0x8f4af000)]
  0x093ab400 JavaThread "Finalizer" daemon [_thread_blocked, id=9811, stack(0x8f4af000,0x8f500000)]
  0x093aa000 JavaThread "Reference Handler" daemon [_thread_blocked, id=9810, stack(0x8f627000,0x8f678000)]
  0x09353800 JavaThread "main" [_thread_in_native, id=9808, stack(0xbfb5a000,0xbfbaa000)]

Other Threads:
  0x093a6c00 VMThread [stack: 0x8f678000,0x8f6f9000] [id=9809]
  0x093c3c00 WatcherThread [stack: 0x8ef7d000,0x8effe000] [id=9816]

VM state:not at safepoint (normal execution)

VM Mutex/Monitor currently owned by a thread: None

Heap
 def new generation   total 960K, used 217K [0x8f8c0000, 0x8f9c0000, 0x931a0000)
  eden space 896K,  24% used [0x8f8c0000, 0x8f8f64f8, 0x8f9a0000)
  from space 64K,   0% used [0x8f9a0000, 0x8f9a0000, 0x8f9b0000)
  to   space 64K,   0% used [0x8f9b0000, 0x8f9b0000, 0x8f9c0000)
 tenured generation   total 31612K, used 28941K [0x931a0000, 0x9507f000, 0xaf8c0000)
   the space 31612K,  91% used [0x931a0000, 0x94de3700, 0x94de3800, 0x9507f000)
 compacting perm gen  total 16384K, used 7930K [0xaf8c0000, 0xb08c0000, 0xb78c0000)
   the space 16384K,  48% used [0xaf8c0000, 0xb007e888, 0xb007ea00, 0xb08c0000)
No shared spaces configured.

Dynamic libraries:
00110000-00116000 r-xp 00000000 fd:00 265564     /usr/lib/jvm/java-1.6.0-openjdk-1.6.0.0/jre/lib/i386/native_threads/libhpi.so
00116000-00117000 rw-p 00006000 fd:00 265564     /usr/lib/jvm/java-1.6.0-openjdk-1.6.0.0/jre/lib/i386/native_threads/libhpi.so
00117000-00120000 rwxp 00000000 00:00 0 
00120000-001d7000 rwxp 00000000 00:00 0 
001d7000-001d8000 rwxp 00000000 00:00 0 
001d8000-001f3000 rwxp 00000000 00:00 0 
001f3000-00203000 rwxp 00000000 00:00 0 
00203000-002d7000 rwxp 00000000 00:00 0 
002d7000-002df000 rwxp 00000000 00:00 0 
002df000-00317000 rwxp 00000000 00:00 0 
00317000-00328000 rwxp 00000000 00:00 0 
00328000-003fc000 rwxp 00000000 00:00 0 
003fc000-00403000 r-xp 00000000 fd:00 265555     /usr/lib/jvm/java-1.6.0-openjdk-1.6.0.0/jre/lib/i386/libnio.so
00403000-00404000 rw-p 00006000 fd:00 265555     /usr/lib/jvm/java-1.6.0-openjdk-1.6.0.0/jre/lib/i386/libnio.so
00407000-0040c000 r-xp 00000000 fd:00 653727     /lib/libnss_dns-2.12.so
0040c000-0040d000 r--p 00004000 fd:00 653727     /lib/libnss_dns-2.12.so
0040d000-0040e000 rw-p 00005000 fd:00 653727     /lib/libnss_dns-2.12.so
00518000-0053a000 r-xp 00000000 fd:00 265543     /usr/lib/jvm/java-1.6.0-openjdk-1.6.0.0/jre/lib/i386/libjava.so
0053a000-0053c000 rw-p 00022000 fd:00 265543     /usr/lib/jvm/java-1.6.0-openjdk-1.6.0.0/jre/lib/i386/libjava.so
005b8000-005cb000 r-xp 00000000 fd:00 265554     /usr/lib/jvm/java-1.6.0-openjdk-1.6.0.0/jre/lib/i386/libnet.so
005cb000-005cc000 rw-p 00013000 fd:00 265554     /usr/lib/jvm/java-1.6.0-openjdk-1.6.0.0/jre/lib/i386/libnet.so
006ca000-006cb000 r--p 00000000 00:00 0 
006cd000-006d3000 r-xp 00000000 fd:00 265563     /usr/lib/jvm/java-1.6.0-openjdk-1.6.0.0/jre/lib/i386/libzip.so
006d3000-006d4000 rw-p 00006000 fd:00 265563     /usr/lib/jvm/java-1.6.0-openjdk-1.6.0.0/jre/lib/i386/libzip.so
00779000-00785000 r-xp 00000000 fd:00 653729     /lib/libnss_files-2.12.so
00785000-00786000 r--p 0000b000 fd:00 653729     /lib/libnss_files-2.12.so
00786000-00787000 rw-p 0000c000 fd:00 653729     /lib/libnss_files-2.12.so
007fd000-00806000 r-xp 00000000 fd:00 793086     /root/javafuse/javafuse-read-only/build/libjavafuse.so
00806000-00807000 rw-p 00008000 fd:00 793086     /root/javafuse/javafuse-read-only/build/libjavafuse.so
0089a000-008a3000 rwxp 00000000 00:00 0 
008a3000-008db000 rwxp 00000000 00:00 0 
00976000-00981000 r-xp 00000000 fd:00 265562     /usr/lib/jvm/java-1.6.0-openjdk-1.6.0.0/jre/lib/i386/libverify.so
00981000-00982000 rw-p 0000b000 fd:00 265562     /usr/lib/jvm/java-1.6.0-openjdk-1.6.0.0/jre/lib/i386/libverify.so
00a91000-00aaf000 r-xp 00000000 fd:00 672758     /lib/ld-2.12.so
00aaf000-00ab0000 r--p 0001d000 fd:00 672758     /lib/ld-2.12.so
00ab0000-00ab1000 rw-p 0001e000 fd:00 672758     /lib/ld-2.12.so
00ab3000-00ab6000 r-xp 00000000 fd:00 672768     /lib/libdl-2.12.so
00ab6000-00ab7000 r--p 00002000 fd:00 672768     /lib/libdl-2.12.so
00ab7000-00ab8000 rw-p 00003000 fd:00 672768     /lib/libdl-2.12.so
00aba000-00ad1000 r-xp 00000000 fd:00 672762     /lib/libpthread-2.12.so
00ad1000-00ad2000 r--p 00016000 fd:00 672762     /lib/libpthread-2.12.so
00ad2000-00ad3000 rw-p 00017000 fd:00 672762     /lib/libpthread-2.12.so
00ad3000-00ad5000 rw-p 00000000 00:00 0 
00ad7000-00aff000 r-xp 00000000 fd:00 672765     /lib/libm-2.12.so
00aff000-00b00000 r--p 00027000 fd:00 672765     /lib/libm-2.12.so
00b00000-00b01000 rw-p 00028000 fd:00 672765     /lib/libm-2.12.so
00b03000-00b0a000 r-xp 00000000 fd:00 672763     /lib/librt-2.12.so
00b0a000-00b0b000 r--p 00006000 fd:00 672763     /lib/librt-2.12.so
00b0b000-00b0c000 rw-p 00007000 fd:00 672763     /lib/librt-2.12.so
00b2f000-00b41000 r-xp 00000000 fd:00 672767     /lib/libz.so.1.2.3
00b41000-00b42000 rw-p 00011000 fd:00 672767     /lib/libz.so.1.2.3
00ba7000-00ba8000 r-xp 00000000 00:00 0          [vdso]
00be6000-00d6b000 r-xp 00000000 fd:00 672760     /lib/libc-2.12.so
00d6b000-00d6c000 ---p 00185000 fd:00 672760     /lib/libc-2.12.so
00d6c000-00d6e000 r--p 00185000 fd:00 672760     /lib/libc-2.12.so
00d6e000-00d6f000 rw-p 00187000 fd:00 672760     /lib/libc-2.12.so
00d6f000-00d72000 rw-p 00000000 00:00 0 
00d74000-00d89000 r-xp 00000000 fd:00 672771     /lib/libresolv-2.12.so
00d89000-00d8a000 r--p 00014000 fd:00 672771     /lib/libresolv-2.12.so
00d8a000-00d8b000 rw-p 00015000 fd:00 672771     /lib/libresolv-2.12.so
00d8b000-00d8d000 rw-p 00000000 00:00 0 
00da7000-00dcb000 r-xp 00000000 fd:00 656954     /lib/libfuse.so.2.8.3
00dcb000-00dd4000 rw-p 00024000 fd:00 656954     /lib/libfuse.so.2.8.3
00dd4000-013d7000 r-xp 00000000 fd:00 265569     /usr/lib/jvm/java-1.6.0-openjdk-1.6.0.0/jre/lib/i386/server/libjvm.so
013d7000-0142e000 rw-p 00603000 fd:00 265569     /usr/lib/jvm/java-1.6.0-openjdk-1.6.0.0/jre/lib/i386/server/libjvm.so
0142e000-0184f000 rw-p 00000000 00:00 0 
0184f000-01a8f000 rwxp 00000000 00:00 0 
01a8f000-0484f000 rwxp 00000000 00:00 0 
0652e000-06544000 r-xp 00000000 fd:00 672795     /lib/libnsl-2.12.so
06544000-06545000 r--p 00016000 fd:00 672795     /lib/libnsl-2.12.so
06545000-06546000 rw-p 00017000 fd:00 672795     /lib/libnsl-2.12.so
06546000-06548000 rw-p 00000000 00:00 0 
08048000-08053000 r-xp 00000000 fd:00 803860     /root/javafuse/javafuse-read-only/javafuse
08053000-08054000 rw-p 0000a000 fd:00 803860     /root/javafuse/javafuse-read-only/javafuse
0934f000-0951b000 rw-p 00000000 00:00 0          [heap]
8b2ac000-8b2af000 ---p 00000000 00:00 0 
8b2af000-8bcad000 rw-p 00000000 00:00 0 
8bcad000-8bcb0000 ---p 00000000 00:00 0 
8bcb0000-8c6ae000 rw-p 00000000 00:00 0 
8c6ae000-8c6b1000 ---p 00000000 00:00 0 
8c6b1000-8d0af000 rw-p 00000000 00:00 0 
8d0af000-8d0b2000 ---p 00000000 00:00 0 
8d0b2000-8dab0000 rw-p 00000000 00:00 0 
8dab0000-8dab3000 ---p 00000000 00:00 0 
8dab3000-8db01000 rw-p 00000000 00:00 0 
8db01000-8db04000 ---p 00000000 00:00 0 
8db04000-8db52000 rw-p 00000000 00:00 0 
8db52000-8db59000 r--s 000fe000 fd:00 265580     /usr/lib/jvm/java-1.6.0-openjdk-1.6.0.0/jre/lib/resources.jar
8db59000-8db5c000 ---p 00000000 00:00 0 
8db5c000-8e57c000 rw-p 00000000 00:00 0 
8e57c000-8e57f000 ---p 00000000 00:00 0 
8e57f000-8ef7d000 rw-p 00000000 00:00 0 
8ef7d000-8ef7e000 ---p 00000000 00:00 0 
8ef7e000-8effe000 rw-p 00000000 00:00 0 
8effe000-8f001000 ---p 00000000 00:00 0 
8f001000-8f07f000 rw-p 00000000 00:00 0 
8f07f000-8f082000 ---p 00000000 00:00 0 
8f082000-8f100000 rw-p 00000000 00:00 0 
8f100000-8f300000 r--p 00000000 fd:00 137199     /usr/lib/locale/locale-archive
8f300000-8f359000 rw-p 00000000 00:00 0 
8f359000-8f400000 ---p 00000000 00:00 0 
8f404000-8f40d000 r--s 00065000 fd:00 265508     /usr/lib/jvm/java-1.6.0-openjdk-1.6.0.0/jre/lib/ext/gnome-java-bridge.jar
8f40d000-8f410000 ---p 00000000 00:00 0 
8f410000-8f45e000 rw-p 00000000 00:00 0 
8f45e000-8f461000 ---p 00000000 00:00 0 
8f461000-8f4af000 rw-p 00000000 00:00 0 
8f4af000-8f4b2000 ---p 00000000 00:00 0 
8f4b2000-8f500000 rw-p 00000000 00:00 0 
8f500000-8f57c000 rw-p 00000000 00:00 0 
8f57c000-8f600000 ---p 00000000 00:00 0 
8f601000-8f605000 r--s 0007c000 fd:00 262262     /usr/lib/jvm/java-1.6.0-openjdk-1.6.0.0/jre/lib/jsse.jar
8f605000-8f627000 rw-p 00000000 00:00 0 
8f627000-8f62a000 ---p 00000000 00:00 0 
8f62a000-8f678000 rw-p 00000000 00:00 0 
8f678000-8f679000 ---p 00000000 00:00 0 
8f679000-8f72c000 rw-p 00000000 00:00 0 
8f72c000-8f8c0000 r--s 038cb000 fd:00 265582     /usr/lib/jvm/java-1.6.0-openjdk-1.6.0.0/jre/lib/rt.jar
8f8c0000-8f9c0000 rwxp 00000000 00:00 0 
8f9c0000-931a0000 rwxp 00000000 00:00 0 
931a0000-9507f000 rwxp 00000000 00:00 0 
9507f000-af8c0000 rwxp 00000000 00:00 0 
af8c0000-b08c0000 rwxp 00000000 00:00 0 
b08c0000-b78c0000 rwxp 00000000 00:00 0 
b78c3000-b78c6000 rw-p 00000000 00:00 0 
b78c7000-b78ca000 r--s 0000f000 fd:00 265511     /usr/lib/jvm/java-1.6.0-openjdk-1.6.0.0/jre/lib/ext/pulse-java.jar
b78ca000-b78d2000 rw-s 00000000 fd:00 684022     /tmp/hsperfdata_root/9808
b78d2000-b78d3000 rw-p 00000000 00:00 0 
b78d3000-b78d4000 r--p 00000000 00:00 0 
b78d4000-b78d6000 rw-p 00000000 00:00 0 
bfb5a000-bfb5d000 ---p 00000000 00:00 0 
bfb5e000-bfbaa000 rw-p 00000000 00:00 0          [stack]

VM Arguments:
jvm_args: -Xint -Xcheck:jni 
java_command: <unknown>
Launcher Type: generic

Environment Variables:
PATH=/usr/lib/qt-3.3/bin:/usr/local/sbin:/usr/sbin:/sbin:/usr/local/bin:/usr/bin:/bin:/root/bin
USERNAME=root
LD_LIBRARY_PATH=build:/usr/lib/jvm/java-1.6.0-openjdk-1.6.0.0/jre/lib/i386/server
SHELL=/bin/bash
DISPLAY=:0.0

Signal Handlers:
SIGSEGV: [libjvm.so+0x58fb90], sa_mask[0]=0x7ffbfeff, sa_flags=0x10000004
SIGBUS: [libjvm.so+0x58fb90], sa_mask[0]=0x7ffbfeff, sa_flags=0x10000004
SIGFPE: [libjvm.so+0x484220], sa_mask[0]=0x7ffbfeff, sa_flags=0x10000004
SIGPIPE: [libjvm.so+0x484220], sa_mask[0]=0x7ffbfeff, sa_flags=0x10000004
SIGXFSZ: [libjvm.so+0x484220], sa_mask[0]=0x7ffbfeff, sa_flags=0x10000004
SIGILL: [libjvm.so+0x484220], sa_mask[0]=0x7ffbfeff, sa_flags=0x10000004
SIGUSR1: SIG_DFL, sa_mask[0]=0x00000000, sa_flags=0x00000000
SIGUSR2: [libjvm.so+0x483970], sa_mask[0]=0x00000000, sa_flags=0x10000004
SIGHUP: [libjvm.so+0x485ed0], sa_mask[0]=0x7ffbfeff, sa_flags=0x10000004
SIGINT: [libjvm.so+0x485ed0], sa_mask[0]=0x7ffbfeff, sa_flags=0x10000004
SIGTERM: [libjvm.so+0x485ed0], sa_mask[0]=0x7ffbfeff, sa_flags=0x10000004
SIGQUIT: [libjvm.so+0x485ed0], sa_mask[0]=0x7ffbfeff, sa_flags=0x10000004


---------------  S Y S T E M  ---------------

OS:CentOS Linux release 6.0 (Final)

uname:Linux 2.6.32-71.el6.i686 #1 SMP Fri Nov 12 04:17:17 GMT 2010 i686
libc:glibc 2.12 NPTL 2.12 
rlimit: STACK 10240k, CORE 0k, NPROC 1024, NOFILE 1024, AS infinity
load average:1.09 0.83 0.62

CPU:total 1 (1 cores per cpu, 1 threads per core) family 6 model 23 stepping 6, cmov, cx8, fxsr, mmx, sse, sse2, sse3, ssse3, sse4.1

Memory: 4k page, physical 1031320k(103640k free), swap 2064376k(2054524k free)

vm_info: OpenJDK Server VM (14.0-b16) for linux-x86 JRE (1.6.0_17-b17), built on Jun 25 2011 03:11:37 by "mockbuild" with gcc 4.4.4 20100726 (Red Hat 4.4.4-13)

time: Sun Oct 30 00:23:25 2011
elapsed time: 25 seconds

