#
# A fatal error has been detected by the Java Runtime Environment:
#
#  SIGSEGV (0xb) at pc=0x01140e78, pid=5802, tid=2308344688
#
# JRE version: 6.0_17-b17
# Java VM: OpenJDK Server VM (14.0-b16 interpreted mode linux-x86 )
# Derivative: IcedTea6 1.7.5
# Distribution: Custom build (Sat Jun 25 03:01:37 BST 2011)
# Problematic frame:
# V  [libjvm.so+0x36ce78]
#
# If you would like to submit a bug report, please include
# instructions how to reproduce the bug and visit:
#   http://icedtea.classpath.org/bugzilla
#

---------------  T H R E A D  ---------------

Current thread (0x08cd0800):  JavaThread "Thread-2942" daemon [_thread_in_vm, id=8877, stack(0x88f68000,0x89969000)]

siginfo:si_signo=SIGSEGV: si_errno=0, si_code=1 (SEGV_MAPERR), si_addr=0x00001004

Registers:
EAX=0x89967c84, EBX=0x01418814, ECX=0x89967c8c, EDX=0x00001000
ESP=0x89967bec, EBP=0x89967c28, ESI=0x08cd0800, EDI=0x08cd0800
EIP=0x01140e78, CR2=0x00001004, EFLAGS=0x00210292

Top of Stack: (sp=0x89967bec)
0x89967bec:   01140dde af734fb4 0000027f 00000000
0x89967bfc:   02ab22b6 08cd0910 89967c44 89967c5c
0x89967c0c:   08cd0800 89967c54 00000000 00000010
0x89967c1c:   af734fb8 af734fb4 08cd0800 89967c6c
0x89967c2c:   02ab200a 08cd0910 89967c74 89967c8c
0x89967c3c:   00d6f730 89967c84 00000009 00d6f730
0x89967c4c:   89967c4c 00000000 89967c8c af795ad0
0x89967c5c:   00000000 af734fb8 00000000 89967c7c 

Instructions: (pc=0x01140e78)
0x01140e68:   85 d2 0f 84 94 00 00 00 8b 4d 10 83 ec 04 8b 11
0x01140e78:   8b 4a 04 8d 71 08 8b 49 08 57 ff 75 20 ff 75 1c 

Stack: [0x88f68000,0x89969000],  sp=0x89967bec,  free space=10238k
Native frames: (J=compiled Java code, j=interpreted, Vv=VM code, C=native code)
V  [libjvm.so+0x36ce78]
j  java.lang.System.arraycopy(Ljava/lang/Object;ILjava/lang/Object;II)V+0
j  java.lang.String.getChars(II[CI)V+62
j  java.lang.AbstractStringBuilder.append(Ljava/lang/String;)Ljava/lang/AbstractStringBuilder;+50
j  java.lang.StringBuilder.append(Ljava/lang/String;)Ljava/lang/StringBuilder;+2
j  browsefs.BrowseFS.read_pre(Ljava/lang/String;Ljava/lang/String;IILjavafuse/Fuse_file_info;)I+92
v  ~StubRoutines::call_stub
V  [libjvm.so+0x31c625]
V  [libjvm.so+0x481749]
V  [libjvm.so+0x31b7df]
V  [libjvm.so+0x327dec]
V  [libjvm.so+0x33ed4d]
V  [libjvm.so+0x34a992]
C  [javafuse+0x4666]
C  [libfuse.so.2+0x6a0d]  fuse_fs_read+0x7d
C  [libfuse.so.2+0xf541]
C  [libfuse.so.2+0x139a9]
C  [libfuse.so.2+0x11a72]
C  [libfuse.so.2+0x14d27]  fuse_session_process+0x27
C  [libfuse.so.2+0x10034]
C  [libpthread.so.0+0x69e9]

Java frames: (J=compiled Java code, j=interpreted, Vv=VM code)
j  java.lang.System.arraycopy(Ljava/lang/Object;ILjava/lang/Object;II)V+0
j  java.lang.String.getChars(II[CI)V+62
j  java.lang.AbstractStringBuilder.append(Ljava/lang/String;)Ljava/lang/AbstractStringBuilder;+50
j  java.lang.StringBuilder.append(Ljava/lang/String;)Ljava/lang/StringBuilder;+2
j  browsefs.BrowseFS.read_pre(Ljava/lang/String;Ljava/lang/String;IILjavafuse/Fuse_file_info;)I+92
v  ~StubRoutines::call_stub

---------------  P R O C E S S  ---------------

Java Threads: ( => current thread )
  0x8f134c00 JavaThread "Timer-4687" daemon [_thread_blocked, id=10735, stack(0x8ca49000,0x8ca9a000)]
  0x08d74400 JavaThread "Timer-4686" daemon [_thread_blocked, id=10734, stack(0x8cc80000,0x8ccd1000)]
=>0x08cd0800 JavaThread "Thread-2942" daemon [_thread_in_vm, id=8877, stack(0x88f68000,0x89969000)]
  0x08ba6800 JavaThread "Thread-1662" daemon [_thread_in_native, id=7563, stack(0x89b4f000,0x8a550000)]
  0x08bb2000 JavaThread "Thread-1661" daemon [_thread_in_native, id=7557, stack(0x8a550000,0x8af51000)]
  0x08aeb000 JavaThread "Thread-207" daemon [_thread_in_native, id=6071, stack(0x8b4b2000,0x8beb3000)]
  0x08aee000 JavaThread "Thread-70" daemon [_thread_in_native, id=5936, stack(0x8bf04000,0x8c905000)]
  0x8f322400 JavaThread "Thread-8" daemon [_thread_in_native, id=5874, stack(0x8ceb7000,0x8d8b8000)]
  0x8f122000 JavaThread "Thread-4" daemon [_thread_in_native, id=5813, stack(0x8d9ab000,0x8e3ac000)]
  0x08ad4400 JavaThread "Thread-0" daemon [_thread_in_native, id=5812, stack(0x8e3ac000,0x8edad000)]
  0x08ab5400 JavaThread "Low Memory Detector" daemon [_thread_blocked, id=5809, stack(0x8ee2e000,0x8ee7f000)]
  0x08ab3400 JavaThread "CompilerThread1" daemon [_thread_blocked, id=5808, stack(0x8ee7f000,0x8ef00000)]
  0x08ab1c00 JavaThread "CompilerThread0" daemon [_thread_blocked, id=5807, stack(0x8f22e000,0x8f2af000)]
  0x08ab0400 JavaThread "Signal Dispatcher" daemon [_thread_blocked, id=5806, stack(0x8f2af000,0x8f300000)]
  0x08a9b400 JavaThread "Finalizer" daemon [_thread_blocked, id=5805, stack(0x8f426000,0x8f477000)]
  0x08a9a000 JavaThread "Reference Handler" daemon [_thread_blocked, id=5804, stack(0x8f477000,0x8f4c8000)]
  0x08a43800 JavaThread "main" [_thread_in_native, id=5802, stack(0xbfeae000,0xbfefe000)]

Other Threads:
  0x08a96c00 VMThread [stack: 0x8f4c8000,0x8f549000] [id=5803]
  0x08ab7000 WatcherThread [stack: 0x8edad000,0x8ee2e000] [id=5810]

VM state:not at safepoint (normal execution)

VM Mutex/Monitor currently owned by a thread: None

Heap
 def new generation   total 960K, used 56K [0x8f710000, 0x8f810000, 0x92ff0000)
  eden space 896K,   6% used [0x8f710000, 0x8f71e250, 0x8f7f0000)
  from space 64K,   0% used [0x8f800000, 0x8f800000, 0x8f810000)
  to   space 64K,   0% used [0x8f7f0000, 0x8f7f0000, 0x8f800000)
 tenured generation   total 33560K, used 29633K [0x92ff0000, 0x950b6000, 0xaf710000)
   the space 33560K,  88% used [0x92ff0000, 0x94ce06f0, 0x94ce0800, 0x950b6000)
 compacting perm gen  total 16384K, used 9453K [0xaf710000, 0xb0710000, 0xb7710000)
   the space 16384K,  57% used [0xaf710000, 0xb004b698, 0xb004b800, 0xb0710000)
No shared spaces configured.

Dynamic libraries:
00120000-00129000 r-xp 00000000 fd:00 793086     /root/javafuse/javafuse-read-only/build/libjavafuse.so
00129000-0012a000 rw-p 00008000 fd:00 793086     /root/javafuse/javafuse-read-only/build/libjavafuse.so
0012a000-0012b000 rwxp 00000000 00:00 0 
0012b000-00146000 rwxp 00000000 00:00 0 
00146000-00157000 rwxp 00000000 00:00 0 
00157000-0022a000 rwxp 00000000 00:00 0 
0022a000-00232000 rwxp 00000000 00:00 0 
00232000-0026a000 rwxp 00000000 00:00 0 
0026a000-00274000 rwxp 00000000 00:00 0 
00274000-002ac000 rwxp 00000000 00:00 0 
002ac000-002bf000 r-xp 00000000 fd:00 265554     /usr/lib/jvm/java-1.6.0-openjdk-1.6.0.0/jre/lib/i386/libnet.so
002bf000-002c0000 rw-p 00013000 fd:00 265554     /usr/lib/jvm/java-1.6.0-openjdk-1.6.0.0/jre/lib/i386/libnet.so
002f5000-002f6000 r-xp 00000000 00:00 0          [vdso]
002f6000-00307000 rwxp 00000000 00:00 0 
00307000-003da000 rwxp 00000000 00:00 0 
0041f000-0042b000 r-xp 00000000 fd:00 653729     /lib/libnss_files-2.12.so
0042b000-0042c000 r--p 0000b000 fd:00 653729     /lib/libnss_files-2.12.so
0042c000-0042d000 rw-p 0000c000 fd:00 653729     /lib/libnss_files-2.12.so
004a9000-004cb000 r-xp 00000000 fd:00 265543     /usr/lib/jvm/java-1.6.0-openjdk-1.6.0.0/jre/lib/i386/libjava.so
004cb000-004cd000 rw-p 00022000 fd:00 265543     /usr/lib/jvm/java-1.6.0-openjdk-1.6.0.0/jre/lib/i386/libjava.so
0052e000-00534000 r-xp 00000000 fd:00 265563     /usr/lib/jvm/java-1.6.0-openjdk-1.6.0.0/jre/lib/i386/libzip.so
00534000-00535000 rw-p 00006000 fd:00 265563     /usr/lib/jvm/java-1.6.0-openjdk-1.6.0.0/jre/lib/i386/libzip.so
00543000-0054e000 r-xp 00000000 fd:00 265562     /usr/lib/jvm/java-1.6.0-openjdk-1.6.0.0/jre/lib/i386/libverify.so
0054e000-0054f000 rw-p 0000b000 fd:00 265562     /usr/lib/jvm/java-1.6.0-openjdk-1.6.0.0/jre/lib/i386/libverify.so
00599000-0059a000 r--p 00000000 00:00 0 
005a1000-005a8000 r-xp 00000000 fd:00 265555     /usr/lib/jvm/java-1.6.0-openjdk-1.6.0.0/jre/lib/i386/libnio.so
005a8000-005a9000 rw-p 00006000 fd:00 265555     /usr/lib/jvm/java-1.6.0-openjdk-1.6.0.0/jre/lib/i386/libnio.so
00706000-0070b000 r-xp 00000000 fd:00 653727     /lib/libnss_dns-2.12.so
0070b000-0070c000 r--p 00004000 fd:00 653727     /lib/libnss_dns-2.12.so
0070c000-0070d000 rw-p 00005000 fd:00 653727     /lib/libnss_dns-2.12.so
0081e000-00824000 r-xp 00000000 fd:00 265564     /usr/lib/jvm/java-1.6.0-openjdk-1.6.0.0/jre/lib/i386/native_threads/libhpi.so
00824000-00825000 rw-p 00006000 fd:00 265564     /usr/lib/jvm/java-1.6.0-openjdk-1.6.0.0/jre/lib/i386/native_threads/libhpi.so
00932000-0093b000 rwxp 00000000 00:00 0 
0093b000-009f2000 rwxp 00000000 00:00 0 
00a91000-00aaf000 r-xp 00000000 fd:00 672758     /lib/ld-2.12.so
00aaf000-00ab0000 r--p 0001d000 fd:00 672758     /lib/ld-2.12.so
00ab0000-00ab1000 rw-p 0001e000 fd:00 672758     /lib/ld-2.12.so
00ab3000-00ab6000 r-xp 00000000 fd:00 672768     /lib/libdl-2.12.so
00ab6000-00ab7000 r--p 00002000 fd:00 672768     /lib/libdl-2.12.so
00ab7000-00ab8000 rw-p 00003000 fd:00 672768     /lib/libdl-2.12.so
00aba000-00ad1000 r-xp 00000000 fd:00 672762     /lib/libpthread-2.12.so
00ad1000-00ad2000 r--p 00016000 fd:00 672762     /lib/libpthread-2.12.so
00ad2000-00ad3000 rw-p 00017000 fd:00 672762     /lib/libpthread-2.12.so
00ad3000-00ad5000 rw-p 00000000 00:00 0 
00ad7000-00aff000 r-xp 00000000 fd:00 672765     /lib/libm-2.12.so
00aff000-00b00000 r--p 00027000 fd:00 672765     /lib/libm-2.12.so
00b00000-00b01000 rw-p 00028000 fd:00 672765     /lib/libm-2.12.so
00b03000-00b0a000 r-xp 00000000 fd:00 672763     /lib/librt-2.12.so
00b0a000-00b0b000 r--p 00006000 fd:00 672763     /lib/librt-2.12.so
00b0b000-00b0c000 rw-p 00007000 fd:00 672763     /lib/librt-2.12.so
00b2f000-00b41000 r-xp 00000000 fd:00 672767     /lib/libz.so.1.2.3
00b41000-00b42000 rw-p 00011000 fd:00 672767     /lib/libz.so.1.2.3
00be6000-00d6b000 r-xp 00000000 fd:00 672760     /lib/libc-2.12.so
00d6b000-00d6c000 ---p 00185000 fd:00 672760     /lib/libc-2.12.so
00d6c000-00d6e000 r--p 00185000 fd:00 672760     /lib/libc-2.12.so
00d6e000-00d6f000 rw-p 00187000 fd:00 672760     /lib/libc-2.12.so
00d6f000-00d72000 rw-p 00000000 00:00 0 
00d74000-00d89000 r-xp 00000000 fd:00 672771     /lib/libresolv-2.12.so
00d89000-00d8a000 r--p 00014000 fd:00 672771     /lib/libresolv-2.12.so
00d8a000-00d8b000 rw-p 00015000 fd:00 672771     /lib/libresolv-2.12.so
00d8b000-00d8d000 rw-p 00000000 00:00 0 
00da7000-00dcb000 r-xp 00000000 fd:00 656954     /lib/libfuse.so.2.8.3
00dcb000-00dd4000 rw-p 00024000 fd:00 656954     /lib/libfuse.so.2.8.3
00dd4000-013d7000 r-xp 00000000 fd:00 265569     /usr/lib/jvm/java-1.6.0-openjdk-1.6.0.0/jre/lib/i386/server/libjvm.so
013d7000-0142e000 rw-p 00603000 fd:00 265569     /usr/lib/jvm/java-1.6.0-openjdk-1.6.0.0/jre/lib/i386/server/libjvm.so
0142e000-0184f000 rw-p 00000000 00:00 0 
02aa8000-02ce8000 rwxp 00000000 00:00 0 
02ce8000-05aa8000 rwxp 00000000 00:00 0 
0652e000-06544000 r-xp 00000000 fd:00 672795     /lib/libnsl-2.12.so
06544000-06545000 r--p 00016000 fd:00 672795     /lib/libnsl-2.12.so
06545000-06546000 rw-p 00017000 fd:00 672795     /lib/libnsl-2.12.so
06546000-06548000 rw-p 00000000 00:00 0 
08048000-08053000 r-xp 00000000 fd:00 803860     /root/javafuse/javafuse-read-only/javafuse
08053000-08054000 rw-p 0000a000 fd:00 803860     /root/javafuse/javafuse-read-only/javafuse
08a3f000-08dfe000 rw-p 00000000 00:00 0          [heap]
88f68000-88f6b000 ---p 00000000 00:00 0 
88f6b000-89969000 rw-p 00000000 00:00 0 
89969000-8996c000 rwxp 00000000 00:00 0 
8996c000-899ba000 rw-p 00000000 00:00 0 
899ba000-899bd000 rwxp 00000000 00:00 0 
899bd000-89a0b000 rw-p 00000000 00:00 0 
89a0b000-89a0e000 rwxp 00000000 00:00 0 
89a0e000-89a5c000 rw-p 00000000 00:00 0 
89a5c000-89a5f000 rwxp 00000000 00:00 0 
89a5f000-89aad000 rw-p 00000000 00:00 0 
89aad000-89ab0000 rwxp 00000000 00:00 0 
89ab0000-89afe000 rw-p 00000000 00:00 0 
89afe000-89b01000 rwxp 00000000 00:00 0 
89b01000-89b4f000 rw-p 00000000 00:00 0 
89b4f000-89b52000 ---p 00000000 00:00 0 
89b52000-8a550000 rw-p 00000000 00:00 0 
8a550000-8a553000 ---p 00000000 00:00 0 
8a553000-8af51000 rw-p 00000000 00:00 0 
8af51000-8af54000 rwxp 00000000 00:00 0 
8af54000-8afa2000 rw-p 00000000 00:00 0 
8afa2000-8afa5000 rwxp 00000000 00:00 0 
8afa5000-8aff3000 rw-p 00000000 00:00 0 
8aff3000-8aff6000 rwxp 00000000 00:00 0 
8aff6000-8b044000 rw-p 00000000 00:00 0 
8b044000-8b047000 rwxp 00000000 00:00 0 
8b047000-8b095000 rw-p 00000000 00:00 0 
8b095000-8b098000 rwxp 00000000 00:00 0 
8b098000-8b0e6000 rw-p 00000000 00:00 0 
8b0e6000-8b0e9000 rwxp 00000000 00:00 0 
8b0e9000-8b137000 rw-p 00000000 00:00 0 
8b137000-8b13a000 rwxp 00000000 00:00 0 
8b13a000-8b188000 rw-p 00000000 00:00 0 
8b188000-8b18b000 rwxp 00000000 00:00 0 
8b18b000-8b1d9000 rw-p 00000000 00:00 0 
8b1d9000-8b1dc000 rwxp 00000000 00:00 0 
8b1dc000-8b22a000 rw-p 00000000 00:00 0 
8b22a000-8b22d000 rwxp 00000000 00:00 0 
8b22d000-8b27b000 rw-p 00000000 00:00 0 
8b27b000-8b27e000 rwxp 00000000 00:00 0 
8b27e000-8b2cc000 rw-p 00000000 00:00 0 
8b2cc000-8b2cf000 rwxp 00000000 00:00 0 
8b2cf000-8b31d000 rw-p 00000000 00:00 0 
8b31d000-8b320000 rwxp 00000000 00:00 0 
8b320000-8b36e000 rw-p 00000000 00:00 0 
8b36e000-8b371000 rwxp 00000000 00:00 0 
8b371000-8b3bf000 rw-p 00000000 00:00 0 
8b3bf000-8b3c2000 rwxp 00000000 00:00 0 
8b3c2000-8b410000 rw-p 00000000 00:00 0 
8b410000-8b413000 rwxp 00000000 00:00 0 
8b413000-8b461000 rw-p 00000000 00:00 0 
8b461000-8b464000 rwxp 00000000 00:00 0 
8b464000-8b4b2000 rw-p 00000000 00:00 0 
8b4b2000-8b4b5000 ---p 00000000 00:00 0 
8b4b5000-8beb3000 rw-p 00000000 00:00 0 
8beb3000-8beb6000 rwxp 00000000 00:00 0 
8beb6000-8bf04000 rw-p 00000000 00:00 0 
8bf04000-8bf07000 ---p 00000000 00:00 0 
8bf07000-8c905000 rw-p 00000000 00:00 0 
8c905000-8c908000 rwxp 00000000 00:00 0 
8c908000-8c956000 rw-p 00000000 00:00 0 
8c956000-8c959000 rwxp 00000000 00:00 0 
8c959000-8c9a7000 rw-p 00000000 00:00 0 
8c9a7000-8c9aa000 rwxp 00000000 00:00 0 
8c9aa000-8c9f8000 rw-p 00000000 00:00 0 
8c9f8000-8c9fb000 rwxp 00000000 00:00 0 
8c9fb000-8ca49000 rw-p 00000000 00:00 0 
8ca49000-8ca4c000 ---p 00000000 00:00 0 
8ca4c000-8ca9a000 rw-p 00000000 00:00 0 
8ca9a000-8ca9d000 rwxp 00000000 00:00 0 
8ca9d000-8caeb000 rw-p 00000000 00:00 0 
8caeb000-8caee000 rwxp 00000000 00:00 0 
8caee000-8cb3c000 rw-p 00000000 00:00 0 
8cb3c000-8cb3f000 rwxp 00000000 00:00 0 
8cb3f000-8cb8d000 rw-p 00000000 00:00 0 
8cb8d000-8cb90000 rwxp 00000000 00:00 0 
8cb90000-8cbde000 rw-p 00000000 00:00 0 
8cbde000-8cbe1000 rwxp 00000000 00:00 0 
8cbe1000-8cc2f000 rw-p 00000000 00:00 0 
8cc2f000-8cc32000 rwxp 00000000 00:00 0 
8cc32000-8cc80000 rw-p 00000000 00:00 0 
8cc80000-8cc83000 ---p 00000000 00:00 0 
8cc83000-8ccd1000 rw-p 00000000 00:00 0 
8ccd1000-8ccd4000 rwxp 00000000 00:00 0 
8ccd4000-8cd22000 rw-p 00000000 00:00 0 
8cd22000-8cd25000 rwxp 00000000 00:00 0 
8cd25000-8cd73000 rw-p 00000000 00:00 0 
8cd73000-8cd76000 rwxp 00000000 00:00 0 
8cd76000-8cdc4000 rw-p 00000000 00:00 0 
8cdc4000-8cdc7000 rwxp 00000000 00:00 0 
8cdc7000-8ce15000 rw-p 00000000 00:00 0 
8ce15000-8ce18000 rwxp 00000000 00:00 0 
8ce18000-8ce66000 rw-p 00000000 00:00 0 
8ce66000-8ce69000 rwxp 00000000 00:00 0 
8ce69000-8ceb7000 rw-p 00000000 00:00 0 
8ceb7000-8ceba000 ---p 00000000 00:00 0 
8ceba000-8d8b8000 rw-p 00000000 00:00 0 
8d8b8000-8d8bb000 rwxp 00000000 00:00 0 
8d8bb000-8d909000 rw-p 00000000 00:00 0 
8d909000-8d90c000 rwxp 00000000 00:00 0 
8d90c000-8d95a000 rw-p 00000000 00:00 0 
8d95a000-8d95d000 rwxp 00000000 00:00 0 
8d95d000-8d9ab000 rw-p 00000000 00:00 0 
8d9ab000-8d9ae000 ---p 00000000 00:00 0 
8d9ae000-8e3ac000 rw-p 00000000 00:00 0 
8e3ac000-8e3af000 ---p 00000000 00:00 0 
8e3af000-8edad000 rw-p 00000000 00:00 0 
8edad000-8edae000 ---p 00000000 00:00 0 
8edae000-8ee2e000 rw-p 00000000 00:00 0 
8ee2e000-8ee31000 ---p 00000000 00:00 0 
8ee31000-8ee7f000 rw-p 00000000 00:00 0 
8ee7f000-8ee82000 ---p 00000000 00:00 0 
8ee82000-8ef00000 rw-p 00000000 00:00 0 
8ef00000-8f100000 r--p 00000000 fd:00 137199     /usr/lib/locale/locale-archive
8f100000-8f1e2000 rw-p 00000000 00:00 0 
8f1e2000-8f200000 ---p 00000000 00:00 0 
8f200000-8f202000 r--s 00013000 fd:00 265570     /usr/lib/jvm/java-1.6.0-openjdk-1.6.0.0/jre/lib/jce.jar
8f202000-8f205000 r--s 00031000 fd:00 265512     /usr/lib/jvm/java-1.6.0-openjdk-1.6.0.0/jre/lib/ext/sunjce_provider.jar
8f205000-8f20c000 r--s 000fe000 fd:00 265580     /usr/lib/jvm/java-1.6.0-openjdk-1.6.0.0/jre/lib/resources.jar
8f20c000-8f22e000 rw-p 00000000 00:00 0 
8f22e000-8f231000 ---p 00000000 00:00 0 
8f231000-8f2af000 rw-p 00000000 00:00 0 
8f2af000-8f2b2000 ---p 00000000 00:00 0 
8f2b2000-8f300000 rw-p 00000000 00:00 0 
8f300000-8f3ff000 rw-p 00000000 00:00 0 
8f3ff000-8f400000 ---p 00000000 00:00 0 
8f400000-8f404000 r--s 0007c000 fd:00 262262     /usr/lib/jvm/java-1.6.0-openjdk-1.6.0.0/jre/lib/jsse.jar
8f404000-8f426000 rw-p 00000000 00:00 0 
8f426000-8f429000 ---p 00000000 00:00 0 
8f429000-8f477000 rw-p 00000000 00:00 0 
8f477000-8f47a000 ---p 00000000 00:00 0 
8f47a000-8f4c8000 rw-p 00000000 00:00 0 
8f4c8000-8f4c9000 ---p 00000000 00:00 0 
8f4c9000-8f57c000 rw-p 00000000 00:00 0 
8f57c000-8f710000 r--s 038cb000 fd:00 265582     /usr/lib/jvm/java-1.6.0-openjdk-1.6.0.0/jre/lib/rt.jar
8f710000-8f810000 rwxp 00000000 00:00 0 
8f810000-92ff0000 rwxp 00000000 00:00 0 
92ff0000-950b6000 rwxp 00000000 00:00 0 
950b6000-af710000 rwxp 00000000 00:00 0 
af710000-b0710000 rwxp 00000000 00:00 0 
b0710000-b7710000 rwxp 00000000 00:00 0 
b7710000-b7719000 r--s 00065000 fd:00 265508     /usr/lib/jvm/java-1.6.0-openjdk-1.6.0.0/jre/lib/ext/gnome-java-bridge.jar
b7719000-b771c000 rw-p 00000000 00:00 0 
b771d000-b7720000 r--s 0000f000 fd:00 265511     /usr/lib/jvm/java-1.6.0-openjdk-1.6.0.0/jre/lib/ext/pulse-java.jar
b7720000-b7728000 rw-s 00000000 fd:00 919967     /tmp/hsperfdata_root/5802
b7728000-b7729000 rw-p 00000000 00:00 0 
b7729000-b772a000 r--p 00000000 00:00 0 
b772a000-b772c000 rw-p 00000000 00:00 0 
bfeae000-bfeb1000 ---p 00000000 00:00 0 
bfeb2000-bfefe000 rw-p 00000000 00:00 0          [stack]

VM Arguments:
jvm_args: -Xint -Xcheck:jni 
java_command: <unknown>
Launcher Type: generic

Environment Variables:
PATH=/usr/lib/qt-3.3/bin:/usr/local/sbin:/usr/sbin:/sbin:/usr/local/bin:/usr/bin:/bin:/root/bin
USERNAME=root
LD_LIBRARY_PATH=build:/usr/lib/jvm/java-1.6.0-openjdk-1.6.0.0/jre/lib/i386/server
SHELL=/bin/bash
DISPLAY=:0.0

Signal Handlers:
SIGSEGV: [libjvm.so+0x58fb90], sa_mask[0]=0x7ffbfeff, sa_flags=0x10000004
SIGBUS: [libjvm.so+0x58fb90], sa_mask[0]=0x7ffbfeff, sa_flags=0x10000004
SIGFPE: [libjvm.so+0x484220], sa_mask[0]=0x7ffbfeff, sa_flags=0x10000004
SIGPIPE: [libjvm.so+0x484220], sa_mask[0]=0x7ffbfeff, sa_flags=0x10000004
SIGXFSZ: [libjvm.so+0x484220], sa_mask[0]=0x7ffbfeff, sa_flags=0x10000004
SIGILL: [libjvm.so+0x484220], sa_mask[0]=0x7ffbfeff, sa_flags=0x10000004
SIGUSR1: SIG_DFL, sa_mask[0]=0x00000000, sa_flags=0x00000000
SIGUSR2: [libjvm.so+0x483970], sa_mask[0]=0x00000000, sa_flags=0x10000004
SIGHUP: [libjvm.so+0x485ed0], sa_mask[0]=0x7ffbfeff, sa_flags=0x10000004
SIGINT: [libjvm.so+0x485ed0], sa_mask[0]=0x7ffbfeff, sa_flags=0x10000004
SIGTERM: [libjvm.so+0x485ed0], sa_mask[0]=0x7ffbfeff, sa_flags=0x10000004
SIGQUIT: [libjvm.so+0x485ed0], sa_mask[0]=0x7ffbfeff, sa_flags=0x10000004


---------------  S Y S T E M  ---------------

OS:CentOS Linux release 6.0 (Final)

uname:Linux 2.6.32-71.el6.i686 #1 SMP Fri Nov 12 04:17:17 GMT 2010 i686
libc:glibc 2.12 NPTL 2.12 
rlimit: STACK 10240k, CORE 0k, NPROC 1024, NOFILE 1024, AS infinity
load average:0.63 0.50 0.32

CPU:total 1 (1 cores per cpu, 1 threads per core) family 6 model 23 stepping 6, cmov, cx8, fxsr, mmx, sse, sse2, sse3, ssse3, sse4.1

Memory: 4k page, physical 1031320k(135476k free), swap 2064376k(2037524k free)

vm_info: OpenJDK Server VM (14.0-b16) for linux-x86 JRE (1.6.0_17-b17), built on Jun 25 2011 03:11:37 by "mockbuild" with gcc 4.4.4 20100726 (Red Hat 4.4.4-13)

time: Wed Nov  2 08:04:21 2011
elapsed time: 311 seconds

