#
# A fatal error has been detected by the Java Runtime Environment:
#
#  SIGSEGV (0xb) at pc=0x012fee78, pid=24586, tid=2387262320
#
# JRE version: 6.0_17-b17
# Java VM: OpenJDK Server VM (14.0-b16 interpreted mode linux-x86 )
# Derivative: IcedTea6 1.7.5
# Distribution: Custom build (Sat Jun 25 03:01:37 BST 2011)
# Problematic frame:
# V  [libjvm.so+0x36ce78]
#
# If you would like to submit a bug report, please include
# instructions how to reproduce the bug and visit:
#   http://icedtea.classpath.org/bugzilla
#

---------------  T H R E A D  ---------------

Current thread (0x0a08b400):  JavaThread "Thread-3" daemon [_thread_in_vm, id=24597, stack(0x8daab000,0x8e4ac000)]

siginfo:si_signo=SIGSEGV: si_errno=0, si_code=1 (SEGV_MAPERR), si_addr=0x00001004

Registers:
EAX=0x8e4aac84, EBX=0x015d6814, ECX=0x8e4aac8c, EDX=0x00001000
ESP=0x8e4aabec, EBP=0x8e4aac28, ESI=0x0a08b400, EDI=0x0a08b400
EIP=0x012fee78, CR2=0x00001004, EFLAGS=0x00210292

Top of Stack: (sp=0x8e4aabec)
0x8e4aabec:   012fedde af854fb4 0000027f 00000000
0x8e4aabfc:   01a172b6 0a08b510 8e4aac44 8e4aac5c
0x8e4aac0c:   0a08b400 8e4aac54 00000000 00000010
0x8e4aac1c:   af854fb8 af854fb4 0a08b400 8e4aac6c
0x8e4aac2c:   01a1700a 0a08b510 8e4aac74 8e4aac8c
0x8e4aac3c:   00d6f710 8e4aac84 00000009 00d6f710
0x8e4aac4c:   8e4aac4c 00000000 8e4aac8c af8b5b58
0x8e4aac5c:   00000000 af854fb8 00000000 8e4aac7c 

Instructions: (pc=0x012fee78)
0x012fee68:   85 d2 0f 84 94 00 00 00 8b 4d 10 83 ec 04 8b 11
0x012fee78:   8b 4a 04 8d 71 08 8b 49 08 57 ff 75 20 ff 75 1c 

Stack: [0x8daab000,0x8e4ac000],  sp=0x8e4aabec,  free space=10238k
Native frames: (J=compiled Java code, j=interpreted, Vv=VM code, C=native code)
V  [libjvm.so+0x36ce78]
j  java.lang.System.arraycopy(Ljava/lang/Object;ILjava/lang/Object;II)V+0
j  java.lang.String.getChars(II[CI)V+62
j  java.lang.AbstractStringBuilder.append(Ljava/lang/String;)Ljava/lang/AbstractStringBuilder;+50
j  java.lang.StringBuilder.append(Ljava/lang/String;)Ljava/lang/StringBuilder;+2
j  browsefs.BrowseFS.read_pre(Ljava/lang/String;Ljava/lang/String;IILjavafuse/Fuse_file_info;)I+49
v  ~StubRoutines::call_stub
V  [libjvm.so+0x31c625]
V  [libjvm.so+0x481749]
V  [libjvm.so+0x31b7df]
V  [libjvm.so+0x327dec]
V  [libjvm.so+0x33ed4d]
V  [libjvm.so+0x34a992]
C  [javafuse+0x4666]
C  [libfuse.so.2+0x6a0d]  fuse_fs_read+0x7d
C  [libfuse.so.2+0xf541]
C  [libfuse.so.2+0x139a9]
C  [libfuse.so.2+0x11a72]
C  [libfuse.so.2+0x14d27]  fuse_session_process+0x27
C  [libfuse.so.2+0x10034]
C  [libpthread.so.0+0x69e9]

Java frames: (J=compiled Java code, j=interpreted, Vv=VM code)
j  java.lang.System.arraycopy(Ljava/lang/Object;ILjava/lang/Object;II)V+0
j  java.lang.String.getChars(II[CI)V+62
j  java.lang.AbstractStringBuilder.append(Ljava/lang/String;)Ljava/lang/AbstractStringBuilder;+50
j  java.lang.StringBuilder.append(Ljava/lang/String;)Ljava/lang/StringBuilder;+2
j  browsefs.BrowseFS.read_pre(Ljava/lang/String;Ljava/lang/String;IILjavafuse/Fuse_file_info;)I+49
v  ~StubRoutines::call_stub

---------------  P R O C E S S  ---------------

Java Threads: ( => current thread )
  0x8f433000 JavaThread "Thread-8" daemon [_thread_in_native, id=24675, stack(0x8a804000,0x8b205000)]
  0x8f22ec00 JavaThread "Thread-7" daemon [_thread_in_native, id=24661, stack(0x8b205000,0x8bc06000)]
  0x0a04cc00 JavaThread "Thread-6" daemon [_thread_in_native, id=24660, stack(0x8bc06000,0x8c607000)]
  0x8f41fc00 JavaThread "Thread-5" daemon [_thread_in_native, id=24659, stack(0x8c607000,0x8d008000)]
  0x8f225000 JavaThread "Thread-4" daemon [_thread_in_native, id=24658, stack(0x8d008000,0x8da09000)]
=>0x0a08b400 JavaThread "Thread-3" daemon [_thread_in_vm, id=24597, stack(0x8daab000,0x8e4ac000)]
  0x0a062c00 JavaThread "Firefox output watcher" daemon [_thread_in_native, id=24631, stack(0x8da09000,0x8da5a000)]
  0x0a01f800 JavaThread "process reaper" daemon [_thread_in_native, id=24629, stack(0x8da5a000,0x8daab000)]
  0x0a00c000 JavaThread "Thread-0" daemon [_thread_in_native, id=24596, stack(0x8e4ac000,0x8eead000)]
  0x09fed000 JavaThread "Low Memory Detector" daemon [_thread_blocked, id=24593, stack(0x8ef2e000,0x8ef7f000)]
  0x09feb400 JavaThread "CompilerThread1" daemon [_thread_blocked, id=24592, stack(0x8ef7f000,0x8f000000)]
  0x09fe9800 JavaThread "CompilerThread0" daemon [_thread_blocked, id=24591, stack(0x8f32e000,0x8f3af000)]
  0x09fe6000 JavaThread "Signal Dispatcher" daemon [_thread_blocked, id=24590, stack(0x8f3af000,0x8f400000)]
  0x09fd6400 JavaThread "Finalizer" daemon [_thread_blocked, id=24589, stack(0x8f546000,0x8f597000)]
  0x09fd5000 JavaThread "Reference Handler" daemon [_thread_blocked, id=24588, stack(0x8f597000,0x8f5e8000)]
  0x09f7e800 JavaThread "main" [_thread_in_native, id=24586, stack(0xbfed1000,0xbff21000)]

Other Threads:
  0x09fd1c00 VMThread [stack: 0x8f5e8000,0x8f669000] [id=24587]
  0x09feec00 WatcherThread [stack: 0x8eead000,0x8ef2e000] [id=24594]

VM state:not at safepoint (normal execution)

VM Mutex/Monitor currently owned by a thread: None

Heap
 def new generation   total 960K, used 0K [0x8f830000, 0x8f930000, 0x93110000)
  eden space 896K,   0% used [0x8f830000, 0x8f830000, 0x8f910000)
  from space 64K,   0% used [0x8f920000, 0x8f920000, 0x8f930000)
  to   space 64K,   0% used [0x8f910000, 0x8f910000, 0x8f920000)
 tenured generation   total 31612K, used 28931K [0x93110000, 0x94fef000, 0xaf830000)
   the space 31612K,  91% used [0x93110000, 0x94d50ca0, 0x94d50e00, 0x94fef000)
 compacting perm gen  total 16384K, used 7976K [0xaf830000, 0xb0830000, 0xb7830000)
   the space 16384K,  48% used [0xaf830000, 0xafffa220, 0xafffa400, 0xb0830000)
No shared spaces configured.

Dynamic libraries:
00110000-00119000 rwxp 00000000 00:00 0 
00119000-00151000 rwxp 00000000 00:00 0 
00151000-00166000 r-xp 00000000 fd:00 672771     /lib/libresolv-2.12.so
00166000-00167000 r--p 00014000 fd:00 672771     /lib/libresolv-2.12.so
00167000-00168000 rw-p 00015000 fd:00 672771     /lib/libresolv-2.12.so
00168000-0016a000 rw-p 00000000 00:00 0 
0016a000-00171000 r-xp 00000000 fd:00 265555     /usr/lib/jvm/java-1.6.0-openjdk-1.6.0.0/jre/lib/i386/libnio.so
00171000-00172000 rw-p 00006000 fd:00 265555     /usr/lib/jvm/java-1.6.0-openjdk-1.6.0.0/jre/lib/i386/libnio.so
001e9000-001ea000 rwxp 00000000 00:00 0 
001ea000-00205000 rwxp 00000000 00:00 0 
00205000-00215000 rwxp 00000000 00:00 0 
00215000-002e9000 rwxp 00000000 00:00 0 
002e9000-002f1000 rwxp 00000000 00:00 0 
002f1000-00329000 rwxp 00000000 00:00 0 
00329000-0032a000 rwxp 00000000 00:00 0 
00404000-0040f000 r-xp 00000000 fd:00 265562     /usr/lib/jvm/java-1.6.0-openjdk-1.6.0.0/jre/lib/i386/libverify.so
0040f000-00410000 rw-p 0000b000 fd:00 265562     /usr/lib/jvm/java-1.6.0-openjdk-1.6.0.0/jre/lib/i386/libverify.so
00444000-0044a000 r-xp 00000000 fd:00 265564     /usr/lib/jvm/java-1.6.0-openjdk-1.6.0.0/jre/lib/i386/native_threads/libhpi.so
0044a000-0044b000 rw-p 00006000 fd:00 265564     /usr/lib/jvm/java-1.6.0-openjdk-1.6.0.0/jre/lib/i386/native_threads/libhpi.so
0044b000-0045b000 rwxp 00000000 00:00 0 
0045b000-0052f000 rwxp 00000000 00:00 0 
0059b000-005a7000 r-xp 00000000 fd:00 653729     /lib/libnss_files-2.12.so
005a7000-005a8000 r--p 0000b000 fd:00 653729     /lib/libnss_files-2.12.so
005a8000-005a9000 rw-p 0000c000 fd:00 653729     /lib/libnss_files-2.12.so
00695000-0069a000 r-xp 00000000 fd:00 653727     /lib/libnss_dns-2.12.so
0069a000-0069b000 r--p 00004000 fd:00 653727     /lib/libnss_dns-2.12.so
0069b000-0069c000 rw-p 00005000 fd:00 653727     /lib/libnss_dns-2.12.so
0069f000-006a8000 r-xp 00000000 fd:00 793086     /root/javafuse/javafuse-read-only/build/libjavafuse.so
006a8000-006a9000 rw-p 00008000 fd:00 793086     /root/javafuse/javafuse-read-only/build/libjavafuse.so
006b2000-006b8000 r-xp 00000000 fd:00 265563     /usr/lib/jvm/java-1.6.0-openjdk-1.6.0.0/jre/lib/i386/libzip.so
006b8000-006b9000 rw-p 00006000 fd:00 265563     /usr/lib/jvm/java-1.6.0-openjdk-1.6.0.0/jre/lib/i386/libzip.so
007e5000-007ee000 rwxp 00000000 00:00 0 
007ee000-008a5000 rwxp 00000000 00:00 0 
00a91000-00aaf000 r-xp 00000000 fd:00 672758     /lib/ld-2.12.so
00aaf000-00ab0000 r--p 0001d000 fd:00 672758     /lib/ld-2.12.so
00ab0000-00ab1000 rw-p 0001e000 fd:00 672758     /lib/ld-2.12.so
00ab3000-00ab6000 r-xp 00000000 fd:00 672768     /lib/libdl-2.12.so
00ab6000-00ab7000 r--p 00002000 fd:00 672768     /lib/libdl-2.12.so
00ab7000-00ab8000 rw-p 00003000 fd:00 672768     /lib/libdl-2.12.so
00aba000-00ad1000 r-xp 00000000 fd:00 672762     /lib/libpthread-2.12.so
00ad1000-00ad2000 r--p 00016000 fd:00 672762     /lib/libpthread-2.12.so
00ad2000-00ad3000 rw-p 00017000 fd:00 672762     /lib/libpthread-2.12.so
00ad3000-00ad5000 rw-p 00000000 00:00 0 
00ad7000-00aff000 r-xp 00000000 fd:00 672765     /lib/libm-2.12.so
00aff000-00b00000 r--p 00027000 fd:00 672765     /lib/libm-2.12.so
00b00000-00b01000 rw-p 00028000 fd:00 672765     /lib/libm-2.12.so
00b03000-00b0a000 r-xp 00000000 fd:00 672763     /lib/librt-2.12.so
00b0a000-00b0b000 r--p 00006000 fd:00 672763     /lib/librt-2.12.so
00b0b000-00b0c000 rw-p 00007000 fd:00 672763     /lib/librt-2.12.so
00b2f000-00b41000 r-xp 00000000 fd:00 672767     /lib/libz.so.1.2.3
00b41000-00b42000 rw-p 00011000 fd:00 672767     /lib/libz.so.1.2.3
00be6000-00d6b000 r-xp 00000000 fd:00 672760     /lib/libc-2.12.so
00d6b000-00d6c000 ---p 00185000 fd:00 672760     /lib/libc-2.12.so
00d6c000-00d6e000 r--p 00185000 fd:00 672760     /lib/libc-2.12.so
00d6e000-00d6f000 rw-p 00187000 fd:00 672760     /lib/libc-2.12.so
00d6f000-00d72000 rw-p 00000000 00:00 0 
00d88000-00d9b000 r-xp 00000000 fd:00 265554     /usr/lib/jvm/java-1.6.0-openjdk-1.6.0.0/jre/lib/i386/libnet.so
00d9b000-00d9c000 rw-p 00013000 fd:00 265554     /usr/lib/jvm/java-1.6.0-openjdk-1.6.0.0/jre/lib/i386/libnet.so
00da7000-00dcb000 r-xp 00000000 fd:00 656954     /lib/libfuse.so.2.8.3
00dcb000-00dd4000 rw-p 00024000 fd:00 656954     /lib/libfuse.so.2.8.3
00e1a000-00e3c000 r-xp 00000000 fd:00 265543     /usr/lib/jvm/java-1.6.0-openjdk-1.6.0.0/jre/lib/i386/libjava.so
00e3c000-00e3e000 rw-p 00022000 fd:00 265543     /usr/lib/jvm/java-1.6.0-openjdk-1.6.0.0/jre/lib/i386/libjava.so
00ebc000-00ebd000 r--p 00000000 00:00 0 
00f91000-00f92000 r-xp 00000000 00:00 0          [vdso]
00f92000-01595000 r-xp 00000000 fd:00 265569     /usr/lib/jvm/java-1.6.0-openjdk-1.6.0.0/jre/lib/i386/server/libjvm.so
01595000-015ec000 rw-p 00603000 fd:00 265569     /usr/lib/jvm/java-1.6.0-openjdk-1.6.0.0/jre/lib/i386/server/libjvm.so
015ec000-01a0d000 rw-p 00000000 00:00 0 
01a0d000-01c4d000 rwxp 00000000 00:00 0 
01c4d000-04a0d000 rwxp 00000000 00:00 0 
0652e000-06544000 r-xp 00000000 fd:00 672795     /lib/libnsl-2.12.so
06544000-06545000 r--p 00016000 fd:00 672795     /lib/libnsl-2.12.so
06545000-06546000 rw-p 00017000 fd:00 672795     /lib/libnsl-2.12.so
06546000-06548000 rw-p 00000000 00:00 0 
08048000-08053000 r-xp 00000000 fd:00 803826     /root/javafuse/javafuse-read-only/javafuse
08053000-08054000 rw-p 0000a000 fd:00 803826     /root/javafuse/javafuse-read-only/javafuse
09f7a000-0a1a8000 rw-p 00000000 00:00 0          [heap]
8a804000-8a807000 ---p 00000000 00:00 0 
8a807000-8b205000 rw-p 00000000 00:00 0 
8b205000-8b208000 ---p 00000000 00:00 0 
8b208000-8bc06000 rw-p 00000000 00:00 0 
8bc06000-8bc09000 ---p 00000000 00:00 0 
8bc09000-8c607000 rw-p 00000000 00:00 0 
8c607000-8c60a000 ---p 00000000 00:00 0 
8c60a000-8d008000 rw-p 00000000 00:00 0 
8d008000-8d00b000 ---p 00000000 00:00 0 
8d00b000-8da09000 rw-p 00000000 00:00 0 
8da09000-8da0c000 ---p 00000000 00:00 0 
8da0c000-8da5a000 rw-p 00000000 00:00 0 
8da5a000-8da5d000 ---p 00000000 00:00 0 
8da5d000-8daab000 rw-p 00000000 00:00 0 
8daab000-8daae000 ---p 00000000 00:00 0 
8daae000-8e4ac000 rw-p 00000000 00:00 0 
8e4ac000-8e4af000 ---p 00000000 00:00 0 
8e4af000-8eead000 rw-p 00000000 00:00 0 
8eead000-8eeae000 ---p 00000000 00:00 0 
8eeae000-8ef2e000 rw-p 00000000 00:00 0 
8ef2e000-8ef31000 ---p 00000000 00:00 0 
8ef31000-8ef7f000 rw-p 00000000 00:00 0 
8ef7f000-8ef82000 ---p 00000000 00:00 0 
8ef82000-8f000000 rw-p 00000000 00:00 0 
8f000000-8f200000 r--p 00000000 fd:00 137199     /usr/lib/locale/locale-archive
8f200000-8f259000 rw-p 00000000 00:00 0 
8f259000-8f300000 ---p 00000000 00:00 0 
8f31e000-8f325000 r--s 000fe000 fd:00 265580     /usr/lib/jvm/java-1.6.0-openjdk-1.6.0.0/jre/lib/resources.jar
8f325000-8f32e000 r--s 00065000 fd:00 265508     /usr/lib/jvm/java-1.6.0-openjdk-1.6.0.0/jre/lib/ext/gnome-java-bridge.jar
8f32e000-8f331000 ---p 00000000 00:00 0 
8f331000-8f3af000 rw-p 00000000 00:00 0 
8f3af000-8f3b2000 ---p 00000000 00:00 0 
8f3b2000-8f400000 rw-p 00000000 00:00 0 
8f400000-8f445000 rw-p 00000000 00:00 0 
8f445000-8f500000 ---p 00000000 00:00 0 
8f502000-8f546000 rw-p 00000000 00:00 0 
8f546000-8f549000 ---p 00000000 00:00 0 
8f549000-8f597000 rw-p 00000000 00:00 0 
8f597000-8f59a000 ---p 00000000 00:00 0 
8f59a000-8f5e8000 rw-p 00000000 00:00 0 
8f5e8000-8f5e9000 ---p 00000000 00:00 0 
8f5e9000-8f69c000 rw-p 00000000 00:00 0 
8f69c000-8f830000 r--s 038cb000 fd:00 265582     /usr/lib/jvm/java-1.6.0-openjdk-1.6.0.0/jre/lib/rt.jar
8f830000-8f930000 rwxp 00000000 00:00 0 
8f930000-93110000 rwxp 00000000 00:00 0 
93110000-94fef000 rwxp 00000000 00:00 0 
94fef000-af830000 rwxp 00000000 00:00 0 
af830000-b0830000 rwxp 00000000 00:00 0 
b0830000-b7830000 rwxp 00000000 00:00 0 
b7830000-b7834000 r--s 0007c000 fd:00 262262     /usr/lib/jvm/java-1.6.0-openjdk-1.6.0.0/jre/lib/jsse.jar
b7834000-b7837000 rw-p 00000000 00:00 0 
b7838000-b783b000 r--s 0000f000 fd:00 265511     /usr/lib/jvm/java-1.6.0-openjdk-1.6.0.0/jre/lib/ext/pulse-java.jar
b783b000-b7843000 rw-s 00000000 fd:00 679480     /tmp/hsperfdata_root/24586
b7843000-b7844000 rw-p 00000000 00:00 0 
b7844000-b7845000 r--p 00000000 00:00 0 
b7845000-b7847000 rw-p 00000000 00:00 0 
bfed1000-bfed4000 ---p 00000000 00:00 0 
bfed5000-bff21000 rw-p 00000000 00:00 0          [stack]

VM Arguments:
jvm_args: -Xint -Xcheck:jni 
java_command: <unknown>
Launcher Type: generic

Environment Variables:
PATH=/usr/lib/qt-3.3/bin:/usr/local/sbin:/usr/sbin:/sbin:/usr/local/bin:/usr/bin:/bin:/root/bin
USERNAME=root
LD_LIBRARY_PATH=build:/usr/lib/jvm/java-1.6.0-openjdk-1.6.0.0/jre/lib/i386/server
SHELL=/bin/bash
DISPLAY=:0.0

Signal Handlers:
SIGSEGV: [libjvm.so+0x58fb90], sa_mask[0]=0x7ffbfeff, sa_flags=0x10000004
SIGBUS: [libjvm.so+0x58fb90], sa_mask[0]=0x7ffbfeff, sa_flags=0x10000004
SIGFPE: [libjvm.so+0x484220], sa_mask[0]=0x7ffbfeff, sa_flags=0x10000004
SIGPIPE: [libjvm.so+0x484220], sa_mask[0]=0x7ffbfeff, sa_flags=0x10000004
SIGXFSZ: [libjvm.so+0x484220], sa_mask[0]=0x7ffbfeff, sa_flags=0x10000004
SIGILL: [libjvm.so+0x484220], sa_mask[0]=0x7ffbfeff, sa_flags=0x10000004
SIGUSR1: SIG_DFL, sa_mask[0]=0x00000000, sa_flags=0x00000000
SIGUSR2: [libjvm.so+0x483970], sa_mask[0]=0x00000000, sa_flags=0x10000004
SIGHUP: [libjvm.so+0x485ed0], sa_mask[0]=0x7ffbfeff, sa_flags=0x10000004
SIGINT: [libjvm.so+0x485ed0], sa_mask[0]=0x7ffbfeff, sa_flags=0x10000004
SIGTERM: [libjvm.so+0x485ed0], sa_mask[0]=0x7ffbfeff, sa_flags=0x10000004
SIGQUIT: [libjvm.so+0x485ed0], sa_mask[0]=0x7ffbfeff, sa_flags=0x10000004


---------------  S Y S T E M  ---------------

OS:CentOS Linux release 6.0 (Final)

uname:Linux 2.6.32-71.el6.i686 #1 SMP Fri Nov 12 04:17:17 GMT 2010 i686
libc:glibc 2.12 NPTL 2.12 
rlimit: STACK 10240k, CORE 0k, NPROC 1024, NOFILE 1024, AS infinity
load average:0.47 0.31 0.25

CPU:total 1 (1 cores per cpu, 1 threads per core) family 6 model 23 stepping 6, cmov, cx8, fxsr, mmx, sse, sse2, sse3, ssse3, sse4.1

Memory: 4k page, physical 1031320k(66284k free), swap 2064376k(2063988k free)

vm_info: OpenJDK Server VM (14.0-b16) for linux-x86 JRE (1.6.0_17-b17), built on Jun 25 2011 03:11:37 by "mockbuild" with gcc 4.4.4 20100726 (Red Hat 4.4.4-13)

time: Sun Oct 23 02:11:38 2011
elapsed time: 124 seconds

