#
# A fatal error has been detected by the Java Runtime Environment:
#
#  SIGSEGV (0xb) at pc=0x01140e78, pid=31241, tid=2397752176
#
# JRE version: 6.0_17-b17
# Java VM: OpenJDK Server VM (14.0-b16 interpreted mode linux-x86 )
# Derivative: IcedTea6 1.7.5
# Distribution: Custom build (Sat Jun 25 03:01:37 BST 2011)
# Problematic frame:
# V  [libjvm.so+0x36ce78]
#
# If you would like to submit a bug report, please include
# instructions how to reproduce the bug and visit:
#   http://icedtea.classpath.org/bugzilla
#

---------------  T H R E A D  ---------------

Current thread (0x0926a000):  JavaThread "Thread-0" daemon [_thread_in_vm, id=31251, stack(0x8e4ac000,0x8eead000)]

siginfo:si_signo=SIGSEGV: si_errno=0, si_code=1 (SEGV_MAPERR), si_addr=0x00001004

Registers:
EAX=0x8eeabc84, EBX=0x01418814, ECX=0x8eeabc8c, EDX=0x00001000
ESP=0x8eeabbec, EBP=0x8eeabc28, ESI=0x0926a000, EDI=0x0926a000
EIP=0x01140e78, CR2=0x00001004, EFLAGS=0x00010292

Top of Stack: (sp=0x8eeabbec)
0x8eeabbec:   01140dde af834fb4 0000027f 00000000
0x8eeabbfc:   018fc2b6 0926a110 8eeabc44 8eeabc5c
0x8eeabc0c:   0926a000 8eeabc54 00000000 00000010
0x8eeabc1c:   af834fb8 af834fb4 0926a000 8eeabc6c
0x8eeabc2c:   018fc00a 0926a110 8eeabc74 8eeabc8c
0x8eeabc3c:   00d6f6e0 8eeabc84 00000009 00d6f6e0
0x8eeabc4c:   8eeabc4c 00000000 8eeabc8c af895b58
0x8eeabc5c:   00000000 af834fb8 00000000 8eeabc7c 

Instructions: (pc=0x01140e78)
0x01140e68:   85 d2 0f 84 94 00 00 00 8b 4d 10 83 ec 04 8b 11
0x01140e78:   8b 4a 04 8d 71 08 8b 49 08 57 ff 75 20 ff 75 1c 

Stack: [0x8e4ac000,0x8eead000],  sp=0x8eeabbec,  free space=10238k
Native frames: (J=compiled Java code, j=interpreted, Vv=VM code, C=native code)
V  [libjvm.so+0x36ce78]
j  java.lang.System.arraycopy(Ljava/lang/Object;ILjava/lang/Object;II)V+0
j  java.lang.String.getChars(II[CI)V+62
j  java.lang.AbstractStringBuilder.append(Ljava/lang/String;)Ljava/lang/AbstractStringBuilder;+50
j  java.lang.StringBuilder.append(Ljava/lang/String;)Ljava/lang/StringBuilder;+2
j  browsefs.BrowseFS.read_pre(Ljava/lang/String;Ljava/lang/String;IILjavafuse/Fuse_file_info;)I+49
v  ~StubRoutines::call_stub
V  [libjvm.so+0x31c625]
V  [libjvm.so+0x481749]
V  [libjvm.so+0x31b7df]
V  [libjvm.so+0x327dec]
V  [libjvm.so+0x33ed4d]
V  [libjvm.so+0x34a992]
C  [javafuse+0x4666]
C  [libfuse.so.2+0x6a0d]  fuse_fs_read+0x7d
C  [libfuse.so.2+0xf541]
C  [libfuse.so.2+0x139a9]
C  [libfuse.so.2+0x11a72]
C  [libfuse.so.2+0x14d27]  fuse_session_process+0x27
C  [libfuse.so.2+0x10034]
C  [libpthread.so.0+0x69e9]

Java frames: (J=compiled Java code, j=interpreted, Vv=VM code)
j  java.lang.System.arraycopy(Ljava/lang/Object;ILjava/lang/Object;II)V+0
j  java.lang.String.getChars(II[CI)V+62
j  java.lang.AbstractStringBuilder.append(Ljava/lang/String;)Ljava/lang/AbstractStringBuilder;+50
j  java.lang.StringBuilder.append(Ljava/lang/String;)Ljava/lang/StringBuilder;+2
j  browsefs.BrowseFS.read_pre(Ljava/lang/String;Ljava/lang/String;IILjavafuse/Fuse_file_info;)I+49
v  ~StubRoutines::call_stub

---------------  P R O C E S S  ---------------

Java Threads: ( => current thread )
  0x8f25c800 JavaThread "Thread-7" daemon [_thread_in_native, id=31371, stack(0x8b205000,0x8bc06000)]
  0x092ba000 JavaThread "Thread-6" daemon [_thread_in_native, id=31313, stack(0x8bc06000,0x8c607000)]
  0x8f420400 JavaThread "Thread-5" daemon [_thread_in_native, id=31312, stack(0x8c607000,0x8d008000)]
  0x8f225000 JavaThread "Thread-4" daemon [_thread_in_native, id=31311, stack(0x8d008000,0x8da09000)]
  0x092ecc00 JavaThread "Thread-3" daemon [_thread_in_native, id=31252, stack(0x8daab000,0x8e4ac000)]
=>0x0926a000 JavaThread "Thread-0" daemon [_thread_in_vm, id=31251, stack(0x8e4ac000,0x8eead000)]
  0x0924b000 JavaThread "Low Memory Detector" daemon [_thread_blocked, id=31248, stack(0x8ef2e000,0x8ef7f000)]
  0x09249400 JavaThread "CompilerThread1" daemon [_thread_blocked, id=31247, stack(0x8ef7f000,0x8f000000)]
  0x09247800 JavaThread "CompilerThread0" daemon [_thread_blocked, id=31246, stack(0x8f32e000,0x8f3af000)]
  0x09246000 JavaThread "Signal Dispatcher" daemon [_thread_blocked, id=31245, stack(0x8f3af000,0x8f400000)]
  0x09234400 JavaThread "Finalizer" daemon [_thread_blocked, id=31244, stack(0x8f526000,0x8f577000)]
  0x09233000 JavaThread "Reference Handler" daemon [_thread_blocked, id=31243, stack(0x8f577000,0x8f5c8000)]
  0x091dc800 JavaThread "main" [_thread_in_native, id=31241, stack(0xbfe64000,0xbfeb4000)]

Other Threads:
  0x0922fc00 VMThread [stack: 0x8f5c8000,0x8f649000] [id=31242]
  0x0924cc00 WatcherThread [stack: 0x8eead000,0x8ef2e000] [id=31249]

VM state:not at safepoint (normal execution)

VM Mutex/Monitor currently owned by a thread: None

Heap
 def new generation   total 960K, used 427K [0x8f810000, 0x8f910000, 0x930f0000)
  eden space 896K,  47% used [0x8f810000, 0x8f87ad00, 0x8f8f0000)
  from space 64K,   0% used [0x8f900000, 0x8f900000, 0x8f910000)
  to   space 64K,   0% used [0x8f8f0000, 0x8f8f0000, 0x8f900000)
 tenured generation   total 31612K, used 28954K [0x930f0000, 0x94fcf000, 0xaf810000)
   the space 31612K,  91% used [0x930f0000, 0x94d368c8, 0x94d36a00, 0x94fcf000)
 compacting perm gen  total 16384K, used 8196K [0xaf810000, 0xb0810000, 0xb7810000)
   the space 16384K,  50% used [0xaf810000, 0xb00111b0, 0xb0011200, 0xb0810000)
No shared spaces configured.

Dynamic libraries:
00110000-00116000 r-xp 00000000 fd:00 265564     /usr/lib/jvm/java-1.6.0-openjdk-1.6.0.0/jre/lib/i386/native_threads/libhpi.so
00116000-00117000 rw-p 00006000 fd:00 265564     /usr/lib/jvm/java-1.6.0-openjdk-1.6.0.0/jre/lib/i386/native_threads/libhpi.so
00117000-00120000 rwxp 00000000 00:00 0 
00120000-001d7000 rwxp 00000000 00:00 0 
001d7000-001d8000 rwxp 00000000 00:00 0 
001d8000-001f3000 rwxp 00000000 00:00 0 
001f3000-00203000 rwxp 00000000 00:00 0 
00203000-002d7000 rwxp 00000000 00:00 0 
002d7000-002df000 rwxp 00000000 00:00 0 
002df000-00317000 rwxp 00000000 00:00 0 
00317000-00328000 rwxp 00000000 00:00 0 
00328000-003fc000 rwxp 00000000 00:00 0 
003fc000-00405000 rwxp 00000000 00:00 0 
00405000-0043d000 rwxp 00000000 00:00 0 
0043d000-00450000 r-xp 00000000 fd:00 265554     /usr/lib/jvm/java-1.6.0-openjdk-1.6.0.0/jre/lib/i386/libnet.so
00450000-00451000 rw-p 00013000 fd:00 265554     /usr/lib/jvm/java-1.6.0-openjdk-1.6.0.0/jre/lib/i386/libnet.so
00451000-00456000 r-xp 00000000 fd:00 653727     /lib/libnss_dns-2.12.so
00456000-00457000 r--p 00004000 fd:00 653727     /lib/libnss_dns-2.12.so
00457000-00458000 rw-p 00005000 fd:00 653727     /lib/libnss_dns-2.12.so
00491000-00492000 r-xp 00000000 00:00 0          [vdso]
0051a000-00525000 r-xp 00000000 fd:00 265562     /usr/lib/jvm/java-1.6.0-openjdk-1.6.0.0/jre/lib/i386/libverify.so
00525000-00526000 rw-p 0000b000 fd:00 265562     /usr/lib/jvm/java-1.6.0-openjdk-1.6.0.0/jre/lib/i386/libverify.so
008cc000-008ee000 r-xp 00000000 fd:00 265543     /usr/lib/jvm/java-1.6.0-openjdk-1.6.0.0/jre/lib/i386/libjava.so
008ee000-008f0000 rw-p 00022000 fd:00 265543     /usr/lib/jvm/java-1.6.0-openjdk-1.6.0.0/jre/lib/i386/libjava.so
00924000-0092a000 r-xp 00000000 fd:00 265563     /usr/lib/jvm/java-1.6.0-openjdk-1.6.0.0/jre/lib/i386/libzip.so
0092a000-0092b000 rw-p 00006000 fd:00 265563     /usr/lib/jvm/java-1.6.0-openjdk-1.6.0.0/jre/lib/i386/libzip.so
00984000-0098d000 r-xp 00000000 fd:00 793086     /root/javafuse/javafuse-read-only/build/libjavafuse.so
0098d000-0098e000 rw-p 00008000 fd:00 793086     /root/javafuse/javafuse-read-only/build/libjavafuse.so
009a0000-009ac000 r-xp 00000000 fd:00 653729     /lib/libnss_files-2.12.so
009ac000-009ad000 r--p 0000b000 fd:00 653729     /lib/libnss_files-2.12.so
009ad000-009ae000 rw-p 0000c000 fd:00 653729     /lib/libnss_files-2.12.so
009fb000-009fc000 r--p 00000000 00:00 0 
00a91000-00aaf000 r-xp 00000000 fd:00 672758     /lib/ld-2.12.so
00aaf000-00ab0000 r--p 0001d000 fd:00 672758     /lib/ld-2.12.so
00ab0000-00ab1000 rw-p 0001e000 fd:00 672758     /lib/ld-2.12.so
00ab3000-00ab6000 r-xp 00000000 fd:00 672768     /lib/libdl-2.12.so
00ab6000-00ab7000 r--p 00002000 fd:00 672768     /lib/libdl-2.12.so
00ab7000-00ab8000 rw-p 00003000 fd:00 672768     /lib/libdl-2.12.so
00aba000-00ad1000 r-xp 00000000 fd:00 672762     /lib/libpthread-2.12.so
00ad1000-00ad2000 r--p 00016000 fd:00 672762     /lib/libpthread-2.12.so
00ad2000-00ad3000 rw-p 00017000 fd:00 672762     /lib/libpthread-2.12.so
00ad3000-00ad5000 rw-p 00000000 00:00 0 
00ad7000-00aff000 r-xp 00000000 fd:00 672765     /lib/libm-2.12.so
00aff000-00b00000 r--p 00027000 fd:00 672765     /lib/libm-2.12.so
00b00000-00b01000 rw-p 00028000 fd:00 672765     /lib/libm-2.12.so
00b03000-00b0a000 r-xp 00000000 fd:00 672763     /lib/librt-2.12.so
00b0a000-00b0b000 r--p 00006000 fd:00 672763     /lib/librt-2.12.so
00b0b000-00b0c000 rw-p 00007000 fd:00 672763     /lib/librt-2.12.so
00b2f000-00b41000 r-xp 00000000 fd:00 672767     /lib/libz.so.1.2.3
00b41000-00b42000 rw-p 00011000 fd:00 672767     /lib/libz.so.1.2.3
00b96000-00b9d000 r-xp 00000000 fd:00 265555     /usr/lib/jvm/java-1.6.0-openjdk-1.6.0.0/jre/lib/i386/libnio.so
00b9d000-00b9e000 rw-p 00006000 fd:00 265555     /usr/lib/jvm/java-1.6.0-openjdk-1.6.0.0/jre/lib/i386/libnio.so
00be6000-00d6b000 r-xp 00000000 fd:00 672760     /lib/libc-2.12.so
00d6b000-00d6c000 ---p 00185000 fd:00 672760     /lib/libc-2.12.so
00d6c000-00d6e000 r--p 00185000 fd:00 672760     /lib/libc-2.12.so
00d6e000-00d6f000 rw-p 00187000 fd:00 672760     /lib/libc-2.12.so
00d6f000-00d72000 rw-p 00000000 00:00 0 
00d74000-00d89000 r-xp 00000000 fd:00 672771     /lib/libresolv-2.12.so
00d89000-00d8a000 r--p 00014000 fd:00 672771     /lib/libresolv-2.12.so
00d8a000-00d8b000 rw-p 00015000 fd:00 672771     /lib/libresolv-2.12.so
00d8b000-00d8d000 rw-p 00000000 00:00 0 
00da7000-00dcb000 r-xp 00000000 fd:00 656954     /lib/libfuse.so.2.8.3
00dcb000-00dd4000 rw-p 00024000 fd:00 656954     /lib/libfuse.so.2.8.3
00dd4000-013d7000 r-xp 00000000 fd:00 265569     /usr/lib/jvm/java-1.6.0-openjdk-1.6.0.0/jre/lib/i386/server/libjvm.so
013d7000-0142e000 rw-p 00603000 fd:00 265569     /usr/lib/jvm/java-1.6.0-openjdk-1.6.0.0/jre/lib/i386/server/libjvm.so
0142e000-0184f000 rw-p 00000000 00:00 0 
018f2000-01b32000 rwxp 00000000 00:00 0 
01b32000-048f2000 rwxp 00000000 00:00 0 
0652e000-06544000 r-xp 00000000 fd:00 672795     /lib/libnsl-2.12.so
06544000-06545000 r--p 00016000 fd:00 672795     /lib/libnsl-2.12.so
06545000-06546000 rw-p 00017000 fd:00 672795     /lib/libnsl-2.12.so
06546000-06548000 rw-p 00000000 00:00 0 
08048000-08053000 r-xp 00000000 fd:00 803860     /root/javafuse/javafuse-read-only/javafuse
08053000-08054000 rw-p 0000a000 fd:00 803860     /root/javafuse/javafuse-read-only/javafuse
091d8000-093b3000 rw-p 00000000 00:00 0          [heap]
8b205000-8b208000 ---p 00000000 00:00 0 
8b208000-8bc06000 rw-p 00000000 00:00 0 
8bc06000-8bc09000 ---p 00000000 00:00 0 
8bc09000-8c607000 rw-p 00000000 00:00 0 
8c607000-8c60a000 ---p 00000000 00:00 0 
8c60a000-8d008000 rw-p 00000000 00:00 0 
8d008000-8d00b000 ---p 00000000 00:00 0 
8d00b000-8da09000 rw-p 00000000 00:00 0 
8da09000-8da0c000 rwxp 00000000 00:00 0 
8da0c000-8da5a000 rw-p 00000000 00:00 0 
8da5a000-8da5d000 rwxp 00000000 00:00 0 
8da5d000-8daab000 rw-p 00000000 00:00 0 
8daab000-8daae000 ---p 00000000 00:00 0 
8daae000-8e4ac000 rw-p 00000000 00:00 0 
8e4ac000-8e4af000 ---p 00000000 00:00 0 
8e4af000-8eead000 rw-p 00000000 00:00 0 
8eead000-8eeae000 ---p 00000000 00:00 0 
8eeae000-8ef2e000 rw-p 00000000 00:00 0 
8ef2e000-8ef31000 ---p 00000000 00:00 0 
8ef31000-8ef7f000 rw-p 00000000 00:00 0 
8ef7f000-8ef82000 ---p 00000000 00:00 0 
8ef82000-8f000000 rw-p 00000000 00:00 0 
8f000000-8f200000 r--p 00000000 fd:00 137199     /usr/lib/locale/locale-archive
8f200000-8f25f000 rw-p 00000000 00:00 0 
8f25f000-8f300000 ---p 00000000 00:00 0 
8f305000-8f30c000 r--s 000fe000 fd:00 265580     /usr/lib/jvm/java-1.6.0-openjdk-1.6.0.0/jre/lib/resources.jar
8f30c000-8f32e000 rw-p 00000000 00:00 0 
8f32e000-8f331000 ---p 00000000 00:00 0 
8f331000-8f3af000 rw-p 00000000 00:00 0 
8f3af000-8f3b2000 ---p 00000000 00:00 0 
8f3b2000-8f400000 rw-p 00000000 00:00 0 
8f400000-8f45c000 rw-p 00000000 00:00 0 
8f45c000-8f500000 ---p 00000000 00:00 0 
8f500000-8f504000 r--s 0007c000 fd:00 262262     /usr/lib/jvm/java-1.6.0-openjdk-1.6.0.0/jre/lib/jsse.jar
8f504000-8f526000 rw-p 00000000 00:00 0 
8f526000-8f529000 ---p 00000000 00:00 0 
8f529000-8f577000 rw-p 00000000 00:00 0 
8f577000-8f57a000 ---p 00000000 00:00 0 
8f57a000-8f5c8000 rw-p 00000000 00:00 0 
8f5c8000-8f5c9000 ---p 00000000 00:00 0 
8f5c9000-8f67c000 rw-p 00000000 00:00 0 
8f67c000-8f810000 r--s 038cb000 fd:00 265582     /usr/lib/jvm/java-1.6.0-openjdk-1.6.0.0/jre/lib/rt.jar
8f810000-8f910000 rwxp 00000000 00:00 0 
8f910000-930f0000 rwxp 00000000 00:00 0 
930f0000-94fcf000 rwxp 00000000 00:00 0 
94fcf000-af810000 rwxp 00000000 00:00 0 
af810000-b0810000 rwxp 00000000 00:00 0 
b0810000-b7810000 rwxp 00000000 00:00 0 
b7810000-b7819000 r--s 00065000 fd:00 265508     /usr/lib/jvm/java-1.6.0-openjdk-1.6.0.0/jre/lib/ext/gnome-java-bridge.jar
b7819000-b781c000 rw-p 00000000 00:00 0 
b781d000-b7820000 r--s 0000f000 fd:00 265511     /usr/lib/jvm/java-1.6.0-openjdk-1.6.0.0/jre/lib/ext/pulse-java.jar
b7820000-b7828000 rw-s 00000000 fd:00 680020     /tmp/hsperfdata_root/31241
b7828000-b7829000 rw-p 00000000 00:00 0 
b7829000-b782a000 r--p 00000000 00:00 0 
b782a000-b782c000 rw-p 00000000 00:00 0 
bfe64000-bfe67000 ---p 00000000 00:00 0 
bfe68000-bfeb4000 rw-p 00000000 00:00 0          [stack]

VM Arguments:
jvm_args: -Xint -Xcheck:jni 
java_command: <unknown>
Launcher Type: generic

Environment Variables:
PATH=/usr/lib/qt-3.3/bin:/usr/local/sbin:/usr/sbin:/sbin:/usr/local/bin:/usr/bin:/bin:/root/bin
USERNAME=root
LD_LIBRARY_PATH=build:/usr/lib/jvm/java-1.6.0-openjdk-1.6.0.0/jre/lib/i386/server
SHELL=/bin/bash
DISPLAY=:0.0

Signal Handlers:
SIGSEGV: [libjvm.so+0x58fb90], sa_mask[0]=0x7ffbfeff, sa_flags=0x10000004
SIGBUS: [libjvm.so+0x58fb90], sa_mask[0]=0x7ffbfeff, sa_flags=0x10000004
SIGFPE: [libjvm.so+0x484220], sa_mask[0]=0x7ffbfeff, sa_flags=0x10000004
SIGPIPE: [libjvm.so+0x484220], sa_mask[0]=0x7ffbfeff, sa_flags=0x10000004
SIGXFSZ: [libjvm.so+0x484220], sa_mask[0]=0x7ffbfeff, sa_flags=0x10000004
SIGILL: [libjvm.so+0x484220], sa_mask[0]=0x7ffbfeff, sa_flags=0x10000004
SIGUSR1: SIG_DFL, sa_mask[0]=0x00000000, sa_flags=0x00000000
SIGUSR2: [libjvm.so+0x483970], sa_mask[0]=0x00000000, sa_flags=0x10000004
SIGHUP: [libjvm.so+0x485ed0], sa_mask[0]=0x7ffbfeff, sa_flags=0x10000004
SIGINT: [libjvm.so+0x485ed0], sa_mask[0]=0x7ffbfeff, sa_flags=0x10000004
SIGTERM: [libjvm.so+0x485ed0], sa_mask[0]=0x7ffbfeff, sa_flags=0x10000004
SIGQUIT: [libjvm.so+0x485ed0], sa_mask[0]=0x7ffbfeff, sa_flags=0x10000004


---------------  S Y S T E M  ---------------

OS:CentOS Linux release 6.0 (Final)

uname:Linux 2.6.32-71.el6.i686 #1 SMP Fri Nov 12 04:17:17 GMT 2010 i686
libc:glibc 2.12 NPTL 2.12 
rlimit: STACK 10240k, CORE 0k, NPROC 1024, NOFILE 1024, AS infinity
load average:1.23 1.05 0.59

CPU:total 1 (1 cores per cpu, 1 threads per core) family 6 model 23 stepping 6, cmov, cx8, fxsr, mmx, sse, sse2, sse3, ssse3, sse4.1

Memory: 4k page, physical 1031320k(292088k free), swap 2064376k(2057788k free)

vm_info: OpenJDK Server VM (14.0-b16) for linux-x86 JRE (1.6.0_17-b17), built on Jun 25 2011 03:11:37 by "mockbuild" with gcc 4.4.4 20100726 (Red Hat 4.4.4-13)

time: Fri Oct 28 14:37:42 2011
elapsed time: 49 seconds

