#
# A fatal error has been detected by the Java Runtime Environment:
#
#  SIGSEGV (0xb) at pc=0x01140e78, pid=11133, tid=2376932208
#
# JRE version: 6.0_17-b17
# Java VM: OpenJDK Server VM (14.0-b16 interpreted mode linux-x86 )
# Derivative: IcedTea6 1.7.5
# Distribution: Custom build (Sat Jun 25 03:01:37 BST 2011)
# Problematic frame:
# V  [libjvm.so+0x36ce78]
#
# If you would like to submit a bug report, please include
# instructions how to reproduce the bug and visit:
#   http://icedtea.classpath.org/bugzilla
#

---------------  T H R E A D  ---------------

Current thread (0x8f325000):  JavaThread "Thread-4" daemon [_thread_in_vm, id=11206, stack(0x8d0d1000,0x8dad2000)]

siginfo:si_signo=SIGSEGV: si_errno=0, si_code=1 (SEGV_MAPERR), si_addr=0x00004004

Registers:
EAX=0x8dad0c74, EBX=0x01418814, ECX=0x8dad0c7c, EDX=0x00004000
ESP=0x8dad0bdc, EBP=0x8dad0c18, ESI=0x8f325000, EDI=0x8f325000
EIP=0x01140e78, CR2=0x00004004, EFLAGS=0x00010292

Top of Stack: (sp=0x8dad0bdc)
0x8dad0bdc:   01140dde af904fb4 0000027f 00000000
0x8dad0bec:   029d42b6 8f325110 8dad0c34 8dad0c4c
0x8dad0bfc:   8f325000 8dad0c44 00000000 00000010
0x8dad0c0c:   af904fb8 af904fb4 8f325000 8dad0c5c
0x8dad0c1c:   029d400a 8f325110 8dad0c64 8dad0c7c
0x8dad0c2c:   464c457f 8dad0c74 00000009 00010101
0x8dad0c3c:   8dad0c3c 00000000 8dad0c7c af965b58
0x8dad0c4c:   00000000 af904fb8 00000000 8dad0c6c 

Instructions: (pc=0x01140e78)
0x01140e68:   85 d2 0f 84 94 00 00 00 8b 4d 10 83 ec 04 8b 11
0x01140e78:   8b 4a 04 8d 71 08 8b 49 08 57 ff 75 20 ff 75 1c 

Stack: [0x8d0d1000,0x8dad2000],  sp=0x8dad0bdc,  free space=10238k
Native frames: (J=compiled Java code, j=interpreted, Vv=VM code, C=native code)
V  [libjvm.so+0x36ce78]
j  java.lang.System.arraycopy(Ljava/lang/Object;ILjava/lang/Object;II)V+0
j  java.lang.String.getChars(II[CI)V+62
j  java.lang.AbstractStringBuilder.append(Ljava/lang/String;)Ljava/lang/AbstractStringBuilder;+50
j  java.lang.StringBuilder.append(Ljava/lang/String;)Ljava/lang/StringBuilder;+2
j  browsefs.BrowseFS.read_post(Ljava/lang/String;Ljava/lang/String;IILjavafuse/Fuse_file_info;I)I+49
v  ~StubRoutines::call_stub
V  [libjvm.so+0x31c625]
V  [libjvm.so+0x481749]
V  [libjvm.so+0x31b7df]
V  [libjvm.so+0x327dec]
V  [libjvm.so+0x33ed4d]
V  [libjvm.so+0x34a992]
C  [javafuse+0x4941]
C  [libfuse.so.2+0x6a0d]  fuse_fs_read+0x7d
C  [libfuse.so.2+0xf541]
C  [libfuse.so.2+0x139a9]
C  [libfuse.so.2+0x11a72]
C  [libfuse.so.2+0x14d27]  fuse_session_process+0x27
C  [libfuse.so.2+0x10034]
C  [libpthread.so.0+0x69e9]

Java frames: (J=compiled Java code, j=interpreted, Vv=VM code)
j  java.lang.System.arraycopy(Ljava/lang/Object;ILjava/lang/Object;II)V+0
j  java.lang.String.getChars(II[CI)V+62
j  java.lang.AbstractStringBuilder.append(Ljava/lang/String;)Ljava/lang/AbstractStringBuilder;+50
j  java.lang.StringBuilder.append(Ljava/lang/String;)Ljava/lang/StringBuilder;+2
j  browsefs.BrowseFS.read_post(Ljava/lang/String;Ljava/lang/String;IILjavafuse/Fuse_file_info;I)I+49
v  ~StubRoutines::call_stub

---------------  P R O C E S S  ---------------

Java Threads: ( => current thread )
  0x08e5a000 JavaThread "Thread-6" daemon [_thread_in_native, id=11208, stack(0x8bccf000,0x8c6d0000)]
  0x8f521000 JavaThread "Thread-5" daemon [_thread_in_native, id=11207, stack(0x8c6d0000,0x8d0d1000)]
=>0x8f325000 JavaThread "Thread-4" daemon [_thread_in_vm, id=11206, stack(0x8d0d1000,0x8dad2000)]
  0x08e92000 JavaThread "Thread-3" daemon [_thread_in_native, id=11144, stack(0x8db7b000,0x8e57c000)]
  0x08e48800 JavaThread "Firefox output watcher" daemon [_thread_in_native, id=11176, stack(0x8dad2000,0x8db23000)]
  0x08da9000 JavaThread "process reaper" daemon [_thread_in_native, id=11174, stack(0x8db23000,0x8db74000)]
  0x08e10000 JavaThread "Thread-0" daemon [_thread_in_native, id=11143, stack(0x8e57c000,0x8ef7d000)]
  0x08df1000 JavaThread "Low Memory Detector" daemon [_thread_blocked, id=11140, stack(0x8f40d000,0x8f45e000)]
  0x08def400 JavaThread "CompilerThread1" daemon [_thread_blocked, id=11139, stack(0x8effe000,0x8f07f000)]
  0x08ded800 JavaThread "CompilerThread0" daemon [_thread_blocked, id=11138, stack(0x8f07f000,0x8f100000)]
  0x08dec000 JavaThread "Signal Dispatcher" daemon [_thread_blocked, id=11137, stack(0x8f45e000,0x8f4af000)]
  0x08dda400 JavaThread "Finalizer" daemon [_thread_blocked, id=11136, stack(0x8f4af000,0x8f500000)]
  0x08dd9000 JavaThread "Reference Handler" daemon [_thread_blocked, id=11135, stack(0x8f647000,0x8f698000)]
  0x08d82800 JavaThread "main" [_thread_in_native, id=11133, stack(0xbfae3000,0xbfb33000)]

Other Threads:
  0x08dd5c00 VMThread [stack: 0x8f698000,0x8f719000] [id=11134]
  0x08df2c00 WatcherThread [stack: 0x8ef7d000,0x8effe000] [id=11141]

VM state:not at safepoint (normal execution)

VM Mutex/Monitor currently owned by a thread: None

Heap
 def new generation   total 960K, used 625K [0x8f8e0000, 0x8f9e0000, 0x931c0000)
  eden space 896K,  69% used [0x8f8e0000, 0x8f97ab48, 0x8f9c0000)
  from space 64K,  10% used [0x8f9c0000, 0x8f9c1a40, 0x8f9d0000)
  to   space 64K,   0% used [0x8f9d0000, 0x8f9d0000, 0x8f9e0000)
 tenured generation   total 4096K, used 1468K [0x931c0000, 0x935c0000, 0xaf8e0000)
   the space 4096K,  35% used [0x931c0000, 0x9332f050, 0x9332f200, 0x935c0000)
 compacting perm gen  total 16384K, used 7930K [0xaf8e0000, 0xb08e0000, 0xb78e0000)
   the space 16384K,  48% used [0xaf8e0000, 0xb009ebb0, 0xb009ec00, 0xb08e0000)
No shared spaces configured.

Dynamic libraries:
00110000-00119000 r-xp 00000000 fd:00 793086     /root/javafuse/javafuse-read-only/build/libjavafuse.so
00119000-0011a000 rw-p 00008000 fd:00 793086     /root/javafuse/javafuse-read-only/build/libjavafuse.so
0011a000-00123000 rwxp 00000000 00:00 0 
00123000-0015b000 rwxp 00000000 00:00 0 
0015b000-0016e000 r-xp 00000000 fd:00 265554     /usr/lib/jvm/java-1.6.0-openjdk-1.6.0.0/jre/lib/i386/libnet.so
0016e000-0016f000 rw-p 00013000 fd:00 265554     /usr/lib/jvm/java-1.6.0-openjdk-1.6.0.0/jre/lib/i386/libnet.so
0016f000-00174000 r-xp 00000000 fd:00 653727     /lib/libnss_dns-2.12.so
00174000-00175000 r--p 00004000 fd:00 653727     /lib/libnss_dns-2.12.so
00175000-00176000 rw-p 00005000 fd:00 653727     /lib/libnss_dns-2.12.so
00176000-00177000 r--p 00000000 00:00 0 
00189000-0018f000 r-xp 00000000 fd:00 265563     /usr/lib/jvm/java-1.6.0-openjdk-1.6.0.0/jre/lib/i386/libzip.so
0018f000-00190000 rw-p 00006000 fd:00 265563     /usr/lib/jvm/java-1.6.0-openjdk-1.6.0.0/jre/lib/i386/libzip.so
001df000-001e6000 r-xp 00000000 fd:00 265555     /usr/lib/jvm/java-1.6.0-openjdk-1.6.0.0/jre/lib/i386/libnio.so
001e6000-001e7000 rw-p 00006000 fd:00 265555     /usr/lib/jvm/java-1.6.0-openjdk-1.6.0.0/jre/lib/i386/libnio.so
00235000-00240000 r-xp 00000000 fd:00 265562     /usr/lib/jvm/java-1.6.0-openjdk-1.6.0.0/jre/lib/i386/libverify.so
00240000-00241000 rw-p 0000b000 fd:00 265562     /usr/lib/jvm/java-1.6.0-openjdk-1.6.0.0/jre/lib/i386/libverify.so
00241000-0024a000 rwxp 00000000 00:00 0 
0024a000-00301000 rwxp 00000000 00:00 0 
00301000-00302000 rwxp 00000000 00:00 0 
00302000-0031d000 rwxp 00000000 00:00 0 
0031d000-00320000 rwxp 00000000 00:00 0 
00320000-00401000 rwxp 00000000 00:00 0 
00401000-00409000 rwxp 00000000 00:00 0 
00409000-00441000 rwxp 00000000 00:00 0 
00441000-00442000 rwxp 00000000 00:00 0 
004c9000-004ca000 r-xp 00000000 00:00 0          [vdso]
00576000-0057c000 r-xp 00000000 fd:00 265564     /usr/lib/jvm/java-1.6.0-openjdk-1.6.0.0/jre/lib/i386/native_threads/libhpi.so
0057c000-0057d000 rw-p 00006000 fd:00 265564     /usr/lib/jvm/java-1.6.0-openjdk-1.6.0.0/jre/lib/i386/native_threads/libhpi.so
0057d000-00580000 rwxp 00000000 00:00 0 
00580000-00661000 rwxp 00000000 00:00 0 
008ef000-00911000 r-xp 00000000 fd:00 265543     /usr/lib/jvm/java-1.6.0-openjdk-1.6.0.0/jre/lib/i386/libjava.so
00911000-00913000 rw-p 00022000 fd:00 265543     /usr/lib/jvm/java-1.6.0-openjdk-1.6.0.0/jre/lib/i386/libjava.so
00a91000-00aaf000 r-xp 00000000 fd:00 672758     /lib/ld-2.12.so
00aaf000-00ab0000 r--p 0001d000 fd:00 672758     /lib/ld-2.12.so
00ab0000-00ab1000 rw-p 0001e000 fd:00 672758     /lib/ld-2.12.so
00ab3000-00ab6000 r-xp 00000000 fd:00 672768     /lib/libdl-2.12.so
00ab6000-00ab7000 r--p 00002000 fd:00 672768     /lib/libdl-2.12.so
00ab7000-00ab8000 rw-p 00003000 fd:00 672768     /lib/libdl-2.12.so
00aba000-00ad1000 r-xp 00000000 fd:00 672762     /lib/libpthread-2.12.so
00ad1000-00ad2000 r--p 00016000 fd:00 672762     /lib/libpthread-2.12.so
00ad2000-00ad3000 rw-p 00017000 fd:00 672762     /lib/libpthread-2.12.so
00ad3000-00ad5000 rw-p 00000000 00:00 0 
00ad7000-00aff000 r-xp 00000000 fd:00 672765     /lib/libm-2.12.so
00aff000-00b00000 r--p 00027000 fd:00 672765     /lib/libm-2.12.so
00b00000-00b01000 rw-p 00028000 fd:00 672765     /lib/libm-2.12.so
00b03000-00b0a000 r-xp 00000000 fd:00 672763     /lib/librt-2.12.so
00b0a000-00b0b000 r--p 00006000 fd:00 672763     /lib/librt-2.12.so
00b0b000-00b0c000 rw-p 00007000 fd:00 672763     /lib/librt-2.12.so
00b2f000-00b41000 r-xp 00000000 fd:00 672767     /lib/libz.so.1.2.3
00b41000-00b42000 rw-p 00011000 fd:00 672767     /lib/libz.so.1.2.3
00b84000-00b90000 r-xp 00000000 fd:00 653729     /lib/libnss_files-2.12.so
00b90000-00b91000 r--p 0000b000 fd:00 653729     /lib/libnss_files-2.12.so
00b91000-00b92000 rw-p 0000c000 fd:00 653729     /lib/libnss_files-2.12.so
00be6000-00d6b000 r-xp 00000000 fd:00 672760     /lib/libc-2.12.so
00d6b000-00d6c000 ---p 00185000 fd:00 672760     /lib/libc-2.12.so
00d6c000-00d6e000 r--p 00185000 fd:00 672760     /lib/libc-2.12.so
00d6e000-00d6f000 rw-p 00187000 fd:00 672760     /lib/libc-2.12.so
00d6f000-00d72000 rw-p 00000000 00:00 0 
00d74000-00d89000 r-xp 00000000 fd:00 672771     /lib/libresolv-2.12.so
00d89000-00d8a000 r--p 00014000 fd:00 672771     /lib/libresolv-2.12.so
00d8a000-00d8b000 rw-p 00015000 fd:00 672771     /lib/libresolv-2.12.so
00d8b000-00d8d000 rw-p 00000000 00:00 0 
00da7000-00dcb000 r-xp 00000000 fd:00 656954     /lib/libfuse.so.2.8.3
00dcb000-00dd4000 rw-p 00024000 fd:00 656954     /lib/libfuse.so.2.8.3
00dd4000-013d7000 r-xp 00000000 fd:00 265569     /usr/lib/jvm/java-1.6.0-openjdk-1.6.0.0/jre/lib/i386/server/libjvm.so
013d7000-0142e000 rw-p 00603000 fd:00 265569     /usr/lib/jvm/java-1.6.0-openjdk-1.6.0.0/jre/lib/i386/server/libjvm.so
0142e000-0184f000 rw-p 00000000 00:00 0 
029ca000-02c0a000 rwxp 00000000 00:00 0 
02c0a000-059ca000 rwxp 00000000 00:00 0 
0652e000-06544000 r-xp 00000000 fd:00 672795     /lib/libnsl-2.12.so
06544000-06545000 r--p 00016000 fd:00 672795     /lib/libnsl-2.12.so
06545000-06546000 rw-p 00017000 fd:00 672795     /lib/libnsl-2.12.so
06546000-06548000 rw-p 00000000 00:00 0 
08048000-08053000 r-xp 00000000 fd:00 803860     /root/javafuse/javafuse-read-only/javafuse
08053000-08054000 rw-p 0000a000 fd:00 803860     /root/javafuse/javafuse-read-only/javafuse
08d7e000-08fe9000 rw-p 00000000 00:00 0          [heap]
8bccf000-8bcd2000 ---p 00000000 00:00 0 
8bcd2000-8c6d0000 rw-p 00000000 00:00 0 
8c6d0000-8c6d3000 ---p 00000000 00:00 0 
8c6d3000-8d0d1000 rw-p 00000000 00:00 0 
8d0d1000-8d0d4000 ---p 00000000 00:00 0 
8d0d4000-8dad2000 rw-p 00000000 00:00 0 
8dad2000-8dad5000 ---p 00000000 00:00 0 
8dad5000-8db23000 rw-p 00000000 00:00 0 
8db23000-8db26000 ---p 00000000 00:00 0 
8db26000-8db74000 rw-p 00000000 00:00 0 
8db74000-8db7b000 r--s 000fe000 fd:00 265580     /usr/lib/jvm/java-1.6.0-openjdk-1.6.0.0/jre/lib/resources.jar
8db7b000-8db7e000 ---p 00000000 00:00 0 
8db7e000-8e57c000 rw-p 00000000 00:00 0 
8e57c000-8e57f000 ---p 00000000 00:00 0 
8e57f000-8ef7d000 rw-p 00000000 00:00 0 
8ef7d000-8ef7e000 ---p 00000000 00:00 0 
8ef7e000-8effe000 rw-p 00000000 00:00 0 
8effe000-8f001000 ---p 00000000 00:00 0 
8f001000-8f07f000 rw-p 00000000 00:00 0 
8f07f000-8f082000 ---p 00000000 00:00 0 
8f082000-8f100000 rw-p 00000000 00:00 0 
8f100000-8f300000 r--p 00000000 fd:00 137199     /usr/lib/locale/locale-archive
8f300000-8f3bc000 rw-p 00000000 00:00 0 
8f3bc000-8f400000 ---p 00000000 00:00 0 
8f404000-8f40d000 r--s 00065000 fd:00 265508     /usr/lib/jvm/java-1.6.0-openjdk-1.6.0.0/jre/lib/ext/gnome-java-bridge.jar
8f40d000-8f410000 ---p 00000000 00:00 0 
8f410000-8f45e000 rw-p 00000000 00:00 0 
8f45e000-8f461000 ---p 00000000 00:00 0 
8f461000-8f4af000 rw-p 00000000 00:00 0 
8f4af000-8f4b2000 ---p 00000000 00:00 0 
8f4b2000-8f500000 rw-p 00000000 00:00 0 
8f500000-8f584000 rw-p 00000000 00:00 0 
8f584000-8f600000 ---p 00000000 00:00 0 
8f603000-8f647000 rw-p 00000000 00:00 0 
8f647000-8f64a000 ---p 00000000 00:00 0 
8f64a000-8f698000 rw-p 00000000 00:00 0 
8f698000-8f699000 ---p 00000000 00:00 0 
8f699000-8f74c000 rw-p 00000000 00:00 0 
8f74c000-8f8e0000 r--s 038cb000 fd:00 265582     /usr/lib/jvm/java-1.6.0-openjdk-1.6.0.0/jre/lib/rt.jar
8f8e0000-8f9e0000 rwxp 00000000 00:00 0 
8f9e0000-931c0000 rwxp 00000000 00:00 0 
931c0000-935c0000 rwxp 00000000 00:00 0 
935c0000-af8e0000 rwxp 00000000 00:00 0 
af8e0000-b08e0000 rwxp 00000000 00:00 0 
b08e0000-b78e0000 rwxp 00000000 00:00 0 
b78e1000-b78e5000 r--s 0007c000 fd:00 262262     /usr/lib/jvm/java-1.6.0-openjdk-1.6.0.0/jre/lib/jsse.jar
b78e5000-b78e8000 rw-p 00000000 00:00 0 
b78e9000-b78ec000 r--s 0000f000 fd:00 265511     /usr/lib/jvm/java-1.6.0-openjdk-1.6.0.0/jre/lib/ext/pulse-java.jar
b78ec000-b78f4000 rw-s 00000000 fd:00 684122     /tmp/hsperfdata_root/11133
b78f4000-b78f5000 rw-p 00000000 00:00 0 
b78f5000-b78f6000 r--p 00000000 00:00 0 
b78f6000-b78f8000 rw-p 00000000 00:00 0 
bfae3000-bfae6000 ---p 00000000 00:00 0 
bfae7000-bfb33000 rw-p 00000000 00:00 0          [stack]

VM Arguments:
jvm_args: -Xint -Xcheck:jni 
java_command: <unknown>
Launcher Type: generic

Environment Variables:
PATH=/usr/lib/qt-3.3/bin:/usr/local/sbin:/usr/sbin:/sbin:/usr/local/bin:/usr/bin:/bin:/root/bin
USERNAME=root
LD_LIBRARY_PATH=build:/usr/lib/jvm/java-1.6.0-openjdk-1.6.0.0/jre/lib/i386/server
SHELL=/bin/bash
DISPLAY=:0.0

Signal Handlers:
SIGSEGV: [libjvm.so+0x58fb90], sa_mask[0]=0x7ffbfeff, sa_flags=0x10000004
SIGBUS: [libjvm.so+0x58fb90], sa_mask[0]=0x7ffbfeff, sa_flags=0x10000004
SIGFPE: [libjvm.so+0x484220], sa_mask[0]=0x7ffbfeff, sa_flags=0x10000004
SIGPIPE: [libjvm.so+0x484220], sa_mask[0]=0x7ffbfeff, sa_flags=0x10000004
SIGXFSZ: [libjvm.so+0x484220], sa_mask[0]=0x7ffbfeff, sa_flags=0x10000004
SIGILL: [libjvm.so+0x484220], sa_mask[0]=0x7ffbfeff, sa_flags=0x10000004
SIGUSR1: SIG_DFL, sa_mask[0]=0x00000000, sa_flags=0x00000000
SIGUSR2: [libjvm.so+0x483970], sa_mask[0]=0x00000000, sa_flags=0x10000004
SIGHUP: [libjvm.so+0x485ed0], sa_mask[0]=0x7ffbfeff, sa_flags=0x10000004
SIGINT: [libjvm.so+0x485ed0], sa_mask[0]=0x7ffbfeff, sa_flags=0x10000004
SIGTERM: [libjvm.so+0x485ed0], sa_mask[0]=0x7ffbfeff, sa_flags=0x10000004
SIGQUIT: [libjvm.so+0x485ed0], sa_mask[0]=0x7ffbfeff, sa_flags=0x10000004


---------------  S Y S T E M  ---------------

OS:CentOS Linux release 6.0 (Final)

uname:Linux 2.6.32-71.el6.i686 #1 SMP Fri Nov 12 04:17:17 GMT 2010 i686
libc:glibc 2.12 NPTL 2.12 
rlimit: STACK 10240k, CORE 0k, NPROC 1024, NOFILE 1024, AS infinity
load average:0.72 0.67 0.77

CPU:total 1 (1 cores per cpu, 1 threads per core) family 6 model 23 stepping 6, cmov, cx8, fxsr, mmx, sse, sse2, sse3, ssse3, sse4.1

Memory: 4k page, physical 1031320k(243620k free), swap 2064376k(2053044k free)

vm_info: OpenJDK Server VM (14.0-b16) for linux-x86 JRE (1.6.0_17-b17), built on Jun 25 2011 03:11:37 by "mockbuild" with gcc 4.4.4 20100726 (Red Hat 4.4.4-13)

time: Sun Oct 30 01:08:31 2011
elapsed time: 98 seconds

