#
# A fatal error has been detected by the Java Runtime Environment:
#
#  SIGSEGV (0xb) at pc=0x011c7e78, pid=28559, tid=2364816240
#
# JRE version: 6.0_17-b17
# Java VM: OpenJDK Server VM (14.0-b16 interpreted mode linux-x86 )
# Derivative: IcedTea6 1.7.5
# Distribution: Custom build (Sat Jun 25 03:01:37 BST 2011)
# Problematic frame:
# V  [libjvm.so+0x36ce78]
#
# If you would like to submit a bug report, please include
# instructions how to reproduce the bug and visit:
#   http://icedtea.classpath.org/bugzilla
#

---------------  T H R E A D  ---------------

Current thread (0x099c3000):  JavaThread "Thread-3" daemon [_thread_in_vm, id=28574, stack(0x8c543000,0x8cf44000)]

siginfo:si_signo=SIGSEGV: si_errno=0, si_code=1 (SEGV_MAPERR), si_addr=0x00001004

Registers:
EAX=0x8cf42c84, EBX=0x0149f814, ECX=0x8cf42c8c, EDX=0x00001000
ESP=0x8cf42bec, EBP=0x8cf42c28, ESI=0x099c3000, EDI=0x099c3000
EIP=0x011c7e78, CR2=0x00001004, EFLAGS=0x00210292

Top of Stack: (sp=0x8cf42bec)
0x8cf42bec:   011c7dde af714fb4 0000027f 00000000
0x8cf42bfc:   018e02b6 099c3110 8cf42c44 8cf42c5c
0x8cf42c0c:   099c3000 8cf42c54 00000000 00000010
0x8cf42c1c:   af714fb8 af714fb4 099c3000 8cf42c6c
0x8cf42c2c:   018e000a 099c3110 8cf42c74 8cf42c8c
0x8cf42c3c:   002996f0 8cf42c84 00000009 002996f0
0x8cf42c4c:   8cf42c4c 00000000 8cf42c8c af775b58
0x8cf42c5c:   00000000 af714fb8 00000000 8cf42c7c 

Instructions: (pc=0x011c7e78)
0x011c7e68:   85 d2 0f 84 94 00 00 00 8b 4d 10 83 ec 04 8b 11
0x011c7e78:   8b 4a 04 8d 71 08 8b 49 08 57 ff 75 20 ff 75 1c 

Stack: [0x8c543000,0x8cf44000],  sp=0x8cf42bec,  free space=10238k
Native frames: (J=compiled Java code, j=interpreted, Vv=VM code, C=native code)
V  [libjvm.so+0x36ce78]
j  java.lang.System.arraycopy(Ljava/lang/Object;ILjava/lang/Object;II)V+0
j  java.lang.String.getChars(II[CI)V+62
j  java.lang.AbstractStringBuilder.append(Ljava/lang/String;)Ljava/lang/AbstractStringBuilder;+50
j  java.lang.StringBuilder.append(Ljava/lang/String;)Ljava/lang/StringBuilder;+2
j  browsefs.BrowseFS.read_pre(Ljava/lang/String;Ljava/lang/String;IILjavafuse/Fuse_file_info;)I+49
v  ~StubRoutines::call_stub
V  [libjvm.so+0x31c625]
V  [libjvm.so+0x481749]
V  [libjvm.so+0x31b7df]
V  [libjvm.so+0x327dec]
V  [libjvm.so+0x33ed4d]
V  [libjvm.so+0x34a992]
C  [javafuse+0x4666]
C  [libfuse.so.2+0x6a0d]  fuse_fs_read+0x7d
C  [libfuse.so.2+0xf541]
C  [libfuse.so.2+0x139a9]
C  [libfuse.so.2+0x11a72]
C  [libfuse.so.2+0x14d27]  fuse_session_process+0x27
C  [libfuse.so.2+0x10034]
C  [libpthread.so.0+0x69e9]

Java frames: (J=compiled Java code, j=interpreted, Vv=VM code)
j  java.lang.System.arraycopy(Ljava/lang/Object;ILjava/lang/Object;II)V+0
j  java.lang.String.getChars(II[CI)V+62
j  java.lang.AbstractStringBuilder.append(Ljava/lang/String;)Ljava/lang/AbstractStringBuilder;+50
j  java.lang.StringBuilder.append(Ljava/lang/String;)Ljava/lang/StringBuilder;+2
j  browsefs.BrowseFS.read_pre(Ljava/lang/String;Ljava/lang/String;IILjavafuse/Fuse_file_info;)I+49
v  ~StubRoutines::call_stub

---------------  P R O C E S S  ---------------

Java Threads: ( => current thread )
  0x8f31f000 JavaThread "Thread-5" daemon [_thread_in_native, id=28584, stack(0x8b0fd000,0x8bafe000)]
  0x8f10ec00 JavaThread "Thread-4" daemon [_thread_in_native, id=28575, stack(0x8bb20000,0x8c521000)]
=>0x099c3000 JavaThread "Thread-3" daemon [_thread_in_vm, id=28574, stack(0x8c543000,0x8cf44000)]
  0x8f301c00 JavaThread "Thread-2" daemon [_thread_in_native, id=28571, stack(0x8cf66000,0x8d967000)]
  0x8f103c00 JavaThread "Thread-1" daemon [_thread_in_native, id=28570, stack(0x8d989000,0x8e38a000)]
  0x099b8400 JavaThread "Thread-0" daemon [_thread_in_native, id=28569, stack(0x8e3ac000,0x8edad000)]
  0x09999000 JavaThread "Low Memory Detector" daemon [_thread_blocked, id=28566, stack(0x8ee2e000,0x8ee7f000)]
  0x09997400 JavaThread "CompilerThread1" daemon [_thread_blocked, id=28565, stack(0x8ee7f000,0x8ef00000)]
  0x09995800 JavaThread "CompilerThread0" daemon [_thread_blocked, id=28564, stack(0x8f22e000,0x8f2af000)]
  0x09994000 JavaThread "Signal Dispatcher" daemon [_thread_blocked, id=28563, stack(0x8f2af000,0x8f300000)]
  0x09982400 JavaThread "Finalizer" daemon [_thread_blocked, id=28562, stack(0x8f406000,0x8f457000)]
  0x09981000 JavaThread "Reference Handler" daemon [_thread_blocked, id=28561, stack(0x8f457000,0x8f4a8000)]
  0x0992a800 JavaThread "main" [_thread_in_native, id=28559, stack(0xbfb53000,0xbfba3000)]

Other Threads:
  0x0997dc00 VMThread [stack: 0x8f4a8000,0x8f529000] [id=28560]
  0x0999b000 WatcherThread [stack: 0x8edad000,0x8ee2e000] [id=28567]

VM state:not at safepoint (normal execution)

VM Mutex/Monitor currently owned by a thread: None

Heap
 def new generation   total 960K, used 0K [0x8f6f0000, 0x8f7f0000, 0x92fd0000)
  eden space 896K,   0% used [0x8f6f0000, 0x8f6f0000, 0x8f7d0000)
  from space 64K,   0% used [0x8f7d0000, 0x8f7d0000, 0x8f7e0000)
  to   space 64K,   0% used [0x8f7e0000, 0x8f7e0000, 0x8f7f0000)
 tenured generation   total 9420K, used 5442K [0x92fd0000, 0x93903000, 0xaf6f0000)
   the space 9420K,  57% used [0x92fd0000, 0x93520a08, 0x93520c00, 0x93903000)
 compacting perm gen  total 16384K, used 1985K [0xaf6f0000, 0xb06f0000, 0xb76f0000)
   the space 16384K,  12% used [0xaf6f0000, 0xaf8e0798, 0xaf8e0800, 0xb06f0000)
No shared spaces configured.

Dynamic libraries:
00110000-00295000 r-xp 00000000 fd:00 672760     /lib/libc-2.12.so
00295000-00296000 ---p 00185000 fd:00 672760     /lib/libc-2.12.so
00296000-00298000 r--p 00185000 fd:00 672760     /lib/libc-2.12.so
00298000-00299000 rw-p 00187000 fd:00 672760     /lib/libc-2.12.so
00299000-0029c000 rw-p 00000000 00:00 0 
0029c000-002be000 r-xp 00000000 fd:00 265543     /usr/lib/jvm/java-1.6.0-openjdk-1.6.0.0/jre/lib/i386/libjava.so
002be000-002c0000 rw-p 00022000 fd:00 265543     /usr/lib/jvm/java-1.6.0-openjdk-1.6.0.0/jre/lib/i386/libjava.so
002c0000-002cc000 r-xp 00000000 fd:00 653729     /lib/libnss_files-2.12.so
002cc000-002cd000 r--p 0000b000 fd:00 653729     /lib/libnss_files-2.12.so
002cd000-002ce000 rw-p 0000c000 fd:00 653729     /lib/libnss_files-2.12.so
0036e000-00373000 rwxp 00000000 00:00 0 
00373000-00452000 rwxp 00000000 00:00 0 
00502000-00503000 rwxp 00000000 00:00 0 
00503000-0051e000 rwxp 00000000 00:00 0 
0051e000-00524000 rwxp 00000000 00:00 0 
00524000-00602000 rwxp 00000000 00:00 0 
00602000-0060a000 rwxp 00000000 00:00 0 
0060a000-00642000 rwxp 00000000 00:00 0 
00642000-00643000 rwxp 00000000 00:00 0 
00727000-00730000 rwxp 00000000 00:00 0 
00730000-00768000 rwxp 00000000 00:00 0 
00883000-00889000 r-xp 00000000 fd:00 265563     /usr/lib/jvm/java-1.6.0-openjdk-1.6.0.0/jre/lib/i386/libzip.so
00889000-0088a000 rw-p 00006000 fd:00 265563     /usr/lib/jvm/java-1.6.0-openjdk-1.6.0.0/jre/lib/i386/libzip.so
00915000-00920000 r-xp 00000000 fd:00 265562     /usr/lib/jvm/java-1.6.0-openjdk-1.6.0.0/jre/lib/i386/libverify.so
00920000-00921000 rw-p 0000b000 fd:00 265562     /usr/lib/jvm/java-1.6.0-openjdk-1.6.0.0/jre/lib/i386/libverify.so
00a91000-00aaf000 r-xp 00000000 fd:00 672758     /lib/ld-2.12.so
00aaf000-00ab0000 r--p 0001d000 fd:00 672758     /lib/ld-2.12.so
00ab0000-00ab1000 rw-p 0001e000 fd:00 672758     /lib/ld-2.12.so
00ab3000-00ab6000 r-xp 00000000 fd:00 672768     /lib/libdl-2.12.so
00ab6000-00ab7000 r--p 00002000 fd:00 672768     /lib/libdl-2.12.so
00ab7000-00ab8000 rw-p 00003000 fd:00 672768     /lib/libdl-2.12.so
00aba000-00ad1000 r-xp 00000000 fd:00 672762     /lib/libpthread-2.12.so
00ad1000-00ad2000 r--p 00016000 fd:00 672762     /lib/libpthread-2.12.so
00ad2000-00ad3000 rw-p 00017000 fd:00 672762     /lib/libpthread-2.12.so
00ad3000-00ad5000 rw-p 00000000 00:00 0 
00ad7000-00aff000 r-xp 00000000 fd:00 672765     /lib/libm-2.12.so
00aff000-00b00000 r--p 00027000 fd:00 672765     /lib/libm-2.12.so
00b00000-00b01000 rw-p 00028000 fd:00 672765     /lib/libm-2.12.so
00b03000-00b0a000 r-xp 00000000 fd:00 672763     /lib/librt-2.12.so
00b0a000-00b0b000 r--p 00006000 fd:00 672763     /lib/librt-2.12.so
00b0b000-00b0c000 rw-p 00007000 fd:00 672763     /lib/librt-2.12.so
00b2f000-00b41000 r-xp 00000000 fd:00 672767     /lib/libz.so.1.2.3
00b41000-00b42000 rw-p 00011000 fd:00 672767     /lib/libz.so.1.2.3
00b7e000-00b87000 rwxp 00000000 00:00 0 
00b87000-00c3e000 rwxp 00000000 00:00 0 
00ce1000-00cea000 r-xp 00000000 fd:00 793086     /root/javafuse/javafuse-read-only/build/libjavafuse.so
00cea000-00ceb000 rw-p 00008000 fd:00 793086     /root/javafuse/javafuse-read-only/build/libjavafuse.so
00d21000-00d27000 r-xp 00000000 fd:00 265564     /usr/lib/jvm/java-1.6.0-openjdk-1.6.0.0/jre/lib/i386/native_threads/libhpi.so
00d27000-00d28000 rw-p 00006000 fd:00 265564     /usr/lib/jvm/java-1.6.0-openjdk-1.6.0.0/jre/lib/i386/native_threads/libhpi.so
00da7000-00dcb000 r-xp 00000000 fd:00 656954     /lib/libfuse.so.2.8.3
00dcb000-00dd4000 rw-p 00024000 fd:00 656954     /lib/libfuse.so.2.8.3
00e5a000-00e5b000 r-xp 00000000 00:00 0          [vdso]
00e5b000-0145e000 r-xp 00000000 fd:00 265569     /usr/lib/jvm/java-1.6.0-openjdk-1.6.0.0/jre/lib/i386/server/libjvm.so
0145e000-014b5000 rw-p 00603000 fd:00 265569     /usr/lib/jvm/java-1.6.0-openjdk-1.6.0.0/jre/lib/i386/server/libjvm.so
014b5000-018d6000 rw-p 00000000 00:00 0 
018d6000-01b16000 rwxp 00000000 00:00 0 
01b16000-048d6000 rwxp 00000000 00:00 0 
0652e000-06544000 r-xp 00000000 fd:00 672795     /lib/libnsl-2.12.so
06544000-06545000 r--p 00016000 fd:00 672795     /lib/libnsl-2.12.so
06545000-06546000 rw-p 00017000 fd:00 672795     /lib/libnsl-2.12.so
06546000-06548000 rw-p 00000000 00:00 0 
08048000-08053000 r-xp 00000000 fd:00 803826     /root/javafuse/javafuse-read-only/javafuse
08053000-08054000 rw-p 0000a000 fd:00 803826     /root/javafuse/javafuse-read-only/javafuse
09926000-09a35000 rw-p 00000000 00:00 0          [heap]
8b0fd000-8b100000 ---p 00000000 00:00 0 
8b100000-8bb20000 rw-p 00000000 00:00 0 
8bb20000-8bb23000 ---p 00000000 00:00 0 
8bb23000-8c543000 rw-p 00000000 00:00 0 
8c543000-8c546000 ---p 00000000 00:00 0 
8c546000-8cf66000 rw-p 00000000 00:00 0 
8cf66000-8cf69000 ---p 00000000 00:00 0 
8cf69000-8d989000 rw-p 00000000 00:00 0 
8d989000-8d98c000 ---p 00000000 00:00 0 
8d98c000-8e3ac000 rw-p 00000000 00:00 0 
8e3ac000-8e3af000 ---p 00000000 00:00 0 
8e3af000-8edad000 rw-p 00000000 00:00 0 
8edad000-8edae000 ---p 00000000 00:00 0 
8edae000-8ee2e000 rw-p 00000000 00:00 0 
8ee2e000-8ee31000 ---p 00000000 00:00 0 
8ee31000-8ee7f000 rw-p 00000000 00:00 0 
8ee7f000-8ee82000 ---p 00000000 00:00 0 
8ee82000-8ef00000 rw-p 00000000 00:00 0 
8ef00000-8f100000 r--p 00000000 fd:00 137199     /usr/lib/locale/locale-archive
8f100000-8f1a1000 rw-p 00000000 00:00 0 
8f1a1000-8f200000 ---p 00000000 00:00 0 
8f203000-8f20c000 r--s 00065000 fd:00 265508     /usr/lib/jvm/java-1.6.0-openjdk-1.6.0.0/jre/lib/ext/gnome-java-bridge.jar
8f20c000-8f22e000 rw-p 00000000 00:00 0 
8f22e000-8f231000 ---p 00000000 00:00 0 
8f231000-8f2af000 rw-p 00000000 00:00 0 
8f2af000-8f2b2000 ---p 00000000 00:00 0 
8f2b2000-8f300000 rw-p 00000000 00:00 0 
8f300000-8f350000 rw-p 00000000 00:00 0 
8f350000-8f400000 ---p 00000000 00:00 0 
8f406000-8f409000 ---p 00000000 00:00 0 
8f409000-8f457000 rw-p 00000000 00:00 0 
8f457000-8f45a000 ---p 00000000 00:00 0 
8f45a000-8f4a8000 rw-p 00000000 00:00 0 
8f4a8000-8f4a9000 ---p 00000000 00:00 0 
8f4a9000-8f55c000 rw-p 00000000 00:00 0 
8f55c000-8f6f0000 r--s 038cb000 fd:00 265582     /usr/lib/jvm/java-1.6.0-openjdk-1.6.0.0/jre/lib/rt.jar
8f6f0000-8f7f0000 rwxp 00000000 00:00 0 
8f7f0000-92fd0000 rwxp 00000000 00:00 0 
92fd0000-93903000 rwxp 00000000 00:00 0 
93903000-af6f0000 rwxp 00000000 00:00 0 
af6f0000-b06f0000 rwxp 00000000 00:00 0 
b06f0000-b76f0000 rwxp 00000000 00:00 0 
b76f3000-b76f6000 rw-p 00000000 00:00 0 
b76f7000-b76fa000 r--s 0000f000 fd:00 265511     /usr/lib/jvm/java-1.6.0-openjdk-1.6.0.0/jre/lib/ext/pulse-java.jar
b76fa000-b7702000 rw-s 00000000 fd:00 653717     /tmp/hsperfdata_root/28559
b7702000-b7703000 rw-p 00000000 00:00 0 
b7703000-b7704000 r--p 00000000 00:00 0 
b7704000-b7706000 rw-p 00000000 00:00 0 
bfb53000-bfb56000 ---p 00000000 00:00 0 
bfb57000-bfba3000 rw-p 00000000 00:00 0          [stack]

VM Arguments:
jvm_args: -Xint -Xcheck:jni 
java_command: <unknown>
Launcher Type: generic

Environment Variables:
PATH=/usr/lib/qt-3.3/bin:/usr/local/sbin:/usr/sbin:/sbin:/usr/local/bin:/usr/bin:/bin:/root/bin
USERNAME=root
LD_LIBRARY_PATH=build:/usr/lib/jvm/java-1.6.0-openjdk-1.6.0.0/jre/lib/i386/server
SHELL=/bin/bash
DISPLAY=:0.0

Signal Handlers:
SIGSEGV: [libjvm.so+0x58fb90], sa_mask[0]=0x7ffbfeff, sa_flags=0x10000004
SIGBUS: [libjvm.so+0x58fb90], sa_mask[0]=0x7ffbfeff, sa_flags=0x10000004
SIGFPE: [libjvm.so+0x484220], sa_mask[0]=0x7ffbfeff, sa_flags=0x10000004
SIGPIPE: [libjvm.so+0x484220], sa_mask[0]=0x7ffbfeff, sa_flags=0x10000004
SIGXFSZ: [libjvm.so+0x484220], sa_mask[0]=0x7ffbfeff, sa_flags=0x10000004
SIGILL: [libjvm.so+0x484220], sa_mask[0]=0x7ffbfeff, sa_flags=0x10000004
SIGUSR1: SIG_DFL, sa_mask[0]=0x00000000, sa_flags=0x00000000
SIGUSR2: [libjvm.so+0x483970], sa_mask[0]=0x00000000, sa_flags=0x10000004
SIGHUP: [libjvm.so+0x485ed0], sa_mask[0]=0x7ffbfeff, sa_flags=0x10000004
SIGINT: [libjvm.so+0x485ed0], sa_mask[0]=0x7ffbfeff, sa_flags=0x10000004
SIGTERM: [libjvm.so+0x485ed0], sa_mask[0]=0x7ffbfeff, sa_flags=0x10000004
SIGQUIT: [libjvm.so+0x485ed0], sa_mask[0]=0x7ffbfeff, sa_flags=0x10000004


---------------  S Y S T E M  ---------------

OS:CentOS Linux release 6.0 (Final)

uname:Linux 2.6.32-71.el6.i686 #1 SMP Fri Nov 12 04:17:17 GMT 2010 i686
libc:glibc 2.12 NPTL 2.12 
rlimit: STACK 10240k, CORE 0k, NPROC 1024, NOFILE 1024, AS infinity
load average:0.00 0.00 0.00

CPU:total 1 (1 cores per cpu, 1 threads per core) family 6 model 23 stepping 6, cmov, cx8, fxsr, mmx, sse, sse2, sse3, ssse3, sse4.1

Memory: 4k page, physical 1031320k(68896k free), swap 2064376k(2062424k free)

vm_info: OpenJDK Server VM (14.0-b16) for linux-x86 JRE (1.6.0_17-b17), built on Jun 25 2011 03:11:37 by "mockbuild" with gcc 4.4.4 20100726 (Red Hat 4.4.4-13)

time: Sun Oct 23 17:21:25 2011
elapsed time: 2104 seconds

