#
# A fatal error has been detected by the Java Runtime Environment:
#
#  SIGSEGV (0xb) at pc=0x01140e78, pid=18707, tid=2398133104
#
# JRE version: 6.0_17-b17
# Java VM: OpenJDK Server VM (14.0-b16 interpreted mode linux-x86 )
# Derivative: IcedTea6 1.7.5
# Distribution: Custom build (Sat Jun 25 03:01:37 BST 2011)
# Problematic frame:
# V  [libjvm.so+0x36ce78]
#
# If you would like to submit a bug report, please include
# instructions how to reproduce the bug and visit:
#   http://icedtea.classpath.org/bugzilla
#

---------------  T H R E A D  ---------------

Current thread (0x08737800):  JavaThread "Thread-0" daemon [_thread_in_vm, id=18717, stack(0x8e509000,0x8ef0a000)]

siginfo:si_signo=SIGSEGV: si_errno=0, si_code=1 (SEGV_MAPERR), si_addr=0x00001004

Registers:
EAX=0x8ef08c84, EBX=0x01418814, ECX=0x8ef08c8c, EDX=0x00001000
ESP=0x8ef08bec, EBP=0x8ef08c28, ESI=0x08737800, EDI=0x08737800
EIP=0x01140e78, CR2=0x00001004, EFLAGS=0x00210292

Top of Stack: (sp=0x8ef08bec)
0x8ef08bec:   01140dde af874fb4 0000027f 00000000
0x8ef08bfc:   018592b6 08737910 8ef08c44 8ef08c5c
0x8ef08c0c:   08737800 8ef08c54 00000000 00000010
0x8ef08c1c:   af874fb8 af874fb4 08737800 8ef08c6c
0x8ef08c2c:   0185900a 08737910 8ef08c74 8ef08c8c
0x8ef08c3c:   00299760 8ef08c84 00000009 00299760
0x8ef08c4c:   8ef08c4c 00000000 8ef08c8c af8d5ae8
0x8ef08c5c:   00000000 af874fb8 00000000 8ef08c7c 

Instructions: (pc=0x01140e78)
0x01140e68:   85 d2 0f 84 94 00 00 00 8b 4d 10 83 ec 04 8b 11
0x01140e78:   8b 4a 04 8d 71 08 8b 49 08 57 ff 75 20 ff 75 1c 

Stack: [0x8e509000,0x8ef0a000],  sp=0x8ef08bec,  free space=10238k
Native frames: (J=compiled Java code, j=interpreted, Vv=VM code, C=native code)
V  [libjvm.so+0x36ce78]
j  java.lang.System.arraycopy(Ljava/lang/Object;ILjava/lang/Object;II)V+0
j  java.lang.String.getChars(II[CI)V+62
j  java.lang.AbstractStringBuilder.append(Ljava/lang/String;)Ljava/lang/AbstractStringBuilder;+50
j  java.lang.StringBuilder.append(Ljava/lang/String;)Ljava/lang/StringBuilder;+2
j  browsefs.BrowseFS.read_pre(Ljava/lang/String;Ljava/lang/String;IILjavafuse/Fuse_file_info;)I+92
v  ~StubRoutines::call_stub
V  [libjvm.so+0x31c625]
V  [libjvm.so+0x481749]
V  [libjvm.so+0x31b7df]
V  [libjvm.so+0x327dec]
V  [libjvm.so+0x33ed4d]
V  [libjvm.so+0x34a992]
C  [javafuse+0x4666]
C  [libfuse.so.2+0x6a0d]  fuse_fs_read+0x7d
C  [libfuse.so.2+0xf541]
C  [libfuse.so.2+0x139a9]
C  [libfuse.so.2+0x11a72]
C  [libfuse.so.2+0x14d27]  fuse_session_process+0x27
C  [libfuse.so.2+0x10034]
C  [libpthread.so.0+0x69e9]

Java frames: (J=compiled Java code, j=interpreted, Vv=VM code)
j  java.lang.System.arraycopy(Ljava/lang/Object;ILjava/lang/Object;II)V+0
j  java.lang.String.getChars(II[CI)V+62
j  java.lang.AbstractStringBuilder.append(Ljava/lang/String;)Ljava/lang/AbstractStringBuilder;+50
j  java.lang.StringBuilder.append(Ljava/lang/String;)Ljava/lang/StringBuilder;+2
j  browsefs.BrowseFS.read_pre(Ljava/lang/String;Ljava/lang/String;IILjavafuse/Fuse_file_info;)I+92
v  ~StubRoutines::call_stub

---------------  P R O C E S S  ---------------

Java Threads: ( => current thread )
  0x087da400 JavaThread "Thread-1740" daemon [_thread_in_native, id=20518, stack(0x8afff000,0x8ba00000)]
  0x087d2800 JavaThread "Timer-1733" daemon [_thread_blocked, id=20517, stack(0x8bbd1000,0x8bc22000)]
  0x8f543c00 JavaThread "Thread-20" daemon [_thread_in_native, id=18778, stack(0x8cff2000,0x8d9f3000)]
  0x8f545400 JavaThread "Thread-11" daemon [_thread_in_native, id=18783, stack(0x8c4ad000,0x8ceae000)]
  0x8f325000 JavaThread "Thread-4" daemon [_thread_in_native, id=18718, stack(0x8dae6000,0x8e4e7000)]
  0x08791400 JavaThread "Firefox output watcher" daemon [_thread_in_native, id=18750, stack(0x8da44000,0x8da95000)]
  0x0875a400 JavaThread "process reaper" daemon [_thread_in_native, id=18748, stack(0x8da95000,0x8dae6000)]
=>0x08737800 JavaThread "Thread-0" daemon [_thread_in_vm, id=18717, stack(0x8e509000,0x8ef0a000)]
  0x08717000 JavaThread "Low Memory Detector" daemon [_thread_blocked, id=18714, stack(0x8efad000,0x8effe000)]
  0x08715400 JavaThread "CompilerThread1" daemon [_thread_blocked, id=18713, stack(0x8effe000,0x8f07f000)]
  0x08713800 JavaThread "CompilerThread0" daemon [_thread_blocked, id=18712, stack(0x8f07f000,0x8f100000)]
  0x08712000 JavaThread "Signal Dispatcher" daemon [_thread_blocked, id=18711, stack(0x8f40d000,0x8f45e000)]
  0x08700400 JavaThread "Finalizer" daemon [_thread_blocked, id=18710, stack(0x8f45e000,0x8f4af000)]
  0x086ff000 JavaThread "Reference Handler" daemon [_thread_blocked, id=18709, stack(0x8f4af000,0x8f500000)]
  0x086a8800 JavaThread "main" [_thread_in_native, id=18707, stack(0xbf9ef000,0xbfa3f000)]

Other Threads:
  0x086fbc00 VMThread [stack: 0x8f608000,0x8f689000] [id=18708]
  0x08719000 WatcherThread [stack: 0x8ef2c000,0x8efad000] [id=18715]

VM state:not at safepoint (normal execution)

VM Mutex/Monitor currently owned by a thread: None

Heap
 def new generation   total 52416K, used 8313K [0x8f850000, 0x93130000, 0x93130000)
  eden space 46592K,  17% used [0x8f850000, 0x9006e630, 0x925d0000)
  from space 5824K,   0% used [0x925d0000, 0x925d0000, 0x92b80000)
  to   space 5824K,   0% used [0x92b80000, 0x92b80000, 0x93130000)
 tenured generation   total 466048K, used 1318K [0x93130000, 0xaf850000, 0xaf850000)
   the space 466048K,   0% used [0x93130000, 0x93279840, 0x93279a00, 0xaf850000)
 compacting perm gen  total 16384K, used 7949K [0xaf850000, 0xb0850000, 0xb7850000)
   the space 16384K,  48% used [0xaf850000, 0xb0013768, 0xb0013800, 0xb0850000)
No shared spaces configured.

Dynamic libraries:
00110000-00295000 r-xp 00000000 fd:00 672760     /lib/libc-2.12.so
00295000-00296000 ---p 00185000 fd:00 672760     /lib/libc-2.12.so
00296000-00298000 r--p 00185000 fd:00 672760     /lib/libc-2.12.so
00298000-00299000 rw-p 00187000 fd:00 672760     /lib/libc-2.12.so
00299000-0029c000 rw-p 00000000 00:00 0 
0029c000-0029d000 r--p 00000000 00:00 0 
002a0000-002ab000 r-xp 00000000 fd:00 265562     /usr/lib/jvm/java-1.6.0-openjdk-1.6.0.0/jre/lib/i386/libverify.so
002ab000-002ac000 rw-p 0000b000 fd:00 265562     /usr/lib/jvm/java-1.6.0-openjdk-1.6.0.0/jre/lib/i386/libverify.so
002ac000-002b2000 r-xp 00000000 fd:00 265563     /usr/lib/jvm/java-1.6.0-openjdk-1.6.0.0/jre/lib/i386/libzip.so
002b2000-002b3000 rw-p 00006000 fd:00 265563     /usr/lib/jvm/java-1.6.0-openjdk-1.6.0.0/jre/lib/i386/libzip.so
002b3000-002cf000 rwxp 00000000 00:00 0 
002cf000-003b3000 rwxp 00000000 00:00 0 
003b3000-003bb000 rwxp 00000000 00:00 0 
003bb000-003f3000 rwxp 00000000 00:00 0 
003f3000-004d8000 rwxp 00000000 00:00 0 
004d8000-004e1000 rwxp 00000000 00:00 0 
004e1000-00519000 rwxp 00000000 00:00 0 
00519000-0051e000 r-xp 00000000 fd:00 653727     /lib/libnss_dns-2.12.so
0051e000-0051f000 r--p 00004000 fd:00 653727     /lib/libnss_dns-2.12.so
0051f000-00520000 rw-p 00005000 fd:00 653727     /lib/libnss_dns-2.12.so
00520000-00527000 r-xp 00000000 fd:00 265555     /usr/lib/jvm/java-1.6.0-openjdk-1.6.0.0/jre/lib/i386/libnio.so
00527000-00528000 rw-p 00006000 fd:00 265555     /usr/lib/jvm/java-1.6.0-openjdk-1.6.0.0/jre/lib/i386/libnio.so
005a4000-005b7000 r-xp 00000000 fd:00 265554     /usr/lib/jvm/java-1.6.0-openjdk-1.6.0.0/jre/lib/i386/libnet.so
005b7000-005b8000 rw-p 00013000 fd:00 265554     /usr/lib/jvm/java-1.6.0-openjdk-1.6.0.0/jre/lib/i386/libnet.so
00755000-0075b000 r-xp 00000000 fd:00 265564     /usr/lib/jvm/java-1.6.0-openjdk-1.6.0.0/jre/lib/i386/native_threads/libhpi.so
0075b000-0075c000 rw-p 00006000 fd:00 265564     /usr/lib/jvm/java-1.6.0-openjdk-1.6.0.0/jre/lib/i386/native_threads/libhpi.so
00785000-0078e000 r-xp 00000000 fd:00 793086     /root/javafuse/javafuse-read-only/build/libjavafuse.so
0078e000-0078f000 rw-p 00008000 fd:00 793086     /root/javafuse/javafuse-read-only/build/libjavafuse.so
007da000-007e6000 r-xp 00000000 fd:00 653729     /lib/libnss_files-2.12.so
007e6000-007e7000 r--p 0000b000 fd:00 653729     /lib/libnss_files-2.12.so
007e7000-007e8000 rw-p 0000c000 fd:00 653729     /lib/libnss_files-2.12.so
00817000-00820000 rwxp 00000000 00:00 0 
00820000-008d7000 rwxp 00000000 00:00 0 
00a91000-00aaf000 r-xp 00000000 fd:00 672758     /lib/ld-2.12.so
00aaf000-00ab0000 r--p 0001d000 fd:00 672758     /lib/ld-2.12.so
00ab0000-00ab1000 rw-p 0001e000 fd:00 672758     /lib/ld-2.12.so
00ab3000-00ab6000 r-xp 00000000 fd:00 672768     /lib/libdl-2.12.so
00ab6000-00ab7000 r--p 00002000 fd:00 672768     /lib/libdl-2.12.so
00ab7000-00ab8000 rw-p 00003000 fd:00 672768     /lib/libdl-2.12.so
00aba000-00ad1000 r-xp 00000000 fd:00 672762     /lib/libpthread-2.12.so
00ad1000-00ad2000 r--p 00016000 fd:00 672762     /lib/libpthread-2.12.so
00ad2000-00ad3000 rw-p 00017000 fd:00 672762     /lib/libpthread-2.12.so
00ad3000-00ad5000 rw-p 00000000 00:00 0 
00ad7000-00aff000 r-xp 00000000 fd:00 672765     /lib/libm-2.12.so
00aff000-00b00000 r--p 00027000 fd:00 672765     /lib/libm-2.12.so
00b00000-00b01000 rw-p 00028000 fd:00 672765     /lib/libm-2.12.so
00b03000-00b0a000 r-xp 00000000 fd:00 672763     /lib/librt-2.12.so
00b0a000-00b0b000 r--p 00006000 fd:00 672763     /lib/librt-2.12.so
00b0b000-00b0c000 rw-p 00007000 fd:00 672763     /lib/librt-2.12.so
00b2f000-00b41000 r-xp 00000000 fd:00 672767     /lib/libz.so.1.2.3
00b41000-00b42000 rw-p 00011000 fd:00 672767     /lib/libz.so.1.2.3
00c09000-00c0a000 r-xp 00000000 00:00 0          [vdso]
00cd4000-00cf6000 r-xp 00000000 fd:00 265543     /usr/lib/jvm/java-1.6.0-openjdk-1.6.0.0/jre/lib/i386/libjava.so
00cf6000-00cf8000 rw-p 00022000 fd:00 265543     /usr/lib/jvm/java-1.6.0-openjdk-1.6.0.0/jre/lib/i386/libjava.so
00d74000-00d89000 r-xp 00000000 fd:00 672771     /lib/libresolv-2.12.so
00d89000-00d8a000 r--p 00014000 fd:00 672771     /lib/libresolv-2.12.so
00d8a000-00d8b000 rw-p 00015000 fd:00 672771     /lib/libresolv-2.12.so
00d8b000-00d8d000 rw-p 00000000 00:00 0 
00da7000-00dcb000 r-xp 00000000 fd:00 656954     /lib/libfuse.so.2.8.3
00dcb000-00dd4000 rw-p 00024000 fd:00 656954     /lib/libfuse.so.2.8.3
00dd4000-013d7000 r-xp 00000000 fd:00 265569     /usr/lib/jvm/java-1.6.0-openjdk-1.6.0.0/jre/lib/i386/server/libjvm.so
013d7000-0142e000 rw-p 00603000 fd:00 265569     /usr/lib/jvm/java-1.6.0-openjdk-1.6.0.0/jre/lib/i386/server/libjvm.so
0142e000-0184f000 rw-p 00000000 00:00 0 
0184f000-01a8f000 rwxp 00000000 00:00 0 
01a8f000-0484f000 rwxp 00000000 00:00 0 
0652e000-06544000 r-xp 00000000 fd:00 672795     /lib/libnsl-2.12.so
06544000-06545000 r--p 00016000 fd:00 672795     /lib/libnsl-2.12.so
06545000-06546000 rw-p 00017000 fd:00 672795     /lib/libnsl-2.12.so
06546000-06548000 rw-p 00000000 00:00 0 
08048000-08053000 r-xp 00000000 fd:00 803860     /root/javafuse/javafuse-read-only/javafuse
08053000-08054000 rw-p 0000a000 fd:00 803860     /root/javafuse/javafuse-read-only/javafuse
086a4000-08860000 rw-p 00000000 00:00 0          [heap]
8afff000-8b002000 ---p 00000000 00:00 0 
8b002000-8ba00000 rw-p 00000000 00:00 0 
8ba00000-8ba52000 rw-p 00000000 00:00 0 
8ba52000-8bb00000 ---p 00000000 00:00 0 
8bb2f000-8bb32000 rwxp 00000000 00:00 0 
8bb32000-8bb80000 rw-p 00000000 00:00 0 
8bb80000-8bb83000 rwxp 00000000 00:00 0 
8bb83000-8bbd1000 rw-p 00000000 00:00 0 
8bbd1000-8bbd4000 ---p 00000000 00:00 0 
8bbd4000-8bc22000 rw-p 00000000 00:00 0 
8bc22000-8bc25000 rwxp 00000000 00:00 0 
8bc25000-8bc73000 rw-p 00000000 00:00 0 
8bc73000-8bc76000 rwxp 00000000 00:00 0 
8bc76000-8bcc4000 rw-p 00000000 00:00 0 
8bcc4000-8bcc7000 rwxp 00000000 00:00 0 
8bcc7000-8bd15000 rw-p 00000000 00:00 0 
8bd15000-8bd18000 rwxp 00000000 00:00 0 
8bd18000-8bd66000 rw-p 00000000 00:00 0 
8bd66000-8bd69000 rwxp 00000000 00:00 0 
8bd69000-8bdb7000 rw-p 00000000 00:00 0 
8bdb7000-8bdba000 rwxp 00000000 00:00 0 
8bdba000-8be08000 rw-p 00000000 00:00 0 
8be08000-8be0b000 rwxp 00000000 00:00 0 
8be0b000-8be59000 rw-p 00000000 00:00 0 
8be59000-8be5c000 rwxp 00000000 00:00 0 
8be5c000-8beaa000 rw-p 00000000 00:00 0 
8beaa000-8bead000 rwxp 00000000 00:00 0 
8bead000-8befb000 rw-p 00000000 00:00 0 
8befb000-8befe000 rwxp 00000000 00:00 0 
8befe000-8bf4c000 rw-p 00000000 00:00 0 
8bf4c000-8bf4f000 rwxp 00000000 00:00 0 
8bf4f000-8bf9d000 rw-p 00000000 00:00 0 
8bf9d000-8bfa0000 rwxp 00000000 00:00 0 
8bfa0000-8bfee000 rw-p 00000000 00:00 0 
8bfee000-8bff1000 rwxp 00000000 00:00 0 
8bff1000-8c03f000 rw-p 00000000 00:00 0 
8c03f000-8c042000 rwxp 00000000 00:00 0 
8c042000-8c090000 rw-p 00000000 00:00 0 
8c090000-8c093000 rwxp 00000000 00:00 0 
8c093000-8c0e1000 rw-p 00000000 00:00 0 
8c0e1000-8c0e4000 rwxp 00000000 00:00 0 
8c0e4000-8c132000 rw-p 00000000 00:00 0 
8c132000-8c135000 rwxp 00000000 00:00 0 
8c135000-8c183000 rw-p 00000000 00:00 0 
8c183000-8c186000 rwxp 00000000 00:00 0 
8c186000-8c1d4000 rw-p 00000000 00:00 0 
8c1d4000-8c1d7000 rwxp 00000000 00:00 0 
8c1d7000-8c225000 rw-p 00000000 00:00 0 
8c225000-8c228000 rwxp 00000000 00:00 0 
8c228000-8c276000 rw-p 00000000 00:00 0 
8c276000-8c279000 rwxp 00000000 00:00 0 
8c279000-8c2c7000 rw-p 00000000 00:00 0 
8c2c7000-8c2ca000 rwxp 00000000 00:00 0 
8c2ca000-8c318000 rw-p 00000000 00:00 0 
8c318000-8c31b000 rwxp 00000000 00:00 0 
8c31b000-8c369000 rw-p 00000000 00:00 0 
8c369000-8c36c000 rwxp 00000000 00:00 0 
8c36c000-8c3ba000 rw-p 00000000 00:00 0 
8c3ba000-8c3bd000 rwxp 00000000 00:00 0 
8c3bd000-8c40b000 rw-p 00000000 00:00 0 
8c40b000-8c40e000 rwxp 00000000 00:00 0 
8c40e000-8c45c000 rw-p 00000000 00:00 0 
8c45c000-8c45f000 rwxp 00000000 00:00 0 
8c45f000-8c4ad000 rw-p 00000000 00:00 0 
8c4ad000-8c4b0000 ---p 00000000 00:00 0 
8c4b0000-8ceae000 rw-p 00000000 00:00 0 
8ceae000-8ceb1000 rwxp 00000000 00:00 0 
8ceb1000-8ceff000 rw-p 00000000 00:00 0 
8ceff000-8cf02000 rwxp 00000000 00:00 0 
8cf02000-8cf50000 rw-p 00000000 00:00 0 
8cf50000-8cf53000 rwxp 00000000 00:00 0 
8cf53000-8cfa1000 rw-p 00000000 00:00 0 
8cfa1000-8cfa4000 rwxp 00000000 00:00 0 
8cfa4000-8cff2000 rw-p 00000000 00:00 0 
8cff2000-8cff5000 ---p 00000000 00:00 0 
8cff5000-8d9f3000 rw-p 00000000 00:00 0 
8d9f3000-8d9f6000 rwxp 00000000 00:00 0 
8d9f6000-8da44000 rw-p 00000000 00:00 0 
8da44000-8da47000 ---p 00000000 00:00 0 
8da47000-8da95000 rw-p 00000000 00:00 0 
8da95000-8da98000 ---p 00000000 00:00 0 
8da98000-8dae6000 rw-p 00000000 00:00 0 
8dae6000-8dae9000 ---p 00000000 00:00 0 
8dae9000-8e509000 rw-p 00000000 00:00 0 
8e509000-8e50c000 ---p 00000000 00:00 0 
8e50c000-8ef2c000 rw-p 00000000 00:00 0 
8ef2c000-8ef2d000 ---p 00000000 00:00 0 
8ef2d000-8efad000 rw-p 00000000 00:00 0 
8efad000-8efb0000 ---p 00000000 00:00 0 
8efb0000-8effe000 rw-p 00000000 00:00 0 
8effe000-8f001000 ---p 00000000 00:00 0 
8f001000-8f07f000 rw-p 00000000 00:00 0 
8f07f000-8f082000 ---p 00000000 00:00 0 
8f082000-8f100000 rw-p 00000000 00:00 0 
8f100000-8f300000 r--p 00000000 fd:00 137199     /usr/lib/locale/locale-archive
8f300000-8f35c000 rw-p 00000000 00:00 0 
8f35c000-8f400000 ---p 00000000 00:00 0 
8f40d000-8f410000 ---p 00000000 00:00 0 
8f410000-8f45e000 rw-p 00000000 00:00 0 
8f45e000-8f461000 ---p 00000000 00:00 0 
8f461000-8f4af000 rw-p 00000000 00:00 0 
8f4af000-8f4b2000 ---p 00000000 00:00 0 
8f4b2000-8f500000 rw-p 00000000 00:00 0 
8f500000-8f5fa000 rw-p 00000000 00:00 0 
8f5fa000-8f600000 ---p 00000000 00:00 0 
8f601000-8f608000 r--s 000fe000 fd:00 265580     /usr/lib/jvm/java-1.6.0-openjdk-1.6.0.0/jre/lib/resources.jar
8f608000-8f609000 ---p 00000000 00:00 0 
8f609000-8f6bc000 rw-p 00000000 00:00 0 
8f6bc000-8f850000 r--s 038cb000 fd:00 265582     /usr/lib/jvm/java-1.6.0-openjdk-1.6.0.0/jre/lib/rt.jar
8f850000-93130000 rwxp 00000000 00:00 0 
93130000-af850000 rwxp 00000000 00:00 0 
af850000-b0850000 rwxp 00000000 00:00 0 
b0850000-b7850000 rwxp 00000000 00:00 0 
b7851000-b7855000 r--s 0007c000 fd:00 262262     /usr/lib/jvm/java-1.6.0-openjdk-1.6.0.0/jre/lib/jsse.jar
b7855000-b785e000 r--s 00065000 fd:00 265508     /usr/lib/jvm/java-1.6.0-openjdk-1.6.0.0/jre/lib/ext/gnome-java-bridge.jar
b785e000-b7861000 rw-p 00000000 00:00 0 
b7862000-b7865000 r--s 0000f000 fd:00 265511     /usr/lib/jvm/java-1.6.0-openjdk-1.6.0.0/jre/lib/ext/pulse-java.jar
b7865000-b786d000 rw-s 00000000 fd:00 919967     /tmp/hsperfdata_root/18707
b786d000-b786e000 rw-p 00000000 00:00 0 
b786e000-b786f000 r--p 00000000 00:00 0 
b786f000-b7871000 rw-p 00000000 00:00 0 
bf9ef000-bf9f2000 ---p 00000000 00:00 0 
bf9f3000-bfa3f000 rw-p 00000000 00:00 0          [stack]

VM Arguments:
jvm_args: -Xint -Xcheck:jni 
java_command: <unknown>
Launcher Type: generic

Environment Variables:
PATH=/usr/lib/qt-3.3/bin:/usr/local/sbin:/usr/sbin:/sbin:/usr/local/bin:/usr/bin:/bin:/root/bin
USERNAME=root
LD_LIBRARY_PATH=build:/usr/lib/jvm/java-1.6.0-openjdk-1.6.0.0/jre/lib/i386/server
SHELL=/bin/bash
DISPLAY=:0.0

Signal Handlers:
SIGSEGV: [libjvm.so+0x58fb90], sa_mask[0]=0x7ffbfeff, sa_flags=0x10000004
SIGBUS: [libjvm.so+0x58fb90], sa_mask[0]=0x7ffbfeff, sa_flags=0x10000004
SIGFPE: [libjvm.so+0x484220], sa_mask[0]=0x7ffbfeff, sa_flags=0x10000004
SIGPIPE: [libjvm.so+0x484220], sa_mask[0]=0x7ffbfeff, sa_flags=0x10000004
SIGXFSZ: [libjvm.so+0x484220], sa_mask[0]=0x7ffbfeff, sa_flags=0x10000004
SIGILL: [libjvm.so+0x484220], sa_mask[0]=0x7ffbfeff, sa_flags=0x10000004
SIGUSR1: SIG_DFL, sa_mask[0]=0x00000000, sa_flags=0x00000000
SIGUSR2: [libjvm.so+0x483970], sa_mask[0]=0x00000000, sa_flags=0x10000004
SIGHUP: [libjvm.so+0x485ed0], sa_mask[0]=0x7ffbfeff, sa_flags=0x10000004
SIGINT: [libjvm.so+0x485ed0], sa_mask[0]=0x7ffbfeff, sa_flags=0x10000004
SIGTERM: [libjvm.so+0x485ed0], sa_mask[0]=0x7ffbfeff, sa_flags=0x10000004
SIGQUIT: [libjvm.so+0x485ed0], sa_mask[0]=0x7ffbfeff, sa_flags=0x10000004


---------------  S Y S T E M  ---------------

OS:CentOS Linux release 6.0 (Final)

uname:Linux 2.6.32-71.el6.i686 #1 SMP Fri Nov 12 04:17:17 GMT 2010 i686
libc:glibc 2.12 NPTL 2.12 
rlimit: STACK 10240k, CORE 0k, NPROC 1024, NOFILE 1024, AS infinity
load average:0.40 0.36 0.28

CPU:total 1 (1 cores per cpu, 1 threads per core) family 6 model 23 stepping 6, cmov, cx8, fxsr, mmx, sse, sse2, sse3, ssse3, sse4.1

Memory: 4k page, physical 1031320k(81976k free), swap 2064376k(2037524k free)

vm_info: OpenJDK Server VM (14.0-b16) for linux-x86 JRE (1.6.0_17-b17), built on Jun 25 2011 03:11:37 by "mockbuild" with gcc 4.4.4 20100726 (Red Hat 4.4.4-13)

time: Wed Nov  2 08:21:39 2011
elapsed time: 28 seconds

