#
# A fatal error has been detected by the Java Runtime Environment:
#
#  SIGSEGV (0xb) at pc=0x01140e78, pid=10613, tid=2398272368
#
# JRE version: 6.0_17-b17
# Java VM: OpenJDK Server VM (14.0-b16 interpreted mode linux-x86 )
# Derivative: IcedTea6 1.7.5
# Distribution: Custom build (Sat Jun 25 03:01:37 BST 2011)
# Problematic frame:
# V  [libjvm.so+0x36ce78]
#
# If you would like to submit a bug report, please include
# instructions how to reproduce the bug and visit:
#   http://icedtea.classpath.org/bugzilla
#

---------------  T H R E A D  ---------------

Current thread (0x09dac400):  JavaThread "Thread-0" daemon [_thread_in_vm, id=10623, stack(0x8e52b000,0x8ef2c000)]

siginfo:si_signo=SIGSEGV: si_errno=0, si_code=1 (SEGV_MAPERR), si_addr=0x00001004

Registers:
EAX=0x8ef2ac84, EBX=0x01418814, ECX=0x8ef2ac8c, EDX=0x00001000
ESP=0x8ef2abec, EBP=0x8ef2ac28, ESI=0x09dac400, EDI=0x09dac400
EIP=0x01140e78, CR2=0x00001004, EFLAGS=0x00010292

Top of Stack: (sp=0x8ef2abec)
0x8ef2abec:   01140dde af894fb4 0000027f 00000000
0x8ef2abfc:   01def2b6 09dac510 8ef2ac44 8ef2ac5c
0x8ef2ac0c:   09dac400 8ef2ac54 00000000 00000010
0x8ef2ac1c:   af894fb8 af894fb4 09dac400 8ef2ac6c
0x8ef2ac2c:   01def00a 09dac510 8ef2ac74 8ef2ac8c
0x8ef2ac3c:   00d6f6e0 8ef2ac84 00000009 00d6f6e0
0x8ef2ac4c:   8ef2ac4c 00000000 8ef2ac8c af8f5b58
0x8ef2ac5c:   00000000 af894fb8 00000000 8ef2ac7c 

Instructions: (pc=0x01140e78)
0x01140e68:   85 d2 0f 84 94 00 00 00 8b 4d 10 83 ec 04 8b 11
0x01140e78:   8b 4a 04 8d 71 08 8b 49 08 57 ff 75 20 ff 75 1c 

Stack: [0x8e52b000,0x8ef2c000],  sp=0x8ef2abec,  free space=10238k
Native frames: (J=compiled Java code, j=interpreted, Vv=VM code, C=native code)
V  [libjvm.so+0x36ce78]
j  java.lang.System.arraycopy(Ljava/lang/Object;ILjava/lang/Object;II)V+0
j  java.lang.String.getChars(II[CI)V+62
j  java.lang.AbstractStringBuilder.append(Ljava/lang/String;)Ljava/lang/AbstractStringBuilder;+50
j  java.lang.StringBuilder.append(Ljava/lang/String;)Ljava/lang/StringBuilder;+2
j  browsefs.BrowseFS.read_pre(Ljava/lang/String;Ljava/lang/String;IILjavafuse/Fuse_file_info;)I+49
v  ~StubRoutines::call_stub
V  [libjvm.so+0x31c625]
V  [libjvm.so+0x481749]
V  [libjvm.so+0x31b7df]
V  [libjvm.so+0x327dec]
V  [libjvm.so+0x33ed4d]
V  [libjvm.so+0x34a992]
C  [javafuse+0x4666]
C  [libfuse.so.2+0x6a0d]  fuse_fs_read+0x7d
C  [libfuse.so.2+0xf541]
C  [libfuse.so.2+0x139a9]
C  [libfuse.so.2+0x11a72]
C  [libfuse.so.2+0x14d27]  fuse_session_process+0x27
C  [libfuse.so.2+0x10034]
C  [libpthread.so.0+0x69e9]

Java frames: (J=compiled Java code, j=interpreted, Vv=VM code)
j  java.lang.System.arraycopy(Ljava/lang/Object;ILjava/lang/Object;II)V+0
j  java.lang.String.getChars(II[CI)V+62
j  java.lang.AbstractStringBuilder.append(Ljava/lang/String;)Ljava/lang/AbstractStringBuilder;+50
j  java.lang.StringBuilder.append(Ljava/lang/String;)Ljava/lang/StringBuilder;+2
j  browsefs.BrowseFS.read_pre(Ljava/lang/String;Ljava/lang/String;IILjavafuse/Fuse_file_info;)I+49
v  ~StubRoutines::call_stub

---------------  P R O C E S S  ---------------

Java Threads: ( => current thread )
  0x8f323c00 JavaThread "Thread-7" daemon [_thread_in_native, id=10686, stack(0x8b25b000,0x8bc5c000)]
  0x09df9000 JavaThread "Thread-6" daemon [_thread_in_native, id=10685, stack(0x8bc5c000,0x8c65d000)]
  0x8f520800 JavaThread "Thread-5" daemon [_thread_in_native, id=10684, stack(0x8c65d000,0x8d05e000)]
  0x8f300c00 JavaThread "Thread-4" daemon [_thread_in_native, id=10683, stack(0x8d05e000,0x8da5f000)]
  0x09e30000 JavaThread "Thread-3" daemon [_thread_in_native, id=10624, stack(0x8db08000,0x8e509000)]
  0x09e09400 JavaThread "Firefox output watcher" daemon [_thread_in_native, id=10656, stack(0x8da5f000,0x8dab0000)]
  0x09d42000 JavaThread "process reaper" daemon [_thread_in_native, id=10654, stack(0x8dab0000,0x8db01000)]
=>0x09dac400 JavaThread "Thread-0" daemon [_thread_in_vm, id=10623, stack(0x8e52b000,0x8ef2c000)]
  0x09d8d400 JavaThread "Low Memory Detector" daemon [_thread_blocked, id=10620, stack(0x8efad000,0x8effe000)]
  0x09d8b400 JavaThread "CompilerThread1" daemon [_thread_blocked, id=10619, stack(0x8effe000,0x8f07f000)]
  0x09d89c00 JavaThread "CompilerThread0" daemon [_thread_blocked, id=10618, stack(0x8f07f000,0x8f100000)]
  0x09d88400 JavaThread "Signal Dispatcher" daemon [_thread_blocked, id=10617, stack(0x8f40d000,0x8f45e000)]
  0x09d73400 JavaThread "Finalizer" daemon [_thread_blocked, id=10616, stack(0x8f45e000,0x8f4af000)]
  0x09d72000 JavaThread "Reference Handler" daemon [_thread_blocked, id=10615, stack(0x8f4af000,0x8f500000)]
  0x09d1b800 JavaThread "main" [_thread_in_native, id=10613, stack(0xbfdb8000,0xbfe08000)]

Other Threads:
  0x09d6ec00 VMThread [stack: 0x8f628000,0x8f6a9000] [id=10614]
  0x09d8f000 WatcherThread [stack: 0x8ef2c000,0x8efad000] [id=10621]

VM state:not at safepoint (normal execution)

VM Mutex/Monitor currently owned by a thread: None

Heap
 def new generation   total 960K, used 0K [0x8f870000, 0x8f970000, 0x93150000)
  eden space 896K,   0% used [0x8f870000, 0x8f870000, 0x8f950000)
  from space 64K,   0% used [0x8f950000, 0x8f950000, 0x8f960000)
  to   space 64K,   0% used [0x8f960000, 0x8f960000, 0x8f970000)
 tenured generation   total 31612K, used 28946K [0x93150000, 0x9502f000, 0xaf870000)
   the space 31612K,  91% used [0x93150000, 0x94d94bf0, 0x94d94c00, 0x9502f000)
 compacting perm gen  total 16384K, used 7930K [0xaf870000, 0xb0870000, 0xb7870000)
   the space 16384K,  48% used [0xaf870000, 0xb002e918, 0xb002ea00, 0xb0870000)
No shared spaces configured.

Dynamic libraries:
00110000-0011c000 r-xp 00000000 fd:00 653729     /lib/libnss_files-2.12.so
0011c000-0011d000 r--p 0000b000 fd:00 653729     /lib/libnss_files-2.12.so
0011d000-0011e000 rw-p 0000c000 fd:00 653729     /lib/libnss_files-2.12.so
0011e000-00124000 r-xp 00000000 fd:00 265563     /usr/lib/jvm/java-1.6.0-openjdk-1.6.0.0/jre/lib/i386/libzip.so
00124000-00125000 rw-p 00006000 fd:00 265563     /usr/lib/jvm/java-1.6.0-openjdk-1.6.0.0/jre/lib/i386/libzip.so
00125000-00126000 rwxp 00000000 00:00 0 
00126000-00141000 rwxp 00000000 00:00 0 
00141000-00151000 rwxp 00000000 00:00 0 
00151000-00225000 rwxp 00000000 00:00 0 
00225000-0022d000 rwxp 00000000 00:00 0 
0022d000-00265000 rwxp 00000000 00:00 0 
00265000-00276000 rwxp 00000000 00:00 0 
00276000-0034a000 rwxp 00000000 00:00 0 
0034a000-0034f000 r-xp 00000000 fd:00 653727     /lib/libnss_dns-2.12.so
0034f000-00350000 r--p 00004000 fd:00 653727     /lib/libnss_dns-2.12.so
00350000-00351000 rw-p 00005000 fd:00 653727     /lib/libnss_dns-2.12.so
00351000-00352000 r--p 00000000 00:00 0 
00374000-0037d000 rwxp 00000000 00:00 0 
0037d000-003b5000 rwxp 00000000 00:00 0 
003bc000-003c5000 r-xp 00000000 fd:00 793086     /root/javafuse/javafuse-read-only/build/libjavafuse.so
003c5000-003c6000 rw-p 00008000 fd:00 793086     /root/javafuse/javafuse-read-only/build/libjavafuse.so
00563000-0056a000 r-xp 00000000 fd:00 265555     /usr/lib/jvm/java-1.6.0-openjdk-1.6.0.0/jre/lib/i386/libnio.so
0056a000-0056b000 rw-p 00006000 fd:00 265555     /usr/lib/jvm/java-1.6.0-openjdk-1.6.0.0/jre/lib/i386/libnio.so
005d9000-005e2000 rwxp 00000000 00:00 0 
005e2000-00699000 rwxp 00000000 00:00 0 
006ec000-0070e000 r-xp 00000000 fd:00 265543     /usr/lib/jvm/java-1.6.0-openjdk-1.6.0.0/jre/lib/i386/libjava.so
0070e000-00710000 rw-p 00022000 fd:00 265543     /usr/lib/jvm/java-1.6.0-openjdk-1.6.0.0/jre/lib/i386/libjava.so
0096d000-0096e000 r-xp 00000000 00:00 0          [vdso]
00a00000-00a0b000 r-xp 00000000 fd:00 265562     /usr/lib/jvm/java-1.6.0-openjdk-1.6.0.0/jre/lib/i386/libverify.so
00a0b000-00a0c000 rw-p 0000b000 fd:00 265562     /usr/lib/jvm/java-1.6.0-openjdk-1.6.0.0/jre/lib/i386/libverify.so
00a91000-00aaf000 r-xp 00000000 fd:00 672758     /lib/ld-2.12.so
00aaf000-00ab0000 r--p 0001d000 fd:00 672758     /lib/ld-2.12.so
00ab0000-00ab1000 rw-p 0001e000 fd:00 672758     /lib/ld-2.12.so
00ab3000-00ab6000 r-xp 00000000 fd:00 672768     /lib/libdl-2.12.so
00ab6000-00ab7000 r--p 00002000 fd:00 672768     /lib/libdl-2.12.so
00ab7000-00ab8000 rw-p 00003000 fd:00 672768     /lib/libdl-2.12.so
00aba000-00ad1000 r-xp 00000000 fd:00 672762     /lib/libpthread-2.12.so
00ad1000-00ad2000 r--p 00016000 fd:00 672762     /lib/libpthread-2.12.so
00ad2000-00ad3000 rw-p 00017000 fd:00 672762     /lib/libpthread-2.12.so
00ad3000-00ad5000 rw-p 00000000 00:00 0 
00ad7000-00aff000 r-xp 00000000 fd:00 672765     /lib/libm-2.12.so
00aff000-00b00000 r--p 00027000 fd:00 672765     /lib/libm-2.12.so
00b00000-00b01000 rw-p 00028000 fd:00 672765     /lib/libm-2.12.so
00b03000-00b0a000 r-xp 00000000 fd:00 672763     /lib/librt-2.12.so
00b0a000-00b0b000 r--p 00006000 fd:00 672763     /lib/librt-2.12.so
00b0b000-00b0c000 rw-p 00007000 fd:00 672763     /lib/librt-2.12.so
00b2f000-00b41000 r-xp 00000000 fd:00 672767     /lib/libz.so.1.2.3
00b41000-00b42000 rw-p 00011000 fd:00 672767     /lib/libz.so.1.2.3
00b74000-00b87000 r-xp 00000000 fd:00 265554     /usr/lib/jvm/java-1.6.0-openjdk-1.6.0.0/jre/lib/i386/libnet.so
00b87000-00b88000 rw-p 00013000 fd:00 265554     /usr/lib/jvm/java-1.6.0-openjdk-1.6.0.0/jre/lib/i386/libnet.so
00bd1000-00bd7000 r-xp 00000000 fd:00 265564     /usr/lib/jvm/java-1.6.0-openjdk-1.6.0.0/jre/lib/i386/native_threads/libhpi.so
00bd7000-00bd8000 rw-p 00006000 fd:00 265564     /usr/lib/jvm/java-1.6.0-openjdk-1.6.0.0/jre/lib/i386/native_threads/libhpi.so
00be6000-00d6b000 r-xp 00000000 fd:00 672760     /lib/libc-2.12.so
00d6b000-00d6c000 ---p 00185000 fd:00 672760     /lib/libc-2.12.so
00d6c000-00d6e000 r--p 00185000 fd:00 672760     /lib/libc-2.12.so
00d6e000-00d6f000 rw-p 00187000 fd:00 672760     /lib/libc-2.12.so
00d6f000-00d72000 rw-p 00000000 00:00 0 
00d74000-00d89000 r-xp 00000000 fd:00 672771     /lib/libresolv-2.12.so
00d89000-00d8a000 r--p 00014000 fd:00 672771     /lib/libresolv-2.12.so
00d8a000-00d8b000 rw-p 00015000 fd:00 672771     /lib/libresolv-2.12.so
00d8b000-00d8d000 rw-p 00000000 00:00 0 
00da7000-00dcb000 r-xp 00000000 fd:00 656954     /lib/libfuse.so.2.8.3
00dcb000-00dd4000 rw-p 00024000 fd:00 656954     /lib/libfuse.so.2.8.3
00dd4000-013d7000 r-xp 00000000 fd:00 265569     /usr/lib/jvm/java-1.6.0-openjdk-1.6.0.0/jre/lib/i386/server/libjvm.so
013d7000-0142e000 rw-p 00603000 fd:00 265569     /usr/lib/jvm/java-1.6.0-openjdk-1.6.0.0/jre/lib/i386/server/libjvm.so
0142e000-0184f000 rw-p 00000000 00:00 0 
01de5000-02025000 rwxp 00000000 00:00 0 
02025000-04de5000 rwxp 00000000 00:00 0 
0652e000-06544000 r-xp 00000000 fd:00 672795     /lib/libnsl-2.12.so
06544000-06545000 r--p 00016000 fd:00 672795     /lib/libnsl-2.12.so
06545000-06546000 rw-p 00017000 fd:00 672795     /lib/libnsl-2.12.so
06546000-06548000 rw-p 00000000 00:00 0 
08048000-08053000 r-xp 00000000 fd:00 803860     /root/javafuse/javafuse-read-only/javafuse
08053000-08054000 rw-p 0000a000 fd:00 803860     /root/javafuse/javafuse-read-only/javafuse
09d17000-09f1f000 rw-p 00000000 00:00 0          [heap]
8b25b000-8b25e000 ---p 00000000 00:00 0 
8b25e000-8bc5c000 rw-p 00000000 00:00 0 
8bc5c000-8bc5f000 ---p 00000000 00:00 0 
8bc5f000-8c65d000 rw-p 00000000 00:00 0 
8c65d000-8c660000 ---p 00000000 00:00 0 
8c660000-8d05e000 rw-p 00000000 00:00 0 
8d05e000-8d061000 ---p 00000000 00:00 0 
8d061000-8da5f000 rw-p 00000000 00:00 0 
8da5f000-8da62000 ---p 00000000 00:00 0 
8da62000-8dab0000 rw-p 00000000 00:00 0 
8dab0000-8dab3000 ---p 00000000 00:00 0 
8dab3000-8db01000 rw-p 00000000 00:00 0 
8db01000-8db08000 r--s 000fe000 fd:00 265580     /usr/lib/jvm/java-1.6.0-openjdk-1.6.0.0/jre/lib/resources.jar
8db08000-8db0b000 ---p 00000000 00:00 0 
8db0b000-8e52b000 rw-p 00000000 00:00 0 
8e52b000-8e52e000 ---p 00000000 00:00 0 
8e52e000-8ef2c000 rw-p 00000000 00:00 0 
8ef2c000-8ef2d000 ---p 00000000 00:00 0 
8ef2d000-8efad000 rw-p 00000000 00:00 0 
8efad000-8efb0000 ---p 00000000 00:00 0 
8efb0000-8effe000 rw-p 00000000 00:00 0 
8effe000-8f001000 ---p 00000000 00:00 0 
8f001000-8f07f000 rw-p 00000000 00:00 0 
8f07f000-8f082000 ---p 00000000 00:00 0 
8f082000-8f100000 rw-p 00000000 00:00 0 
8f100000-8f300000 r--p 00000000 fd:00 137199     /usr/lib/locale/locale-archive
8f300000-8f347000 rw-p 00000000 00:00 0 
8f347000-8f400000 ---p 00000000 00:00 0 
8f404000-8f40d000 r--s 00065000 fd:00 265508     /usr/lib/jvm/java-1.6.0-openjdk-1.6.0.0/jre/lib/ext/gnome-java-bridge.jar
8f40d000-8f410000 ---p 00000000 00:00 0 
8f410000-8f45e000 rw-p 00000000 00:00 0 
8f45e000-8f461000 ---p 00000000 00:00 0 
8f461000-8f4af000 rw-p 00000000 00:00 0 
8f4af000-8f4b2000 ---p 00000000 00:00 0 
8f4b2000-8f500000 rw-p 00000000 00:00 0 
8f500000-8f54a000 rw-p 00000000 00:00 0 
8f54a000-8f600000 ---p 00000000 00:00 0 
8f606000-8f628000 rw-p 00000000 00:00 0 
8f628000-8f629000 ---p 00000000 00:00 0 
8f629000-8f6dc000 rw-p 00000000 00:00 0 
8f6dc000-8f870000 r--s 038cb000 fd:00 265582     /usr/lib/jvm/java-1.6.0-openjdk-1.6.0.0/jre/lib/rt.jar
8f870000-8f970000 rwxp 00000000 00:00 0 
8f970000-93150000 rwxp 00000000 00:00 0 
93150000-9502f000 rwxp 00000000 00:00 0 
9502f000-af870000 rwxp 00000000 00:00 0 
af870000-b0870000 rwxp 00000000 00:00 0 
b0870000-b7870000 rwxp 00000000 00:00 0 
b7874000-b7878000 r--s 0007c000 fd:00 262262     /usr/lib/jvm/java-1.6.0-openjdk-1.6.0.0/jre/lib/jsse.jar
b7878000-b787b000 rw-p 00000000 00:00 0 
b787c000-b787f000 r--s 0000f000 fd:00 265511     /usr/lib/jvm/java-1.6.0-openjdk-1.6.0.0/jre/lib/ext/pulse-java.jar
b787f000-b7887000 rw-s 00000000 fd:00 684130     /tmp/hsperfdata_root/10613
b7887000-b7888000 rw-p 00000000 00:00 0 
b7888000-b7889000 r--p 00000000 00:00 0 
b7889000-b788b000 rw-p 00000000 00:00 0 
bfdb8000-bfdbb000 ---p 00000000 00:00 0 
bfdbc000-bfe08000 rw-p 00000000 00:00 0          [stack]

VM Arguments:
jvm_args: -Xint -Xcheck:jni 
java_command: <unknown>
Launcher Type: generic

Environment Variables:
PATH=/usr/lib/qt-3.3/bin:/usr/local/sbin:/usr/sbin:/sbin:/usr/local/bin:/usr/bin:/bin:/root/bin
USERNAME=root
LD_LIBRARY_PATH=build:/usr/lib/jvm/java-1.6.0-openjdk-1.6.0.0/jre/lib/i386/server
SHELL=/bin/bash
DISPLAY=:0.0

Signal Handlers:
SIGSEGV: [libjvm.so+0x58fb90], sa_mask[0]=0x7ffbfeff, sa_flags=0x10000004
SIGBUS: [libjvm.so+0x58fb90], sa_mask[0]=0x7ffbfeff, sa_flags=0x10000004
SIGFPE: [libjvm.so+0x484220], sa_mask[0]=0x7ffbfeff, sa_flags=0x10000004
SIGPIPE: [libjvm.so+0x484220], sa_mask[0]=0x7ffbfeff, sa_flags=0x10000004
SIGXFSZ: [libjvm.so+0x484220], sa_mask[0]=0x7ffbfeff, sa_flags=0x10000004
SIGILL: [libjvm.so+0x484220], sa_mask[0]=0x7ffbfeff, sa_flags=0x10000004
SIGUSR1: SIG_DFL, sa_mask[0]=0x00000000, sa_flags=0x00000000
SIGUSR2: [libjvm.so+0x483970], sa_mask[0]=0x00000000, sa_flags=0x10000004
SIGHUP: [libjvm.so+0x485ed0], sa_mask[0]=0x7ffbfeff, sa_flags=0x10000004
SIGINT: [libjvm.so+0x485ed0], sa_mask[0]=0x7ffbfeff, sa_flags=0x10000004
SIGTERM: [libjvm.so+0x485ed0], sa_mask[0]=0x7ffbfeff, sa_flags=0x10000004
SIGQUIT: [libjvm.so+0x485ed0], sa_mask[0]=0x7ffbfeff, sa_flags=0x10000004


---------------  S Y S T E M  ---------------

OS:CentOS Linux release 6.0 (Final)

uname:Linux 2.6.32-71.el6.i686 #1 SMP Fri Nov 12 04:17:17 GMT 2010 i686
libc:glibc 2.12 NPTL 2.12 
rlimit: STACK 10240k, CORE 0k, NPROC 1024, NOFILE 1024, AS infinity
load average:1.14 1.51 1.22

CPU:total 1 (1 cores per cpu, 1 threads per core) family 6 model 23 stepping 6, cmov, cx8, fxsr, mmx, sse, sse2, sse3, ssse3, sse4.1

Memory: 4k page, physical 1031320k(249880k free), swap 2064376k(2053044k free)

vm_info: OpenJDK Server VM (14.0-b16) for linux-x86 JRE (1.6.0_17-b17), built on Jun 25 2011 03:11:37 by "mockbuild" with gcc 4.4.4 20100726 (Red Hat 4.4.4-13)

time: Sun Oct 30 00:52:22 2011
elapsed time: 55 seconds

