#
# A fatal error has been detected by the Java Runtime Environment:
#
#  SIGSEGV (0xb) at pc=0x01140e78, pid=6639, tid=2354080624
#
# JRE version: 6.0_17-b17
# Java VM: OpenJDK Server VM (14.0-b16 interpreted mode linux-x86 )
# Derivative: IcedTea6 1.7.5
# Distribution: Custom build (Sat Jun 25 03:01:37 BST 2011)
# Problematic frame:
# V  [libjvm.so+0x36ce78]
#
# If you would like to submit a bug report, please include
# instructions how to reproduce the bug and visit:
#   http://icedtea.classpath.org/bugzilla
#

---------------  T H R E A D  ---------------

Current thread (0x088c9400):  JavaThread "Thread-6" daemon [_thread_in_vm, id=6717, stack(0x8bb06000,0x8c507000)]

siginfo:si_signo=SIGSEGV: si_errno=0, si_code=1 (SEGV_MAPERR), si_addr=0x00001004

Registers:
EAX=0x8c505c84, EBX=0x01418814, ECX=0x8c505c8c, EDX=0x00001000
ESP=0x8c505bec, EBP=0x8c505c28, ESI=0x088c9400, EDI=0x088c9400
EIP=0x01140e78, CR2=0x00001004, EFLAGS=0x00010292

Top of Stack: (sp=0x8c505bec)
0x8c505bec:   01140dde af734fb4 0000027f 00000000
0x8c505bfc:   018842b6 088c9510 8c505c44 8c505c5c
0x8c505c0c:   088c9400 8c505c54 00000000 00000010
0x8c505c1c:   af734fb8 af734fb4 088c9400 8c505c6c
0x8c505c2c:   0188400a 088c9510 8c505c74 8c505c8c
0x8c505c3c:   00d6f6e0 8c505c84 00000009 00d6f6e0
0x8c505c4c:   8c505c4c 00000000 8c505c8c af795b58
0x8c505c5c:   00000000 af734fb8 00000000 8c505c7c 

Instructions: (pc=0x01140e78)
0x01140e68:   85 d2 0f 84 94 00 00 00 8b 4d 10 83 ec 04 8b 11
0x01140e78:   8b 4a 04 8d 71 08 8b 49 08 57 ff 75 20 ff 75 1c 

Stack: [0x8bb06000,0x8c507000],  sp=0x8c505bec,  free space=10238k
Native frames: (J=compiled Java code, j=interpreted, Vv=VM code, C=native code)
V  [libjvm.so+0x36ce78]
j  java.lang.System.arraycopy(Ljava/lang/Object;ILjava/lang/Object;II)V+0
j  java.lang.String.getChars(II[CI)V+62
j  java.lang.AbstractStringBuilder.append(Ljava/lang/String;)Ljava/lang/AbstractStringBuilder;+50
j  java.lang.StringBuilder.append(Ljava/lang/String;)Ljava/lang/StringBuilder;+2
j  browsefs.BrowseFS.read_pre(Ljava/lang/String;Ljava/lang/String;IILjavafuse/Fuse_file_info;)I+49
v  ~StubRoutines::call_stub
V  [libjvm.so+0x31c625]
V  [libjvm.so+0x481749]
V  [libjvm.so+0x31b7df]
V  [libjvm.so+0x327dec]
V  [libjvm.so+0x33ed4d]
V  [libjvm.so+0x34a992]
C  [javafuse+0x4666]
C  [libfuse.so.2+0x6a0d]  fuse_fs_read+0x7d
C  [libfuse.so.2+0xf541]
C  [libfuse.so.2+0x139a9]
C  [libfuse.so.2+0x11a72]
C  [libfuse.so.2+0x14d27]  fuse_session_process+0x27
C  [libfuse.so.2+0x10034]
C  [libpthread.so.0+0x69e9]

Java frames: (J=compiled Java code, j=interpreted, Vv=VM code)
j  java.lang.System.arraycopy(Ljava/lang/Object;ILjava/lang/Object;II)V+0
j  java.lang.String.getChars(II[CI)V+62
j  java.lang.AbstractStringBuilder.append(Ljava/lang/String;)Ljava/lang/AbstractStringBuilder;+50
j  java.lang.StringBuilder.append(Ljava/lang/String;)Ljava/lang/StringBuilder;+2
j  browsefs.BrowseFS.read_pre(Ljava/lang/String;Ljava/lang/String;IILjavafuse/Fuse_file_info;)I+49
v  ~StubRoutines::call_stub

---------------  P R O C E S S  ---------------

Java Threads: ( => current thread )
=>0x088c9400 JavaThread "Thread-6" daemon [_thread_in_vm, id=6717, stack(0x8bb06000,0x8c507000)]
  0x8f31f400 JavaThread "Thread-5" daemon [_thread_in_native, id=6713, stack(0x8c507000,0x8cf08000)]
  0x8f100c00 JavaThread "Thread-4" daemon [_thread_in_native, id=6712, stack(0x8cf08000,0x8d909000)]
  0x088f4400 JavaThread "Thread-3" daemon [_thread_in_native, id=6650, stack(0x8d9ab000,0x8e3ac000)]
  0x08808000 JavaThread "Firefox output watcher" daemon [_thread_in_native, id=6684, stack(0x8d909000,0x8d95a000)]
  0x088a6400 JavaThread "process reaper" daemon [_thread_in_native, id=6682, stack(0x8d95a000,0x8d9ab000)]
  0x08873c00 JavaThread "Thread-0" daemon [_thread_in_native, id=6649, stack(0x8e3ac000,0x8edad000)]
  0x08853400 JavaThread "Low Memory Detector" daemon [_thread_blocked, id=6646, stack(0x8ee2e000,0x8ee7f000)]
  0x08851400 JavaThread "CompilerThread1" daemon [_thread_blocked, id=6645, stack(0x8ee7f000,0x8ef00000)]
  0x0884fc00 JavaThread "CompilerThread0" daemon [_thread_blocked, id=6644, stack(0x8f22e000,0x8f2af000)]
  0x0884e400 JavaThread "Signal Dispatcher" daemon [_thread_blocked, id=6643, stack(0x8f2af000,0x8f300000)]
  0x08839400 JavaThread "Finalizer" daemon [_thread_blocked, id=6642, stack(0x8f426000,0x8f477000)]
  0x08838000 JavaThread "Reference Handler" daemon [_thread_blocked, id=6641, stack(0x8f477000,0x8f4c8000)]
  0x087e1800 JavaThread "main" [_thread_in_native, id=6639, stack(0xbfab9000,0xbfb09000)]

Other Threads:
  0x08834c00 VMThread [stack: 0x8f4c8000,0x8f549000] [id=6640]
  0x08855400 WatcherThread [stack: 0x8edad000,0x8ee2e000] [id=6647]

VM state:not at safepoint (normal execution)

VM Mutex/Monitor currently owned by a thread: None

Heap
 def new generation   total 960K, used 0K [0x8f710000, 0x8f810000, 0x92ff0000)
  eden space 896K,   0% used [0x8f710000, 0x8f710000, 0x8f7f0000)
  from space 64K,   0% used [0x8f800000, 0x8f800000, 0x8f810000)
  to   space 64K,   0% used [0x8f7f0000, 0x8f7f0000, 0x8f800000)
 tenured generation   total 31612K, used 28927K [0x92ff0000, 0x94ecf000, 0xaf710000)
   the space 31612K,  91% used [0x92ff0000, 0x94c2fca8, 0x94c2fe00, 0x94ecf000)
 compacting perm gen  total 16384K, used 7930K [0xaf710000, 0xb0710000, 0xb7710000)
   the space 16384K,  48% used [0xaf710000, 0xafece868, 0xafecea00, 0xb0710000)
No shared spaces configured.

Dynamic libraries:
00110000-0011c000 r-xp 00000000 fd:00 653729     /lib/libnss_files-2.12.so
0011c000-0011d000 r--p 0000b000 fd:00 653729     /lib/libnss_files-2.12.so
0011d000-0011e000 rw-p 0000c000 fd:00 653729     /lib/libnss_files-2.12.so
0011e000-0011f000 rwxp 00000000 00:00 0 
0011f000-0013a000 rwxp 00000000 00:00 0 
0013a000-0014a000 rwxp 00000000 00:00 0 
0014a000-0021e000 rwxp 00000000 00:00 0 
0021e000-00226000 rwxp 00000000 00:00 0 
00226000-0025e000 rwxp 00000000 00:00 0 
0025e000-0025f000 rwxp 00000000 00:00 0 
0025f000-00272000 r-xp 00000000 fd:00 265554     /usr/lib/jvm/java-1.6.0-openjdk-1.6.0.0/jre/lib/i386/libnet.so
00272000-00273000 rw-p 00013000 fd:00 265554     /usr/lib/jvm/java-1.6.0-openjdk-1.6.0.0/jre/lib/i386/libnet.so
00273000-00278000 r-xp 00000000 fd:00 653727     /lib/libnss_dns-2.12.so
00278000-00279000 r--p 00004000 fd:00 653727     /lib/libnss_dns-2.12.so
00279000-0027a000 rw-p 00005000 fd:00 653727     /lib/libnss_dns-2.12.so
0027a000-00281000 r-xp 00000000 fd:00 265555     /usr/lib/jvm/java-1.6.0-openjdk-1.6.0.0/jre/lib/i386/libnio.so
00281000-00282000 rw-p 00006000 fd:00 265555     /usr/lib/jvm/java-1.6.0-openjdk-1.6.0.0/jre/lib/i386/libnio.so
00282000-00283000 r--p 00000000 00:00 0 
0028f000-00298000 rwxp 00000000 00:00 0 
00298000-0034f000 rwxp 00000000 00:00 0 
003f9000-00402000 r-xp 00000000 fd:00 793086     /root/javafuse/javafuse-read-only/build/libjavafuse.so
00402000-00403000 rw-p 00008000 fd:00 793086     /root/javafuse/javafuse-read-only/build/libjavafuse.so
00403000-00413000 rwxp 00000000 00:00 0 
00413000-004e7000 rwxp 00000000 00:00 0 
00537000-0053d000 r-xp 00000000 fd:00 265563     /usr/lib/jvm/java-1.6.0-openjdk-1.6.0.0/jre/lib/i386/libzip.so
0053d000-0053e000 rw-p 00006000 fd:00 265563     /usr/lib/jvm/java-1.6.0-openjdk-1.6.0.0/jre/lib/i386/libzip.so
005f9000-00602000 rwxp 00000000 00:00 0 
00602000-0063a000 rwxp 00000000 00:00 0 
00702000-00724000 r-xp 00000000 fd:00 265543     /usr/lib/jvm/java-1.6.0-openjdk-1.6.0.0/jre/lib/i386/libjava.so
00724000-00726000 rw-p 00022000 fd:00 265543     /usr/lib/jvm/java-1.6.0-openjdk-1.6.0.0/jre/lib/i386/libjava.so
00761000-0076c000 r-xp 00000000 fd:00 265562     /usr/lib/jvm/java-1.6.0-openjdk-1.6.0.0/jre/lib/i386/libverify.so
0076c000-0076d000 rw-p 0000b000 fd:00 265562     /usr/lib/jvm/java-1.6.0-openjdk-1.6.0.0/jre/lib/i386/libverify.so
008ce000-008cf000 r-xp 00000000 00:00 0          [vdso]
0095e000-00964000 r-xp 00000000 fd:00 265564     /usr/lib/jvm/java-1.6.0-openjdk-1.6.0.0/jre/lib/i386/native_threads/libhpi.so
00964000-00965000 rw-p 00006000 fd:00 265564     /usr/lib/jvm/java-1.6.0-openjdk-1.6.0.0/jre/lib/i386/native_threads/libhpi.so
00a91000-00aaf000 r-xp 00000000 fd:00 672758     /lib/ld-2.12.so
00aaf000-00ab0000 r--p 0001d000 fd:00 672758     /lib/ld-2.12.so
00ab0000-00ab1000 rw-p 0001e000 fd:00 672758     /lib/ld-2.12.so
00ab3000-00ab6000 r-xp 00000000 fd:00 672768     /lib/libdl-2.12.so
00ab6000-00ab7000 r--p 00002000 fd:00 672768     /lib/libdl-2.12.so
00ab7000-00ab8000 rw-p 00003000 fd:00 672768     /lib/libdl-2.12.so
00aba000-00ad1000 r-xp 00000000 fd:00 672762     /lib/libpthread-2.12.so
00ad1000-00ad2000 r--p 00016000 fd:00 672762     /lib/libpthread-2.12.so
00ad2000-00ad3000 rw-p 00017000 fd:00 672762     /lib/libpthread-2.12.so
00ad3000-00ad5000 rw-p 00000000 00:00 0 
00ad7000-00aff000 r-xp 00000000 fd:00 672765     /lib/libm-2.12.so
00aff000-00b00000 r--p 00027000 fd:00 672765     /lib/libm-2.12.so
00b00000-00b01000 rw-p 00028000 fd:00 672765     /lib/libm-2.12.so
00b03000-00b0a000 r-xp 00000000 fd:00 672763     /lib/librt-2.12.so
00b0a000-00b0b000 r--p 00006000 fd:00 672763     /lib/librt-2.12.so
00b0b000-00b0c000 rw-p 00007000 fd:00 672763     /lib/librt-2.12.so
00b2f000-00b41000 r-xp 00000000 fd:00 672767     /lib/libz.so.1.2.3
00b41000-00b42000 rw-p 00011000 fd:00 672767     /lib/libz.so.1.2.3
00be6000-00d6b000 r-xp 00000000 fd:00 672760     /lib/libc-2.12.so
00d6b000-00d6c000 ---p 00185000 fd:00 672760     /lib/libc-2.12.so
00d6c000-00d6e000 r--p 00185000 fd:00 672760     /lib/libc-2.12.so
00d6e000-00d6f000 rw-p 00187000 fd:00 672760     /lib/libc-2.12.so
00d6f000-00d72000 rw-p 00000000 00:00 0 
00d74000-00d89000 r-xp 00000000 fd:00 672771     /lib/libresolv-2.12.so
00d89000-00d8a000 r--p 00014000 fd:00 672771     /lib/libresolv-2.12.so
00d8a000-00d8b000 rw-p 00015000 fd:00 672771     /lib/libresolv-2.12.so
00d8b000-00d8d000 rw-p 00000000 00:00 0 
00da7000-00dcb000 r-xp 00000000 fd:00 656954     /lib/libfuse.so.2.8.3
00dcb000-00dd4000 rw-p 00024000 fd:00 656954     /lib/libfuse.so.2.8.3
00dd4000-013d7000 r-xp 00000000 fd:00 265569     /usr/lib/jvm/java-1.6.0-openjdk-1.6.0.0/jre/lib/i386/server/libjvm.so
013d7000-0142e000 rw-p 00603000 fd:00 265569     /usr/lib/jvm/java-1.6.0-openjdk-1.6.0.0/jre/lib/i386/server/libjvm.so
0142e000-0184f000 rw-p 00000000 00:00 0 
0187a000-01aba000 rwxp 00000000 00:00 0 
01aba000-0487a000 rwxp 00000000 00:00 0 
0652e000-06544000 r-xp 00000000 fd:00 672795     /lib/libnsl-2.12.so
06544000-06545000 r--p 00016000 fd:00 672795     /lib/libnsl-2.12.so
06545000-06546000 rw-p 00017000 fd:00 672795     /lib/libnsl-2.12.so
06546000-06548000 rw-p 00000000 00:00 0 
08048000-08053000 r-xp 00000000 fd:00 803860     /root/javafuse/javafuse-read-only/javafuse
08053000-08054000 rw-p 0000a000 fd:00 803860     /root/javafuse/javafuse-read-only/javafuse
087dd000-08a7a000 rw-p 00000000 00:00 0          [heap]
8bb06000-8bb09000 ---p 00000000 00:00 0 
8bb09000-8c507000 rw-p 00000000 00:00 0 
8c507000-8c50a000 ---p 00000000 00:00 0 
8c50a000-8cf08000 rw-p 00000000 00:00 0 
8cf08000-8cf0b000 ---p 00000000 00:00 0 
8cf0b000-8d909000 rw-p 00000000 00:00 0 
8d909000-8d90c000 ---p 00000000 00:00 0 
8d90c000-8d95a000 rw-p 00000000 00:00 0 
8d95a000-8d95d000 ---p 00000000 00:00 0 
8d95d000-8d9ab000 rw-p 00000000 00:00 0 
8d9ab000-8d9ae000 ---p 00000000 00:00 0 
8d9ae000-8e3ac000 rw-p 00000000 00:00 0 
8e3ac000-8e3af000 ---p 00000000 00:00 0 
8e3af000-8edad000 rw-p 00000000 00:00 0 
8edad000-8edae000 ---p 00000000 00:00 0 
8edae000-8ee2e000 rw-p 00000000 00:00 0 
8ee2e000-8ee31000 ---p 00000000 00:00 0 
8ee31000-8ee7f000 rw-p 00000000 00:00 0 
8ee7f000-8ee82000 ---p 00000000 00:00 0 
8ee82000-8ef00000 rw-p 00000000 00:00 0 
8ef00000-8f100000 r--p 00000000 fd:00 137199     /usr/lib/locale/locale-archive
8f100000-8f183000 rw-p 00000000 00:00 0 
8f183000-8f200000 ---p 00000000 00:00 0 
8f205000-8f20c000 r--s 000fe000 fd:00 265580     /usr/lib/jvm/java-1.6.0-openjdk-1.6.0.0/jre/lib/resources.jar
8f20c000-8f22e000 rw-p 00000000 00:00 0 
8f22e000-8f231000 ---p 00000000 00:00 0 
8f231000-8f2af000 rw-p 00000000 00:00 0 
8f2af000-8f2b2000 ---p 00000000 00:00 0 
8f2b2000-8f300000 rw-p 00000000 00:00 0 
8f300000-8f3a4000 rw-p 00000000 00:00 0 
8f3a4000-8f400000 ---p 00000000 00:00 0 
8f404000-8f426000 rw-p 00000000 00:00 0 
8f426000-8f429000 ---p 00000000 00:00 0 
8f429000-8f477000 rw-p 00000000 00:00 0 
8f477000-8f47a000 ---p 00000000 00:00 0 
8f47a000-8f4c8000 rw-p 00000000 00:00 0 
8f4c8000-8f4c9000 ---p 00000000 00:00 0 
8f4c9000-8f57c000 rw-p 00000000 00:00 0 
8f57c000-8f710000 r--s 038cb000 fd:00 265582     /usr/lib/jvm/java-1.6.0-openjdk-1.6.0.0/jre/lib/rt.jar
8f710000-8f810000 rwxp 00000000 00:00 0 
8f810000-92ff0000 rwxp 00000000 00:00 0 
92ff0000-94ecf000 rwxp 00000000 00:00 0 
94ecf000-af710000 rwxp 00000000 00:00 0 
af710000-b0710000 rwxp 00000000 00:00 0 
b0710000-b7710000 rwxp 00000000 00:00 0 
b7711000-b7715000 r--s 0007c000 fd:00 262262     /usr/lib/jvm/java-1.6.0-openjdk-1.6.0.0/jre/lib/jsse.jar
b7715000-b771e000 r--s 00065000 fd:00 265508     /usr/lib/jvm/java-1.6.0-openjdk-1.6.0.0/jre/lib/ext/gnome-java-bridge.jar
b771e000-b7721000 rw-p 00000000 00:00 0 
b7722000-b7725000 r--s 0000f000 fd:00 265511     /usr/lib/jvm/java-1.6.0-openjdk-1.6.0.0/jre/lib/ext/pulse-java.jar
b7725000-b772d000 rw-s 00000000 fd:00 678180     /tmp/hsperfdata_root/6639
b772d000-b772e000 rw-p 00000000 00:00 0 
b772e000-b772f000 r--p 00000000 00:00 0 
b772f000-b7731000 rw-p 00000000 00:00 0 
bfab9000-bfabc000 ---p 00000000 00:00 0 
bfabd000-bfb09000 rw-p 00000000 00:00 0          [stack]

VM Arguments:
jvm_args: -Xint -Xcheck:jni 
java_command: <unknown>
Launcher Type: generic

Environment Variables:
PATH=/usr/lib/qt-3.3/bin:/usr/local/sbin:/usr/sbin:/sbin:/usr/local/bin:/usr/bin:/bin:/root/bin
USERNAME=root
LD_LIBRARY_PATH=build:/usr/lib/jvm/java-1.6.0-openjdk-1.6.0.0/jre/lib/i386/server
SHELL=/bin/bash
DISPLAY=:0.0

Signal Handlers:
SIGSEGV: [libjvm.so+0x58fb90], sa_mask[0]=0x7ffbfeff, sa_flags=0x10000004
SIGBUS: [libjvm.so+0x58fb90], sa_mask[0]=0x7ffbfeff, sa_flags=0x10000004
SIGFPE: [libjvm.so+0x484220], sa_mask[0]=0x7ffbfeff, sa_flags=0x10000004
SIGPIPE: [libjvm.so+0x484220], sa_mask[0]=0x7ffbfeff, sa_flags=0x10000004
SIGXFSZ: [libjvm.so+0x484220], sa_mask[0]=0x7ffbfeff, sa_flags=0x10000004
SIGILL: [libjvm.so+0x484220], sa_mask[0]=0x7ffbfeff, sa_flags=0x10000004
SIGUSR1: SIG_DFL, sa_mask[0]=0x00000000, sa_flags=0x00000000
SIGUSR2: [libjvm.so+0x483970], sa_mask[0]=0x00000000, sa_flags=0x10000004
SIGHUP: [libjvm.so+0x485ed0], sa_mask[0]=0x7ffbfeff, sa_flags=0x10000004
SIGINT: [libjvm.so+0x485ed0], sa_mask[0]=0x7ffbfeff, sa_flags=0x10000004
SIGTERM: [libjvm.so+0x485ed0], sa_mask[0]=0x7ffbfeff, sa_flags=0x10000004
SIGQUIT: [libjvm.so+0x485ed0], sa_mask[0]=0x7ffbfeff, sa_flags=0x10000004


---------------  S Y S T E M  ---------------

OS:CentOS Linux release 6.0 (Final)

uname:Linux 2.6.32-71.el6.i686 #1 SMP Fri Nov 12 04:17:17 GMT 2010 i686
libc:glibc 2.12 NPTL 2.12 
rlimit: STACK 10240k, CORE 0k, NPROC 1024, NOFILE 1024, AS infinity
load average:1.15 0.73 0.54

CPU:total 1 (1 cores per cpu, 1 threads per core) family 6 model 23 stepping 6, cmov, cx8, fxsr, mmx, sse, sse2, sse3, ssse3, sse4.1

Memory: 4k page, physical 1031320k(69920k free), swap 2064376k(2055808k free)

vm_info: OpenJDK Server VM (14.0-b16) for linux-x86 JRE (1.6.0_17-b17), built on Jun 25 2011 03:11:37 by "mockbuild" with gcc 4.4.4 20100726 (Red Hat 4.4.4-13)

time: Sat Oct 29 20:40:03 2011
elapsed time: 72 seconds

