#
# A fatal error has been detected by the Java Runtime Environment:
#
#  SIGSEGV (0xb) at pc=0x01140e78, pid=19500, tid=2349321072
#
# JRE version: 6.0_17-b17
# Java VM: OpenJDK Server VM (14.0-b16 interpreted mode linux-x86 )
# Derivative: IcedTea6 1.7.5
# Distribution: Custom build (Sat Jun 25 03:01:37 BST 2011)
# Problematic frame:
# V  [libjvm.so+0x36ce78]
#
# If you would like to submit a bug report, please include
# instructions how to reproduce the bug and visit:
#   http://icedtea.classpath.org/bugzilla
#

---------------  T H R E A D  ---------------

Current thread (0x098a5000):  JavaThread "Thread-166" daemon [_thread_in_vm, id=19710, stack(0x8b67c000,0x8c07d000)]

siginfo:si_signo=SIGSEGV: si_errno=0, si_code=1 (SEGV_MAPERR), si_addr=0x00001004

Registers:
EAX=0x8c07bc84, EBX=0x01418814, ECX=0x8c07bc8c, EDX=0x00001000
ESP=0x8c07bbec, EBP=0x8c07bc28, ESI=0x098a5000, EDI=0x098a5000
EIP=0x01140e78, CR2=0x00001004, EFLAGS=0x00210292

Top of Stack: (sp=0x8c07bbec)
0x8c07bbec:   01140dde af864fb4 0000027f 00000000
0x8c07bbfc:   018592b6 098a5110 8c07bc44 8c07bc5c
0x8c07bc0c:   098a5000 8c07bc54 00000000 00000010
0x8c07bc1c:   af864fb8 af864fb4 098a5000 8c07bc6c
0x8c07bc2c:   0185900a 098a5110 8c07bc74 8c07bc8c
0x8c07bc3c:   00d6f6e0 8c07bc84 00000009 00d6f6e0
0x8c07bc4c:   8c07bc4c 00000000 8c07bc8c af8c5b58
0x8c07bc5c:   00000000 af864fb8 00000000 8c07bc7c 

Instructions: (pc=0x01140e78)
0x01140e68:   85 d2 0f 84 94 00 00 00 8b 4d 10 83 ec 04 8b 11
0x01140e78:   8b 4a 04 8d 71 08 8b 49 08 57 ff 75 20 ff 75 1c 

Stack: [0x8b67c000,0x8c07d000],  sp=0x8c07bbec,  free space=10238k
Native frames: (J=compiled Java code, j=interpreted, Vv=VM code, C=native code)
V  [libjvm.so+0x36ce78]
j  java.lang.System.arraycopy(Ljava/lang/Object;ILjava/lang/Object;II)V+0
j  java.lang.String.getChars(II[CI)V+62
j  java.lang.AbstractStringBuilder.append(Ljava/lang/String;)Ljava/lang/AbstractStringBuilder;+50
j  java.lang.StringBuilder.append(Ljava/lang/String;)Ljava/lang/StringBuilder;+2
j  browsefs.BrowseFS.read_pre(Ljava/lang/String;Ljava/lang/String;IILjavafuse/Fuse_file_info;)I+92
v  ~StubRoutines::call_stub
V  [libjvm.so+0x31c625]
V  [libjvm.so+0x481749]
V  [libjvm.so+0x31b7df]
V  [libjvm.so+0x327dec]
V  [libjvm.so+0x33ed4d]
V  [libjvm.so+0x34a992]
C  [javafuse+0x4666]
C  [libfuse.so.2+0x6a0d]  fuse_fs_read+0x7d
C  [libfuse.so.2+0xf541]
C  [libfuse.so.2+0x139a9]
C  [libfuse.so.2+0x11a72]
C  [libfuse.so.2+0x14d27]  fuse_session_process+0x27
C  [libfuse.so.2+0x10034]
C  [libpthread.so.0+0x69e9]

Java frames: (J=compiled Java code, j=interpreted, Vv=VM code)
j  java.lang.System.arraycopy(Ljava/lang/Object;ILjava/lang/Object;II)V+0
j  java.lang.String.getChars(II[CI)V+62
j  java.lang.AbstractStringBuilder.append(Ljava/lang/String;)Ljava/lang/AbstractStringBuilder;+50
j  java.lang.StringBuilder.append(Ljava/lang/String;)Ljava/lang/StringBuilder;+2
j  browsefs.BrowseFS.read_pre(Ljava/lang/String;Ljava/lang/String;IILjavafuse/Fuse_file_info;)I+92
v  ~StubRoutines::call_stub

---------------  P R O C E S S  ---------------

Java Threads: ( => current thread )
  0x099c5c00 JavaThread "Timer-2428" daemon [_thread_blocked, id=22112, stack(0x8d9e0000,0x8da31000)]
  0x8a50b000 JavaThread "Timer-2403" daemon [_thread_blocked, id=22084, stack(0x8cf8e000,0x8cfdf000)]
  0x09821400 JavaThread "Timer-2402" daemon [_thread_blocked, id=22082, stack(0x8b301000,0x8b352000)]
  0x8f4bf400 JavaThread "Keep-Alive-Timer" daemon [_thread_blocked, id=21940, stack(0x8cb20000,0x8cb71000)]
  0x099c9c00 JavaThread "Firefox output watcher" daemon [_thread_in_native, id=21914, stack(0x8b1bd000,0x8b20e000)]
  0x099c5800 JavaThread "process reaper" daemon [_thread_in_native, id=21912, stack(0x8a4af000,0x8a500000)]
  0x099bc800 JavaThread "Thread-2197" daemon [_thread_in_native, id=21789, stack(0x89a0c000,0x8a40d000)]
  0x0992e000 JavaThread "Thread-1588" daemon [_thread_in_native, id=21148, stack(0x8a678000,0x8b079000)]
=>0x098a5000 JavaThread "Thread-166" daemon [_thread_in_vm, id=19710, stack(0x8b67c000,0x8c07d000)]
  0x8f22e800 JavaThread "Thread-148" daemon [_thread_in_native, id=19692, stack(0x8c07d000,0x8ca7e000)]
  0x8f423c00 JavaThread "Thread-14" daemon [_thread_in_native, id=19557, stack(0x8cfdf000,0x8d9e0000)]
  0x8f225000 JavaThread "Thread-4" daemon [_thread_in_native, id=19511, stack(0x8dada000,0x8e4db000)]
  0x0987f000 JavaThread "Firefox output watcher" daemon [_thread_in_native, id=19536, stack(0x8da31000,0x8da82000)]
  0x09847800 JavaThread "process reaper" daemon [_thread_in_native, id=19534, stack(0x8da82000,0x8dad3000)]
  0x09808000 JavaThread "Thread-0" daemon [_thread_in_native, id=19510, stack(0x8e4fd000,0x8eefe000)]
  0x097e9000 JavaThread "Low Memory Detector" daemon [_thread_blocked, id=19507, stack(0x8f32e000,0x8f37f000)]
  0x097e7400 JavaThread "CompilerThread1" daemon [_thread_blocked, id=19506, stack(0x8ef7f000,0x8f000000)]
  0x097e5800 JavaThread "CompilerThread0" daemon [_thread_blocked, id=19505, stack(0x8f37f000,0x8f400000)]
  0x097e4000 JavaThread "Signal Dispatcher" daemon [_thread_blocked, id=19504, stack(0x8f505000,0x8f556000)]
  0x097d2400 JavaThread "Finalizer" daemon [_thread_blocked, id=19503, stack(0x8f556000,0x8f5a7000)]
  0x097d1000 JavaThread "Reference Handler" daemon [_thread_blocked, id=19502, stack(0x8f5a7000,0x8f5f8000)]
  0x0977a800 JavaThread "main" [_thread_in_native, id=19500, stack(0xbffaa000,0xbfffa000)]

Other Threads:
  0x097cdc00 VMThread [stack: 0x8f5f8000,0x8f679000] [id=19501]
  0x097eac00 WatcherThread [stack: 0x8eefe000,0x8ef7f000] [id=19508]

VM state:not at safepoint (normal execution)

VM Mutex/Monitor currently owned by a thread: None

Heap
 def new generation   total 960K, used 0K [0x8f840000, 0x8f940000, 0x93120000)
  eden space 896K,   0% used [0x8f840000, 0x8f840060, 0x8f920000)
  from space 64K,   0% used [0x8f930000, 0x8f930000, 0x8f940000)
  to   space 64K,   0% used [0x8f920000, 0x8f920000, 0x8f930000)
 tenured generation   total 31920K, used 29563K [0x93120000, 0x9504c000, 0xaf840000)
   the space 31920K,  92% used [0x93120000, 0x94dfecd8, 0x94dfee00, 0x9504c000)
 compacting perm gen  total 16384K, used 9474K [0xaf840000, 0xb0840000, 0xb7840000)
   the space 16384K,  57% used [0xaf840000, 0xb0180be0, 0xb0180c00, 0xb0840000)
No shared spaces configured.

Dynamic libraries:
00110000-00111000 rwxp 00000000 00:00 0 
00111000-0012c000 rwxp 00000000 00:00 0 
0012c000-0013d000 rwxp 00000000 00:00 0 
0013d000-00210000 rwxp 00000000 00:00 0 
00210000-00218000 rwxp 00000000 00:00 0 
00218000-00250000 rwxp 00000000 00:00 0 
00250000-0025a000 rwxp 00000000 00:00 0 
0025a000-00292000 rwxp 00000000 00:00 0 
00292000-002a5000 r-xp 00000000 fd:00 265554     /usr/lib/jvm/java-1.6.0-openjdk-1.6.0.0/jre/lib/i386/libnet.so
002a5000-002a6000 rw-p 00013000 fd:00 265554     /usr/lib/jvm/java-1.6.0-openjdk-1.6.0.0/jre/lib/i386/libnet.so
002a6000-002ab000 r-xp 00000000 fd:00 653727     /lib/libnss_dns-2.12.so
002ab000-002ac000 r--p 00004000 fd:00 653727     /lib/libnss_dns-2.12.so
002ac000-002ad000 rw-p 00005000 fd:00 653727     /lib/libnss_dns-2.12.so
002ad000-002ae000 r--p 00000000 00:00 0 
0030c000-00315000 rwxp 00000000 00:00 0 
00315000-003cc000 rwxp 00000000 00:00 0 
0044c000-00453000 r-xp 00000000 fd:00 265555     /usr/lib/jvm/java-1.6.0-openjdk-1.6.0.0/jre/lib/i386/libnio.so
00453000-00454000 rw-p 00006000 fd:00 265555     /usr/lib/jvm/java-1.6.0-openjdk-1.6.0.0/jre/lib/i386/libnio.so
00468000-00478000 rwxp 00000000 00:00 0 
00478000-0054c000 rwxp 00000000 00:00 0 
0054c000-00552000 r-xp 00000000 fd:00 265563     /usr/lib/jvm/java-1.6.0-openjdk-1.6.0.0/jre/lib/i386/libzip.so
00552000-00553000 rw-p 00006000 fd:00 265563     /usr/lib/jvm/java-1.6.0-openjdk-1.6.0.0/jre/lib/i386/libzip.so
005cb000-005ed000 r-xp 00000000 fd:00 265543     /usr/lib/jvm/java-1.6.0-openjdk-1.6.0.0/jre/lib/i386/libjava.so
005ed000-005ef000 rw-p 00022000 fd:00 265543     /usr/lib/jvm/java-1.6.0-openjdk-1.6.0.0/jre/lib/i386/libjava.so
00706000-00711000 r-xp 00000000 fd:00 265562     /usr/lib/jvm/java-1.6.0-openjdk-1.6.0.0/jre/lib/i386/libverify.so
00711000-00712000 rw-p 0000b000 fd:00 265562     /usr/lib/jvm/java-1.6.0-openjdk-1.6.0.0/jre/lib/i386/libverify.so
0089a000-0089b000 r-xp 00000000 00:00 0          [vdso]
0097e000-00987000 r-xp 00000000 fd:00 793086     /root/javafuse/javafuse-read-only/build/libjavafuse.so
00987000-00988000 rw-p 00008000 fd:00 793086     /root/javafuse/javafuse-read-only/build/libjavafuse.so
009b3000-009b9000 r-xp 00000000 fd:00 265564     /usr/lib/jvm/java-1.6.0-openjdk-1.6.0.0/jre/lib/i386/native_threads/libhpi.so
009b9000-009ba000 rw-p 00006000 fd:00 265564     /usr/lib/jvm/java-1.6.0-openjdk-1.6.0.0/jre/lib/i386/native_threads/libhpi.so
00a91000-00aaf000 r-xp 00000000 fd:00 672758     /lib/ld-2.12.so
00aaf000-00ab0000 r--p 0001d000 fd:00 672758     /lib/ld-2.12.so
00ab0000-00ab1000 rw-p 0001e000 fd:00 672758     /lib/ld-2.12.so
00ab3000-00ab6000 r-xp 00000000 fd:00 672768     /lib/libdl-2.12.so
00ab6000-00ab7000 r--p 00002000 fd:00 672768     /lib/libdl-2.12.so
00ab7000-00ab8000 rw-p 00003000 fd:00 672768     /lib/libdl-2.12.so
00aba000-00ad1000 r-xp 00000000 fd:00 672762     /lib/libpthread-2.12.so
00ad1000-00ad2000 r--p 00016000 fd:00 672762     /lib/libpthread-2.12.so
00ad2000-00ad3000 rw-p 00017000 fd:00 672762     /lib/libpthread-2.12.so
00ad3000-00ad5000 rw-p 00000000 00:00 0 
00ad7000-00aff000 r-xp 00000000 fd:00 672765     /lib/libm-2.12.so
00aff000-00b00000 r--p 00027000 fd:00 672765     /lib/libm-2.12.so
00b00000-00b01000 rw-p 00028000 fd:00 672765     /lib/libm-2.12.so
00b03000-00b0a000 r-xp 00000000 fd:00 672763     /lib/librt-2.12.so
00b0a000-00b0b000 r--p 00006000 fd:00 672763     /lib/librt-2.12.so
00b0b000-00b0c000 rw-p 00007000 fd:00 672763     /lib/librt-2.12.so
00b2f000-00b41000 r-xp 00000000 fd:00 672767     /lib/libz.so.1.2.3
00b41000-00b42000 rw-p 00011000 fd:00 672767     /lib/libz.so.1.2.3
00be6000-00d6b000 r-xp 00000000 fd:00 672760     /lib/libc-2.12.so
00d6b000-00d6c000 ---p 00185000 fd:00 672760     /lib/libc-2.12.so
00d6c000-00d6e000 r--p 00185000 fd:00 672760     /lib/libc-2.12.so
00d6e000-00d6f000 rw-p 00187000 fd:00 672760     /lib/libc-2.12.so
00d6f000-00d72000 rw-p 00000000 00:00 0 
00d74000-00d89000 r-xp 00000000 fd:00 672771     /lib/libresolv-2.12.so
00d89000-00d8a000 r--p 00014000 fd:00 672771     /lib/libresolv-2.12.so
00d8a000-00d8b000 rw-p 00015000 fd:00 672771     /lib/libresolv-2.12.so
00d8b000-00d8d000 rw-p 00000000 00:00 0 
00d8d000-00d99000 r-xp 00000000 fd:00 653729     /lib/libnss_files-2.12.so
00d99000-00d9a000 r--p 0000b000 fd:00 653729     /lib/libnss_files-2.12.so
00d9a000-00d9b000 rw-p 0000c000 fd:00 653729     /lib/libnss_files-2.12.so
00da7000-00dcb000 r-xp 00000000 fd:00 656954     /lib/libfuse.so.2.8.3
00dcb000-00dd4000 rw-p 00024000 fd:00 656954     /lib/libfuse.so.2.8.3
00dd4000-013d7000 r-xp 00000000 fd:00 265569     /usr/lib/jvm/java-1.6.0-openjdk-1.6.0.0/jre/lib/i386/server/libjvm.so
013d7000-0142e000 rw-p 00603000 fd:00 265569     /usr/lib/jvm/java-1.6.0-openjdk-1.6.0.0/jre/lib/i386/server/libjvm.so
0142e000-0184f000 rw-p 00000000 00:00 0 
0184f000-01a8f000 rwxp 00000000 00:00 0 
01a8f000-0484f000 rwxp 00000000 00:00 0 
0652e000-06544000 r-xp 00000000 fd:00 672795     /lib/libnsl-2.12.so
06544000-06545000 r--p 00016000 fd:00 672795     /lib/libnsl-2.12.so
06545000-06546000 rw-p 00017000 fd:00 672795     /lib/libnsl-2.12.so
06546000-06548000 rw-p 00000000 00:00 0 
08048000-08053000 r-xp 00000000 fd:00 803860     /root/javafuse/javafuse-read-only/javafuse
08053000-08054000 rw-p 0000a000 fd:00 803860     /root/javafuse/javafuse-read-only/javafuse
09776000-09a2e000 rw-p 00000000 00:00 0          [heap]
89700000-8973b000 rw-p 00000000 00:00 0 
8973b000-89800000 ---p 00000000 00:00 0 
89877000-8987a000 rwxp 00000000 00:00 0 
8987a000-898c8000 rw-p 00000000 00:00 0 
898c8000-898cb000 rwxp 00000000 00:00 0 
898cb000-89919000 rw-p 00000000 00:00 0 
89919000-8991c000 rwxp 00000000 00:00 0 
8991c000-8996a000 rw-p 00000000 00:00 0 
8996a000-8996d000 rwxp 00000000 00:00 0 
8996d000-899bb000 rw-p 00000000 00:00 0 
899bb000-899be000 rwxp 00000000 00:00 0 
899be000-89a0c000 rw-p 00000000 00:00 0 
89a0c000-89a0f000 ---p 00000000 00:00 0 
89a0f000-8a40d000 rw-p 00000000 00:00 0 
8a40d000-8a410000 rwxp 00000000 00:00 0 
8a410000-8a45e000 rw-p 00000000 00:00 0 
8a45e000-8a461000 rwxp 00000000 00:00 0 
8a461000-8a4af000 rw-p 00000000 00:00 0 
8a4af000-8a4b2000 ---p 00000000 00:00 0 
8a4b2000-8a500000 rw-p 00000000 00:00 0 
8a500000-8a545000 rw-p 00000000 00:00 0 
8a545000-8a600000 ---p 00000000 00:00 0 
8a625000-8a628000 rwxp 00000000 00:00 0 
8a628000-8a676000 rw-p 00000000 00:00 0 
8a676000-8a678000 r--s 00013000 fd:00 265570     /usr/lib/jvm/java-1.6.0-openjdk-1.6.0.0/jre/lib/jce.jar
8a678000-8a67b000 ---p 00000000 00:00 0 
8a67b000-8b079000 rw-p 00000000 00:00 0 
8b079000-8b07c000 rwxp 00000000 00:00 0 
8b07c000-8b0ca000 rw-p 00000000 00:00 0 
8b0ca000-8b0cd000 rwxp 00000000 00:00 0 
8b0cd000-8b11b000 rw-p 00000000 00:00 0 
8b11b000-8b11e000 rwxp 00000000 00:00 0 
8b11e000-8b16c000 rw-p 00000000 00:00 0 
8b16c000-8b16f000 rwxp 00000000 00:00 0 
8b16f000-8b1bd000 rw-p 00000000 00:00 0 
8b1bd000-8b1c0000 ---p 00000000 00:00 0 
8b1c0000-8b20e000 rw-p 00000000 00:00 0 
8b20e000-8b211000 rwxp 00000000 00:00 0 
8b211000-8b25f000 rw-p 00000000 00:00 0 
8b25f000-8b262000 rwxp 00000000 00:00 0 
8b262000-8b2b0000 rw-p 00000000 00:00 0 
8b2b0000-8b2b3000 rwxp 00000000 00:00 0 
8b2b3000-8b301000 rw-p 00000000 00:00 0 
8b301000-8b304000 ---p 00000000 00:00 0 
8b304000-8b352000 rw-p 00000000 00:00 0 
8b352000-8b355000 rwxp 00000000 00:00 0 
8b355000-8b3a3000 rw-p 00000000 00:00 0 
8b3a3000-8b3a6000 rwxp 00000000 00:00 0 
8b3a6000-8b3f4000 rw-p 00000000 00:00 0 
8b3f4000-8b3f7000 rwxp 00000000 00:00 0 
8b3f7000-8b445000 rw-p 00000000 00:00 0 
8b445000-8b448000 rwxp 00000000 00:00 0 
8b448000-8b496000 rw-p 00000000 00:00 0 
8b496000-8b499000 rwxp 00000000 00:00 0 
8b499000-8b4e7000 rw-p 00000000 00:00 0 
8b4e7000-8b4ea000 rwxp 00000000 00:00 0 
8b4ea000-8b538000 rw-p 00000000 00:00 0 
8b538000-8b53b000 rwxp 00000000 00:00 0 
8b53b000-8b589000 rw-p 00000000 00:00 0 
8b589000-8b58c000 rwxp 00000000 00:00 0 
8b58c000-8b5da000 rw-p 00000000 00:00 0 
8b5da000-8b5dd000 rwxp 00000000 00:00 0 
8b5dd000-8b62b000 rw-p 00000000 00:00 0 
8b62b000-8b62e000 rwxp 00000000 00:00 0 
8b62e000-8b67c000 rw-p 00000000 00:00 0 
8b67c000-8b67f000 ---p 00000000 00:00 0 
8b67f000-8c07d000 rw-p 00000000 00:00 0 
8c07d000-8c080000 ---p 00000000 00:00 0 
8c080000-8ca7e000 rw-p 00000000 00:00 0 
8ca7e000-8ca81000 rwxp 00000000 00:00 0 
8ca81000-8cacf000 rw-p 00000000 00:00 0 
8cacf000-8cad2000 rwxp 00000000 00:00 0 
8cad2000-8cb20000 rw-p 00000000 00:00 0 
8cb20000-8cb23000 ---p 00000000 00:00 0 
8cb23000-8cb71000 rw-p 00000000 00:00 0 
8cb71000-8cb74000 rwxp 00000000 00:00 0 
8cb74000-8cbc2000 rw-p 00000000 00:00 0 
8cbc2000-8cbc5000 rwxp 00000000 00:00 0 
8cbc5000-8cc13000 rw-p 00000000 00:00 0 
8cc13000-8cc16000 rwxp 00000000 00:00 0 
8cc16000-8cc64000 rw-p 00000000 00:00 0 
8cc64000-8cc67000 rwxp 00000000 00:00 0 
8cc67000-8ccb5000 rw-p 00000000 00:00 0 
8ccb5000-8ccb8000 rwxp 00000000 00:00 0 
8ccb8000-8cd06000 rw-p 00000000 00:00 0 
8cd06000-8cd09000 rwxp 00000000 00:00 0 
8cd09000-8cd57000 rw-p 00000000 00:00 0 
8cd57000-8cd5a000 rwxp 00000000 00:00 0 
8cd5a000-8cda8000 rw-p 00000000 00:00 0 
8cda8000-8cdab000 rwxp 00000000 00:00 0 
8cdab000-8cdf9000 rw-p 00000000 00:00 0 
8cdf9000-8cdfc000 rwxp 00000000 00:00 0 
8cdfc000-8ce4a000 rw-p 00000000 00:00 0 
8ce4a000-8ce4d000 rwxp 00000000 00:00 0 
8ce4d000-8ce9b000 rw-p 00000000 00:00 0 
8ce9b000-8ce9e000 rwxp 00000000 00:00 0 
8ce9e000-8ceec000 rw-p 00000000 00:00 0 
8ceec000-8ceef000 rwxp 00000000 00:00 0 
8ceef000-8cf3d000 rw-p 00000000 00:00 0 
8cf3d000-8cf40000 rwxp 00000000 00:00 0 
8cf40000-8cf8e000 rw-p 00000000 00:00 0 
8cf8e000-8cf91000 ---p 00000000 00:00 0 
8cf91000-8cfdf000 rw-p 00000000 00:00 0 
8cfdf000-8cfe2000 ---p 00000000 00:00 0 
8cfe2000-8d9e0000 rw-p 00000000 00:00 0 
8d9e0000-8d9e3000 ---p 00000000 00:00 0 
8d9e3000-8da31000 rw-p 00000000 00:00 0 
8da31000-8da34000 ---p 00000000 00:00 0 
8da34000-8da82000 rw-p 00000000 00:00 0 
8da82000-8da85000 ---p 00000000 00:00 0 
8da85000-8dad3000 rw-p 00000000 00:00 0 
8dad3000-8dada000 r--s 000fe000 fd:00 265580     /usr/lib/jvm/java-1.6.0-openjdk-1.6.0.0/jre/lib/resources.jar
8dada000-8dadd000 ---p 00000000 00:00 0 
8dadd000-8e4fd000 rw-p 00000000 00:00 0 
8e4fd000-8e500000 ---p 00000000 00:00 0 
8e500000-8eefe000 rw-p 00000000 00:00 0 
8eefe000-8eeff000 ---p 00000000 00:00 0 
8eeff000-8ef7f000 rw-p 00000000 00:00 0 
8ef7f000-8ef82000 ---p 00000000 00:00 0 
8ef82000-8f000000 rw-p 00000000 00:00 0 
8f000000-8f200000 r--p 00000000 fd:00 137199     /usr/lib/locale/locale-archive
8f200000-8f2fb000 rw-p 00000000 00:00 0 
8f2fb000-8f300000 ---p 00000000 00:00 0 
8f300000-8f303000 r--s 00031000 fd:00 265512     /usr/lib/jvm/java-1.6.0-openjdk-1.6.0.0/jre/lib/ext/sunjce_provider.jar
8f303000-8f30c000 r--s 00065000 fd:00 265508     /usr/lib/jvm/java-1.6.0-openjdk-1.6.0.0/jre/lib/ext/gnome-java-bridge.jar
8f30c000-8f32e000 rw-p 00000000 00:00 0 
8f32e000-8f331000 ---p 00000000 00:00 0 
8f331000-8f37f000 rw-p 00000000 00:00 0 
8f37f000-8f382000 ---p 00000000 00:00 0 
8f382000-8f400000 rw-p 00000000 00:00 0 
8f400000-8f4fc000 rw-p 00000000 00:00 0 
8f4fc000-8f500000 ---p 00000000 00:00 0 
8f501000-8f505000 r--s 0007c000 fd:00 262262     /usr/lib/jvm/java-1.6.0-openjdk-1.6.0.0/jre/lib/jsse.jar
8f505000-8f508000 ---p 00000000 00:00 0 
8f508000-8f556000 rw-p 00000000 00:00 0 
8f556000-8f559000 ---p 00000000 00:00 0 
8f559000-8f5a7000 rw-p 00000000 00:00 0 
8f5a7000-8f5aa000 ---p 00000000 00:00 0 
8f5aa000-8f5f8000 rw-p 00000000 00:00 0 
8f5f8000-8f5f9000 ---p 00000000 00:00 0 
8f5f9000-8f6ac000 rw-p 00000000 00:00 0 
8f6ac000-8f840000 r--s 038cb000 fd:00 265582     /usr/lib/jvm/java-1.6.0-openjdk-1.6.0.0/jre/lib/rt.jar
8f840000-8f940000 rwxp 00000000 00:00 0 
8f940000-93120000 rwxp 00000000 00:00 0 
93120000-9504c000 rwxp 00000000 00:00 0 
9504c000-af840000 rwxp 00000000 00:00 0 
af840000-b0840000 rwxp 00000000 00:00 0 
b0840000-b7840000 rwxp 00000000 00:00 0 
b7840000-b7843000 rw-p 00000000 00:00 0 
b7844000-b7847000 r--s 0000f000 fd:00 265511     /usr/lib/jvm/java-1.6.0-openjdk-1.6.0.0/jre/lib/ext/pulse-java.jar
b7847000-b784f000 rw-s 00000000 fd:00 679847     /tmp/hsperfdata_root/19500
b784f000-b7850000 rw-p 00000000 00:00 0 
b7850000-b7851000 r--p 00000000 00:00 0 
b7851000-b7853000 rw-p 00000000 00:00 0 
bffaa000-bffad000 ---p 00000000 00:00 0 
bffae000-bfffa000 rw-p 00000000 00:00 0          [stack]

VM Arguments:
jvm_args: -Xint -Xcheck:jni 
java_command: <unknown>
Launcher Type: generic

Environment Variables:
PATH=/usr/lib/qt-3.3/bin:/usr/local/sbin:/usr/sbin:/sbin:/usr/local/bin:/usr/bin:/bin:/root/bin
USERNAME=root
LD_LIBRARY_PATH=build:/usr/lib/jvm/java-1.6.0-openjdk-1.6.0.0/jre/lib/i386/server
SHELL=/bin/bash
DISPLAY=:0.0

Signal Handlers:
SIGSEGV: [libjvm.so+0x58fb90], sa_mask[0]=0x7ffbfeff, sa_flags=0x10000004
SIGBUS: [libjvm.so+0x58fb90], sa_mask[0]=0x7ffbfeff, sa_flags=0x10000004
SIGFPE: [libjvm.so+0x484220], sa_mask[0]=0x7ffbfeff, sa_flags=0x10000004
SIGPIPE: [libjvm.so+0x484220], sa_mask[0]=0x7ffbfeff, sa_flags=0x10000004
SIGXFSZ: [libjvm.so+0x484220], sa_mask[0]=0x7ffbfeff, sa_flags=0x10000004
SIGILL: [libjvm.so+0x484220], sa_mask[0]=0x7ffbfeff, sa_flags=0x10000004
SIGUSR1: SIG_DFL, sa_mask[0]=0x00000000, sa_flags=0x00000000
SIGUSR2: [libjvm.so+0x483970], sa_mask[0]=0x00000000, sa_flags=0x10000004
SIGHUP: [libjvm.so+0x485ed0], sa_mask[0]=0x7ffbfeff, sa_flags=0x10000004
SIGINT: [libjvm.so+0x485ed0], sa_mask[0]=0x7ffbfeff, sa_flags=0x10000004
SIGTERM: [libjvm.so+0x485ed0], sa_mask[0]=0x7ffbfeff, sa_flags=0x10000004
SIGQUIT: [libjvm.so+0x485ed0], sa_mask[0]=0x7ffbfeff, sa_flags=0x10000004


---------------  S Y S T E M  ---------------

OS:CentOS Linux release 6.0 (Final)

uname:Linux 2.6.32-71.el6.i686 #1 SMP Fri Nov 12 04:17:17 GMT 2010 i686
libc:glibc 2.12 NPTL 2.12 
rlimit: STACK 10240k, CORE 0k, NPROC 1024, NOFILE 1024, AS infinity
load average:0.51 0.48 0.25

CPU:total 1 (1 cores per cpu, 1 threads per core) family 6 model 23 stepping 6, cmov, cx8, fxsr, mmx, sse, sse2, sse3, ssse3, sse4.1

Memory: 4k page, physical 1031320k(270160k free), swap 2064376k(2064376k free)

vm_info: OpenJDK Server VM (14.0-b16) for linux-x86 JRE (1.6.0_17-b17), built on Jun 25 2011 03:11:37 by "mockbuild" with gcc 4.4.4 20100726 (Red Hat 4.4.4-13)

time: Wed Nov  2 09:40:45 2011
elapsed time: 254 seconds

