#
# A fatal error has been detected by the Java Runtime Environment:
#
#  SIGSEGV (0xb) at pc=0x01140e78, pid=24878, tid=2396703600
#
# JRE version: 6.0_17-b17
# Java VM: OpenJDK Server VM (14.0-b16 interpreted mode linux-x86 )
# Derivative: IcedTea6 1.7.5
# Distribution: Custom build (Sat Jun 25 03:01:37 BST 2011)
# Problematic frame:
# V  [libjvm.so+0x36ce78]
#
# If you would like to submit a bug report, please include
# instructions how to reproduce the bug and visit:
#   http://icedtea.classpath.org/bugzilla
#

---------------  T H R E A D  ---------------

Current thread (0x08607000):  JavaThread "Thread-0" daemon [_thread_in_vm, id=24888, stack(0x8e3ac000,0x8edad000)]

siginfo:si_signo=SIGSEGV: si_errno=0, si_code=1 (SEGV_MAPERR), si_addr=0x00001004

Registers:
EAX=0x8edabc84, EBX=0x01418814, ECX=0x8edabc8c, EDX=0x00001000
ESP=0x8edabbec, EBP=0x8edabc28, ESI=0x08607000, EDI=0x08607000
EIP=0x01140e78, CR2=0x00001004, EFLAGS=0x00210292

Top of Stack: (sp=0x8edabbec)
0x8edabbec:   01140dde af734fb4 0000027f 00000000
0x8edabbfc:   018592b6 08607110 8edabc44 8edabc5c
0x8edabc0c:   08607000 8edabc54 00000000 00000010
0x8edabc1c:   af734fb8 af734fb4 08607000 8edabc6c
0x8edabc2c:   0185900a 08607110 8edabc74 8edabc8c
0x8edabc3c:   00d6f718 8edabc84 00000009 00d6f718
0x8edabc4c:   8edabc4c 00000000 8edabc8c af795ae8
0x8edabc5c:   00000000 af734fb8 00000000 8edabc7c 

Instructions: (pc=0x01140e78)
0x01140e68:   85 d2 0f 84 94 00 00 00 8b 4d 10 83 ec 04 8b 11
0x01140e78:   8b 4a 04 8d 71 08 8b 49 08 57 ff 75 20 ff 75 1c 

Stack: [0x8e3ac000,0x8edad000],  sp=0x8edabbec,  free space=10238k
Native frames: (J=compiled Java code, j=interpreted, Vv=VM code, C=native code)
V  [libjvm.so+0x36ce78]
j  java.lang.System.arraycopy(Ljava/lang/Object;ILjava/lang/Object;II)V+0
j  java.lang.String.getChars(II[CI)V+62
j  java.lang.AbstractStringBuilder.append(Ljava/lang/String;)Ljava/lang/AbstractStringBuilder;+50
j  java.lang.StringBuilder.append(Ljava/lang/String;)Ljava/lang/StringBuilder;+2
j  browsefs.BrowseFS.read_pre(Ljava/lang/String;Ljava/lang/String;IILjavafuse/Fuse_file_info;)I+49
v  ~StubRoutines::call_stub
V  [libjvm.so+0x31c625]
V  [libjvm.so+0x481749]
V  [libjvm.so+0x31b7df]
V  [libjvm.so+0x327dec]
V  [libjvm.so+0x33ed4d]
V  [libjvm.so+0x34a992]
C  [javafuse+0x4666]
C  [libfuse.so.2+0x6a0d]  fuse_fs_read+0x7d
C  [libfuse.so.2+0xf541]
C  [libfuse.so.2+0x139a9]
C  [libfuse.so.2+0x11a72]
C  [libfuse.so.2+0x14d27]  fuse_session_process+0x27
C  [libfuse.so.2+0x10034]
C  [libpthread.so.0+0x69e9]

Java frames: (J=compiled Java code, j=interpreted, Vv=VM code)
j  java.lang.System.arraycopy(Ljava/lang/Object;ILjava/lang/Object;II)V+0
j  java.lang.String.getChars(II[CI)V+62
j  java.lang.AbstractStringBuilder.append(Ljava/lang/String;)Ljava/lang/AbstractStringBuilder;+50
j  java.lang.StringBuilder.append(Ljava/lang/String;)Ljava/lang/StringBuilder;+2
j  browsefs.BrowseFS.read_pre(Ljava/lang/String;Ljava/lang/String;IILjavafuse/Fuse_file_info;)I+49
v  ~StubRoutines::call_stub

---------------  P R O C E S S  ---------------

Java Threads: ( => current thread )
  0x8f12ec00 JavaThread "Thread-7" daemon [_thread_in_native, id=24951, stack(0x8b105000,0x8bb06000)]
  0x0859c800 JavaThread "Thread-6" daemon [_thread_in_native, id=24950, stack(0x8bb06000,0x8c507000)]
  0x8f320400 JavaThread "Thread-5" daemon [_thread_in_native, id=24949, stack(0x8c507000,0x8cf08000)]
  0x8f104000 JavaThread "Thread-4" daemon [_thread_in_native, id=24948, stack(0x8cf08000,0x8d909000)]
  0x0864c800 JavaThread "Thread-3" daemon [_thread_in_native, id=24889, stack(0x8d9ab000,0x8e3ac000)]
  0x08649c00 JavaThread "Firefox output watcher" daemon [_thread_in_native, id=24921, stack(0x8d909000,0x8d95a000)]
  0x08643400 JavaThread "process reaper" daemon [_thread_in_native, id=24919, stack(0x8d95a000,0x8d9ab000)]
=>0x08607000 JavaThread "Thread-0" daemon [_thread_in_vm, id=24888, stack(0x8e3ac000,0x8edad000)]
  0x085e8000 JavaThread "Low Memory Detector" daemon [_thread_blocked, id=24885, stack(0x8ee2e000,0x8ee7f000)]
  0x085e6400 JavaThread "CompilerThread1" daemon [_thread_blocked, id=24884, stack(0x8ee7f000,0x8ef00000)]
  0x085e4800 JavaThread "CompilerThread0" daemon [_thread_blocked, id=24883, stack(0x8f22e000,0x8f2af000)]
  0x085e3000 JavaThread "Signal Dispatcher" daemon [_thread_blocked, id=24882, stack(0x8f2af000,0x8f300000)]
  0x085d1400 JavaThread "Finalizer" daemon [_thread_blocked, id=24881, stack(0x8f426000,0x8f477000)]
  0x085d0000 JavaThread "Reference Handler" daemon [_thread_blocked, id=24880, stack(0x8f477000,0x8f4c8000)]
  0x08579800 JavaThread "main" [_thread_in_native, id=24878, stack(0xbff46000,0xbff96000)]

Other Threads:
  0x085ccc00 VMThread [stack: 0x8f4c8000,0x8f549000] [id=24879]
  0x085e9c00 WatcherThread [stack: 0x8edad000,0x8ee2e000] [id=24886]

VM state:not at safepoint (normal execution)

VM Mutex/Monitor currently owned by a thread: None

Heap
 def new generation   total 31680K, used 27519K [0x8f710000, 0x91970000, 0x92ff0000)
  eden space 28160K,  97% used [0x8f710000, 0x911eee50, 0x91290000)
  from space 3520K,   0% used [0x91600000, 0x916010f8, 0x91970000)
  to   space 3520K,   0% used [0x91290000, 0x91290000, 0x91600000)
 tenured generation   total 281268K, used 1169K [0x92ff0000, 0xa429d000, 0xaf710000)
   the space 281268K,   0% used [0x92ff0000, 0x93114460, 0x93114600, 0xa429d000)
 compacting perm gen  total 16384K, used 7977K [0xaf710000, 0xb0710000, 0xb7710000)
   the space 16384K,  48% used [0xaf710000, 0xafeda760, 0xafeda800, 0xb0710000)
No shared spaces configured.

Dynamic libraries:
00110000-00122000 r-xp 00000000 fd:00 672767     /lib/libz.so.1.2.3
00122000-00123000 rw-p 00011000 fd:00 672767     /lib/libz.so.1.2.3
00123000-0012c000 rwxp 00000000 00:00 0 
0012c000-001e3000 rwxp 00000000 00:00 0 
001e3000-001f5000 rwxp 00000000 00:00 0 
001f5000-001ff000 rwxp 00000000 00:00 0 
001ff000-00289000 rwxp 00000000 00:00 0 
00289000-002e3000 rwxp 00000000 00:00 0 
002e3000-002eb000 rwxp 00000000 00:00 0 
002eb000-00323000 rwxp 00000000 00:00 0 
00323000-00324000 rwxp 00000000 00:00 0 
00324000-0032b000 r-xp 00000000 fd:00 265555     /usr/lib/jvm/java-1.6.0-openjdk-1.6.0.0/jre/lib/i386/libnio.so
0032b000-0032c000 rw-p 00006000 fd:00 265555     /usr/lib/jvm/java-1.6.0-openjdk-1.6.0.0/jre/lib/i386/libnio.so
0032c000-0032d000 r--p 00000000 00:00 0 
0036d000-00378000 r-xp 00000000 fd:00 265562     /usr/lib/jvm/java-1.6.0-openjdk-1.6.0.0/jre/lib/i386/libverify.so
00378000-00379000 rw-p 0000b000 fd:00 265562     /usr/lib/jvm/java-1.6.0-openjdk-1.6.0.0/jre/lib/i386/libverify.so
00379000-00403000 rwxp 00000000 00:00 0 
00403000-0045d000 rwxp 00000000 00:00 0 
0055f000-00572000 r-xp 00000000 fd:00 265554     /usr/lib/jvm/java-1.6.0-openjdk-1.6.0.0/jre/lib/i386/libnet.so
00572000-00573000 rw-p 00013000 fd:00 265554     /usr/lib/jvm/java-1.6.0-openjdk-1.6.0.0/jre/lib/i386/libnet.so
005e5000-005eb000 r-xp 00000000 fd:00 265564     /usr/lib/jvm/java-1.6.0-openjdk-1.6.0.0/jre/lib/i386/native_threads/libhpi.so
005eb000-005ec000 rw-p 00006000 fd:00 265564     /usr/lib/jvm/java-1.6.0-openjdk-1.6.0.0/jre/lib/i386/native_threads/libhpi.so
00789000-00792000 rwxp 00000000 00:00 0 
00792000-007ca000 rwxp 00000000 00:00 0 
007ed000-007f9000 r-xp 00000000 fd:00 653729     /lib/libnss_files-2.12.so
007f9000-007fa000 r--p 0000b000 fd:00 653729     /lib/libnss_files-2.12.so
007fa000-007fb000 rw-p 0000c000 fd:00 653729     /lib/libnss_files-2.12.so
009ca000-009ec000 r-xp 00000000 fd:00 265543     /usr/lib/jvm/java-1.6.0-openjdk-1.6.0.0/jre/lib/i386/libjava.so
009ec000-009ee000 rw-p 00022000 fd:00 265543     /usr/lib/jvm/java-1.6.0-openjdk-1.6.0.0/jre/lib/i386/libjava.so
00a91000-00aaf000 r-xp 00000000 fd:00 672758     /lib/ld-2.12.so
00aaf000-00ab0000 r--p 0001d000 fd:00 672758     /lib/ld-2.12.so
00ab0000-00ab1000 rw-p 0001e000 fd:00 672758     /lib/ld-2.12.so
00ab3000-00ab6000 r-xp 00000000 fd:00 672768     /lib/libdl-2.12.so
00ab6000-00ab7000 r--p 00002000 fd:00 672768     /lib/libdl-2.12.so
00ab7000-00ab8000 rw-p 00003000 fd:00 672768     /lib/libdl-2.12.so
00aba000-00ad1000 r-xp 00000000 fd:00 672762     /lib/libpthread-2.12.so
00ad1000-00ad2000 r--p 00016000 fd:00 672762     /lib/libpthread-2.12.so
00ad2000-00ad3000 rw-p 00017000 fd:00 672762     /lib/libpthread-2.12.so
00ad3000-00ad5000 rw-p 00000000 00:00 0 
00ad7000-00aff000 r-xp 00000000 fd:00 672765     /lib/libm-2.12.so
00aff000-00b00000 r--p 00027000 fd:00 672765     /lib/libm-2.12.so
00b00000-00b01000 rw-p 00028000 fd:00 672765     /lib/libm-2.12.so
00b03000-00b0a000 r-xp 00000000 fd:00 672763     /lib/librt-2.12.so
00b0a000-00b0b000 r--p 00006000 fd:00 672763     /lib/librt-2.12.so
00b0b000-00b0c000 rw-p 00007000 fd:00 672763     /lib/librt-2.12.so
00b29000-00b32000 r-xp 00000000 fd:00 793086     /root/javafuse/javafuse-read-only/build/libjavafuse.so
00b32000-00b33000 rw-p 00008000 fd:00 793086     /root/javafuse/javafuse-read-only/build/libjavafuse.so
00b4d000-00b53000 r-xp 00000000 fd:00 265563     /usr/lib/jvm/java-1.6.0-openjdk-1.6.0.0/jre/lib/i386/libzip.so
00b53000-00b54000 rw-p 00006000 fd:00 265563     /usr/lib/jvm/java-1.6.0-openjdk-1.6.0.0/jre/lib/i386/libzip.so
00bbe000-00bbf000 r-xp 00000000 00:00 0          [vdso]
00bc8000-00bcd000 r-xp 00000000 fd:00 653727     /lib/libnss_dns-2.12.so
00bcd000-00bce000 r--p 00004000 fd:00 653727     /lib/libnss_dns-2.12.so
00bce000-00bcf000 rw-p 00005000 fd:00 653727     /lib/libnss_dns-2.12.so
00be6000-00d6b000 r-xp 00000000 fd:00 672760     /lib/libc-2.12.so
00d6b000-00d6c000 ---p 00185000 fd:00 672760     /lib/libc-2.12.so
00d6c000-00d6e000 r--p 00185000 fd:00 672760     /lib/libc-2.12.so
00d6e000-00d6f000 rw-p 00187000 fd:00 672760     /lib/libc-2.12.so
00d6f000-00d72000 rw-p 00000000 00:00 0 
00d74000-00d89000 r-xp 00000000 fd:00 672771     /lib/libresolv-2.12.so
00d89000-00d8a000 r--p 00014000 fd:00 672771     /lib/libresolv-2.12.so
00d8a000-00d8b000 rw-p 00015000 fd:00 672771     /lib/libresolv-2.12.so
00d8b000-00d8d000 rw-p 00000000 00:00 0 
00da7000-00dcb000 r-xp 00000000 fd:00 656954     /lib/libfuse.so.2.8.3
00dcb000-00dd4000 rw-p 00024000 fd:00 656954     /lib/libfuse.so.2.8.3
00dd4000-013d7000 r-xp 00000000 fd:00 265569     /usr/lib/jvm/java-1.6.0-openjdk-1.6.0.0/jre/lib/i386/server/libjvm.so
013d7000-0142e000 rw-p 00603000 fd:00 265569     /usr/lib/jvm/java-1.6.0-openjdk-1.6.0.0/jre/lib/i386/server/libjvm.so
0142e000-0184f000 rw-p 00000000 00:00 0 
0184f000-01a8f000 rwxp 00000000 00:00 0 
01a8f000-0484f000 rwxp 00000000 00:00 0 
0652e000-06544000 r-xp 00000000 fd:00 672795     /lib/libnsl-2.12.so
06544000-06545000 r--p 00016000 fd:00 672795     /lib/libnsl-2.12.so
06545000-06546000 rw-p 00017000 fd:00 672795     /lib/libnsl-2.12.so
06546000-06548000 rw-p 00000000 00:00 0 
08048000-08053000 r-xp 00000000 fd:00 803826     /root/javafuse/javafuse-read-only/javafuse
08053000-08054000 rw-p 0000a000 fd:00 803826     /root/javafuse/javafuse-read-only/javafuse
08575000-08791000 rw-p 00000000 00:00 0          [heap]
8b105000-8b108000 ---p 00000000 00:00 0 
8b108000-8bb06000 rw-p 00000000 00:00 0 
8bb06000-8bb09000 ---p 00000000 00:00 0 
8bb09000-8c507000 rw-p 00000000 00:00 0 
8c507000-8c50a000 ---p 00000000 00:00 0 
8c50a000-8cf08000 rw-p 00000000 00:00 0 
8cf08000-8cf0b000 ---p 00000000 00:00 0 
8cf0b000-8d909000 rw-p 00000000 00:00 0 
8d909000-8d90c000 ---p 00000000 00:00 0 
8d90c000-8d95a000 rw-p 00000000 00:00 0 
8d95a000-8d95d000 ---p 00000000 00:00 0 
8d95d000-8d9ab000 rw-p 00000000 00:00 0 
8d9ab000-8d9ae000 ---p 00000000 00:00 0 
8d9ae000-8e3ac000 rw-p 00000000 00:00 0 
8e3ac000-8e3af000 ---p 00000000 00:00 0 
8e3af000-8edad000 rw-p 00000000 00:00 0 
8edad000-8edae000 ---p 00000000 00:00 0 
8edae000-8ee2e000 rw-p 00000000 00:00 0 
8ee2e000-8ee31000 ---p 00000000 00:00 0 
8ee31000-8ee7f000 rw-p 00000000 00:00 0 
8ee7f000-8ee82000 ---p 00000000 00:00 0 
8ee82000-8ef00000 rw-p 00000000 00:00 0 
8ef00000-8f100000 r--p 00000000 fd:00 137199     /usr/lib/locale/locale-archive
8f100000-8f16b000 rw-p 00000000 00:00 0 
8f16b000-8f200000 ---p 00000000 00:00 0 
8f205000-8f20c000 r--s 000fe000 fd:00 265580     /usr/lib/jvm/java-1.6.0-openjdk-1.6.0.0/jre/lib/resources.jar
8f20c000-8f22e000 rw-p 00000000 00:00 0 
8f22e000-8f231000 ---p 00000000 00:00 0 
8f231000-8f2af000 rw-p 00000000 00:00 0 
8f2af000-8f2b2000 ---p 00000000 00:00 0 
8f2b2000-8f300000 rw-p 00000000 00:00 0 
8f300000-8f359000 rw-p 00000000 00:00 0 
8f359000-8f400000 ---p 00000000 00:00 0 
8f400000-8f404000 r--s 0007c000 fd:00 262262     /usr/lib/jvm/java-1.6.0-openjdk-1.6.0.0/jre/lib/jsse.jar
8f404000-8f426000 rw-p 00000000 00:00 0 
8f426000-8f429000 ---p 00000000 00:00 0 
8f429000-8f477000 rw-p 00000000 00:00 0 
8f477000-8f47a000 ---p 00000000 00:00 0 
8f47a000-8f4c8000 rw-p 00000000 00:00 0 
8f4c8000-8f4c9000 ---p 00000000 00:00 0 
8f4c9000-8f57c000 rw-p 00000000 00:00 0 
8f57c000-8f710000 r--s 038cb000 fd:00 265582     /usr/lib/jvm/java-1.6.0-openjdk-1.6.0.0/jre/lib/rt.jar
8f710000-91970000 rwxp 00000000 00:00 0 
91970000-92ff0000 rwxp 00000000 00:00 0 
92ff0000-a429d000 rwxp 00000000 00:00 0 
a429d000-af710000 rwxp 00000000 00:00 0 
af710000-b0710000 rwxp 00000000 00:00 0 
b0710000-b7710000 rwxp 00000000 00:00 0 
b7712000-b771b000 r--s 00065000 fd:00 265508     /usr/lib/jvm/java-1.6.0-openjdk-1.6.0.0/jre/lib/ext/gnome-java-bridge.jar
b771b000-b771e000 rw-p 00000000 00:00 0 
b771f000-b7722000 r--s 0000f000 fd:00 265511     /usr/lib/jvm/java-1.6.0-openjdk-1.6.0.0/jre/lib/ext/pulse-java.jar
b7722000-b772a000 rw-s 00000000 fd:00 678225     /tmp/hsperfdata_root/24878
b772a000-b772b000 rw-p 00000000 00:00 0 
b772b000-b772c000 r--p 00000000 00:00 0 
b772c000-b772e000 rw-p 00000000 00:00 0 
bff46000-bff49000 ---p 00000000 00:00 0 
bff4a000-bff96000 rw-p 00000000 00:00 0          [stack]

VM Arguments:
jvm_args: -Xint -Xcheck:jni 
java_command: <unknown>
Launcher Type: generic

Environment Variables:
PATH=/usr/lib/qt-3.3/bin:/usr/local/sbin:/usr/sbin:/sbin:/usr/local/bin:/usr/bin:/bin:/root/bin
USERNAME=root
LD_LIBRARY_PATH=build:/usr/lib/jvm/java-1.6.0-openjdk-1.6.0.0/jre/lib/i386/server
SHELL=/bin/bash
DISPLAY=:0.0

Signal Handlers:
SIGSEGV: [libjvm.so+0x58fb90], sa_mask[0]=0x7ffbfeff, sa_flags=0x10000004
SIGBUS: [libjvm.so+0x58fb90], sa_mask[0]=0x7ffbfeff, sa_flags=0x10000004
SIGFPE: [libjvm.so+0x484220], sa_mask[0]=0x7ffbfeff, sa_flags=0x10000004
SIGPIPE: [libjvm.so+0x484220], sa_mask[0]=0x7ffbfeff, sa_flags=0x10000004
SIGXFSZ: [libjvm.so+0x484220], sa_mask[0]=0x7ffbfeff, sa_flags=0x10000004
SIGILL: [libjvm.so+0x484220], sa_mask[0]=0x7ffbfeff, sa_flags=0x10000004
SIGUSR1: SIG_DFL, sa_mask[0]=0x00000000, sa_flags=0x00000000
SIGUSR2: [libjvm.so+0x483970], sa_mask[0]=0x00000000, sa_flags=0x10000004
SIGHUP: [libjvm.so+0x485ed0], sa_mask[0]=0x7ffbfeff, sa_flags=0x10000004
SIGINT: [libjvm.so+0x485ed0], sa_mask[0]=0x7ffbfeff, sa_flags=0x10000004
SIGTERM: [libjvm.so+0x485ed0], sa_mask[0]=0x7ffbfeff, sa_flags=0x10000004
SIGQUIT: [libjvm.so+0x485ed0], sa_mask[0]=0x7ffbfeff, sa_flags=0x10000004


---------------  S Y S T E M  ---------------

OS:CentOS Linux release 6.0 (Final)

uname:Linux 2.6.32-71.el6.i686 #1 SMP Fri Nov 12 04:17:17 GMT 2010 i686
libc:glibc 2.12 NPTL 2.12 
rlimit: STACK 10240k, CORE 0k, NPROC 1024, NOFILE 1024, AS infinity
load average:0.17 0.30 0.26

CPU:total 1 (1 cores per cpu, 1 threads per core) family 6 model 23 stepping 6, cmov, cx8, fxsr, mmx, sse, sse2, sse3, ssse3, sse4.1

Memory: 4k page, physical 1031320k(152904k free), swap 2064376k(2063988k free)

vm_info: OpenJDK Server VM (14.0-b16) for linux-x86 JRE (1.6.0_17-b17), built on Jun 25 2011 03:11:37 by "mockbuild" with gcc 4.4.4 20100726 (Red Hat 4.4.4-13)

time: Sun Oct 23 02:27:18 2011
elapsed time: 126 seconds

