#
# A fatal error has been detected by the Java Runtime Environment:
#
#  SIGSEGV (0xb) at pc=0x012c6e78, pid=22418, tid=2375580528
#
# JRE version: 6.0_17-b17
# Java VM: OpenJDK Server VM (14.0-b16 interpreted mode linux-x86 )
# Derivative: IcedTea6 1.7.5
# Distribution: Custom build (Sat Jun 25 03:01:37 BST 2011)
# Problematic frame:
# V  [libjvm.so+0x36ce78]
#
# If you would like to submit a bug report, please include
# instructions how to reproduce the bug and visit:
#   http://icedtea.classpath.org/bugzilla
#

---------------  T H R E A D  ---------------

Current thread (0x0989f400):  JavaThread "Thread-18" daemon [_thread_in_vm, id=22489, stack(0x8cf87000,0x8d988000)]

siginfo:si_signo=SIGSEGV: si_errno=0, si_code=1 (SEGV_MAPERR), si_addr=0x00001004

Registers:
EAX=0x8d986c84, EBX=0x0159e814, ECX=0x8d986c8c, EDX=0x00001000
ESP=0x8d986bec, EBP=0x8d986c28, ESI=0x0989f400, EDI=0x0989f400
EIP=0x012c6e78, CR2=0x00001004, EFLAGS=0x00210292

Top of Stack: (sp=0x8d986bec)
0x8d986bec:   012c6dde af804fb4 0000027f 00000000
0x8d986bfc:   019df2b6 0989f510 8d986c44 8d986c5c
0x8d986c0c:   0989f400 8d986c54 00000000 00000010
0x8d986c1c:   af804fb8 af804fb4 0989f400 8d986c6c
0x8d986c2c:   019df00a 0989f510 8d986c74 8d986c8c
0x8d986c3c:   00d6f6e0 8d986c84 00000009 00d6f6e0
0x8d986c4c:   8d986c4c 00000000 8d986c8c af865b58
0x8d986c5c:   00000000 af804fb8 00000000 8d986c7c 

Instructions: (pc=0x012c6e78)
0x012c6e68:   85 d2 0f 84 94 00 00 00 8b 4d 10 83 ec 04 8b 11
0x012c6e78:   8b 4a 04 8d 71 08 8b 49 08 57 ff 75 20 ff 75 1c 

Stack: [0x8cf87000,0x8d988000],  sp=0x8d986bec,  free space=10238k
Native frames: (J=compiled Java code, j=interpreted, Vv=VM code, C=native code)
V  [libjvm.so+0x36ce78]
j  java.lang.System.arraycopy(Ljava/lang/Object;ILjava/lang/Object;II)V+0
j  java.lang.String.getChars(II[CI)V+62
j  java.lang.AbstractStringBuilder.append(Ljava/lang/String;)Ljava/lang/AbstractStringBuilder;+50
j  java.lang.StringBuilder.append(Ljava/lang/String;)Ljava/lang/StringBuilder;+2
j  browsefs.BrowseFS.read_pre(Ljava/lang/String;Ljava/lang/String;IILjavafuse/Fuse_file_info;)I+92
v  ~StubRoutines::call_stub
V  [libjvm.so+0x31c625]
V  [libjvm.so+0x481749]
V  [libjvm.so+0x31b7df]
V  [libjvm.so+0x327dec]
V  [libjvm.so+0x33ed4d]
V  [libjvm.so+0x34a992]
C  [javafuse+0x4666]
C  [libfuse.so.2+0x6a0d]  fuse_fs_read+0x7d
C  [libfuse.so.2+0xf541]
C  [libfuse.so.2+0x139a9]
C  [libfuse.so.2+0x11a72]
C  [libfuse.so.2+0x14d27]  fuse_session_process+0x27
C  [libfuse.so.2+0x10034]
C  [libpthread.so.0+0x69e9]

Java frames: (J=compiled Java code, j=interpreted, Vv=VM code)
j  java.lang.System.arraycopy(Ljava/lang/Object;ILjava/lang/Object;II)V+0
j  java.lang.String.getChars(II[CI)V+62
j  java.lang.AbstractStringBuilder.append(Ljava/lang/String;)Ljava/lang/AbstractStringBuilder;+50
j  java.lang.StringBuilder.append(Ljava/lang/String;)Ljava/lang/StringBuilder;+2
j  browsefs.BrowseFS.read_pre(Ljava/lang/String;Ljava/lang/String;IILjavafuse/Fuse_file_info;)I+92
v  ~StubRoutines::call_stub

---------------  P R O C E S S  ---------------

Java Threads: ( => current thread )
  0x09a1fc00 JavaThread "Timer-2267" daemon [_thread_blocked, id=24867, stack(0x8ce43000,0x8ce94000)]
  0x0996b000 JavaThread "Firefox output watcher" daemon [_thread_in_native, id=24627, stack(0x8bcaa000,0x8bcfb000)]
  0x0994ac00 JavaThread "process reaper" daemon [_thread_in_native, id=24625, stack(0x8be3f000,0x8be90000)]
  0x0997e000 JavaThread "Thread-1470" daemon [_thread_in_native, id=23964, stack(0x89ea7000,0x8a8a8000)]
  0x09941400 JavaThread "Thread-1457" daemon [_thread_in_native, id=23963, stack(0x8a8a8000,0x8b2a9000)]
  0x09942400 JavaThread "Thread-1069" daemon [_thread_in_native, id=23566, stack(0x8b2a9000,0x8bcaa000)]
  0x8f422800 JavaThread "Thread-24" daemon [_thread_in_native, id=22506, stack(0x8c25c000,0x8cc5d000)]
=>0x0989f400 JavaThread "Thread-18" daemon [_thread_in_vm, id=22489, stack(0x8cf87000,0x8d988000)]
  0x8f225000 JavaThread "Thread-4" daemon [_thread_in_native, id=22429, stack(0x8da2a000,0x8e42b000)]
  0x0989d800 JavaThread "Firefox output watcher" daemon [_thread_in_native, id=22461, stack(0x8d9d9000,0x8da2a000)]
  0x098a2000 JavaThread "process reaper" daemon [_thread_in_native, id=22459, stack(0x8f302000,0x8f353000)]
  0x09845800 JavaThread "Thread-0" daemon [_thread_in_native, id=22428, stack(0x8e42b000,0x8ee2c000)]
  0x09825000 JavaThread "Low Memory Detector" daemon [_thread_blocked, id=22425, stack(0x8eead000,0x8eefe000)]
  0x09823400 JavaThread "CompilerThread1" daemon [_thread_blocked, id=22424, stack(0x8eefe000,0x8ef7f000)]
  0x09821800 JavaThread "CompilerThread0" daemon [_thread_blocked, id=22423, stack(0x8ef7f000,0x8f000000)]
  0x09820000 JavaThread "Signal Dispatcher" daemon [_thread_blocked, id=22422, stack(0x8f35e000,0x8f3af000)]
  0x0980e400 JavaThread "Finalizer" daemon [_thread_blocked, id=22421, stack(0x8f3af000,0x8f400000)]
  0x0980d000 JavaThread "Reference Handler" daemon [_thread_blocked, id=22420, stack(0x8f547000,0x8f598000)]
  0x097b6800 JavaThread "main" [_thread_in_native, id=22418, stack(0xbfe93000,0xbfee3000)]

Other Threads:
  0x09809c00 VMThread [stack: 0x8f598000,0x8f619000] [id=22419]
  0x09827000 WatcherThread [stack: 0x8ee2c000,0x8eead000] [id=22426]

VM state:not at safepoint (normal execution)

VM Mutex/Monitor currently owned by a thread: None

Heap
 def new generation   total 960K, used 0K [0x8f7e0000, 0x8f8e0000, 0x930c0000)
  eden space 896K,   0% used [0x8f7e0000, 0x8f7e0000, 0x8f8c0000)
  from space 64K,   0% used [0x8f8c0000, 0x8f8c0000, 0x8f8d0000)
  to   space 64K,   0% used [0x8f8d0000, 0x8f8d0000, 0x8f8e0000)
 tenured generation   total 31612K, used 29365K [0x930c0000, 0x94f9f000, 0xaf7e0000)
   the space 31612K,  92% used [0x930c0000, 0x94d6d5c0, 0x94d6d600, 0x94f9f000)
 compacting perm gen  total 16384K, used 9474K [0xaf7e0000, 0xb07e0000, 0xb77e0000)
   the space 16384K,  57% used [0xaf7e0000, 0xb0120b30, 0xb0120c00, 0xb07e0000)
No shared spaces configured.

Dynamic libraries:
00110000-0011c000 r-xp 00000000 fd:00 653729     /lib/libnss_files-2.12.so
0011c000-0011d000 r--p 0000b000 fd:00 653729     /lib/libnss_files-2.12.so
0011d000-0011e000 rw-p 0000c000 fd:00 653729     /lib/libnss_files-2.12.so
0011e000-00130000 r-xp 00000000 fd:00 672767     /lib/libz.so.1.2.3
00130000-00131000 rw-p 00011000 fd:00 672767     /lib/libz.so.1.2.3
00131000-0013a000 rwxp 00000000 00:00 0 
0013a000-001f1000 rwxp 00000000 00:00 0 
001f1000-001f2000 rwxp 00000000 00:00 0 
001f2000-0020d000 rwxp 00000000 00:00 0 
0020d000-0021d000 rwxp 00000000 00:00 0 
0021d000-002f1000 rwxp 00000000 00:00 0 
002f1000-002f9000 rwxp 00000000 00:00 0 
002f9000-00331000 rwxp 00000000 00:00 0 
00331000-00342000 rwxp 00000000 00:00 0 
00342000-00416000 rwxp 00000000 00:00 0 
00416000-00429000 r-xp 00000000 fd:00 265554     /usr/lib/jvm/java-1.6.0-openjdk-1.6.0.0/jre/lib/i386/libnet.so
00429000-0042a000 rw-p 00013000 fd:00 265554     /usr/lib/jvm/java-1.6.0-openjdk-1.6.0.0/jre/lib/i386/libnet.so
0042a000-0042b000 r--p 00000000 00:00 0 
004f7000-00502000 r-xp 00000000 fd:00 265562     /usr/lib/jvm/java-1.6.0-openjdk-1.6.0.0/jre/lib/i386/libverify.so
00502000-00503000 rw-p 0000b000 fd:00 265562     /usr/lib/jvm/java-1.6.0-openjdk-1.6.0.0/jre/lib/i386/libverify.so
00655000-0065b000 r-xp 00000000 fd:00 265563     /usr/lib/jvm/java-1.6.0-openjdk-1.6.0.0/jre/lib/i386/libzip.so
0065b000-0065c000 rw-p 00006000 fd:00 265563     /usr/lib/jvm/java-1.6.0-openjdk-1.6.0.0/jre/lib/i386/libzip.so
006df000-006e4000 r-xp 00000000 fd:00 653727     /lib/libnss_dns-2.12.so
006e4000-006e5000 r--p 00004000 fd:00 653727     /lib/libnss_dns-2.12.so
006e5000-006e6000 rw-p 00005000 fd:00 653727     /lib/libnss_dns-2.12.so
0083f000-00846000 r-xp 00000000 fd:00 265555     /usr/lib/jvm/java-1.6.0-openjdk-1.6.0.0/jre/lib/i386/libnio.so
00846000-00847000 rw-p 00006000 fd:00 265555     /usr/lib/jvm/java-1.6.0-openjdk-1.6.0.0/jre/lib/i386/libnio.so
00a36000-00a3c000 r-xp 00000000 fd:00 265564     /usr/lib/jvm/java-1.6.0-openjdk-1.6.0.0/jre/lib/i386/native_threads/libhpi.so
00a3c000-00a3d000 rw-p 00006000 fd:00 265564     /usr/lib/jvm/java-1.6.0-openjdk-1.6.0.0/jre/lib/i386/native_threads/libhpi.so
00a91000-00aaf000 r-xp 00000000 fd:00 672758     /lib/ld-2.12.so
00aaf000-00ab0000 r--p 0001d000 fd:00 672758     /lib/ld-2.12.so
00ab0000-00ab1000 rw-p 0001e000 fd:00 672758     /lib/ld-2.12.so
00ab3000-00ab6000 r-xp 00000000 fd:00 672768     /lib/libdl-2.12.so
00ab6000-00ab7000 r--p 00002000 fd:00 672768     /lib/libdl-2.12.so
00ab7000-00ab8000 rw-p 00003000 fd:00 672768     /lib/libdl-2.12.so
00aba000-00ad1000 r-xp 00000000 fd:00 672762     /lib/libpthread-2.12.so
00ad1000-00ad2000 r--p 00016000 fd:00 672762     /lib/libpthread-2.12.so
00ad2000-00ad3000 rw-p 00017000 fd:00 672762     /lib/libpthread-2.12.so
00ad3000-00ad5000 rw-p 00000000 00:00 0 
00ad7000-00aff000 r-xp 00000000 fd:00 672765     /lib/libm-2.12.so
00aff000-00b00000 r--p 00027000 fd:00 672765     /lib/libm-2.12.so
00b00000-00b01000 rw-p 00028000 fd:00 672765     /lib/libm-2.12.so
00b03000-00b0a000 r-xp 00000000 fd:00 672763     /lib/librt-2.12.so
00b0a000-00b0b000 r--p 00006000 fd:00 672763     /lib/librt-2.12.so
00b0b000-00b0c000 rw-p 00007000 fd:00 672763     /lib/librt-2.12.so
00b12000-00b34000 r-xp 00000000 fd:00 265543     /usr/lib/jvm/java-1.6.0-openjdk-1.6.0.0/jre/lib/i386/libjava.so
00b34000-00b36000 rw-p 00022000 fd:00 265543     /usr/lib/jvm/java-1.6.0-openjdk-1.6.0.0/jre/lib/i386/libjava.so
00be6000-00d6b000 r-xp 00000000 fd:00 672760     /lib/libc-2.12.so
00d6b000-00d6c000 ---p 00185000 fd:00 672760     /lib/libc-2.12.so
00d6c000-00d6e000 r--p 00185000 fd:00 672760     /lib/libc-2.12.so
00d6e000-00d6f000 rw-p 00187000 fd:00 672760     /lib/libc-2.12.so
00d6f000-00d72000 rw-p 00000000 00:00 0 
00d74000-00d89000 r-xp 00000000 fd:00 672771     /lib/libresolv-2.12.so
00d89000-00d8a000 r--p 00014000 fd:00 672771     /lib/libresolv-2.12.so
00d8a000-00d8b000 rw-p 00015000 fd:00 672771     /lib/libresolv-2.12.so
00d8b000-00d8d000 rw-p 00000000 00:00 0 
00da7000-00dcb000 r-xp 00000000 fd:00 656954     /lib/libfuse.so.2.8.3
00dcb000-00dd4000 rw-p 00024000 fd:00 656954     /lib/libfuse.so.2.8.3
00ee6000-00eef000 rwxp 00000000 00:00 0 
00eef000-00f27000 rwxp 00000000 00:00 0 
00f48000-00f51000 r-xp 00000000 fd:00 793086     /root/javafuse/javafuse-read-only/build/libjavafuse.so
00f51000-00f52000 rw-p 00008000 fd:00 793086     /root/javafuse/javafuse-read-only/build/libjavafuse.so
00f59000-00f5a000 r-xp 00000000 00:00 0          [vdso]
00f5a000-0155d000 r-xp 00000000 fd:00 265569     /usr/lib/jvm/java-1.6.0-openjdk-1.6.0.0/jre/lib/i386/server/libjvm.so
0155d000-015b4000 rw-p 00603000 fd:00 265569     /usr/lib/jvm/java-1.6.0-openjdk-1.6.0.0/jre/lib/i386/server/libjvm.so
015b4000-019d5000 rw-p 00000000 00:00 0 
019d5000-01c15000 rwxp 00000000 00:00 0 
01c15000-049d5000 rwxp 00000000 00:00 0 
0652e000-06544000 r-xp 00000000 fd:00 672795     /lib/libnsl-2.12.so
06544000-06545000 r--p 00016000 fd:00 672795     /lib/libnsl-2.12.so
06545000-06546000 rw-p 00017000 fd:00 672795     /lib/libnsl-2.12.so
06546000-06548000 rw-p 00000000 00:00 0 
08048000-08053000 r-xp 00000000 fd:00 803860     /root/javafuse/javafuse-read-only/javafuse
08053000-08054000 rw-p 0000a000 fd:00 803860     /root/javafuse/javafuse-read-only/javafuse
097b2000-09a9c000 rw-p 00000000 00:00 0          [heap]
89ea7000-89eaa000 ---p 00000000 00:00 0 
89eaa000-8a8a8000 rw-p 00000000 00:00 0 
8a8a8000-8a8ab000 ---p 00000000 00:00 0 
8a8ab000-8b2a9000 rw-p 00000000 00:00 0 
8b2a9000-8b2ac000 ---p 00000000 00:00 0 
8b2ac000-8bcaa000 rw-p 00000000 00:00 0 
8bcaa000-8bcad000 ---p 00000000 00:00 0 
8bcad000-8bcfb000 rw-p 00000000 00:00 0 
8bcfb000-8bcfe000 rwxp 00000000 00:00 0 
8bcfe000-8bd4c000 rw-p 00000000 00:00 0 
8bd4c000-8bd4f000 rwxp 00000000 00:00 0 
8bd4f000-8bd9d000 rw-p 00000000 00:00 0 
8bd9d000-8bda0000 rwxp 00000000 00:00 0 
8bda0000-8bdee000 rw-p 00000000 00:00 0 
8bdee000-8bdf1000 rwxp 00000000 00:00 0 
8bdf1000-8be3f000 rw-p 00000000 00:00 0 
8be3f000-8be42000 ---p 00000000 00:00 0 
8be42000-8be90000 rw-p 00000000 00:00 0 
8be90000-8be93000 rwxp 00000000 00:00 0 
8be93000-8bee1000 rw-p 00000000 00:00 0 
8bee1000-8bee4000 rwxp 00000000 00:00 0 
8bee4000-8bf32000 rw-p 00000000 00:00 0 
8bf32000-8bf35000 rwxp 00000000 00:00 0 
8bf35000-8bf83000 rw-p 00000000 00:00 0 
8bf83000-8bf86000 rwxp 00000000 00:00 0 
8bf86000-8bfd4000 rw-p 00000000 00:00 0 
8bfd4000-8bfd7000 rwxp 00000000 00:00 0 
8bfd7000-8c025000 rw-p 00000000 00:00 0 
8c025000-8c028000 rwxp 00000000 00:00 0 
8c028000-8c076000 rw-p 00000000 00:00 0 
8c076000-8c079000 rwxp 00000000 00:00 0 
8c079000-8c0c7000 rw-p 00000000 00:00 0 
8c0c7000-8c0ca000 rwxp 00000000 00:00 0 
8c0ca000-8c118000 rw-p 00000000 00:00 0 
8c118000-8c11b000 rwxp 00000000 00:00 0 
8c11b000-8c169000 rw-p 00000000 00:00 0 
8c169000-8c16c000 rwxp 00000000 00:00 0 
8c16c000-8c1ba000 rw-p 00000000 00:00 0 
8c1ba000-8c1bd000 rwxp 00000000 00:00 0 
8c1bd000-8c20b000 rw-p 00000000 00:00 0 
8c20b000-8c20e000 rwxp 00000000 00:00 0 
8c20e000-8c25c000 rw-p 00000000 00:00 0 
8c25c000-8c25f000 ---p 00000000 00:00 0 
8c25f000-8cc5d000 rw-p 00000000 00:00 0 
8cc5d000-8cc60000 rwxp 00000000 00:00 0 
8cc60000-8ccae000 rw-p 00000000 00:00 0 
8ccae000-8ccb1000 rwxp 00000000 00:00 0 
8ccb1000-8ccff000 rw-p 00000000 00:00 0 
8ccff000-8cd02000 rwxp 00000000 00:00 0 
8cd02000-8cd50000 rw-p 00000000 00:00 0 
8cd50000-8cd53000 rwxp 00000000 00:00 0 
8cd53000-8cda1000 rw-p 00000000 00:00 0 
8cda1000-8cda4000 rwxp 00000000 00:00 0 
8cda4000-8cdf2000 rw-p 00000000 00:00 0 
8cdf2000-8cdf5000 rwxp 00000000 00:00 0 
8cdf5000-8ce43000 rw-p 00000000 00:00 0 
8ce43000-8ce46000 ---p 00000000 00:00 0 
8ce46000-8ce94000 rw-p 00000000 00:00 0 
8ce94000-8ce97000 rwxp 00000000 00:00 0 
8ce97000-8cee5000 rw-p 00000000 00:00 0 
8cee5000-8cee8000 rwxp 00000000 00:00 0 
8cee8000-8cf36000 rw-p 00000000 00:00 0 
8cf36000-8cf39000 rwxp 00000000 00:00 0 
8cf39000-8cf87000 rw-p 00000000 00:00 0 
8cf87000-8cf8a000 ---p 00000000 00:00 0 
8cf8a000-8d988000 rw-p 00000000 00:00 0 
8d988000-8d98b000 rwxp 00000000 00:00 0 
8d98b000-8d9d9000 rw-p 00000000 00:00 0 
8d9d9000-8d9dc000 ---p 00000000 00:00 0 
8d9dc000-8da2a000 rw-p 00000000 00:00 0 
8da2a000-8da2d000 ---p 00000000 00:00 0 
8da2d000-8e42b000 rw-p 00000000 00:00 0 
8e42b000-8e42e000 ---p 00000000 00:00 0 
8e42e000-8ee2c000 rw-p 00000000 00:00 0 
8ee2c000-8ee2d000 ---p 00000000 00:00 0 
8ee2d000-8eead000 rw-p 00000000 00:00 0 
8eead000-8eeb0000 ---p 00000000 00:00 0 
8eeb0000-8eefe000 rw-p 00000000 00:00 0 
8eefe000-8ef01000 ---p 00000000 00:00 0 
8ef01000-8ef7f000 rw-p 00000000 00:00 0 
8ef7f000-8ef82000 ---p 00000000 00:00 0 
8ef82000-8f000000 rw-p 00000000 00:00 0 
8f000000-8f200000 r--p 00000000 fd:00 137199     /usr/lib/locale/locale-archive
8f200000-8f2cb000 rw-p 00000000 00:00 0 
8f2cb000-8f300000 ---p 00000000 00:00 0 
8f300000-8f302000 r--s 00013000 fd:00 265570     /usr/lib/jvm/java-1.6.0-openjdk-1.6.0.0/jre/lib/jce.jar
8f302000-8f305000 ---p 00000000 00:00 0 
8f305000-8f353000 rw-p 00000000 00:00 0 
8f353000-8f35a000 r--s 000fe000 fd:00 265580     /usr/lib/jvm/java-1.6.0-openjdk-1.6.0.0/jre/lib/resources.jar
8f35a000-8f35e000 r--s 0007c000 fd:00 262262     /usr/lib/jvm/java-1.6.0-openjdk-1.6.0.0/jre/lib/jsse.jar
8f35e000-8f361000 ---p 00000000 00:00 0 
8f361000-8f3af000 rw-p 00000000 00:00 0 
8f3af000-8f3b2000 ---p 00000000 00:00 0 
8f3b2000-8f400000 rw-p 00000000 00:00 0 
8f400000-8f493000 rw-p 00000000 00:00 0 
8f493000-8f500000 ---p 00000000 00:00 0 
8f500000-8f503000 r--s 00031000 fd:00 265512     /usr/lib/jvm/java-1.6.0-openjdk-1.6.0.0/jre/lib/ext/sunjce_provider.jar
8f503000-8f547000 rw-p 00000000 00:00 0 
8f547000-8f54a000 ---p 00000000 00:00 0 
8f54a000-8f598000 rw-p 00000000 00:00 0 
8f598000-8f599000 ---p 00000000 00:00 0 
8f599000-8f64c000 rw-p 00000000 00:00 0 
8f64c000-8f7e0000 r--s 038cb000 fd:00 265582     /usr/lib/jvm/java-1.6.0-openjdk-1.6.0.0/jre/lib/rt.jar
8f7e0000-8f8e0000 rwxp 00000000 00:00 0 
8f8e0000-930c0000 rwxp 00000000 00:00 0 
930c0000-94f9f000 rwxp 00000000 00:00 0 
94f9f000-af7e0000 rwxp 00000000 00:00 0 
af7e0000-b07e0000 rwxp 00000000 00:00 0 
b07e0000-b77e0000 rwxp 00000000 00:00 0 
b77e0000-b77e9000 r--s 00065000 fd:00 265508     /usr/lib/jvm/java-1.6.0-openjdk-1.6.0.0/jre/lib/ext/gnome-java-bridge.jar
b77e9000-b77ec000 rw-p 00000000 00:00 0 
b77ed000-b77f0000 r--s 0000f000 fd:00 265511     /usr/lib/jvm/java-1.6.0-openjdk-1.6.0.0/jre/lib/ext/pulse-java.jar
b77f0000-b77f8000 rw-s 00000000 fd:00 919990     /tmp/hsperfdata_root/22418
b77f8000-b77f9000 rw-p 00000000 00:00 0 
b77f9000-b77fa000 r--p 00000000 00:00 0 
b77fa000-b77fc000 rw-p 00000000 00:00 0 
bfe93000-bfe96000 ---p 00000000 00:00 0 
bfe97000-bfee3000 rw-p 00000000 00:00 0          [stack]

VM Arguments:
jvm_args: -Xint -Xcheck:jni 
java_command: <unknown>
Launcher Type: generic

Environment Variables:
PATH=/usr/lib/qt-3.3/bin:/usr/local/sbin:/usr/sbin:/sbin:/usr/local/bin:/usr/bin:/bin:/root/bin
USERNAME=root
LD_LIBRARY_PATH=build:/usr/lib/jvm/java-1.6.0-openjdk-1.6.0.0/jre/lib/i386/server
SHELL=/bin/bash
DISPLAY=:0.0

Signal Handlers:
SIGSEGV: [libjvm.so+0x58fb90], sa_mask[0]=0x7ffbfeff, sa_flags=0x10000004
SIGBUS: [libjvm.so+0x58fb90], sa_mask[0]=0x7ffbfeff, sa_flags=0x10000004
SIGFPE: [libjvm.so+0x484220], sa_mask[0]=0x7ffbfeff, sa_flags=0x10000004
SIGPIPE: [libjvm.so+0x484220], sa_mask[0]=0x7ffbfeff, sa_flags=0x10000004
SIGXFSZ: [libjvm.so+0x484220], sa_mask[0]=0x7ffbfeff, sa_flags=0x10000004
SIGILL: [libjvm.so+0x484220], sa_mask[0]=0x7ffbfeff, sa_flags=0x10000004
SIGUSR1: SIG_DFL, sa_mask[0]=0x00000000, sa_flags=0x00000000
SIGUSR2: [libjvm.so+0x483970], sa_mask[0]=0x00000000, sa_flags=0x10000004
SIGHUP: [libjvm.so+0x485ed0], sa_mask[0]=0x7ffbfeff, sa_flags=0x10000004
SIGINT: [libjvm.so+0x485ed0], sa_mask[0]=0x7ffbfeff, sa_flags=0x10000004
SIGTERM: [libjvm.so+0x485ed0], sa_mask[0]=0x7ffbfeff, sa_flags=0x10000004
SIGQUIT: [libjvm.so+0x485ed0], sa_mask[0]=0x7ffbfeff, sa_flags=0x10000004


---------------  S Y S T E M  ---------------

OS:CentOS Linux release 6.0 (Final)

uname:Linux 2.6.32-71.el6.i686 #1 SMP Fri Nov 12 04:17:17 GMT 2010 i686
libc:glibc 2.12 NPTL 2.12 
rlimit: STACK 10240k, CORE 0k, NPROC 1024, NOFILE 1024, AS infinity
load average:0.27 0.23 0.21

CPU:total 1 (1 cores per cpu, 1 threads per core) family 6 model 23 stepping 6, cmov, cx8, fxsr, mmx, sse, sse2, sse3, ssse3, sse4.1

Memory: 4k page, physical 1031320k(34388k free), swap 2064376k(2038296k free)

vm_info: OpenJDK Server VM (14.0-b16) for linux-x86 JRE (1.6.0_17-b17), built on Jun 25 2011 03:11:37 by "mockbuild" with gcc 4.4.4 20100726 (Red Hat 4.4.4-13)

time: Wed Nov  2 07:18:45 2011
elapsed time: 391 seconds

