#
# A fatal error has been detected by the Java Runtime Environment:
#
#  SIGSEGV (0xb) at pc=0x01140e78, pid=25681, tid=2387643248
#
# JRE version: 6.0_17-b17
# Java VM: OpenJDK Server VM (14.0-b16 interpreted mode linux-x86 )
# Derivative: IcedTea6 1.7.5
# Distribution: Custom build (Sat Jun 25 03:01:37 BST 2011)
# Problematic frame:
# V  [libjvm.so+0x36ce78]
#
# If you would like to submit a bug report, please include
# instructions how to reproduce the bug and visit:
#   http://icedtea.classpath.org/bugzilla
#

---------------  T H R E A D  ---------------

Current thread (0x0869a800):  JavaThread "Thread-3" daemon [_thread_in_vm, id=25693, stack(0x8db08000,0x8e509000)]

siginfo:si_signo=SIGSEGV: si_errno=0, si_code=1 (SEGV_MAPERR), si_addr=0x00001004

Registers:
EAX=0x8e507c84, EBX=0x01418814, ECX=0x8e507c8c, EDX=0x00001000
ESP=0x8e507bec, EBP=0x8e507c28, ESI=0x0869a800, EDI=0x0869a800
EIP=0x01140e78, CR2=0x00001004, EFLAGS=0x00210292

Top of Stack: (sp=0x8e507bec)
0x8e507bec:   01140dde af8a4fb4 0000027f 00000000
0x8e507bfc:   031572b6 0869a910 8e507c44 8e507c5c
0x8e507c0c:   0869a800 8e507c54 00000000 00000010
0x8e507c1c:   af8a4fb8 af8a4fb4 0869a800 8e507c6c
0x8e507c2c:   0315700a 0869a910 8e507c74 8e507c8c
0x8e507c3c:   00d6f718 8e507c84 00000009 00d6f718
0x8e507c4c:   8e507c4c 00000000 8e507c8c af905b58
0x8e507c5c:   00000000 af8a4fb8 00000000 8e507c7c 

Instructions: (pc=0x01140e78)
0x01140e68:   85 d2 0f 84 94 00 00 00 8b 4d 10 83 ec 04 8b 11
0x01140e78:   8b 4a 04 8d 71 08 8b 49 08 57 ff 75 20 ff 75 1c 

Stack: [0x8db08000,0x8e509000],  sp=0x8e507bec,  free space=10238k
Native frames: (J=compiled Java code, j=interpreted, Vv=VM code, C=native code)
V  [libjvm.so+0x36ce78]
j  java.lang.System.arraycopy(Ljava/lang/Object;ILjava/lang/Object;II)V+0
j  java.lang.String.getChars(II[CI)V+62
j  java.lang.AbstractStringBuilder.append(Ljava/lang/String;)Ljava/lang/AbstractStringBuilder;+50
j  java.lang.StringBuilder.append(Ljava/lang/String;)Ljava/lang/StringBuilder;+2
j  browsefs.BrowseFS.read_pre(Ljava/lang/String;Ljava/lang/String;IILjavafuse/Fuse_file_info;)I+49
v  ~StubRoutines::call_stub
V  [libjvm.so+0x31c625]
V  [libjvm.so+0x481749]
V  [libjvm.so+0x31b7df]
V  [libjvm.so+0x327dec]
V  [libjvm.so+0x33ed4d]
V  [libjvm.so+0x34a992]
C  [javafuse+0x4666]
C  [libfuse.so.2+0x6a0d]  fuse_fs_read+0x7d
C  [libfuse.so.2+0xf541]
C  [libfuse.so.2+0x139a9]
C  [libfuse.so.2+0x11a72]
C  [libfuse.so.2+0x14d27]  fuse_session_process+0x27
C  [libfuse.so.2+0x10034]
C  [libpthread.so.0+0x69e9]

Java frames: (J=compiled Java code, j=interpreted, Vv=VM code)
j  java.lang.System.arraycopy(Ljava/lang/Object;ILjava/lang/Object;II)V+0
j  java.lang.String.getChars(II[CI)V+62
j  java.lang.AbstractStringBuilder.append(Ljava/lang/String;)Ljava/lang/AbstractStringBuilder;+50
j  java.lang.StringBuilder.append(Ljava/lang/String;)Ljava/lang/StringBuilder;+2
j  browsefs.BrowseFS.read_pre(Ljava/lang/String;Ljava/lang/String;IILjavafuse/Fuse_file_info;)I+49
v  ~StubRoutines::call_stub

---------------  P R O C E S S  ---------------

Java Threads: ( => current thread )
  0x08667400 JavaThread "Thread-6" daemon [_thread_in_native, id=25754, stack(0x8bc63000,0x8c664000)]
  0x8f520400 JavaThread "Thread-5" daemon [_thread_in_native, id=25753, stack(0x8c664000,0x8d065000)]
  0x8f322000 JavaThread "Thread-4" daemon [_thread_in_native, id=25752, stack(0x8d065000,0x8da66000)]
=>0x0869a800 JavaThread "Thread-3" daemon [_thread_in_vm, id=25693, stack(0x8db08000,0x8e509000)]
  0x08660800 JavaThread "Firefox output watcher" daemon [_thread_in_native, id=25725, stack(0x8da66000,0x8dab7000)]
  0x0865fc00 JavaThread "process reaper" daemon [_thread_in_native, id=25723, stack(0x8dab7000,0x8db08000)]
  0x0861b400 JavaThread "Thread-0" daemon [_thread_in_native, id=25692, stack(0x8e52b000,0x8ef2c000)]
  0x085fc400 JavaThread "Low Memory Detector" daemon [_thread_blocked, id=25688, stack(0x8efad000,0x8effe000)]
  0x085fa400 JavaThread "CompilerThread1" daemon [_thread_blocked, id=25687, stack(0x8effe000,0x8f07f000)]
  0x085f8c00 JavaThread "CompilerThread0" daemon [_thread_blocked, id=25686, stack(0x8f07f000,0x8f100000)]
  0x085f7400 JavaThread "Signal Dispatcher" daemon [_thread_blocked, id=25685, stack(0x8f40d000,0x8f45e000)]
  0x085e2400 JavaThread "Finalizer" daemon [_thread_blocked, id=25684, stack(0x8f45e000,0x8f4af000)]
  0x085e1000 JavaThread "Reference Handler" daemon [_thread_blocked, id=25683, stack(0x8f4af000,0x8f500000)]
  0x0858a800 JavaThread "main" [_thread_in_native, id=25681, stack(0xbfbfe000,0xbfc4e000)]

Other Threads:
  0x085ddc00 VMThread [stack: 0x8f638000,0x8f6b9000] [id=25682]
  0x085fe000 WatcherThread [stack: 0x8ef2c000,0x8efad000] [id=25689]

VM state:not at safepoint (normal execution)

VM Mutex/Monitor currently owned by a thread: None

Heap
 def new generation   total 960K, used 0K [0x8f880000, 0x8f980000, 0x93160000)
  eden space 896K,   0% used [0x8f880000, 0x8f880000, 0x8f960000)
  from space 64K,   0% used [0x8f970000, 0x8f970000, 0x8f980000)
  to   space 64K,   0% used [0x8f960000, 0x8f960000, 0x8f970000)
 tenured generation   total 31612K, used 28951K [0x93160000, 0x9503f000, 0xaf880000)
   the space 31612K,  91% used [0x93160000, 0x94da5fd0, 0x94da6000, 0x9503f000)
 compacting perm gen  total 16384K, used 8012K [0xaf880000, 0xb0880000, 0xb7880000)
   the space 16384K,  48% used [0xaf880000, 0xb00533c8, 0xb0053400, 0xb0880000)
No shared spaces configured.

Dynamic libraries:
00110000-0011b000 r-xp 00000000 fd:00 265562     /usr/lib/jvm/java-1.6.0-openjdk-1.6.0.0/jre/lib/i386/libverify.so
0011b000-0011c000 rw-p 0000b000 fd:00 265562     /usr/lib/jvm/java-1.6.0-openjdk-1.6.0.0/jre/lib/i386/libverify.so
0011c000-00122000 r-xp 00000000 fd:00 265563     /usr/lib/jvm/java-1.6.0-openjdk-1.6.0.0/jre/lib/i386/libzip.so
00122000-00123000 rw-p 00006000 fd:00 265563     /usr/lib/jvm/java-1.6.0-openjdk-1.6.0.0/jre/lib/i386/libzip.so
00123000-0012c000 rwxp 00000000 00:00 0 
0012c000-001e3000 rwxp 00000000 00:00 0 
001e3000-001f3000 rwxp 00000000 00:00 0 
001f3000-002c7000 rwxp 00000000 00:00 0 
002c7000-002cc000 r-xp 00000000 fd:00 653727     /lib/libnss_dns-2.12.so
002cc000-002cd000 r--p 00004000 fd:00 653727     /lib/libnss_dns-2.12.so
002cd000-002ce000 rw-p 00005000 fd:00 653727     /lib/libnss_dns-2.12.so
002d3000-002f5000 r-xp 00000000 fd:00 265543     /usr/lib/jvm/java-1.6.0-openjdk-1.6.0.0/jre/lib/i386/libjava.so
002f5000-002f7000 rw-p 00022000 fd:00 265543     /usr/lib/jvm/java-1.6.0-openjdk-1.6.0.0/jre/lib/i386/libjava.so
002f7000-002f8000 rwxp 00000000 00:00 0 
002f8000-00313000 rwxp 00000000 00:00 0 
00313000-00323000 rwxp 00000000 00:00 0 
00323000-003f7000 rwxp 00000000 00:00 0 
003f7000-003ff000 rwxp 00000000 00:00 0 
003ff000-00437000 rwxp 00000000 00:00 0 
00437000-00438000 rwxp 00000000 00:00 0 
00438000-0044b000 r-xp 00000000 fd:00 265554     /usr/lib/jvm/java-1.6.0-openjdk-1.6.0.0/jre/lib/i386/libnet.so
0044b000-0044c000 rw-p 00013000 fd:00 265554     /usr/lib/jvm/java-1.6.0-openjdk-1.6.0.0/jre/lib/i386/libnet.so
0044c000-00453000 r-xp 00000000 fd:00 265555     /usr/lib/jvm/java-1.6.0-openjdk-1.6.0.0/jre/lib/i386/libnio.so
00453000-00454000 rw-p 00006000 fd:00 265555     /usr/lib/jvm/java-1.6.0-openjdk-1.6.0.0/jre/lib/i386/libnio.so
005a9000-005aa000 r--p 00000000 00:00 0 
005ee000-005f7000 rwxp 00000000 00:00 0 
005f7000-0062f000 rwxp 00000000 00:00 0 
006aa000-006b0000 r-xp 00000000 fd:00 265564     /usr/lib/jvm/java-1.6.0-openjdk-1.6.0.0/jre/lib/i386/native_threads/libhpi.so
006b0000-006b1000 rw-p 00006000 fd:00 265564     /usr/lib/jvm/java-1.6.0-openjdk-1.6.0.0/jre/lib/i386/native_threads/libhpi.so
009b3000-009bf000 r-xp 00000000 fd:00 653729     /lib/libnss_files-2.12.so
009bf000-009c0000 r--p 0000b000 fd:00 653729     /lib/libnss_files-2.12.so
009c0000-009c1000 rw-p 0000c000 fd:00 653729     /lib/libnss_files-2.12.so
009ed000-009ee000 r-xp 00000000 00:00 0          [vdso]
00a32000-00a3b000 r-xp 00000000 fd:00 793086     /root/javafuse/javafuse-read-only/build/libjavafuse.so
00a3b000-00a3c000 rw-p 00008000 fd:00 793086     /root/javafuse/javafuse-read-only/build/libjavafuse.so
00a91000-00aaf000 r-xp 00000000 fd:00 672758     /lib/ld-2.12.so
00aaf000-00ab0000 r--p 0001d000 fd:00 672758     /lib/ld-2.12.so
00ab0000-00ab1000 rw-p 0001e000 fd:00 672758     /lib/ld-2.12.so
00ab3000-00ab6000 r-xp 00000000 fd:00 672768     /lib/libdl-2.12.so
00ab6000-00ab7000 r--p 00002000 fd:00 672768     /lib/libdl-2.12.so
00ab7000-00ab8000 rw-p 00003000 fd:00 672768     /lib/libdl-2.12.so
00aba000-00ad1000 r-xp 00000000 fd:00 672762     /lib/libpthread-2.12.so
00ad1000-00ad2000 r--p 00016000 fd:00 672762     /lib/libpthread-2.12.so
00ad2000-00ad3000 rw-p 00017000 fd:00 672762     /lib/libpthread-2.12.so
00ad3000-00ad5000 rw-p 00000000 00:00 0 
00ad7000-00aff000 r-xp 00000000 fd:00 672765     /lib/libm-2.12.so
00aff000-00b00000 r--p 00027000 fd:00 672765     /lib/libm-2.12.so
00b00000-00b01000 rw-p 00028000 fd:00 672765     /lib/libm-2.12.so
00b03000-00b0a000 r-xp 00000000 fd:00 672763     /lib/librt-2.12.so
00b0a000-00b0b000 r--p 00006000 fd:00 672763     /lib/librt-2.12.so
00b0b000-00b0c000 rw-p 00007000 fd:00 672763     /lib/librt-2.12.so
00b2f000-00b41000 r-xp 00000000 fd:00 672767     /lib/libz.so.1.2.3
00b41000-00b42000 rw-p 00011000 fd:00 672767     /lib/libz.so.1.2.3
00be6000-00d6b000 r-xp 00000000 fd:00 672760     /lib/libc-2.12.so
00d6b000-00d6c000 ---p 00185000 fd:00 672760     /lib/libc-2.12.so
00d6c000-00d6e000 r--p 00185000 fd:00 672760     /lib/libc-2.12.so
00d6e000-00d6f000 rw-p 00187000 fd:00 672760     /lib/libc-2.12.so
00d6f000-00d72000 rw-p 00000000 00:00 0 
00d74000-00d89000 r-xp 00000000 fd:00 672771     /lib/libresolv-2.12.so
00d89000-00d8a000 r--p 00014000 fd:00 672771     /lib/libresolv-2.12.so
00d8a000-00d8b000 rw-p 00015000 fd:00 672771     /lib/libresolv-2.12.so
00d8b000-00d8d000 rw-p 00000000 00:00 0 
00da7000-00dcb000 r-xp 00000000 fd:00 656954     /lib/libfuse.so.2.8.3
00dcb000-00dd4000 rw-p 00024000 fd:00 656954     /lib/libfuse.so.2.8.3
00dd4000-013d7000 r-xp 00000000 fd:00 265569     /usr/lib/jvm/java-1.6.0-openjdk-1.6.0.0/jre/lib/i386/server/libjvm.so
013d7000-0142e000 rw-p 00603000 fd:00 265569     /usr/lib/jvm/java-1.6.0-openjdk-1.6.0.0/jre/lib/i386/server/libjvm.so
0142e000-0184f000 rw-p 00000000 00:00 0 
0314d000-0338d000 rwxp 00000000 00:00 0 
0338d000-0614d000 rwxp 00000000 00:00 0 
0652e000-06544000 r-xp 00000000 fd:00 672795     /lib/libnsl-2.12.so
06544000-06545000 r--p 00016000 fd:00 672795     /lib/libnsl-2.12.so
06545000-06546000 rw-p 00017000 fd:00 672795     /lib/libnsl-2.12.so
06546000-06548000 rw-p 00000000 00:00 0 
08048000-08053000 r-xp 00000000 fd:00 803826     /root/javafuse/javafuse-read-only/javafuse
08053000-08054000 rw-p 0000a000 fd:00 803826     /root/javafuse/javafuse-read-only/javafuse
08586000-0873a000 rw-p 00000000 00:00 0          [heap]
8bc63000-8bc66000 ---p 00000000 00:00 0 
8bc66000-8c664000 rw-p 00000000 00:00 0 
8c664000-8c667000 ---p 00000000 00:00 0 
8c667000-8d065000 rw-p 00000000 00:00 0 
8d065000-8d068000 ---p 00000000 00:00 0 
8d068000-8da66000 rw-p 00000000 00:00 0 
8da66000-8da69000 ---p 00000000 00:00 0 
8da69000-8dab7000 rw-p 00000000 00:00 0 
8dab7000-8daba000 ---p 00000000 00:00 0 
8daba000-8db08000 rw-p 00000000 00:00 0 
8db08000-8db0b000 ---p 00000000 00:00 0 
8db0b000-8e52b000 rw-p 00000000 00:00 0 
8e52b000-8e52e000 ---p 00000000 00:00 0 
8e52e000-8ef2c000 rw-p 00000000 00:00 0 
8ef2c000-8ef2d000 ---p 00000000 00:00 0 
8ef2d000-8efad000 rw-p 00000000 00:00 0 
8efad000-8efb0000 ---p 00000000 00:00 0 
8efb0000-8effe000 rw-p 00000000 00:00 0 
8effe000-8f001000 ---p 00000000 00:00 0 
8f001000-8f07f000 rw-p 00000000 00:00 0 
8f07f000-8f082000 ---p 00000000 00:00 0 
8f082000-8f100000 rw-p 00000000 00:00 0 
8f100000-8f300000 r--p 00000000 fd:00 137199     /usr/lib/locale/locale-archive
8f300000-8f368000 rw-p 00000000 00:00 0 
8f368000-8f400000 ---p 00000000 00:00 0 
8f40d000-8f410000 ---p 00000000 00:00 0 
8f410000-8f45e000 rw-p 00000000 00:00 0 
8f45e000-8f461000 ---p 00000000 00:00 0 
8f461000-8f4af000 rw-p 00000000 00:00 0 
8f4af000-8f4b2000 ---p 00000000 00:00 0 
8f4b2000-8f500000 rw-p 00000000 00:00 0 
8f500000-8f560000 rw-p 00000000 00:00 0 
8f560000-8f600000 ---p 00000000 00:00 0 
8f602000-8f609000 r--s 000fe000 fd:00 265580     /usr/lib/jvm/java-1.6.0-openjdk-1.6.0.0/jre/lib/resources.jar
8f609000-8f60d000 r--s 0007c000 fd:00 262262     /usr/lib/jvm/java-1.6.0-openjdk-1.6.0.0/jre/lib/jsse.jar
8f60d000-8f616000 r--s 00065000 fd:00 265508     /usr/lib/jvm/java-1.6.0-openjdk-1.6.0.0/jre/lib/ext/gnome-java-bridge.jar
8f616000-8f638000 rw-p 00000000 00:00 0 
8f638000-8f639000 ---p 00000000 00:00 0 
8f639000-8f6ec000 rw-p 00000000 00:00 0 
8f6ec000-8f880000 r--s 038cb000 fd:00 265582     /usr/lib/jvm/java-1.6.0-openjdk-1.6.0.0/jre/lib/rt.jar
8f880000-8f980000 rwxp 00000000 00:00 0 
8f980000-93160000 rwxp 00000000 00:00 0 
93160000-9503f000 rwxp 00000000 00:00 0 
9503f000-af880000 rwxp 00000000 00:00 0 
af880000-b0880000 rwxp 00000000 00:00 0 
b0880000-b7880000 rwxp 00000000 00:00 0 
b7882000-b7885000 rw-p 00000000 00:00 0 
b7886000-b7889000 r--s 0000f000 fd:00 265511     /usr/lib/jvm/java-1.6.0-openjdk-1.6.0.0/jre/lib/ext/pulse-java.jar
b7889000-b7891000 rw-s 00000000 fd:00 679690     /tmp/hsperfdata_root/25681
b7891000-b7892000 rw-p 00000000 00:00 0 
b7892000-b7893000 r--p 00000000 00:00 0 
b7893000-b7895000 rw-p 00000000 00:00 0 
bfbfe000-bfc01000 ---p 00000000 00:00 0 
bfc02000-bfc4e000 rw-p 00000000 00:00 0          [stack]

VM Arguments:
jvm_args: -Xint -Xcheck:jni 
java_command: <unknown>
Launcher Type: generic

Environment Variables:
PATH=/usr/lib/qt-3.3/bin:/usr/local/sbin:/usr/sbin:/sbin:/usr/local/bin:/usr/bin:/bin:/root/bin
USERNAME=root
LD_LIBRARY_PATH=build:/usr/lib/jvm/java-1.6.0-openjdk-1.6.0.0/jre/lib/i386/server
SHELL=/bin/bash
DISPLAY=:0.0

Signal Handlers:
SIGSEGV: [libjvm.so+0x58fb90], sa_mask[0]=0x7ffbfeff, sa_flags=0x10000004
SIGBUS: [libjvm.so+0x58fb90], sa_mask[0]=0x7ffbfeff, sa_flags=0x10000004
SIGFPE: [libjvm.so+0x484220], sa_mask[0]=0x7ffbfeff, sa_flags=0x10000004
SIGPIPE: [libjvm.so+0x484220], sa_mask[0]=0x7ffbfeff, sa_flags=0x10000004
SIGXFSZ: [libjvm.so+0x484220], sa_mask[0]=0x7ffbfeff, sa_flags=0x10000004
SIGILL: [libjvm.so+0x484220], sa_mask[0]=0x7ffbfeff, sa_flags=0x10000004
SIGUSR1: SIG_DFL, sa_mask[0]=0x00000000, sa_flags=0x00000000
SIGUSR2: [libjvm.so+0x483970], sa_mask[0]=0x00000000, sa_flags=0x10000004
SIGHUP: [libjvm.so+0x485ed0], sa_mask[0]=0x7ffbfeff, sa_flags=0x10000004
SIGINT: [libjvm.so+0x485ed0], sa_mask[0]=0x7ffbfeff, sa_flags=0x10000004
SIGTERM: [libjvm.so+0x485ed0], sa_mask[0]=0x7ffbfeff, sa_flags=0x10000004
SIGQUIT: [libjvm.so+0x485ed0], sa_mask[0]=0x7ffbfeff, sa_flags=0x10000004


---------------  S Y S T E M  ---------------

OS:CentOS Linux release 6.0 (Final)

uname:Linux 2.6.32-71.el6.i686 #1 SMP Fri Nov 12 04:17:17 GMT 2010 i686
libc:glibc 2.12 NPTL 2.12 
rlimit: STACK 10240k, CORE 0k, NPROC 1024, NOFILE 1024, AS infinity
load average:0.13 0.23 0.28

CPU:total 1 (1 cores per cpu, 1 threads per core) family 6 model 23 stepping 6, cmov, cx8, fxsr, mmx, sse, sse2, sse3, ssse3, sse4.1

Memory: 4k page, physical 1031320k(186160k free), swap 2064376k(2062580k free)

vm_info: OpenJDK Server VM (14.0-b16) for linux-x86 JRE (1.6.0_17-b17), built on Jun 25 2011 03:11:37 by "mockbuild" with gcc 4.4.4 20100726 (Red Hat 4.4.4-13)

time: Sun Oct 23 03:40:52 2011
elapsed time: 211 seconds

