#
# A fatal error has been detected by the Java Runtime Environment:
#
#  SIGSEGV (0xb) at pc=0x01140e78, pid=8323, tid=2345757552
#
# JRE version: 6.0_17-b17
# Java VM: OpenJDK Server VM (14.0-b16 interpreted mode linux-x86 )
# Derivative: IcedTea6 1.7.5
# Distribution: Custom build (Sat Jun 25 03:01:37 BST 2011)
# Problematic frame:
# V  [libjvm.so+0x36ce78]
#
# If you would like to submit a bug report, please include
# instructions how to reproduce the bug and visit:
#   http://icedtea.classpath.org/bugzilla
#

---------------  T H R E A D  ---------------

Current thread (0x089ad800):  JavaThread "Thread-226" daemon [_thread_in_vm, id=8609, stack(0x8b316000,0x8bd17000)]

siginfo:si_signo=SIGSEGV: si_errno=0, si_code=1 (SEGV_MAPERR), si_addr=0x00001004

Registers:
EAX=0x8bd15c84, EBX=0x01418814, ECX=0x8bd15c8c, EDX=0x00001000
ESP=0x8bd15bec, EBP=0x8bd15c28, ESI=0x089ad800, EDI=0x089ad800
EIP=0x01140e78, CR2=0x00001004, EFLAGS=0x00210292

Top of Stack: (sp=0x8bd15bec)
0x8bd15bec:   01140dde af734fb4 0000027f 00000000
0x8bd15bfc:   018592b6 089ad910 8bd15c44 8bd15c5c
0x8bd15c0c:   089ad800 8bd15c54 00000000 00000010
0x8bd15c1c:   af734fb8 af734fb4 089ad800 8bd15c6c
0x8bd15c2c:   0185900a 089ad910 8bd15c74 8bd15c8c
0x8bd15c3c:   00d6f758 8bd15c84 00000009 00d6f758
0x8bd15c4c:   8bd15c4c 00000000 8bd15c8c af795b58
0x8bd15c5c:   00000000 af734fb8 00000000 8bd15c7c 

Instructions: (pc=0x01140e78)
0x01140e68:   85 d2 0f 84 94 00 00 00 8b 4d 10 83 ec 04 8b 11
0x01140e78:   8b 4a 04 8d 71 08 8b 49 08 57 ff 75 20 ff 75 1c 

Stack: [0x8b316000,0x8bd17000],  sp=0x8bd15bec,  free space=10238k
Native frames: (J=compiled Java code, j=interpreted, Vv=VM code, C=native code)
V  [libjvm.so+0x36ce78]
j  java.lang.System.arraycopy(Ljava/lang/Object;ILjava/lang/Object;II)V+0
j  java.lang.String.getChars(II[CI)V+62
j  java.lang.AbstractStringBuilder.append(Ljava/lang/String;)Ljava/lang/AbstractStringBuilder;+50
j  java.lang.StringBuilder.append(Ljava/lang/String;)Ljava/lang/StringBuilder;+2
j  browsefs.BrowseFS.read_pre(Ljava/lang/String;Ljava/lang/String;IILjavafuse/Fuse_file_info;)I+92
v  ~StubRoutines::call_stub
V  [libjvm.so+0x31c625]
V  [libjvm.so+0x481749]
V  [libjvm.so+0x31b7df]
V  [libjvm.so+0x327dec]
V  [libjvm.so+0x33ed4d]
V  [libjvm.so+0x34a992]
C  [javafuse+0x4666]
C  [libfuse.so.2+0x6a0d]  fuse_fs_read+0x7d
C  [libfuse.so.2+0xf541]
C  [libfuse.so.2+0x139a9]
C  [libfuse.so.2+0x11a72]
C  [libfuse.so.2+0x14d27]  fuse_session_process+0x27
C  [libfuse.so.2+0x10034]
C  [libpthread.so.0+0x69e9]

Java frames: (J=compiled Java code, j=interpreted, Vv=VM code)
j  java.lang.System.arraycopy(Ljava/lang/Object;ILjava/lang/Object;II)V+0
j  java.lang.String.getChars(II[CI)V+62
j  java.lang.AbstractStringBuilder.append(Ljava/lang/String;)Ljava/lang/AbstractStringBuilder;+50
j  java.lang.StringBuilder.append(Ljava/lang/String;)Ljava/lang/StringBuilder;+2
j  browsefs.BrowseFS.read_pre(Ljava/lang/String;Ljava/lang/String;IILjavafuse/Fuse_file_info;)I+92
v  ~StubRoutines::call_stub

---------------  P R O C E S S  ---------------

Java Threads: ( => current thread )
  0x089be800 JavaThread "Timer-1631" daemon [_thread_blocked, id=10033, stack(0x8ce5f000,0x8ceb0000)]
  0x8f12b000 JavaThread "Timer-1627" daemon [_thread_blocked, id=10028, stack(0x8cd6c000,0x8cdbd000)]
=>0x089ad800 JavaThread "Thread-226" daemon [_thread_in_vm, id=8609, stack(0x8b316000,0x8bd17000)]
  0x8f344800 JavaThread "Thread-17" daemon [_thread_in_native, id=8394, stack(0x8ceb0000,0x8d8b1000)]
  0x8f346000 JavaThread "Thread-12" daemon [_thread_in_native, id=8399, stack(0x8c36b000,0x8cd6c000)]
  0x8f125000 JavaThread "Thread-4" daemon [_thread_in_native, id=8334, stack(0x8d9ab000,0x8e3ac000)]
  0x0896a400 JavaThread "Firefox output watcher" daemon [_thread_in_native, id=8366, stack(0x8d902000,0x8d953000)]
  0x0896c000 JavaThread "process reaper" daemon [_thread_in_native, id=8364, stack(0x8d953000,0x8d9a4000)]
  0x08912000 JavaThread "Thread-0" daemon [_thread_in_native, id=8333, stack(0x8e3ac000,0x8edad000)]
  0x088f3000 JavaThread "Low Memory Detector" daemon [_thread_blocked, id=8330, stack(0x8ee2e000,0x8ee7f000)]
  0x088f1400 JavaThread "CompilerThread1" daemon [_thread_blocked, id=8329, stack(0x8ee7f000,0x8ef00000)]
  0x088ef800 JavaThread "CompilerThread0" daemon [_thread_blocked, id=8328, stack(0x8f22e000,0x8f2af000)]
  0x088ee000 JavaThread "Signal Dispatcher" daemon [_thread_blocked, id=8327, stack(0x8f2af000,0x8f300000)]
  0x088dc400 JavaThread "Finalizer" daemon [_thread_blocked, id=8326, stack(0x8f426000,0x8f477000)]
  0x088db000 JavaThread "Reference Handler" daemon [_thread_blocked, id=8325, stack(0x8f477000,0x8f4c8000)]
  0x08884800 JavaThread "main" [_thread_in_native, id=8323, stack(0xbff70000,0xbffc0000)]

Other Threads:
  0x088d7c00 VMThread [stack: 0x8f4c8000,0x8f549000] [id=8324]
  0x088f4c00 WatcherThread [stack: 0x8edad000,0x8ee2e000] [id=8331]

VM state:not at safepoint (normal execution)

VM Mutex/Monitor currently owned by a thread: None

Heap
 def new generation   total 960K, used 0K [0x8f710000, 0x8f810000, 0x92ff0000)
  eden space 896K,   0% used [0x8f710000, 0x8f710060, 0x8f7f0000)
  from space 64K,   0% used [0x8f800000, 0x8f800000, 0x8f810000)
  to   space 64K,   0% used [0x8f7f0000, 0x8f7f0000, 0x8f800000)
 tenured generation   total 31612K, used 28888K [0x92ff0000, 0x94ecf000, 0xaf710000)
   the space 31612K,  91% used [0x92ff0000, 0x94c263a8, 0x94c26400, 0x94ecf000)
 compacting perm gen  total 16384K, used 7976K [0xaf710000, 0xb0710000, 0xb7710000)
   the space 16384K,  48% used [0xaf710000, 0xafeda268, 0xafeda400, 0xb0710000)
No shared spaces configured.

Dynamic libraries:
00110000-0011c000 r-xp 00000000 fd:00 653729     /lib/libnss_files-2.12.so
0011c000-0011d000 r--p 0000b000 fd:00 653729     /lib/libnss_files-2.12.so
0011d000-0011e000 rw-p 0000c000 fd:00 653729     /lib/libnss_files-2.12.so
0011e000-00130000 r-xp 00000000 fd:00 672767     /lib/libz.so.1.2.3
00130000-00131000 rw-p 00011000 fd:00 672767     /lib/libz.so.1.2.3
00131000-00132000 rwxp 00000000 00:00 0 
00132000-0014d000 rwxp 00000000 00:00 0 
0014d000-0015d000 rwxp 00000000 00:00 0 
0015d000-00231000 rwxp 00000000 00:00 0 
00231000-00239000 rwxp 00000000 00:00 0 
00239000-00271000 rwxp 00000000 00:00 0 
00271000-00272000 rwxp 00000000 00:00 0 
00276000-0027f000 rwxp 00000000 00:00 0 
0027f000-00336000 rwxp 00000000 00:00 0 
00336000-00346000 rwxp 00000000 00:00 0 
00346000-0041a000 rwxp 00000000 00:00 0 
0041a000-00423000 rwxp 00000000 00:00 0 
00423000-0045b000 rwxp 00000000 00:00 0 
0045b000-00462000 r-xp 00000000 fd:00 265555     /usr/lib/jvm/java-1.6.0-openjdk-1.6.0.0/jre/lib/i386/libnio.so
00462000-00463000 rw-p 00006000 fd:00 265555     /usr/lib/jvm/java-1.6.0-openjdk-1.6.0.0/jre/lib/i386/libnio.so
004b9000-004ba000 r--p 00000000 00:00 0 
006b5000-006bb000 r-xp 00000000 fd:00 265564     /usr/lib/jvm/java-1.6.0-openjdk-1.6.0.0/jre/lib/i386/native_threads/libhpi.so
006bb000-006bc000 rw-p 00006000 fd:00 265564     /usr/lib/jvm/java-1.6.0-openjdk-1.6.0.0/jre/lib/i386/native_threads/libhpi.so
00845000-0084b000 r-xp 00000000 fd:00 265563     /usr/lib/jvm/java-1.6.0-openjdk-1.6.0.0/jre/lib/i386/libzip.so
0084b000-0084c000 rw-p 00006000 fd:00 265563     /usr/lib/jvm/java-1.6.0-openjdk-1.6.0.0/jre/lib/i386/libzip.so
0090c000-00911000 r-xp 00000000 fd:00 653727     /lib/libnss_dns-2.12.so
00911000-00912000 r--p 00004000 fd:00 653727     /lib/libnss_dns-2.12.so
00912000-00913000 rw-p 00005000 fd:00 653727     /lib/libnss_dns-2.12.so
00987000-009a9000 r-xp 00000000 fd:00 265543     /usr/lib/jvm/java-1.6.0-openjdk-1.6.0.0/jre/lib/i386/libjava.so
009a9000-009ab000 rw-p 00022000 fd:00 265543     /usr/lib/jvm/java-1.6.0-openjdk-1.6.0.0/jre/lib/i386/libjava.so
009dc000-009e5000 r-xp 00000000 fd:00 793086     /root/javafuse/javafuse-read-only/build/libjavafuse.so
009e5000-009e6000 rw-p 00008000 fd:00 793086     /root/javafuse/javafuse-read-only/build/libjavafuse.so
00a3c000-00a4f000 r-xp 00000000 fd:00 265554     /usr/lib/jvm/java-1.6.0-openjdk-1.6.0.0/jre/lib/i386/libnet.so
00a4f000-00a50000 rw-p 00013000 fd:00 265554     /usr/lib/jvm/java-1.6.0-openjdk-1.6.0.0/jre/lib/i386/libnet.so
00a71000-00a7c000 r-xp 00000000 fd:00 265562     /usr/lib/jvm/java-1.6.0-openjdk-1.6.0.0/jre/lib/i386/libverify.so
00a7c000-00a7d000 rw-p 0000b000 fd:00 265562     /usr/lib/jvm/java-1.6.0-openjdk-1.6.0.0/jre/lib/i386/libverify.so
00a91000-00aaf000 r-xp 00000000 fd:00 672758     /lib/ld-2.12.so
00aaf000-00ab0000 r--p 0001d000 fd:00 672758     /lib/ld-2.12.so
00ab0000-00ab1000 rw-p 0001e000 fd:00 672758     /lib/ld-2.12.so
00ab3000-00ab6000 r-xp 00000000 fd:00 672768     /lib/libdl-2.12.so
00ab6000-00ab7000 r--p 00002000 fd:00 672768     /lib/libdl-2.12.so
00ab7000-00ab8000 rw-p 00003000 fd:00 672768     /lib/libdl-2.12.so
00aba000-00ad1000 r-xp 00000000 fd:00 672762     /lib/libpthread-2.12.so
00ad1000-00ad2000 r--p 00016000 fd:00 672762     /lib/libpthread-2.12.so
00ad2000-00ad3000 rw-p 00017000 fd:00 672762     /lib/libpthread-2.12.so
00ad3000-00ad5000 rw-p 00000000 00:00 0 
00ad7000-00aff000 r-xp 00000000 fd:00 672765     /lib/libm-2.12.so
00aff000-00b00000 r--p 00027000 fd:00 672765     /lib/libm-2.12.so
00b00000-00b01000 rw-p 00028000 fd:00 672765     /lib/libm-2.12.so
00b03000-00b0a000 r-xp 00000000 fd:00 672763     /lib/librt-2.12.so
00b0a000-00b0b000 r--p 00006000 fd:00 672763     /lib/librt-2.12.so
00b0b000-00b0c000 rw-p 00007000 fd:00 672763     /lib/librt-2.12.so
00b40000-00b41000 r-xp 00000000 00:00 0          [vdso]
00be6000-00d6b000 r-xp 00000000 fd:00 672760     /lib/libc-2.12.so
00d6b000-00d6c000 ---p 00185000 fd:00 672760     /lib/libc-2.12.so
00d6c000-00d6e000 r--p 00185000 fd:00 672760     /lib/libc-2.12.so
00d6e000-00d6f000 rw-p 00187000 fd:00 672760     /lib/libc-2.12.so
00d6f000-00d72000 rw-p 00000000 00:00 0 
00d74000-00d89000 r-xp 00000000 fd:00 672771     /lib/libresolv-2.12.so
00d89000-00d8a000 r--p 00014000 fd:00 672771     /lib/libresolv-2.12.so
00d8a000-00d8b000 rw-p 00015000 fd:00 672771     /lib/libresolv-2.12.so
00d8b000-00d8d000 rw-p 00000000 00:00 0 
00da7000-00dcb000 r-xp 00000000 fd:00 656954     /lib/libfuse.so.2.8.3
00dcb000-00dd4000 rw-p 00024000 fd:00 656954     /lib/libfuse.so.2.8.3
00dd4000-013d7000 r-xp 00000000 fd:00 265569     /usr/lib/jvm/java-1.6.0-openjdk-1.6.0.0/jre/lib/i386/server/libjvm.so
013d7000-0142e000 rw-p 00603000 fd:00 265569     /usr/lib/jvm/java-1.6.0-openjdk-1.6.0.0/jre/lib/i386/server/libjvm.so
0142e000-0184f000 rw-p 00000000 00:00 0 
0184f000-01a8f000 rwxp 00000000 00:00 0 
01a8f000-0484f000 rwxp 00000000 00:00 0 
0652e000-06544000 r-xp 00000000 fd:00 672795     /lib/libnsl-2.12.so
06544000-06545000 r--p 00016000 fd:00 672795     /lib/libnsl-2.12.so
06545000-06546000 rw-p 00017000 fd:00 672795     /lib/libnsl-2.12.so
06546000-06548000 rw-p 00000000 00:00 0 
08048000-08053000 r-xp 00000000 fd:00 803860     /root/javafuse/javafuse-read-only/javafuse
08053000-08054000 rw-p 0000a000 fd:00 803860     /root/javafuse/javafuse-read-only/javafuse
08880000-08a19000 rw-p 00000000 00:00 0          [heap]
8ad00000-8ad4d000 rw-p 00000000 00:00 0 
8ad4d000-8ae00000 ---p 00000000 00:00 0 
8ae06000-8ae09000 rwxp 00000000 00:00 0 
8ae09000-8ae57000 rw-p 00000000 00:00 0 
8ae57000-8ae5a000 rwxp 00000000 00:00 0 
8ae5a000-8aea8000 rw-p 00000000 00:00 0 
8aea8000-8aeab000 rwxp 00000000 00:00 0 
8aeab000-8aef9000 rw-p 00000000 00:00 0 
8aef9000-8aefc000 rwxp 00000000 00:00 0 
8aefc000-8af4a000 rw-p 00000000 00:00 0 
8af4a000-8af4d000 rwxp 00000000 00:00 0 
8af4d000-8af9b000 rw-p 00000000 00:00 0 
8af9b000-8af9e000 rwxp 00000000 00:00 0 
8af9e000-8afec000 rw-p 00000000 00:00 0 
8afec000-8afef000 rwxp 00000000 00:00 0 
8afef000-8b03d000 rw-p 00000000 00:00 0 
8b03d000-8b040000 rwxp 00000000 00:00 0 
8b040000-8b08e000 rw-p 00000000 00:00 0 
8b08e000-8b091000 rwxp 00000000 00:00 0 
8b091000-8b0df000 rw-p 00000000 00:00 0 
8b0df000-8b0e2000 rwxp 00000000 00:00 0 
8b0e2000-8b130000 rw-p 00000000 00:00 0 
8b130000-8b133000 rwxp 00000000 00:00 0 
8b133000-8b181000 rw-p 00000000 00:00 0 
8b181000-8b184000 rwxp 00000000 00:00 0 
8b184000-8b1d2000 rw-p 00000000 00:00 0 
8b1d2000-8b1d5000 rwxp 00000000 00:00 0 
8b1d5000-8b223000 rw-p 00000000 00:00 0 
8b223000-8b226000 rwxp 00000000 00:00 0 
8b226000-8b274000 rw-p 00000000 00:00 0 
8b274000-8b277000 rwxp 00000000 00:00 0 
8b277000-8b2c5000 rw-p 00000000 00:00 0 
8b2c5000-8b2c8000 rwxp 00000000 00:00 0 
8b2c8000-8b316000 rw-p 00000000 00:00 0 
8b316000-8b319000 ---p 00000000 00:00 0 
8b319000-8bd17000 rw-p 00000000 00:00 0 
8bd17000-8bd1a000 rwxp 00000000 00:00 0 
8bd1a000-8bd68000 rw-p 00000000 00:00 0 
8bd68000-8bd6b000 rwxp 00000000 00:00 0 
8bd6b000-8bdb9000 rw-p 00000000 00:00 0 
8bdb9000-8bdbc000 rwxp 00000000 00:00 0 
8bdbc000-8be0a000 rw-p 00000000 00:00 0 
8be0a000-8be0d000 rwxp 00000000 00:00 0 
8be0d000-8be5b000 rw-p 00000000 00:00 0 
8be5b000-8be5e000 rwxp 00000000 00:00 0 
8be5e000-8beac000 rw-p 00000000 00:00 0 
8beac000-8beaf000 rwxp 00000000 00:00 0 
8beaf000-8befd000 rw-p 00000000 00:00 0 
8befd000-8bf00000 rwxp 00000000 00:00 0 
8bf00000-8bf4e000 rw-p 00000000 00:00 0 
8bf4e000-8bf51000 rwxp 00000000 00:00 0 
8bf51000-8bf9f000 rw-p 00000000 00:00 0 
8bf9f000-8bfa2000 rwxp 00000000 00:00 0 
8bfa2000-8bff0000 rw-p 00000000 00:00 0 
8bff0000-8bff3000 rwxp 00000000 00:00 0 
8bff3000-8c041000 rw-p 00000000 00:00 0 
8c041000-8c044000 rwxp 00000000 00:00 0 
8c044000-8c092000 rw-p 00000000 00:00 0 
8c092000-8c095000 rwxp 00000000 00:00 0 
8c095000-8c0e3000 rw-p 00000000 00:00 0 
8c0e3000-8c0e6000 rwxp 00000000 00:00 0 
8c0e6000-8c134000 rw-p 00000000 00:00 0 
8c134000-8c137000 rwxp 00000000 00:00 0 
8c137000-8c185000 rw-p 00000000 00:00 0 
8c185000-8c188000 rwxp 00000000 00:00 0 
8c188000-8c1d6000 rw-p 00000000 00:00 0 
8c1d6000-8c1d9000 rwxp 00000000 00:00 0 
8c1d9000-8c227000 rw-p 00000000 00:00 0 
8c227000-8c22a000 rwxp 00000000 00:00 0 
8c22a000-8c278000 rw-p 00000000 00:00 0 
8c278000-8c27b000 rwxp 00000000 00:00 0 
8c27b000-8c2c9000 rw-p 00000000 00:00 0 
8c2c9000-8c2cc000 rwxp 00000000 00:00 0 
8c2cc000-8c31a000 rw-p 00000000 00:00 0 
8c31a000-8c31d000 rwxp 00000000 00:00 0 
8c31d000-8c36b000 rw-p 00000000 00:00 0 
8c36b000-8c36e000 ---p 00000000 00:00 0 
8c36e000-8cd6c000 rw-p 00000000 00:00 0 
8cd6c000-8cd6f000 ---p 00000000 00:00 0 
8cd6f000-8cdbd000 rw-p 00000000 00:00 0 
8cdbd000-8cdc0000 rwxp 00000000 00:00 0 
8cdc0000-8ce0e000 rw-p 00000000 00:00 0 
8ce0e000-8ce11000 rwxp 00000000 00:00 0 
8ce11000-8ce5f000 rw-p 00000000 00:00 0 
8ce5f000-8ce62000 ---p 00000000 00:00 0 
8ce62000-8ceb0000 rw-p 00000000 00:00 0 
8ceb0000-8ceb3000 ---p 00000000 00:00 0 
8ceb3000-8d8b1000 rw-p 00000000 00:00 0 
8d8b1000-8d8b4000 rwxp 00000000 00:00 0 
8d8b4000-8d902000 rw-p 00000000 00:00 0 
8d902000-8d905000 ---p 00000000 00:00 0 
8d905000-8d953000 rw-p 00000000 00:00 0 
8d953000-8d956000 ---p 00000000 00:00 0 
8d956000-8d9a4000 rw-p 00000000 00:00 0 
8d9a4000-8d9ab000 r--s 000fe000 fd:00 265580     /usr/lib/jvm/java-1.6.0-openjdk-1.6.0.0/jre/lib/resources.jar
8d9ab000-8d9ae000 ---p 00000000 00:00 0 
8d9ae000-8e3ac000 rw-p 00000000 00:00 0 
8e3ac000-8e3af000 ---p 00000000 00:00 0 
8e3af000-8edad000 rw-p 00000000 00:00 0 
8edad000-8edae000 ---p 00000000 00:00 0 
8edae000-8ee2e000 rw-p 00000000 00:00 0 
8ee2e000-8ee31000 ---p 00000000 00:00 0 
8ee31000-8ee7f000 rw-p 00000000 00:00 0 
8ee7f000-8ee82000 ---p 00000000 00:00 0 
8ee82000-8ef00000 rw-p 00000000 00:00 0 
8ef00000-8f100000 r--p 00000000 fd:00 137199     /usr/lib/locale/locale-archive
8f100000-8f156000 rw-p 00000000 00:00 0 
8f156000-8f200000 ---p 00000000 00:00 0 
8f203000-8f20c000 r--s 00065000 fd:00 265508     /usr/lib/jvm/java-1.6.0-openjdk-1.6.0.0/jre/lib/ext/gnome-java-bridge.jar
8f20c000-8f22e000 rw-p 00000000 00:00 0 
8f22e000-8f231000 ---p 00000000 00:00 0 
8f231000-8f2af000 rw-p 00000000 00:00 0 
8f2af000-8f2b2000 ---p 00000000 00:00 0 
8f2b2000-8f300000 rw-p 00000000 00:00 0 
8f300000-8f400000 rw-p 00000000 00:00 0 
8f400000-8f404000 r--s 0007c000 fd:00 262262     /usr/lib/jvm/java-1.6.0-openjdk-1.6.0.0/jre/lib/jsse.jar
8f404000-8f426000 rw-p 00000000 00:00 0 
8f426000-8f429000 ---p 00000000 00:00 0 
8f429000-8f477000 rw-p 00000000 00:00 0 
8f477000-8f47a000 ---p 00000000 00:00 0 
8f47a000-8f4c8000 rw-p 00000000 00:00 0 
8f4c8000-8f4c9000 ---p 00000000 00:00 0 
8f4c9000-8f57c000 rw-p 00000000 00:00 0 
8f57c000-8f710000 r--s 038cb000 fd:00 265582     /usr/lib/jvm/java-1.6.0-openjdk-1.6.0.0/jre/lib/rt.jar
8f710000-8f810000 rwxp 00000000 00:00 0 
8f810000-92ff0000 rwxp 00000000 00:00 0 
92ff0000-94ecf000 rwxp 00000000 00:00 0 
94ecf000-af710000 rwxp 00000000 00:00 0 
af710000-b0710000 rwxp 00000000 00:00 0 
b0710000-b7710000 rwxp 00000000 00:00 0 
b7711000-b7714000 rw-p 00000000 00:00 0 
b7715000-b7718000 r--s 0000f000 fd:00 265511     /usr/lib/jvm/java-1.6.0-openjdk-1.6.0.0/jre/lib/ext/pulse-java.jar
b7718000-b7720000 rw-s 00000000 fd:00 679589     /tmp/hsperfdata_root/8323
b7720000-b7721000 rw-p 00000000 00:00 0 
b7721000-b7722000 r--p 00000000 00:00 0 
b7722000-b7724000 rw-p 00000000 00:00 0 
bff70000-bff73000 ---p 00000000 00:00 0 
bff74000-bffc0000 rw-p 00000000 00:00 0          [stack]

VM Arguments:
jvm_args: -Xint -Xcheck:jni 
java_command: <unknown>
Launcher Type: generic

Environment Variables:
PATH=/usr/lib/qt-3.3/bin:/usr/local/sbin:/usr/sbin:/sbin:/usr/local/bin:/usr/bin:/bin:/root/bin
USERNAME=root
LD_LIBRARY_PATH=build:/usr/lib/jvm/java-1.6.0-openjdk-1.6.0.0/jre/lib/i386/server
SHELL=/bin/bash
DISPLAY=:0.0

Signal Handlers:
SIGSEGV: [libjvm.so+0x58fb90], sa_mask[0]=0x7ffbfeff, sa_flags=0x10000004
SIGBUS: [libjvm.so+0x58fb90], sa_mask[0]=0x7ffbfeff, sa_flags=0x10000004
SIGFPE: [libjvm.so+0x484220], sa_mask[0]=0x7ffbfeff, sa_flags=0x10000004
SIGPIPE: [libjvm.so+0x484220], sa_mask[0]=0x7ffbfeff, sa_flags=0x10000004
SIGXFSZ: [libjvm.so+0x484220], sa_mask[0]=0x7ffbfeff, sa_flags=0x10000004
SIGILL: [libjvm.so+0x484220], sa_mask[0]=0x7ffbfeff, sa_flags=0x10000004
SIGUSR1: SIG_DFL, sa_mask[0]=0x00000000, sa_flags=0x00000000
SIGUSR2: [libjvm.so+0x483970], sa_mask[0]=0x00000000, sa_flags=0x10000004
SIGHUP: [libjvm.so+0x485ed0], sa_mask[0]=0x7ffbfeff, sa_flags=0x10000004
SIGINT: [libjvm.so+0x485ed0], sa_mask[0]=0x7ffbfeff, sa_flags=0x10000004
SIGTERM: [libjvm.so+0x485ed0], sa_mask[0]=0x7ffbfeff, sa_flags=0x10000004
SIGQUIT: [libjvm.so+0x485ed0], sa_mask[0]=0x7ffbfeff, sa_flags=0x10000004


---------------  S Y S T E M  ---------------

OS:CentOS Linux release 6.0 (Final)

uname:Linux 2.6.32-71.el6.i686 #1 SMP Fri Nov 12 04:17:17 GMT 2010 i686
libc:glibc 2.12 NPTL 2.12 
rlimit: STACK 10240k, CORE 0k, NPROC 1024, NOFILE 1024, AS infinity
load average:1.43 0.69 0.52

CPU:total 1 (1 cores per cpu, 1 threads per core) family 6 model 23 stepping 6, cmov, cx8, fxsr, mmx, sse, sse2, sse3, ssse3, sse4.1

Memory: 4k page, physical 1031320k(484016k free), swap 2064376k(2064376k free)

vm_info: OpenJDK Server VM (14.0-b16) for linux-x86 JRE (1.6.0_17-b17), built on Jun 25 2011 03:11:37 by "mockbuild" with gcc 4.4.4 20100726 (Red Hat 4.4.4-13)

time: Wed Nov  2 08:43:23 2011
elapsed time: 22 seconds

