#
# A fatal error has been detected by the Java Runtime Environment:
#
#  SIGSEGV (0xb) at pc=0x01140e78, pid=22652, tid=2366716784
#
# JRE version: 6.0_17-b17
# Java VM: OpenJDK Server VM (14.0-b16 interpreted mode linux-x86 )
# Derivative: IcedTea6 1.7.5
# Distribution: Custom build (Sat Jun 25 03:01:37 BST 2011)
# Problematic frame:
# V  [libjvm.so+0x36ce78]
#
# If you would like to submit a bug report, please include
# instructions how to reproduce the bug and visit:
#   http://icedtea.classpath.org/bugzilla
#

---------------  T H R E A D  ---------------

Current thread (0x087bac00):  JavaThread "Thread-3" daemon [_thread_in_vm, id=22668, stack(0x8c713000,0x8d114000)]

siginfo:si_signo=SIGSEGV: si_errno=0, si_code=1 (SEGV_MAPERR), si_addr=0x00001004

Registers:
EAX=0x8d112c84, EBX=0x01418814, ECX=0x8d112c8c, EDX=0x00001000
ESP=0x8d112bec, EBP=0x8d112c28, ESI=0x087bac00, EDI=0x087bac00
EIP=0x01140e78, CR2=0x00001004, EFLAGS=0x00210292

Top of Stack: (sp=0x8d112bec)
0x8d112bec:   01140dde af8f4fb4 0000027f 00000000
0x8d112bfc:   018592b6 087bad10 8d112c44 8d112c5c
0x8d112c0c:   087bac00 8d112c54 00000000 00000010
0x8d112c1c:   af8f4fb8 af8f4fb4 087bac00 8d112c6c
0x8d112c2c:   0185900a 087bad10 8d112c74 8d112c8c
0x8d112c3c:   00d6f3d0 8d112c84 00000009 00d6f3d0
0x8d112c4c:   8d112c4c 00000000 8d112c8c af955b58
0x8d112c5c:   00000000 af8f4fb8 00000000 8d112c7c 

Instructions: (pc=0x01140e78)
0x01140e68:   85 d2 0f 84 94 00 00 00 8b 4d 10 83 ec 04 8b 11
0x01140e78:   8b 4a 04 8d 71 08 8b 49 08 57 ff 75 20 ff 75 1c 

Stack: [0x8c713000,0x8d114000],  sp=0x8d112bec,  free space=10238k
Native frames: (J=compiled Java code, j=interpreted, Vv=VM code, C=native code)
V  [libjvm.so+0x36ce78]
j  java.lang.System.arraycopy(Ljava/lang/Object;ILjava/lang/Object;II)V+0
j  java.lang.String.getChars(II[CI)V+62
j  java.lang.AbstractStringBuilder.append(Ljava/lang/String;)Ljava/lang/AbstractStringBuilder;+50
j  java.lang.StringBuilder.append(Ljava/lang/String;)Ljava/lang/StringBuilder;+2
j  browsefs.BrowseFS.read_pre(Ljava/lang/String;Ljava/lang/String;IILjavafuse/Fuse_file_info;)I+49
v  ~StubRoutines::call_stub
V  [libjvm.so+0x31c625]
V  [libjvm.so+0x481749]
V  [libjvm.so+0x31b7df]
V  [libjvm.so+0x327dec]
V  [libjvm.so+0x33ed4d]
V  [libjvm.so+0x34a992]
C  [javafuse+0x4666]
C  [libfuse.so.2+0x6a0d]  fuse_fs_read+0x7d
C  [libfuse.so.2+0xf541]
C  [libfuse.so.2+0x139a9]
C  [libfuse.so.2+0x11a72]
C  [libfuse.so.2+0x14d27]  fuse_session_process+0x27
C  [libfuse.so.2+0x10034]
C  [libpthread.so.0+0x69e9]

Java frames: (J=compiled Java code, j=interpreted, Vv=VM code)
j  java.lang.System.arraycopy(Ljava/lang/Object;ILjava/lang/Object;II)V+0
j  java.lang.String.getChars(II[CI)V+62
j  java.lang.AbstractStringBuilder.append(Ljava/lang/String;)Ljava/lang/AbstractStringBuilder;+50
j  java.lang.StringBuilder.append(Ljava/lang/String;)Ljava/lang/StringBuilder;+2
j  browsefs.BrowseFS.read_pre(Ljava/lang/String;Ljava/lang/String;IILjavafuse/Fuse_file_info;)I+49
v  ~StubRoutines::call_stub

---------------  P R O C E S S  ---------------

Java Threads: ( => current thread )
  0x8f50dc00 JavaThread "Thread-5" daemon [_thread_in_native, id=22670, stack(0x8b2cd000,0x8bcce000)]
  0x8f30d800 JavaThread "Thread-4" daemon [_thread_in_native, id=22669, stack(0x8bcf0000,0x8c6f1000)]
=>0x087bac00 JavaThread "Thread-3" daemon [_thread_in_vm, id=22668, stack(0x8c713000,0x8d114000)]
  0x8f501c00 JavaThread "Thread-2" daemon [_thread_in_native, id=22667, stack(0x8d136000,0x8db37000)]
  0x8f303c00 JavaThread "Thread-1" daemon [_thread_in_native, id=22664, stack(0x8db59000,0x8e55a000)]
  0x087af000 JavaThread "Thread-0" daemon [_thread_in_native, id=22663, stack(0x8e57c000,0x8ef7d000)]
  0x08790000 JavaThread "Low Memory Detector" daemon [_thread_blocked, id=22659, stack(0x8f40d000,0x8f45e000)]
  0x0878e400 JavaThread "CompilerThread1" daemon [_thread_blocked, id=22658, stack(0x8effe000,0x8f07f000)]
  0x0878c800 JavaThread "CompilerThread0" daemon [_thread_blocked, id=22657, stack(0x8f07f000,0x8f100000)]
  0x0878b000 JavaThread "Signal Dispatcher" daemon [_thread_blocked, id=22656, stack(0x8f45e000,0x8f4af000)]
  0x08779400 JavaThread "Finalizer" daemon [_thread_blocked, id=22655, stack(0x8f4af000,0x8f500000)]
  0x08778000 JavaThread "Reference Handler" daemon [_thread_blocked, id=22654, stack(0x8f637000,0x8f688000)]
  0x08721800 JavaThread "main" [_thread_in_native, id=22652, stack(0xbfa8b000,0xbfadb000)]

Other Threads:
  0x08774c00 VMThread [stack: 0x8f688000,0x8f709000] [id=22653]
  0x08791c00 WatcherThread [stack: 0x8ef7d000,0x8effe000] [id=22660]

VM state:not at safepoint (normal execution)

VM Mutex/Monitor currently owned by a thread: None

Heap
 def new generation   total 960K, used 0K [0x8f8d0000, 0x8f9d0000, 0x931b0000)
  eden space 896K,   0% used [0x8f8d0000, 0x8f8d0020, 0x8f9b0000)
  from space 64K,   0% used [0x8f9b0000, 0x8f9b0000, 0x8f9c0000)
  to   space 64K,   0% used [0x8f9c0000, 0x8f9c0000, 0x8f9d0000)
 tenured generation   total 31612K, used 27632K [0x931b0000, 0x9508f000, 0xaf8d0000)
   the space 31612K,  87% used [0x931b0000, 0x94cac088, 0x94cac200, 0x9508f000)
 compacting perm gen  total 16384K, used 1950K [0xaf8d0000, 0xb08d0000, 0xb78d0000)
   the space 16384K,  11% used [0xaf8d0000, 0xafab7930, 0xafab7a00, 0xb08d0000)
No shared spaces configured.

Dynamic libraries:
00110000-00132000 r-xp 00000000 fd:00 265543     /usr/lib/jvm/java-1.6.0-openjdk-1.6.0.0/jre/lib/i386/libjava.so
00132000-00134000 rw-p 00022000 fd:00 265543     /usr/lib/jvm/java-1.6.0-openjdk-1.6.0.0/jre/lib/i386/libjava.so
00134000-0013a000 r-xp 00000000 fd:00 265564     /usr/lib/jvm/java-1.6.0-openjdk-1.6.0.0/jre/lib/i386/native_threads/libhpi.so
0013a000-0013b000 rw-p 00006000 fd:00 265564     /usr/lib/jvm/java-1.6.0-openjdk-1.6.0.0/jre/lib/i386/native_threads/libhpi.so
0013b000-00141000 r-xp 00000000 fd:00 265563     /usr/lib/jvm/java-1.6.0-openjdk-1.6.0.0/jre/lib/i386/libzip.so
00141000-00142000 rw-p 00006000 fd:00 265563     /usr/lib/jvm/java-1.6.0-openjdk-1.6.0.0/jre/lib/i386/libzip.so
00142000-0014b000 rwxp 00000000 00:00 0 
0014b000-00202000 rwxp 00000000 00:00 0 
00202000-00203000 rwxp 00000000 00:00 0 
00203000-0021e000 rwxp 00000000 00:00 0 
0021e000-0022e000 rwxp 00000000 00:00 0 
0022e000-00302000 rwxp 00000000 00:00 0 
00302000-0030a000 rwxp 00000000 00:00 0 
0030a000-00342000 rwxp 00000000 00:00 0 
00342000-00353000 rwxp 00000000 00:00 0 
00353000-00427000 rwxp 00000000 00:00 0 
00427000-00430000 rwxp 00000000 00:00 0 
00430000-00468000 rwxp 00000000 00:00 0 
005f8000-005f9000 r-xp 00000000 00:00 0          [vdso]
00650000-0065b000 r-xp 00000000 fd:00 265562     /usr/lib/jvm/java-1.6.0-openjdk-1.6.0.0/jre/lib/i386/libverify.so
0065b000-0065c000 rw-p 0000b000 fd:00 265562     /usr/lib/jvm/java-1.6.0-openjdk-1.6.0.0/jre/lib/i386/libverify.so
008fb000-00907000 r-xp 00000000 fd:00 653729     /lib/libnss_files-2.12.so
00907000-00908000 r--p 0000b000 fd:00 653729     /lib/libnss_files-2.12.so
00908000-00909000 rw-p 0000c000 fd:00 653729     /lib/libnss_files-2.12.so
00955000-0095e000 r-xp 00000000 fd:00 793086     /root/javafuse/javafuse-read-only/build/libjavafuse.so
0095e000-0095f000 rw-p 00008000 fd:00 793086     /root/javafuse/javafuse-read-only/build/libjavafuse.so
00a91000-00aaf000 r-xp 00000000 fd:00 672758     /lib/ld-2.12.so
00aaf000-00ab0000 r--p 0001d000 fd:00 672758     /lib/ld-2.12.so
00ab0000-00ab1000 rw-p 0001e000 fd:00 672758     /lib/ld-2.12.so
00ab3000-00ab6000 r-xp 00000000 fd:00 672768     /lib/libdl-2.12.so
00ab6000-00ab7000 r--p 00002000 fd:00 672768     /lib/libdl-2.12.so
00ab7000-00ab8000 rw-p 00003000 fd:00 672768     /lib/libdl-2.12.so
00aba000-00ad1000 r-xp 00000000 fd:00 672762     /lib/libpthread-2.12.so
00ad1000-00ad2000 r--p 00016000 fd:00 672762     /lib/libpthread-2.12.so
00ad2000-00ad3000 rw-p 00017000 fd:00 672762     /lib/libpthread-2.12.so
00ad3000-00ad5000 rw-p 00000000 00:00 0 
00ad7000-00aff000 r-xp 00000000 fd:00 672765     /lib/libm-2.12.so
00aff000-00b00000 r--p 00027000 fd:00 672765     /lib/libm-2.12.so
00b00000-00b01000 rw-p 00028000 fd:00 672765     /lib/libm-2.12.so
00b03000-00b0a000 r-xp 00000000 fd:00 672763     /lib/librt-2.12.so
00b0a000-00b0b000 r--p 00006000 fd:00 672763     /lib/librt-2.12.so
00b0b000-00b0c000 rw-p 00007000 fd:00 672763     /lib/librt-2.12.so
00b2f000-00b41000 r-xp 00000000 fd:00 672767     /lib/libz.so.1.2.3
00b41000-00b42000 rw-p 00011000 fd:00 672767     /lib/libz.so.1.2.3
00be6000-00d6b000 r-xp 00000000 fd:00 672760     /lib/libc-2.12.so
00d6b000-00d6c000 ---p 00185000 fd:00 672760     /lib/libc-2.12.so
00d6c000-00d6e000 r--p 00185000 fd:00 672760     /lib/libc-2.12.so
00d6e000-00d6f000 rw-p 00187000 fd:00 672760     /lib/libc-2.12.so
00d6f000-00d72000 rw-p 00000000 00:00 0 
00da7000-00dcb000 r-xp 00000000 fd:00 656954     /lib/libfuse.so.2.8.3
00dcb000-00dd4000 rw-p 00024000 fd:00 656954     /lib/libfuse.so.2.8.3
00dd4000-013d7000 r-xp 00000000 fd:00 265569     /usr/lib/jvm/java-1.6.0-openjdk-1.6.0.0/jre/lib/i386/server/libjvm.so
013d7000-0142e000 rw-p 00603000 fd:00 265569     /usr/lib/jvm/java-1.6.0-openjdk-1.6.0.0/jre/lib/i386/server/libjvm.so
0142e000-0184f000 rw-p 00000000 00:00 0 
0184f000-01a8f000 rwxp 00000000 00:00 0 
01a8f000-0484f000 rwxp 00000000 00:00 0 
0652e000-06544000 r-xp 00000000 fd:00 672795     /lib/libnsl-2.12.so
06544000-06545000 r--p 00016000 fd:00 672795     /lib/libnsl-2.12.so
06545000-06546000 rw-p 00017000 fd:00 672795     /lib/libnsl-2.12.so
06546000-06548000 rw-p 00000000 00:00 0 
08048000-08053000 r-xp 00000000 fd:00 803826     /root/javafuse/javafuse-read-only/javafuse
08053000-08054000 rw-p 0000a000 fd:00 803826     /root/javafuse/javafuse-read-only/javafuse
0871d000-0885b000 rw-p 00000000 00:00 0          [heap]
8b2cd000-8b2d0000 ---p 00000000 00:00 0 
8b2d0000-8bcf0000 rw-p 00000000 00:00 0 
8bcf0000-8bcf3000 ---p 00000000 00:00 0 
8bcf3000-8c713000 rw-p 00000000 00:00 0 
8c713000-8c716000 ---p 00000000 00:00 0 
8c716000-8d136000 rw-p 00000000 00:00 0 
8d136000-8d139000 ---p 00000000 00:00 0 
8d139000-8db59000 rw-p 00000000 00:00 0 
8db59000-8db5c000 ---p 00000000 00:00 0 
8db5c000-8e57c000 rw-p 00000000 00:00 0 
8e57c000-8e57f000 ---p 00000000 00:00 0 
8e57f000-8ef7d000 rw-p 00000000 00:00 0 
8ef7d000-8ef7e000 ---p 00000000 00:00 0 
8ef7e000-8effe000 rw-p 00000000 00:00 0 
8effe000-8f001000 ---p 00000000 00:00 0 
8f001000-8f07f000 rw-p 00000000 00:00 0 
8f07f000-8f082000 ---p 00000000 00:00 0 
8f082000-8f100000 rw-p 00000000 00:00 0 
8f100000-8f300000 r--p 00000000 fd:00 137199     /usr/lib/locale/locale-archive
8f300000-8f338000 rw-p 00000000 00:00 0 
8f338000-8f400000 ---p 00000000 00:00 0 
8f40d000-8f410000 ---p 00000000 00:00 0 
8f410000-8f45e000 rw-p 00000000 00:00 0 
8f45e000-8f461000 ---p 00000000 00:00 0 
8f461000-8f4af000 rw-p 00000000 00:00 0 
8f4af000-8f4b2000 ---p 00000000 00:00 0 
8f4b2000-8f500000 rw-p 00000000 00:00 0 
8f500000-8f53c000 rw-p 00000000 00:00 0 
8f53c000-8f600000 ---p 00000000 00:00 0 
8f60c000-8f615000 r--s 00065000 fd:00 265508     /usr/lib/jvm/java-1.6.0-openjdk-1.6.0.0/jre/lib/ext/gnome-java-bridge.jar
8f615000-8f637000 rw-p 00000000 00:00 0 
8f637000-8f63a000 ---p 00000000 00:00 0 
8f63a000-8f688000 rw-p 00000000 00:00 0 
8f688000-8f689000 ---p 00000000 00:00 0 
8f689000-8f73c000 rw-p 00000000 00:00 0 
8f73c000-8f8d0000 r--s 038cb000 fd:00 265582     /usr/lib/jvm/java-1.6.0-openjdk-1.6.0.0/jre/lib/rt.jar
8f8d0000-8f9d0000 rwxp 00000000 00:00 0 
8f9d0000-931b0000 rwxp 00000000 00:00 0 
931b0000-9508f000 rwxp 00000000 00:00 0 
9508f000-af8d0000 rwxp 00000000 00:00 0 
af8d0000-b08d0000 rwxp 00000000 00:00 0 
b08d0000-b78d0000 rwxp 00000000 00:00 0 
b78d2000-b78d5000 rw-p 00000000 00:00 0 
b78d6000-b78d9000 r--s 0000f000 fd:00 265511     /usr/lib/jvm/java-1.6.0-openjdk-1.6.0.0/jre/lib/ext/pulse-java.jar
b78d9000-b78e1000 rw-s 00000000 fd:00 678191     /tmp/hsperfdata_root/22652
b78e1000-b78e2000 rw-p 00000000 00:00 0 
b78e2000-b78e3000 r--p 00000000 00:00 0 
b78e3000-b78e5000 rw-p 00000000 00:00 0 
bfa8b000-bfa8e000 ---p 00000000 00:00 0 
bfa8f000-bfadb000 rw-p 00000000 00:00 0          [stack]

VM Arguments:
jvm_args: -Xint -Xcheck:jni 
java_command: <unknown>
Launcher Type: generic

Environment Variables:
PATH=/usr/lib/qt-3.3/bin:/usr/local/sbin:/usr/sbin:/sbin:/usr/local/bin:/usr/bin:/bin:/root/bin
USERNAME=root
LD_LIBRARY_PATH=build:/usr/lib/jvm/java-1.6.0-openjdk-1.6.0.0/jre/lib/i386/server
SHELL=/bin/bash
DISPLAY=:0.0

Signal Handlers:
SIGSEGV: [libjvm.so+0x58fb90], sa_mask[0]=0x7ffbfeff, sa_flags=0x10000004
SIGBUS: [libjvm.so+0x58fb90], sa_mask[0]=0x7ffbfeff, sa_flags=0x10000004
SIGFPE: [libjvm.so+0x484220], sa_mask[0]=0x7ffbfeff, sa_flags=0x10000004
SIGPIPE: [libjvm.so+0x484220], sa_mask[0]=0x7ffbfeff, sa_flags=0x10000004
SIGXFSZ: [libjvm.so+0x484220], sa_mask[0]=0x7ffbfeff, sa_flags=0x10000004
SIGILL: [libjvm.so+0x484220], sa_mask[0]=0x7ffbfeff, sa_flags=0x10000004
SIGUSR1: SIG_DFL, sa_mask[0]=0x00000000, sa_flags=0x00000000
SIGUSR2: [libjvm.so+0x483970], sa_mask[0]=0x00000000, sa_flags=0x10000004
SIGHUP: [libjvm.so+0x485ed0], sa_mask[0]=0x7ffbfeff, sa_flags=0x10000004
SIGINT: [libjvm.so+0x485ed0], sa_mask[0]=0x7ffbfeff, sa_flags=0x10000004
SIGTERM: [libjvm.so+0x485ed0], sa_mask[0]=0x7ffbfeff, sa_flags=0x10000004
SIGQUIT: [libjvm.so+0x485ed0], sa_mask[0]=0x7ffbfeff, sa_flags=0x10000004


---------------  S Y S T E M  ---------------

OS:CentOS Linux release 6.0 (Final)

uname:Linux 2.6.32-71.el6.i686 #1 SMP Fri Nov 12 04:17:17 GMT 2010 i686
libc:glibc 2.12 NPTL 2.12 
rlimit: STACK 10240k, CORE 0k, NPROC 1024, NOFILE 1024, AS infinity
load average:0.00 0.00 0.00

CPU:total 1 (1 cores per cpu, 1 threads per core) family 6 model 23 stepping 6, cmov, cx8, fxsr, mmx, sse, sse2, sse3, ssse3, sse4.1

Memory: 4k page, physical 1031320k(34048k free), swap 2064376k(2064240k free)

vm_info: OpenJDK Server VM (14.0-b16) for linux-x86 JRE (1.6.0_17-b17), built on Jun 25 2011 03:11:37 by "mockbuild" with gcc 4.4.4 20100726 (Red Hat 4.4.4-13)

time: Sat Oct 22 23:46:33 2011
elapsed time: 94 seconds

