#
# A fatal error has been detected by the Java Runtime Environment:
#
#  SIGSEGV (0xb) at pc=0x01140e78, pid=28727, tid=2366385008
#
# JRE version: 6.0_17-b17
# Java VM: OpenJDK Server VM (14.0-b16 interpreted mode linux-x86 )
# Derivative: IcedTea6 1.7.5
# Distribution: Custom build (Sat Jun 25 03:01:37 BST 2011)
# Problematic frame:
# V  [libjvm.so+0x36ce78]
#
# If you would like to submit a bug report, please include
# instructions how to reproduce the bug and visit:
#   http://icedtea.classpath.org/bugzilla
#

---------------  T H R E A D  ---------------

Current thread (0x08e3a000):  JavaThread "Thread-3" daemon [_thread_in_vm, id=28742, stack(0x8c6c2000,0x8d0c3000)]

siginfo:si_signo=SIGSEGV: si_errno=0, si_code=1 (SEGV_MAPERR), si_addr=0x00001004

Registers:
EAX=0x8d0c1c84, EBX=0x01418814, ECX=0x8d0c1c8c, EDX=0x00001000
ESP=0x8d0c1bec, EBP=0x8d0c1c28, ESI=0x08e3a000, EDI=0x08e3a000
EIP=0x01140e78, CR2=0x00001004, EFLAGS=0x00210292

Top of Stack: (sp=0x8d0c1bec)
0x8d0c1bec:   01140dde af8a4fb4 0000027f 00000000
0x8d0c1bfc:   018592b6 08e3a110 8d0c1c44 8d0c1c5c
0x8d0c1c0c:   08e3a000 8d0c1c54 00000000 00000010
0x8d0c1c1c:   af8a4fb8 af8a4fb4 08e3a000 8d0c1c6c
0x8d0c1c2c:   0185900a 08e3a110 8d0c1c74 8d0c1c8c
0x8d0c1c3c:   00d6f718 8d0c1c84 00000009 00d6f718
0x8d0c1c4c:   8d0c1c4c 00000000 8d0c1c8c af905b58
0x8d0c1c5c:   00000000 af8a4fb8 00000000 8d0c1c7c 

Instructions: (pc=0x01140e78)
0x01140e68:   85 d2 0f 84 94 00 00 00 8b 4d 10 83 ec 04 8b 11
0x01140e78:   8b 4a 04 8d 71 08 8b 49 08 57 ff 75 20 ff 75 1c 

Stack: [0x8c6c2000,0x8d0c3000],  sp=0x8d0c1bec,  free space=10238k
Native frames: (J=compiled Java code, j=interpreted, Vv=VM code, C=native code)
V  [libjvm.so+0x36ce78]
j  java.lang.System.arraycopy(Ljava/lang/Object;ILjava/lang/Object;II)V+0
j  java.lang.String.getChars(II[CI)V+62
j  java.lang.AbstractStringBuilder.append(Ljava/lang/String;)Ljava/lang/AbstractStringBuilder;+50
j  java.lang.StringBuilder.append(Ljava/lang/String;)Ljava/lang/StringBuilder;+2
j  browsefs.BrowseFS.read_pre(Ljava/lang/String;Ljava/lang/String;IILjavafuse/Fuse_file_info;)I+49
v  ~StubRoutines::call_stub
V  [libjvm.so+0x31c625]
V  [libjvm.so+0x481749]
V  [libjvm.so+0x31b7df]
V  [libjvm.so+0x327dec]
V  [libjvm.so+0x33ed4d]
V  [libjvm.so+0x34a992]
C  [javafuse+0x4666]
C  [libfuse.so.2+0x6a0d]  fuse_fs_read+0x7d
C  [libfuse.so.2+0xf541]
C  [libfuse.so.2+0x139a9]
C  [libfuse.so.2+0x11a72]
C  [libfuse.so.2+0x14d27]  fuse_session_process+0x27
C  [libfuse.so.2+0x10034]
C  [libpthread.so.0+0x69e9]

Java frames: (J=compiled Java code, j=interpreted, Vv=VM code)
j  java.lang.System.arraycopy(Ljava/lang/Object;ILjava/lang/Object;II)V+0
j  java.lang.String.getChars(II[CI)V+62
j  java.lang.AbstractStringBuilder.append(Ljava/lang/String;)Ljava/lang/AbstractStringBuilder;+50
j  java.lang.StringBuilder.append(Ljava/lang/String;)Ljava/lang/StringBuilder;+2
j  browsefs.BrowseFS.read_pre(Ljava/lang/String;Ljava/lang/String;IILjavafuse/Fuse_file_info;)I+49
v  ~StubRoutines::call_stub

---------------  P R O C E S S  ---------------

Java Threads: ( => current thread )
  0x08e39000 JavaThread "Thread-6" daemon [_thread_in_native, id=28748, stack(0x8a859000,0x8b25a000)]
  0x8f514c00 JavaThread "Thread-5" daemon [_thread_in_native, id=28744, stack(0x8b27c000,0x8bc7d000)]
  0x8f30dc00 JavaThread "Thread-4" daemon [_thread_in_native, id=28743, stack(0x8bc9f000,0x8c6a0000)]
=>0x08e3a000 JavaThread "Thread-3" daemon [_thread_in_vm, id=28742, stack(0x8c6c2000,0x8d0c3000)]
  0x8f500c00 JavaThread "Thread-2" daemon [_thread_in_native, id=28741, stack(0x8d0e5000,0x8dae6000)]
  0x8f303c00 JavaThread "Thread-1" daemon [_thread_in_native, id=28738, stack(0x8db08000,0x8e509000)]
  0x08e2e800 JavaThread "Thread-0" daemon [_thread_in_native, id=28737, stack(0x8e52b000,0x8ef2c000)]
  0x08e0e000 JavaThread "Low Memory Detector" daemon [_thread_blocked, id=28734, stack(0x8efad000,0x8effe000)]
  0x08e0c400 JavaThread "CompilerThread1" daemon [_thread_blocked, id=28733, stack(0x8effe000,0x8f07f000)]
  0x08e0a800 JavaThread "CompilerThread0" daemon [_thread_blocked, id=28732, stack(0x8f07f000,0x8f100000)]
  0x08e09000 JavaThread "Signal Dispatcher" daemon [_thread_blocked, id=28731, stack(0x8f40d000,0x8f45e000)]
  0x08df7400 JavaThread "Finalizer" daemon [_thread_blocked, id=28730, stack(0x8f45e000,0x8f4af000)]
  0x08df6000 JavaThread "Reference Handler" daemon [_thread_blocked, id=28729, stack(0x8f4af000,0x8f500000)]
  0x08d9f800 JavaThread "main" [_thread_in_native, id=28727, stack(0xbf899000,0xbf8e9000)]

Other Threads:
  0x08df2c00 VMThread [stack: 0x8f638000,0x8f6b9000] [id=28728]
  0x08e10000 WatcherThread [stack: 0x8ef2c000,0x8efad000] [id=28735]

VM state:not at safepoint (normal execution)

VM Mutex/Monitor currently owned by a thread: None

Heap
 def new generation   total 960K, used 0K [0x8f880000, 0x8f980000, 0x93160000)
  eden space 896K,   0% used [0x8f880000, 0x8f880000, 0x8f960000)
  from space 64K,   0% used [0x8f960000, 0x8f960000, 0x8f970000)
  to   space 64K,   0% used [0x8f970000, 0x8f970000, 0x8f980000)
 tenured generation   total 31612K, used 27633K [0x93160000, 0x9503f000, 0xaf880000)
   the space 31612K,  87% used [0x93160000, 0x94c5c488, 0x94c5c600, 0x9503f000)
 compacting perm gen  total 16384K, used 1948K [0xaf880000, 0xb0880000, 0xb7880000)
   the space 16384K,  11% used [0xaf880000, 0xafa67080, 0xafa67200, 0xb0880000)
No shared spaces configured.

Dynamic libraries:
00110000-00132000 r-xp 00000000 fd:00 265543     /usr/lib/jvm/java-1.6.0-openjdk-1.6.0.0/jre/lib/i386/libjava.so
00132000-00134000 rw-p 00022000 fd:00 265543     /usr/lib/jvm/java-1.6.0-openjdk-1.6.0.0/jre/lib/i386/libjava.so
00134000-0013a000 r-xp 00000000 fd:00 265564     /usr/lib/jvm/java-1.6.0-openjdk-1.6.0.0/jre/lib/i386/native_threads/libhpi.so
0013a000-0013b000 rw-p 00006000 fd:00 265564     /usr/lib/jvm/java-1.6.0-openjdk-1.6.0.0/jre/lib/i386/native_threads/libhpi.so
0013b000-00147000 r-xp 00000000 fd:00 653729     /lib/libnss_files-2.12.so
00147000-00148000 r--p 0000b000 fd:00 653729     /lib/libnss_files-2.12.so
00148000-00149000 rw-p 0000c000 fd:00 653729     /lib/libnss_files-2.12.so
00149000-00152000 rwxp 00000000 00:00 0 
00152000-00209000 rwxp 00000000 00:00 0 
00262000-00263000 rwxp 00000000 00:00 0 
00263000-0027e000 rwxp 00000000 00:00 0 
0027e000-0028e000 rwxp 00000000 00:00 0 
0028e000-00362000 rwxp 00000000 00:00 0 
00362000-0036a000 rwxp 00000000 00:00 0 
0036a000-003a2000 rwxp 00000000 00:00 0 
003a2000-003a3000 rwxp 00000000 00:00 0 
003fb000-003fc000 r-xp 00000000 00:00 0          [vdso]
0054d000-0055d000 rwxp 00000000 00:00 0 
0055d000-00631000 rwxp 00000000 00:00 0 
0076c000-00772000 r-xp 00000000 fd:00 265563     /usr/lib/jvm/java-1.6.0-openjdk-1.6.0.0/jre/lib/i386/libzip.so
00772000-00773000 rw-p 00006000 fd:00 265563     /usr/lib/jvm/java-1.6.0-openjdk-1.6.0.0/jre/lib/i386/libzip.so
007f4000-007fd000 rwxp 00000000 00:00 0 
007fd000-00835000 rwxp 00000000 00:00 0 
00a91000-00aaf000 r-xp 00000000 fd:00 672758     /lib/ld-2.12.so
00aaf000-00ab0000 r--p 0001d000 fd:00 672758     /lib/ld-2.12.so
00ab0000-00ab1000 rw-p 0001e000 fd:00 672758     /lib/ld-2.12.so
00ab3000-00ab6000 r-xp 00000000 fd:00 672768     /lib/libdl-2.12.so
00ab6000-00ab7000 r--p 00002000 fd:00 672768     /lib/libdl-2.12.so
00ab7000-00ab8000 rw-p 00003000 fd:00 672768     /lib/libdl-2.12.so
00aba000-00ad1000 r-xp 00000000 fd:00 672762     /lib/libpthread-2.12.so
00ad1000-00ad2000 r--p 00016000 fd:00 672762     /lib/libpthread-2.12.so
00ad2000-00ad3000 rw-p 00017000 fd:00 672762     /lib/libpthread-2.12.so
00ad3000-00ad5000 rw-p 00000000 00:00 0 
00ad7000-00aff000 r-xp 00000000 fd:00 672765     /lib/libm-2.12.so
00aff000-00b00000 r--p 00027000 fd:00 672765     /lib/libm-2.12.so
00b00000-00b01000 rw-p 00028000 fd:00 672765     /lib/libm-2.12.so
00b03000-00b0a000 r-xp 00000000 fd:00 672763     /lib/librt-2.12.so
00b0a000-00b0b000 r--p 00006000 fd:00 672763     /lib/librt-2.12.so
00b0b000-00b0c000 rw-p 00007000 fd:00 672763     /lib/librt-2.12.so
00b2f000-00b41000 r-xp 00000000 fd:00 672767     /lib/libz.so.1.2.3
00b41000-00b42000 rw-p 00011000 fd:00 672767     /lib/libz.so.1.2.3
00b5d000-00b68000 r-xp 00000000 fd:00 265562     /usr/lib/jvm/java-1.6.0-openjdk-1.6.0.0/jre/lib/i386/libverify.so
00b68000-00b69000 rw-p 0000b000 fd:00 265562     /usr/lib/jvm/java-1.6.0-openjdk-1.6.0.0/jre/lib/i386/libverify.so
00be6000-00d6b000 r-xp 00000000 fd:00 672760     /lib/libc-2.12.so
00d6b000-00d6c000 ---p 00185000 fd:00 672760     /lib/libc-2.12.so
00d6c000-00d6e000 r--p 00185000 fd:00 672760     /lib/libc-2.12.so
00d6e000-00d6f000 rw-p 00187000 fd:00 672760     /lib/libc-2.12.so
00d6f000-00d72000 rw-p 00000000 00:00 0 
00d72000-00d7b000 r-xp 00000000 fd:00 793086     /root/javafuse/javafuse-read-only/build/libjavafuse.so
00d7b000-00d7c000 rw-p 00008000 fd:00 793086     /root/javafuse/javafuse-read-only/build/libjavafuse.so
00da7000-00dcb000 r-xp 00000000 fd:00 656954     /lib/libfuse.so.2.8.3
00dcb000-00dd4000 rw-p 00024000 fd:00 656954     /lib/libfuse.so.2.8.3
00dd4000-013d7000 r-xp 00000000 fd:00 265569     /usr/lib/jvm/java-1.6.0-openjdk-1.6.0.0/jre/lib/i386/server/libjvm.so
013d7000-0142e000 rw-p 00603000 fd:00 265569     /usr/lib/jvm/java-1.6.0-openjdk-1.6.0.0/jre/lib/i386/server/libjvm.so
0142e000-0184f000 rw-p 00000000 00:00 0 
0184f000-01a8f000 rwxp 00000000 00:00 0 
01a8f000-0484f000 rwxp 00000000 00:00 0 
0652e000-06544000 r-xp 00000000 fd:00 672795     /lib/libnsl-2.12.so
06544000-06545000 r--p 00016000 fd:00 672795     /lib/libnsl-2.12.so
06545000-06546000 rw-p 00017000 fd:00 672795     /lib/libnsl-2.12.so
06546000-06548000 rw-p 00000000 00:00 0 
08048000-08053000 r-xp 00000000 fd:00 803826     /root/javafuse/javafuse-read-only/javafuse
08053000-08054000 rw-p 0000a000 fd:00 803826     /root/javafuse/javafuse-read-only/javafuse
08d9b000-08e8a000 rw-p 00000000 00:00 0          [heap]
8a859000-8a85c000 ---p 00000000 00:00 0 
8a85c000-8b27c000 rw-p 00000000 00:00 0 
8b27c000-8b27f000 ---p 00000000 00:00 0 
8b27f000-8bc9f000 rw-p 00000000 00:00 0 
8bc9f000-8bca2000 ---p 00000000 00:00 0 
8bca2000-8c6c2000 rw-p 00000000 00:00 0 
8c6c2000-8c6c5000 ---p 00000000 00:00 0 
8c6c5000-8d0e5000 rw-p 00000000 00:00 0 
8d0e5000-8d0e8000 ---p 00000000 00:00 0 
8d0e8000-8db08000 rw-p 00000000 00:00 0 
8db08000-8db0b000 ---p 00000000 00:00 0 
8db0b000-8e52b000 rw-p 00000000 00:00 0 
8e52b000-8e52e000 ---p 00000000 00:00 0 
8e52e000-8ef2c000 rw-p 00000000 00:00 0 
8ef2c000-8ef2d000 ---p 00000000 00:00 0 
8ef2d000-8efad000 rw-p 00000000 00:00 0 
8efad000-8efb0000 ---p 00000000 00:00 0 
8efb0000-8effe000 rw-p 00000000 00:00 0 
8effe000-8f001000 ---p 00000000 00:00 0 
8f001000-8f07f000 rw-p 00000000 00:00 0 
8f07f000-8f082000 ---p 00000000 00:00 0 
8f082000-8f100000 rw-p 00000000 00:00 0 
8f100000-8f300000 r--p 00000000 fd:00 137199     /usr/lib/locale/locale-archive
8f300000-8f349000 rw-p 00000000 00:00 0 
8f349000-8f400000 ---p 00000000 00:00 0 
8f40d000-8f410000 ---p 00000000 00:00 0 
8f410000-8f45e000 rw-p 00000000 00:00 0 
8f45e000-8f461000 ---p 00000000 00:00 0 
8f461000-8f4af000 rw-p 00000000 00:00 0 
8f4af000-8f4b2000 ---p 00000000 00:00 0 
8f4b2000-8f500000 rw-p 00000000 00:00 0 
8f500000-8f54c000 rw-p 00000000 00:00 0 
8f54c000-8f600000 ---p 00000000 00:00 0 
8f616000-8f638000 rw-p 00000000 00:00 0 
8f638000-8f639000 ---p 00000000 00:00 0 
8f639000-8f6ec000 rw-p 00000000 00:00 0 
8f6ec000-8f880000 r--s 038cb000 fd:00 265582     /usr/lib/jvm/java-1.6.0-openjdk-1.6.0.0/jre/lib/rt.jar
8f880000-8f980000 rwxp 00000000 00:00 0 
8f980000-93160000 rwxp 00000000 00:00 0 
93160000-9503f000 rwxp 00000000 00:00 0 
9503f000-af880000 rwxp 00000000 00:00 0 
af880000-b0880000 rwxp 00000000 00:00 0 
b0880000-b7880000 rwxp 00000000 00:00 0 
b7883000-b788c000 r--s 00065000 fd:00 265508     /usr/lib/jvm/java-1.6.0-openjdk-1.6.0.0/jre/lib/ext/gnome-java-bridge.jar
b788c000-b788f000 rw-p 00000000 00:00 0 
b7890000-b7893000 r--s 0000f000 fd:00 265511     /usr/lib/jvm/java-1.6.0-openjdk-1.6.0.0/jre/lib/ext/pulse-java.jar
b7893000-b789b000 rw-s 00000000 fd:00 653717     /tmp/hsperfdata_root/28727
b789b000-b789c000 rw-p 00000000 00:00 0 
b789c000-b789d000 r--p 00000000 00:00 0 
b789d000-b789f000 rw-p 00000000 00:00 0 
bf899000-bf89c000 ---p 00000000 00:00 0 
bf89d000-bf8e9000 rw-p 00000000 00:00 0          [stack]

VM Arguments:
jvm_args: -Xint -Xcheck:jni 
java_command: <unknown>
Launcher Type: generic

Environment Variables:
PATH=/usr/lib/qt-3.3/bin:/usr/local/sbin:/usr/sbin:/sbin:/usr/local/bin:/usr/bin:/bin:/root/bin
USERNAME=root
LD_LIBRARY_PATH=build:/usr/lib/jvm/java-1.6.0-openjdk-1.6.0.0/jre/lib/i386/server
SHELL=/bin/bash
DISPLAY=:0.0

Signal Handlers:
SIGSEGV: [libjvm.so+0x58fb90], sa_mask[0]=0x7ffbfeff, sa_flags=0x10000004
SIGBUS: [libjvm.so+0x58fb90], sa_mask[0]=0x7ffbfeff, sa_flags=0x10000004
SIGFPE: [libjvm.so+0x484220], sa_mask[0]=0x7ffbfeff, sa_flags=0x10000004
SIGPIPE: [libjvm.so+0x484220], sa_mask[0]=0x7ffbfeff, sa_flags=0x10000004
SIGXFSZ: [libjvm.so+0x484220], sa_mask[0]=0x7ffbfeff, sa_flags=0x10000004
SIGILL: [libjvm.so+0x484220], sa_mask[0]=0x7ffbfeff, sa_flags=0x10000004
SIGUSR1: SIG_DFL, sa_mask[0]=0x00000000, sa_flags=0x00000000
SIGUSR2: [libjvm.so+0x483970], sa_mask[0]=0x00000000, sa_flags=0x10000004
SIGHUP: [libjvm.so+0x485ed0], sa_mask[0]=0x7ffbfeff, sa_flags=0x10000004
SIGINT: [libjvm.so+0x485ed0], sa_mask[0]=0x7ffbfeff, sa_flags=0x10000004
SIGTERM: [libjvm.so+0x485ed0], sa_mask[0]=0x7ffbfeff, sa_flags=0x10000004
SIGQUIT: [libjvm.so+0x485ed0], sa_mask[0]=0x7ffbfeff, sa_flags=0x10000004


---------------  S Y S T E M  ---------------

OS:CentOS Linux release 6.0 (Final)

uname:Linux 2.6.32-71.el6.i686 #1 SMP Fri Nov 12 04:17:17 GMT 2010 i686
libc:glibc 2.12 NPTL 2.12 
rlimit: STACK 10240k, CORE 0k, NPROC 1024, NOFILE 1024, AS infinity
load average:0.00 0.00 0.00

CPU:total 1 (1 cores per cpu, 1 threads per core) family 6 model 23 stepping 6, cmov, cx8, fxsr, mmx, sse, sse2, sse3, ssse3, sse4.1

Memory: 4k page, physical 1031320k(47972k free), swap 2064376k(2062424k free)

vm_info: OpenJDK Server VM (14.0-b16) for linux-x86 JRE (1.6.0_17-b17), built on Jun 25 2011 03:11:37 by "mockbuild" with gcc 4.4.4 20100726 (Red Hat 4.4.4-13)

time: Sun Oct 23 17:23:46 2011
elapsed time: 84 seconds

