#
# A fatal error has been detected by the Java Runtime Environment:
#
#  SIGSEGV (0xb) at pc=0x01140e78, pid=11077, tid=2397752176
#
# JRE version: 6.0_17-b17
# Java VM: OpenJDK Server VM (14.0-b16 interpreted mode linux-x86 )
# Derivative: IcedTea6 1.7.5
# Distribution: Custom build (Sat Jun 25 03:01:37 BST 2011)
# Problematic frame:
# V  [libjvm.so+0x36ce78]
#
# If you would like to submit a bug report, please include
# instructions how to reproduce the bug and visit:
#   http://icedtea.classpath.org/bugzilla
#

---------------  T H R E A D  ---------------

Current thread (0x08d82000):  JavaThread "Thread-0" daemon [_thread_in_vm, id=11087, stack(0x8e4ac000,0x8eead000)]

siginfo:si_signo=SIGSEGV: si_errno=0, si_code=1 (SEGV_MAPERR), si_addr=0x00001004

Registers:
EAX=0x8eeabc84, EBX=0x01418814, ECX=0x8eeabc8c, EDX=0x00001000
ESP=0x8eeabbec, EBP=0x8eeabc28, ESI=0x08d82000, EDI=0x08d82000
EIP=0x01140e78, CR2=0x00001004, EFLAGS=0x00210292

Top of Stack: (sp=0x8eeabbec)
0x8eeabbec:   01140dde af834fb4 0000027f 00000000
0x8eeabbfc:   018592b6 08d82110 8eeabc44 8eeabc5c
0x8eeabc0c:   08d82000 8eeabc54 00000000 00000010
0x8eeabc1c:   af834fb8 af834fb4 08d82000 8eeabc6c
0x8eeabc2c:   0185900a 08d82110 8eeabc74 8eeabc8c
0x8eeabc3c:   002996e0 8eeabc84 00000009 002996e0
0x8eeabc4c:   8eeabc4c 00000000 8eeabc8c af895b58
0x8eeabc5c:   00000000 af834fb8 00000000 8eeabc7c 

Instructions: (pc=0x01140e78)
0x01140e68:   85 d2 0f 84 94 00 00 00 8b 4d 10 83 ec 04 8b 11
0x01140e78:   8b 4a 04 8d 71 08 8b 49 08 57 ff 75 20 ff 75 1c 

Stack: [0x8e4ac000,0x8eead000],  sp=0x8eeabbec,  free space=10238k
Native frames: (J=compiled Java code, j=interpreted, Vv=VM code, C=native code)
V  [libjvm.so+0x36ce78]
j  java.lang.System.arraycopy(Ljava/lang/Object;ILjava/lang/Object;II)V+0
j  java.lang.String.getChars(II[CI)V+62
j  java.lang.AbstractStringBuilder.append(Ljava/lang/String;)Ljava/lang/AbstractStringBuilder;+50
j  java.lang.StringBuilder.append(Ljava/lang/String;)Ljava/lang/StringBuilder;+2
j  browsefs.BrowseFS.read_pre(Ljava/lang/String;Ljava/lang/String;IILjavafuse/Fuse_file_info;)I+63
v  ~StubRoutines::call_stub
V  [libjvm.so+0x31c625]
V  [libjvm.so+0x481749]
V  [libjvm.so+0x31b7df]
V  [libjvm.so+0x327dec]
V  [libjvm.so+0x33ed4d]
V  [libjvm.so+0x34a992]
C  [javafuse+0x4666]
C  [libfuse.so.2+0x6a0d]  fuse_fs_read+0x7d
C  [libfuse.so.2+0xf541]
C  [libfuse.so.2+0x139a9]
C  [libfuse.so.2+0x11a72]
C  [libfuse.so.2+0x14d27]  fuse_session_process+0x27
C  [libfuse.so.2+0x10034]
C  [libpthread.so.0+0x69e9]

Java frames: (J=compiled Java code, j=interpreted, Vv=VM code)
j  java.lang.System.arraycopy(Ljava/lang/Object;ILjava/lang/Object;II)V+0
j  java.lang.String.getChars(II[CI)V+62
j  java.lang.AbstractStringBuilder.append(Ljava/lang/String;)Ljava/lang/AbstractStringBuilder;+50
j  java.lang.StringBuilder.append(Ljava/lang/String;)Ljava/lang/StringBuilder;+2
j  browsefs.BrowseFS.read_pre(Ljava/lang/String;Ljava/lang/String;IILjavafuse/Fuse_file_info;)I+63
v  ~StubRoutines::call_stub

---------------  P R O C E S S  ---------------

Java Threads: ( => current thread )
  0x08dde400 JavaThread "Thread-1" daemon [_thread_blocked, id=11185, stack(0x8c55e000,0x8c5af000)]
  0x8f206000 JavaThread "SIGINT handler" daemon [_thread_blocked, id=11184, stack(0x8c5af000,0x8c600000)]
  0x8f422c00 JavaThread "Thread-5" daemon [_thread_in_native, id=11134, stack(0x8c600000,0x8d001000)]
  0x8f204000 JavaThread "Thread-4" daemon [_thread_in_native, id=11133, stack(0x8d001000,0x8da02000)]
  0x08e0e000 JavaThread "Thread-3" daemon [_thread_in_native, id=11088, stack(0x8daab000,0x8e4ac000)]
  0x08dbc400 JavaThread "Firefox output watcher" daemon [_thread_blocked, id=11113, stack(0x8da02000,0x8da53000)]
  0x08dcc000 JavaThread "process reaper" daemon [_thread_blocked, id=11111, stack(0x8da53000,0x8daa4000)]
=>0x08d82000 JavaThread "Thread-0" daemon [_thread_in_vm, id=11087, stack(0x8e4ac000,0x8eead000)]
  0x08d63000 JavaThread "Low Memory Detector" daemon [_thread_blocked, id=11084, stack(0x8ef2e000,0x8ef7f000)]
  0x08d61400 JavaThread "CompilerThread1" daemon [_thread_blocked, id=11083, stack(0x8ef7f000,0x8f000000)]
  0x08d5f800 JavaThread "CompilerThread0" daemon [_thread_blocked, id=11082, stack(0x8f32e000,0x8f3af000)]
  0x08d5e000 JavaThread "Signal Dispatcher" daemon [_thread_blocked, id=11081, stack(0x8f3af000,0x8f400000)]
  0x08d4c400 JavaThread "Finalizer" daemon [_thread_blocked, id=11080, stack(0x8f526000,0x8f577000)]
  0x08d4b000 JavaThread "Reference Handler" daemon [_thread_blocked, id=11079, stack(0x8f577000,0x8f5c8000)]
  0x08cf4800 JavaThread "main" [_thread_in_native, id=11077, stack(0xbfdb5000,0xbfe05000)]

Other Threads:
  0x08d47c00 VMThread [stack: 0x8f5c8000,0x8f649000] [id=11078]
  0x08d64c00 WatcherThread [stack: 0x8eead000,0x8ef2e000] [id=11085]

VM state:synchronizing (normal execution)

VM Mutex/Monitor currently owned by a thread:  ([mutex/lock_event])
[0x08cf2ef0] Threads_lock - owner thread: 0x08d47c00

Heap
 def new generation   total 960K, used 23K [0x8f810000, 0x8f910000, 0x930f0000)
  eden space 896K,   2% used [0x8f810000, 0x8f815fe0, 0x8f8f0000)
  from space 64K,   0% used [0x8f8f0000, 0x8f8f0000, 0x8f900000)
  to   space 64K,   0% used [0x8f900000, 0x8f900000, 0x8f910000)
 tenured generation   total 9420K, used 6725K [0x930f0000, 0x93a23000, 0xaf810000)
   the space 9420K,  71% used [0x930f0000, 0x93781598, 0x93781600, 0x93a23000)
 compacting perm gen  total 16384K, used 7967K [0xaf810000, 0xb0810000, 0xb7810000)
   the space 16384K,  48% used [0xaf810000, 0xaffd7f40, 0xaffd8000, 0xb0810000)
No shared spaces configured.

Dynamic libraries:
00110000-00295000 r-xp 00000000 fd:00 672760     /lib/libc-2.12.so
00295000-00296000 ---p 00185000 fd:00 672760     /lib/libc-2.12.so
00296000-00298000 r--p 00185000 fd:00 672760     /lib/libc-2.12.so
00298000-00299000 rw-p 00187000 fd:00 672760     /lib/libc-2.12.so
00299000-0029c000 rw-p 00000000 00:00 0 
0029c000-002a7000 r-xp 00000000 fd:00 265562     /usr/lib/jvm/java-1.6.0-openjdk-1.6.0.0/jre/lib/i386/libverify.so
002a7000-002a8000 rw-p 0000b000 fd:00 265562     /usr/lib/jvm/java-1.6.0-openjdk-1.6.0.0/jre/lib/i386/libverify.so
002a8000-002b4000 r-xp 00000000 fd:00 653729     /lib/libnss_files-2.12.so
002b4000-002b5000 r--p 0000b000 fd:00 653729     /lib/libnss_files-2.12.so
002b5000-002b6000 rw-p 0000c000 fd:00 653729     /lib/libnss_files-2.12.so
002b6000-002bf000 rwxp 00000000 00:00 0 
002bf000-002f7000 rwxp 00000000 00:00 0 
002f7000-002fc000 r-xp 00000000 fd:00 653727     /lib/libnss_dns-2.12.so
002fc000-002fd000 r--p 00004000 fd:00 653727     /lib/libnss_dns-2.12.so
002fd000-002fe000 rw-p 00005000 fd:00 653727     /lib/libnss_dns-2.12.so
00305000-00327000 r-xp 00000000 fd:00 265543     /usr/lib/jvm/java-1.6.0-openjdk-1.6.0.0/jre/lib/i386/libjava.so
00327000-00329000 rw-p 00022000 fd:00 265543     /usr/lib/jvm/java-1.6.0-openjdk-1.6.0.0/jre/lib/i386/libjava.so
00329000-0033c000 r-xp 00000000 fd:00 265554     /usr/lib/jvm/java-1.6.0-openjdk-1.6.0.0/jre/lib/i386/libnet.so
0033c000-0033d000 rw-p 00013000 fd:00 265554     /usr/lib/jvm/java-1.6.0-openjdk-1.6.0.0/jre/lib/i386/libnet.so
0041a000-0041b000 r-xp 00000000 00:00 0          [vdso]
0041b000-0041c000 rwxp 00000000 00:00 0 
0041c000-00437000 rwxp 00000000 00:00 0 
00437000-0043d000 rwxp 00000000 00:00 0 
0043d000-0051b000 rwxp 00000000 00:00 0 
0051b000-00523000 rwxp 00000000 00:00 0 
00523000-0055b000 rwxp 00000000 00:00 0 
0055b000-0055c000 rwxp 00000000 00:00 0 
00561000-00562000 r--p 00000000 00:00 0 
00575000-0057a000 rwxp 00000000 00:00 0 
0057a000-00659000 rwxp 00000000 00:00 0 
00727000-0072d000 r-xp 00000000 fd:00 265564     /usr/lib/jvm/java-1.6.0-openjdk-1.6.0.0/jre/lib/i386/native_threads/libhpi.so
0072d000-0072e000 rw-p 00006000 fd:00 265564     /usr/lib/jvm/java-1.6.0-openjdk-1.6.0.0/jre/lib/i386/native_threads/libhpi.so
009f6000-009fc000 r-xp 00000000 fd:00 265563     /usr/lib/jvm/java-1.6.0-openjdk-1.6.0.0/jre/lib/i386/libzip.so
009fc000-009fd000 rw-p 00006000 fd:00 265563     /usr/lib/jvm/java-1.6.0-openjdk-1.6.0.0/jre/lib/i386/libzip.so
00a91000-00aaf000 r-xp 00000000 fd:00 672758     /lib/ld-2.12.so
00aaf000-00ab0000 r--p 0001d000 fd:00 672758     /lib/ld-2.12.so
00ab0000-00ab1000 rw-p 0001e000 fd:00 672758     /lib/ld-2.12.so
00ab3000-00ab6000 r-xp 00000000 fd:00 672768     /lib/libdl-2.12.so
00ab6000-00ab7000 r--p 00002000 fd:00 672768     /lib/libdl-2.12.so
00ab7000-00ab8000 rw-p 00003000 fd:00 672768     /lib/libdl-2.12.so
00aba000-00ad1000 r-xp 00000000 fd:00 672762     /lib/libpthread-2.12.so
00ad1000-00ad2000 r--p 00016000 fd:00 672762     /lib/libpthread-2.12.so
00ad2000-00ad3000 rw-p 00017000 fd:00 672762     /lib/libpthread-2.12.so
00ad3000-00ad5000 rw-p 00000000 00:00 0 
00ad7000-00aff000 r-xp 00000000 fd:00 672765     /lib/libm-2.12.so
00aff000-00b00000 r--p 00027000 fd:00 672765     /lib/libm-2.12.so
00b00000-00b01000 rw-p 00028000 fd:00 672765     /lib/libm-2.12.so
00b03000-00b0a000 r-xp 00000000 fd:00 672763     /lib/librt-2.12.so
00b0a000-00b0b000 r--p 00006000 fd:00 672763     /lib/librt-2.12.so
00b0b000-00b0c000 rw-p 00007000 fd:00 672763     /lib/librt-2.12.so
00b2f000-00b41000 r-xp 00000000 fd:00 672767     /lib/libz.so.1.2.3
00b41000-00b42000 rw-p 00011000 fd:00 672767     /lib/libz.so.1.2.3
00bca000-00bd1000 r-xp 00000000 fd:00 265555     /usr/lib/jvm/java-1.6.0-openjdk-1.6.0.0/jre/lib/i386/libnio.so
00bd1000-00bd2000 rw-p 00006000 fd:00 265555     /usr/lib/jvm/java-1.6.0-openjdk-1.6.0.0/jre/lib/i386/libnio.so
00c19000-00c22000 r-xp 00000000 fd:00 793086     /root/javafuse/javafuse-read-only/build/libjavafuse.so
00c22000-00c23000 rw-p 00008000 fd:00 793086     /root/javafuse/javafuse-read-only/build/libjavafuse.so
00c3b000-00c44000 rwxp 00000000 00:00 0 
00c44000-00cfb000 rwxp 00000000 00:00 0 
00d74000-00d89000 r-xp 00000000 fd:00 672771     /lib/libresolv-2.12.so
00d89000-00d8a000 r--p 00014000 fd:00 672771     /lib/libresolv-2.12.so
00d8a000-00d8b000 rw-p 00015000 fd:00 672771     /lib/libresolv-2.12.so
00d8b000-00d8d000 rw-p 00000000 00:00 0 
00da7000-00dcb000 r-xp 00000000 fd:00 656954     /lib/libfuse.so.2.8.3
00dcb000-00dd4000 rw-p 00024000 fd:00 656954     /lib/libfuse.so.2.8.3
00dd4000-013d7000 r-xp 00000000 fd:00 265569     /usr/lib/jvm/java-1.6.0-openjdk-1.6.0.0/jre/lib/i386/server/libjvm.so
013d7000-0142e000 rw-p 00603000 fd:00 265569     /usr/lib/jvm/java-1.6.0-openjdk-1.6.0.0/jre/lib/i386/server/libjvm.so
0142e000-0184f000 rw-p 00000000 00:00 0 
0184f000-01a8f000 rwxp 00000000 00:00 0 
01a8f000-0484f000 rwxp 00000000 00:00 0 
0652e000-06544000 r-xp 00000000 fd:00 672795     /lib/libnsl-2.12.so
06544000-06545000 r--p 00016000 fd:00 672795     /lib/libnsl-2.12.so
06545000-06546000 rw-p 00017000 fd:00 672795     /lib/libnsl-2.12.so
06546000-06548000 rw-p 00000000 00:00 0 
08048000-08053000 r-xp 00000000 fd:00 803860     /root/javafuse/javafuse-read-only/javafuse
08053000-08054000 rw-p 0000a000 fd:00 803860     /root/javafuse/javafuse-read-only/javafuse
08cf0000-08ea1000 rw-p 00000000 00:00 0          [heap]
8c55e000-8c561000 ---p 00000000 00:00 0 
8c561000-8c5af000 rw-p 00000000 00:00 0 
8c5af000-8c5b2000 ---p 00000000 00:00 0 
8c5b2000-8c600000 rw-p 00000000 00:00 0 
8c600000-8c603000 ---p 00000000 00:00 0 
8c603000-8d001000 rw-p 00000000 00:00 0 
8d001000-8d004000 ---p 00000000 00:00 0 
8d004000-8da02000 rw-p 00000000 00:00 0 
8da02000-8da05000 ---p 00000000 00:00 0 
8da05000-8da53000 rw-p 00000000 00:00 0 
8da53000-8da56000 ---p 00000000 00:00 0 
8da56000-8daa4000 rw-p 00000000 00:00 0 
8daa4000-8daab000 r--s 000fe000 fd:00 265580     /usr/lib/jvm/java-1.6.0-openjdk-1.6.0.0/jre/lib/resources.jar
8daab000-8daae000 ---p 00000000 00:00 0 
8daae000-8e4ac000 rw-p 00000000 00:00 0 
8e4ac000-8e4af000 ---p 00000000 00:00 0 
8e4af000-8eead000 rw-p 00000000 00:00 0 
8eead000-8eeae000 ---p 00000000 00:00 0 
8eeae000-8ef2e000 rw-p 00000000 00:00 0 
8ef2e000-8ef31000 ---p 00000000 00:00 0 
8ef31000-8ef7f000 rw-p 00000000 00:00 0 
8ef7f000-8ef82000 ---p 00000000 00:00 0 
8ef82000-8f000000 rw-p 00000000 00:00 0 
8f000000-8f200000 r--p 00000000 fd:00 137199     /usr/lib/locale/locale-archive
8f200000-8f231000 rw-p 00000000 00:00 0 
8f231000-8f300000 ---p 00000000 00:00 0 
8f303000-8f30c000 r--s 00065000 fd:00 265508     /usr/lib/jvm/java-1.6.0-openjdk-1.6.0.0/jre/lib/ext/gnome-java-bridge.jar
8f30c000-8f32e000 rw-p 00000000 00:00 0 
8f32e000-8f331000 ---p 00000000 00:00 0 
8f331000-8f3af000 rw-p 00000000 00:00 0 
8f3af000-8f3b2000 ---p 00000000 00:00 0 
8f3b2000-8f400000 rw-p 00000000 00:00 0 
8f400000-8f49b000 rw-p 00000000 00:00 0 
8f49b000-8f500000 ---p 00000000 00:00 0 
8f500000-8f504000 r--s 0007c000 fd:00 262262     /usr/lib/jvm/java-1.6.0-openjdk-1.6.0.0/jre/lib/jsse.jar
8f504000-8f526000 rw-p 00000000 00:00 0 
8f526000-8f529000 ---p 00000000 00:00 0 
8f529000-8f577000 rw-p 00000000 00:00 0 
8f577000-8f57a000 ---p 00000000 00:00 0 
8f57a000-8f5c8000 rw-p 00000000 00:00 0 
8f5c8000-8f5c9000 ---p 00000000 00:00 0 
8f5c9000-8f67c000 rw-p 00000000 00:00 0 
8f67c000-8f810000 r--s 038cb000 fd:00 265582     /usr/lib/jvm/java-1.6.0-openjdk-1.6.0.0/jre/lib/rt.jar
8f810000-8f910000 rwxp 00000000 00:00 0 
8f910000-930f0000 rwxp 00000000 00:00 0 
930f0000-93a23000 rwxp 00000000 00:00 0 
93a23000-af810000 rwxp 00000000 00:00 0 
af810000-b0810000 rwxp 00000000 00:00 0 
b0810000-b7810000 rwxp 00000000 00:00 0 
b7811000-b7814000 rw-p 00000000 00:00 0 
b7815000-b7818000 r--s 0000f000 fd:00 265511     /usr/lib/jvm/java-1.6.0-openjdk-1.6.0.0/jre/lib/ext/pulse-java.jar
b7818000-b7820000 rw-s 00000000 fd:00 967861     /tmp/hsperfdata_root/11077
b7820000-b7821000 rw-p 00000000 00:00 0 
b7821000-b7822000 ---p 00000000 00:00 0 
b7822000-b7824000 rw-p 00000000 00:00 0 
bfdb5000-bfdb8000 ---p 00000000 00:00 0 
bfdb9000-bfe05000 rw-p 00000000 00:00 0          [stack]

VM Arguments:
jvm_args: -Xint -Xcheck:jni 
java_command: <unknown>
Launcher Type: generic

Environment Variables:
PATH=/usr/lib/qt-3.3/bin:/usr/local/sbin:/usr/sbin:/sbin:/usr/local/bin:/usr/bin:/bin:/root/bin
USERNAME=root
LD_LIBRARY_PATH=build:/usr/lib/jvm/java-1.6.0-openjdk-1.6.0.0/jre/lib/i386/server
SHELL=/bin/bash
DISPLAY=:0.0

Signal Handlers:
SIGSEGV: [libjvm.so+0x58fb90], sa_mask[0]=0x7ffbfeff, sa_flags=0x10000004
SIGBUS: [libjvm.so+0x58fb90], sa_mask[0]=0x7ffbfeff, sa_flags=0x10000004
SIGFPE: [libjvm.so+0x484220], sa_mask[0]=0x7ffbfeff, sa_flags=0x10000004
SIGPIPE: [libjvm.so+0x484220], sa_mask[0]=0x7ffbfeff, sa_flags=0x10000004
SIGXFSZ: [libjvm.so+0x484220], sa_mask[0]=0x7ffbfeff, sa_flags=0x10000004
SIGILL: [libjvm.so+0x484220], sa_mask[0]=0x7ffbfeff, sa_flags=0x10000004
SIGUSR1: SIG_DFL, sa_mask[0]=0x00000000, sa_flags=0x00000000
SIGUSR2: [libjvm.so+0x483970], sa_mask[0]=0x00000000, sa_flags=0x10000004
SIGHUP: [libjvm.so+0x485ed0], sa_mask[0]=0x7ffbfeff, sa_flags=0x10000004
SIGINT: [libjvm.so+0x485ed0], sa_mask[0]=0x7ffbfeff, sa_flags=0x10000004
SIGTERM: [libjvm.so+0x485ed0], sa_mask[0]=0x7ffbfeff, sa_flags=0x10000004
SIGQUIT: [libjvm.so+0x485ed0], sa_mask[0]=0x7ffbfeff, sa_flags=0x10000004


---------------  S Y S T E M  ---------------

OS:CentOS Linux release 6.0 (Final)

uname:Linux 2.6.32-71.el6.i686 #1 SMP Fri Nov 12 04:17:17 GMT 2010 i686
libc:glibc 2.12 NPTL 2.12 
rlimit: STACK 10240k, CORE 0k, NPROC 1024, NOFILE 1024, AS infinity
load average:0.53 0.39 0.26

CPU:total 1 (1 cores per cpu, 1 threads per core) family 6 model 23 stepping 6, cmov, cx8, fxsr, mmx, sse, sse2, sse3, ssse3, sse4.1

Memory: 4k page, physical 1031320k(61580k free), swap 2064376k(2064368k free)

vm_info: OpenJDK Server VM (14.0-b16) for linux-x86 JRE (1.6.0_17-b17), built on Jun 25 2011 03:11:37 by "mockbuild" with gcc 4.4.4 20100726 (Red Hat 4.4.4-13)

time: Tue Nov  1 16:11:58 2011
elapsed time: 32 seconds

