#
# A fatal error has been detected by the Java Runtime Environment:
#
#  SIGSEGV (0xb) at pc=0x01140e78, pid=15656, tid=2397416304
#
# JRE version: 6.0_17-b17
# Java VM: OpenJDK Server VM (14.0-b16 interpreted mode linux-x86 )
# Derivative: IcedTea6 1.7.5
# Distribution: Custom build (Sat Jun 25 03:01:37 BST 2011)
# Problematic frame:
# V  [libjvm.so+0x36ce78]
#
# If you would like to submit a bug report, please include
# instructions how to reproduce the bug and visit:
#   http://icedtea.classpath.org/bugzilla
#

---------------  T H R E A D  ---------------

Current thread (0x0815c000):  JavaThread "Thread-0" daemon [_thread_in_vm, id=15666, stack(0x8e45a000,0x8ee5b000)]

siginfo:si_signo=SIGSEGV: si_errno=0, si_code=1 (SEGV_MAPERR), si_addr=0x00004004

Registers:
EAX=0x8ee59c84, EBX=0x01418814, ECX=0x8ee59c8c, EDX=0x00004000
ESP=0x8ee59bec, EBP=0x8ee59c28, ESI=0x0815c000, EDI=0x0815c000
EIP=0x01140e78, CR2=0x00004004, EFLAGS=0x00210292

Top of Stack: (sp=0x8ee59bec)
0x8ee59bec:   01140dde af7c4fb4 0000027f 00000000
0x8ee59bfc:   027602b6 0815c110 8ee59c44 8ee59c5c
0x8ee59c0c:   0815c000 8ee59c54 00000000 00000010
0x8ee59c1c:   af7c4fb8 af7c4fb4 0815c000 8ee59c6c
0x8ee59c2c:   0276000a 0815c110 8ee59c74 8ee59c8c
0x8ee59c3c:   00d6f770 8ee59c84 00000009 00d6f770
0x8ee59c4c:   8ee59c4c 00000000 8ee59c8c af825ae8
0x8ee59c5c:   00000000 af7c4fb8 00000000 8ee59c7c 

Instructions: (pc=0x01140e78)
0x01140e68:   85 d2 0f 84 94 00 00 00 8b 4d 10 83 ec 04 8b 11
0x01140e78:   8b 4a 04 8d 71 08 8b 49 08 57 ff 75 20 ff 75 1c 

Stack: [0x8e45a000,0x8ee5b000],  sp=0x8ee59bec,  free space=10238k
Native frames: (J=compiled Java code, j=interpreted, Vv=VM code, C=native code)
V  [libjvm.so+0x36ce78]
j  java.lang.System.arraycopy(Ljava/lang/Object;ILjava/lang/Object;II)V+0
j  java.lang.String.getChars(II[CI)V+62
j  java.lang.AbstractStringBuilder.append(Ljava/lang/String;)Ljava/lang/AbstractStringBuilder;+50
j  java.lang.StringBuilder.append(Ljava/lang/String;)Ljava/lang/StringBuilder;+2
j  browsefs.BrowseFS.read_pre(Ljava/lang/String;Ljava/lang/String;IILjavafuse/Fuse_file_info;)I+92
v  ~StubRoutines::call_stub
V  [libjvm.so+0x31c625]
V  [libjvm.so+0x481749]
V  [libjvm.so+0x31b7df]
V  [libjvm.so+0x327dec]
V  [libjvm.so+0x33ed4d]
V  [libjvm.so+0x34a992]
C  [javafuse+0x4666]
C  [libfuse.so.2+0x6a0d]  fuse_fs_read+0x7d
C  [libfuse.so.2+0xf541]
C  [libfuse.so.2+0x139a9]
C  [libfuse.so.2+0x11a72]
C  [libfuse.so.2+0x14d27]  fuse_session_process+0x27
C  [libfuse.so.2+0x10034]
C  [libpthread.so.0+0x69e9]

Java frames: (J=compiled Java code, j=interpreted, Vv=VM code)
j  java.lang.System.arraycopy(Ljava/lang/Object;ILjava/lang/Object;II)V+0
j  java.lang.String.getChars(II[CI)V+62
j  java.lang.AbstractStringBuilder.append(Ljava/lang/String;)Ljava/lang/AbstractStringBuilder;+50
j  java.lang.StringBuilder.append(Ljava/lang/String;)Ljava/lang/StringBuilder;+2
j  browsefs.BrowseFS.read_pre(Ljava/lang/String;Ljava/lang/String;IILjavafuse/Fuse_file_info;)I+92
v  ~StubRoutines::call_stub

---------------  P R O C E S S  ---------------

Java Threads: ( => current thread )
  0x081d9000 JavaThread "Timer-2675" daemon [_thread_blocked, id=18430, stack(0x8ce50000,0x8cea1000)]
  0x081dc400 JavaThread "Timer-2205" daemon [_thread_blocked, id=17959, stack(0x8cd0c000,0x8cd5d000)]
  0x8a51b400 JavaThread "Timer-2175" daemon [_thread_blocked, id=17929, stack(0x8cef2000,0x8cf43000)]
  0x8f43bc00 JavaThread "Timer-1760" daemon [_thread_blocked, id=17513, stack(0x8d944000,0x8d995000)]
  0x8f2f7c00 JavaThread "Timer-1749" daemon [_thread_blocked, id=17497, stack(0x8c125000,0x8c176000)]
  0x8f2f4c00 JavaThread "Timer-1727" daemon [_thread_blocked, id=17472, stack(0x8ccbb000,0x8cd0c000)]
  0x081db000 JavaThread "Timer-1717" daemon [_thread_blocked, id=17462, stack(0x8bd08000,0x8bd59000)]
  0x8f2f6c00 JavaThread "Timer-1696" daemon [_thread_blocked, id=17441, stack(0x8be9d000,0x8beee000)]
  0x081d7c00 JavaThread "Timer-1672" daemon [_thread_blocked, id=17419, stack(0x8bf3f000,0x8bf90000)]
  0x8f2b3800 JavaThread "Timer-1622" daemon [_thread_blocked, id=17367, stack(0x8bd59000,0x8bdaa000)]
  0x8b145800 JavaThread "Timer-1501" daemon [_thread_blocked, id=17246, stack(0x8bf90000,0x8bfe1000)]
  0x8f2f5c00 JavaThread "Timer-1488" daemon [_thread_blocked, id=17233, stack(0x8bcb7000,0x8bd08000)]
  0x8b144000 JavaThread "Timer-1480" daemon [_thread_blocked, id=17225, stack(0x8bc15000,0x8bc66000)]
  0x8f2f2800 JavaThread "Timer-1479" daemon [_thread_blocked, id=17223, stack(0x8cea1000,0x8cef2000)]
  0x8f2aac00 JavaThread "Thread-1482" daemon [_thread_in_native, id=17202, stack(0x8a6ff000,0x8b100000)]
  0x8f236c00 JavaThread "Thread-1481" daemon [_thread_in_native, id=17198, stack(0x8b214000,0x8bc15000)]
  0x081fa800 JavaThread "Thread-48" daemon [_thread_in_native, id=15748, stack(0x8c176000,0x8cb77000)]
  0x8f422400 JavaThread "Thread-14" daemon [_thread_in_native, id=15713, stack(0x8cf43000,0x8d944000)]
  0x8f225000 JavaThread "Thread-4" daemon [_thread_in_native, id=15667, stack(0x8da37000,0x8e438000)]
  0x081b6000 JavaThread "Firefox output watcher" daemon [_thread_in_native, id=15692, stack(0x8d995000,0x8d9e6000)]
  0x0819b800 JavaThread "process reaper" daemon [_thread_in_native, id=15690, stack(0x8d9e6000,0x8da37000)]
=>0x0815c000 JavaThread "Thread-0" daemon [_thread_in_vm, id=15666, stack(0x8e45a000,0x8ee5b000)]
  0x0813d000 JavaThread "Low Memory Detector" daemon [_thread_blocked, id=15663, stack(0x8f30d000,0x8f35e000)]
  0x0813b400 JavaThread "CompilerThread1" daemon [_thread_blocked, id=15662, stack(0x8eefe000,0x8ef7f000)]
  0x08139800 JavaThread "CompilerThread0" daemon [_thread_blocked, id=15661, stack(0x8ef7f000,0x8f000000)]
  0x08138000 JavaThread "Signal Dispatcher" daemon [_thread_blocked, id=15660, stack(0x8f35e000,0x8f3af000)]
  0x08126400 JavaThread "Finalizer" daemon [_thread_blocked, id=15659, stack(0x8f3af000,0x8f400000)]
  0x08125000 JavaThread "Reference Handler" daemon [_thread_blocked, id=15658, stack(0x8f507000,0x8f558000)]
  0x080ce800 JavaThread "main" [_thread_in_native, id=15656, stack(0xbfcb3000,0xbfd03000)]

Other Threads:
  0x08121c00 VMThread [stack: 0x8f558000,0x8f5d9000] [id=15657]
  0x0813ec00 WatcherThread [stack: 0x8ee7d000,0x8eefe000] [id=15664]

VM state:not at safepoint (normal execution)

VM Mutex/Monitor currently owned by a thread: None

Heap
 def new generation   total 52416K, used 39388K [0x8f7a0000, 0x93080000, 0x93080000)
  eden space 46592K,  84% used [0x8f7a0000, 0x91e17390, 0x92520000)
  from space 5824K,   0% used [0x92520000, 0x92520000, 0x92ad0000)
  to   space 5824K,   0% used [0x92ad0000, 0x92ad0000, 0x93080000)
 tenured generation   total 466048K, used 1190K [0x93080000, 0xaf7a0000, 0xaf7a0000)
   the space 466048K,   0% used [0x93080000, 0x931a9880, 0x931a9a00, 0xaf7a0000)
 compacting perm gen  total 16384K, used 8141K [0xaf7a0000, 0xb07a0000, 0xb77a0000)
   the space 16384K,  49% used [0xaf7a0000, 0xaff93638, 0xaff93800, 0xb07a0000)
No shared spaces configured.

Dynamic libraries:
00110000-00116000 r-xp 00000000 fd:00 265564     /usr/lib/jvm/java-1.6.0-openjdk-1.6.0.0/jre/lib/i386/native_threads/libhpi.so
00116000-00117000 rw-p 00006000 fd:00 265564     /usr/lib/jvm/java-1.6.0-openjdk-1.6.0.0/jre/lib/i386/native_threads/libhpi.so
00117000-00123000 r-xp 00000000 fd:00 653729     /lib/libnss_files-2.12.so
00123000-00124000 r--p 0000b000 fd:00 653729     /lib/libnss_files-2.12.so
00124000-00125000 rw-p 0000c000 fd:00 653729     /lib/libnss_files-2.12.so
00125000-0012e000 rwxp 00000000 00:00 0 
0012e000-00166000 rwxp 00000000 00:00 0 
00166000-00179000 r-xp 00000000 fd:00 265554     /usr/lib/jvm/java-1.6.0-openjdk-1.6.0.0/jre/lib/i386/libnet.so
00179000-0017a000 rw-p 00013000 fd:00 265554     /usr/lib/jvm/java-1.6.0-openjdk-1.6.0.0/jre/lib/i386/libnet.so
0017a000-0017f000 r-xp 00000000 fd:00 653727     /lib/libnss_dns-2.12.so
0017f000-00180000 r--p 00004000 fd:00 653727     /lib/libnss_dns-2.12.so
00180000-00181000 rw-p 00005000 fd:00 653727     /lib/libnss_dns-2.12.so
001cc000-001cd000 r-xp 00000000 00:00 0          [vdso]
001cd000-001d6000 rwxp 00000000 00:00 0 
001d6000-0028d000 rwxp 00000000 00:00 0 
002c1000-002c8000 r-xp 00000000 fd:00 265555     /usr/lib/jvm/java-1.6.0-openjdk-1.6.0.0/jre/lib/i386/libnio.so
002c8000-002c9000 rw-p 00006000 fd:00 265555     /usr/lib/jvm/java-1.6.0-openjdk-1.6.0.0/jre/lib/i386/libnio.so
002e7000-002f2000 r-xp 00000000 fd:00 265562     /usr/lib/jvm/java-1.6.0-openjdk-1.6.0.0/jre/lib/i386/libverify.so
002f2000-002f3000 rw-p 0000b000 fd:00 265562     /usr/lib/jvm/java-1.6.0-openjdk-1.6.0.0/jre/lib/i386/libverify.so
002f3000-003d7000 rwxp 00000000 00:00 0 
0046e000-00477000 r-xp 00000000 fd:00 793086     /root/javafuse/javafuse-read-only/build/libjavafuse.so
00477000-00478000 rw-p 00008000 fd:00 793086     /root/javafuse/javafuse-read-only/build/libjavafuse.so
005f4000-00610000 rwxp 00000000 00:00 0 
00610000-006f4000 rwxp 00000000 00:00 0 
006f4000-006fc000 rwxp 00000000 00:00 0 
006fc000-00734000 rwxp 00000000 00:00 0 
00734000-00735000 rwxp 00000000 00:00 0 
00891000-00892000 r--p 00000000 00:00 0 
00a91000-00aaf000 r-xp 00000000 fd:00 672758     /lib/ld-2.12.so
00aaf000-00ab0000 r--p 0001d000 fd:00 672758     /lib/ld-2.12.so
00ab0000-00ab1000 rw-p 0001e000 fd:00 672758     /lib/ld-2.12.so
00ab3000-00ab6000 r-xp 00000000 fd:00 672768     /lib/libdl-2.12.so
00ab6000-00ab7000 r--p 00002000 fd:00 672768     /lib/libdl-2.12.so
00ab7000-00ab8000 rw-p 00003000 fd:00 672768     /lib/libdl-2.12.so
00aba000-00ad1000 r-xp 00000000 fd:00 672762     /lib/libpthread-2.12.so
00ad1000-00ad2000 r--p 00016000 fd:00 672762     /lib/libpthread-2.12.so
00ad2000-00ad3000 rw-p 00017000 fd:00 672762     /lib/libpthread-2.12.so
00ad3000-00ad5000 rw-p 00000000 00:00 0 
00ad7000-00aff000 r-xp 00000000 fd:00 672765     /lib/libm-2.12.so
00aff000-00b00000 r--p 00027000 fd:00 672765     /lib/libm-2.12.so
00b00000-00b01000 rw-p 00028000 fd:00 672765     /lib/libm-2.12.so
00b03000-00b0a000 r-xp 00000000 fd:00 672763     /lib/librt-2.12.so
00b0a000-00b0b000 r--p 00006000 fd:00 672763     /lib/librt-2.12.so
00b0b000-00b0c000 rw-p 00007000 fd:00 672763     /lib/librt-2.12.so
00b2f000-00b41000 r-xp 00000000 fd:00 672767     /lib/libz.so.1.2.3
00b41000-00b42000 rw-p 00011000 fd:00 672767     /lib/libz.so.1.2.3
00b50000-00b56000 r-xp 00000000 fd:00 265563     /usr/lib/jvm/java-1.6.0-openjdk-1.6.0.0/jre/lib/i386/libzip.so
00b56000-00b57000 rw-p 00006000 fd:00 265563     /usr/lib/jvm/java-1.6.0-openjdk-1.6.0.0/jre/lib/i386/libzip.so
00b93000-00bb5000 r-xp 00000000 fd:00 265543     /usr/lib/jvm/java-1.6.0-openjdk-1.6.0.0/jre/lib/i386/libjava.so
00bb5000-00bb7000 rw-p 00022000 fd:00 265543     /usr/lib/jvm/java-1.6.0-openjdk-1.6.0.0/jre/lib/i386/libjava.so
00be6000-00d6b000 r-xp 00000000 fd:00 672760     /lib/libc-2.12.so
00d6b000-00d6c000 ---p 00185000 fd:00 672760     /lib/libc-2.12.so
00d6c000-00d6e000 r--p 00185000 fd:00 672760     /lib/libc-2.12.so
00d6e000-00d6f000 rw-p 00187000 fd:00 672760     /lib/libc-2.12.so
00d6f000-00d72000 rw-p 00000000 00:00 0 
00d74000-00d89000 r-xp 00000000 fd:00 672771     /lib/libresolv-2.12.so
00d89000-00d8a000 r--p 00014000 fd:00 672771     /lib/libresolv-2.12.so
00d8a000-00d8b000 rw-p 00015000 fd:00 672771     /lib/libresolv-2.12.so
00d8b000-00d8d000 rw-p 00000000 00:00 0 
00da7000-00dcb000 r-xp 00000000 fd:00 656954     /lib/libfuse.so.2.8.3
00dcb000-00dd4000 rw-p 00024000 fd:00 656954     /lib/libfuse.so.2.8.3
00dd4000-013d7000 r-xp 00000000 fd:00 265569     /usr/lib/jvm/java-1.6.0-openjdk-1.6.0.0/jre/lib/i386/server/libjvm.so
013d7000-0142e000 rw-p 00603000 fd:00 265569     /usr/lib/jvm/java-1.6.0-openjdk-1.6.0.0/jre/lib/i386/server/libjvm.so
0142e000-0184f000 rw-p 00000000 00:00 0 
02756000-02996000 rwxp 00000000 00:00 0 
02996000-05756000 rwxp 00000000 00:00 0 
0652e000-06544000 r-xp 00000000 fd:00 672795     /lib/libnsl-2.12.so
06544000-06545000 r--p 00016000 fd:00 672795     /lib/libnsl-2.12.so
06545000-06546000 rw-p 00017000 fd:00 672795     /lib/libnsl-2.12.so
06546000-06548000 rw-p 00000000 00:00 0 
08048000-08053000 r-xp 00000000 fd:00 803860     /root/javafuse/javafuse-read-only/javafuse
08053000-08054000 rw-p 0000a000 fd:00 803860     /root/javafuse/javafuse-read-only/javafuse
080ca000-08328000 rw-p 00000000 00:00 0          [heap]
8a500000-8a5b4000 rw-p 00000000 00:00 0 
8a5b4000-8a600000 ---p 00000000 00:00 0 
8a6ff000-8a702000 ---p 00000000 00:00 0 
8a702000-8b100000 rw-p 00000000 00:00 0 
8b100000-8b188000 rw-p 00000000 00:00 0 
8b188000-8b200000 ---p 00000000 00:00 0 
8b214000-8b217000 ---p 00000000 00:00 0 
8b217000-8bc15000 rw-p 00000000 00:00 0 
8bc15000-8bc18000 ---p 00000000 00:00 0 
8bc18000-8bc66000 rw-p 00000000 00:00 0 
8bc66000-8bc69000 rwxp 00000000 00:00 0 
8bc69000-8bcb7000 rw-p 00000000 00:00 0 
8bcb7000-8bcba000 ---p 00000000 00:00 0 
8bcba000-8bd08000 rw-p 00000000 00:00 0 
8bd08000-8bd0b000 ---p 00000000 00:00 0 
8bd0b000-8bd59000 rw-p 00000000 00:00 0 
8bd59000-8bd5c000 ---p 00000000 00:00 0 
8bd5c000-8bdaa000 rw-p 00000000 00:00 0 
8bdaa000-8bdad000 rwxp 00000000 00:00 0 
8bdad000-8bdfb000 rw-p 00000000 00:00 0 
8bdfb000-8bdfe000 rwxp 00000000 00:00 0 
8bdfe000-8be4c000 rw-p 00000000 00:00 0 
8be4c000-8be4f000 rwxp 00000000 00:00 0 
8be4f000-8be9d000 rw-p 00000000 00:00 0 
8be9d000-8bea0000 ---p 00000000 00:00 0 
8bea0000-8beee000 rw-p 00000000 00:00 0 
8beee000-8bef1000 rwxp 00000000 00:00 0 
8bef1000-8bf3f000 rw-p 00000000 00:00 0 
8bf3f000-8bf42000 ---p 00000000 00:00 0 
8bf42000-8bf90000 rw-p 00000000 00:00 0 
8bf90000-8bf93000 ---p 00000000 00:00 0 
8bf93000-8bfe1000 rw-p 00000000 00:00 0 
8bfe1000-8bfe4000 rwxp 00000000 00:00 0 
8bfe4000-8c032000 rw-p 00000000 00:00 0 
8c032000-8c035000 rwxp 00000000 00:00 0 
8c035000-8c083000 rw-p 00000000 00:00 0 
8c083000-8c086000 rwxp 00000000 00:00 0 
8c086000-8c0d4000 rw-p 00000000 00:00 0 
8c0d4000-8c0d7000 rwxp 00000000 00:00 0 
8c0d7000-8c125000 rw-p 00000000 00:00 0 
8c125000-8c128000 ---p 00000000 00:00 0 
8c128000-8c176000 rw-p 00000000 00:00 0 
8c176000-8c179000 ---p 00000000 00:00 0 
8c179000-8cb77000 rw-p 00000000 00:00 0 
8cb77000-8cb7a000 rwxp 00000000 00:00 0 
8cb7a000-8cbc8000 rw-p 00000000 00:00 0 
8cbc8000-8cbcb000 rwxp 00000000 00:00 0 
8cbcb000-8cc19000 rw-p 00000000 00:00 0 
8cc19000-8cc1c000 rwxp 00000000 00:00 0 
8cc1c000-8cc6a000 rw-p 00000000 00:00 0 
8cc6a000-8cc6d000 rwxp 00000000 00:00 0 
8cc6d000-8ccbb000 rw-p 00000000 00:00 0 
8ccbb000-8ccbe000 ---p 00000000 00:00 0 
8ccbe000-8cd0c000 rw-p 00000000 00:00 0 
8cd0c000-8cd0f000 ---p 00000000 00:00 0 
8cd0f000-8cd5d000 rw-p 00000000 00:00 0 
8cd5d000-8cd60000 rwxp 00000000 00:00 0 
8cd60000-8cdae000 rw-p 00000000 00:00 0 
8cdae000-8cdb1000 rwxp 00000000 00:00 0 
8cdb1000-8cdff000 rw-p 00000000 00:00 0 
8cdff000-8ce02000 rwxp 00000000 00:00 0 
8ce02000-8ce50000 rw-p 00000000 00:00 0 
8ce50000-8ce53000 ---p 00000000 00:00 0 
8ce53000-8cea1000 rw-p 00000000 00:00 0 
8cea1000-8cea4000 ---p 00000000 00:00 0 
8cea4000-8cef2000 rw-p 00000000 00:00 0 
8cef2000-8cef5000 ---p 00000000 00:00 0 
8cef5000-8cf43000 rw-p 00000000 00:00 0 
8cf43000-8cf46000 ---p 00000000 00:00 0 
8cf46000-8d944000 rw-p 00000000 00:00 0 
8d944000-8d947000 ---p 00000000 00:00 0 
8d947000-8d995000 rw-p 00000000 00:00 0 
8d995000-8d998000 ---p 00000000 00:00 0 
8d998000-8d9e6000 rw-p 00000000 00:00 0 
8d9e6000-8d9e9000 ---p 00000000 00:00 0 
8d9e9000-8da37000 rw-p 00000000 00:00 0 
8da37000-8da3a000 ---p 00000000 00:00 0 
8da3a000-8e45a000 rw-p 00000000 00:00 0 
8e45a000-8e45d000 ---p 00000000 00:00 0 
8e45d000-8ee7d000 rw-p 00000000 00:00 0 
8ee7d000-8ee7e000 ---p 00000000 00:00 0 
8ee7e000-8eefe000 rw-p 00000000 00:00 0 
8eefe000-8ef01000 ---p 00000000 00:00 0 
8ef01000-8ef7f000 rw-p 00000000 00:00 0 
8ef7f000-8ef82000 ---p 00000000 00:00 0 
8ef82000-8f000000 rw-p 00000000 00:00 0 
8f000000-8f200000 r--p 00000000 fd:00 137199     /usr/lib/locale/locale-archive
8f200000-8f2fa000 rw-p 00000000 00:00 0 
8f2fa000-8f300000 ---p 00000000 00:00 0 
8f30d000-8f310000 ---p 00000000 00:00 0 
8f310000-8f35e000 rw-p 00000000 00:00 0 
8f35e000-8f361000 ---p 00000000 00:00 0 
8f361000-8f3af000 rw-p 00000000 00:00 0 
8f3af000-8f3b2000 ---p 00000000 00:00 0 
8f3b2000-8f400000 rw-p 00000000 00:00 0 
8f400000-8f4fa000 rw-p 00000000 00:00 0 
8f4fa000-8f500000 ---p 00000000 00:00 0 
8f500000-8f507000 r--s 000fe000 fd:00 265580     /usr/lib/jvm/java-1.6.0-openjdk-1.6.0.0/jre/lib/resources.jar
8f507000-8f50a000 ---p 00000000 00:00 0 
8f50a000-8f558000 rw-p 00000000 00:00 0 
8f558000-8f559000 ---p 00000000 00:00 0 
8f559000-8f60c000 rw-p 00000000 00:00 0 
8f60c000-8f7a0000 r--s 038cb000 fd:00 265582     /usr/lib/jvm/java-1.6.0-openjdk-1.6.0.0/jre/lib/rt.jar
8f7a0000-93080000 rwxp 00000000 00:00 0 
93080000-af7a0000 rwxp 00000000 00:00 0 
af7a0000-b07a0000 rwxp 00000000 00:00 0 
b07a0000-b77a0000 rwxp 00000000 00:00 0 
b77a1000-b77a5000 r--s 0007c000 fd:00 262262     /usr/lib/jvm/java-1.6.0-openjdk-1.6.0.0/jre/lib/jsse.jar
b77a5000-b77ae000 r--s 00065000 fd:00 265508     /usr/lib/jvm/java-1.6.0-openjdk-1.6.0.0/jre/lib/ext/gnome-java-bridge.jar
b77ae000-b77b1000 rw-p 00000000 00:00 0 
b77b2000-b77b5000 r--s 0000f000 fd:00 265511     /usr/lib/jvm/java-1.6.0-openjdk-1.6.0.0/jre/lib/ext/pulse-java.jar
b77b5000-b77bd000 rw-s 00000000 fd:00 973650     /tmp/hsperfdata_root/15656
b77bd000-b77be000 rw-p 00000000 00:00 0 
b77be000-b77bf000 r--p 00000000 00:00 0 
b77bf000-b77c1000 rw-p 00000000 00:00 0 
bfcb3000-bfcb6000 ---p 00000000 00:00 0 
bfcb7000-bfd03000 rw-p 00000000 00:00 0          [stack]

VM Arguments:
jvm_args: -Xint -Xcheck:jni 
java_command: <unknown>
Launcher Type: generic

Environment Variables:
PATH=/usr/lib/qt-3.3/bin:/usr/local/sbin:/usr/sbin:/sbin:/usr/local/bin:/usr/bin:/bin:/root/bin
USERNAME=root
LD_LIBRARY_PATH=build:/usr/lib/jvm/java-1.6.0-openjdk-1.6.0.0/jre/lib/i386/server
SHELL=/bin/bash
DISPLAY=:0.0

Signal Handlers:
SIGSEGV: [libjvm.so+0x58fb90], sa_mask[0]=0x7ffbfeff, sa_flags=0x10000004
SIGBUS: [libjvm.so+0x58fb90], sa_mask[0]=0x7ffbfeff, sa_flags=0x10000004
SIGFPE: [libjvm.so+0x484220], sa_mask[0]=0x7ffbfeff, sa_flags=0x10000004
SIGPIPE: [libjvm.so+0x484220], sa_mask[0]=0x7ffbfeff, sa_flags=0x10000004
SIGXFSZ: [libjvm.so+0x484220], sa_mask[0]=0x7ffbfeff, sa_flags=0x10000004
SIGILL: [libjvm.so+0x484220], sa_mask[0]=0x7ffbfeff, sa_flags=0x10000004
SIGUSR1: SIG_DFL, sa_mask[0]=0x00000000, sa_flags=0x00000000
SIGUSR2: [libjvm.so+0x483970], sa_mask[0]=0x00000000, sa_flags=0x10000004
SIGHUP: [libjvm.so+0x485ed0], sa_mask[0]=0x7ffbfeff, sa_flags=0x10000004
SIGINT: [libjvm.so+0x485ed0], sa_mask[0]=0x7ffbfeff, sa_flags=0x10000004
SIGTERM: [libjvm.so+0x485ed0], sa_mask[0]=0x7ffbfeff, sa_flags=0x10000004
SIGQUIT: [libjvm.so+0x485ed0], sa_mask[0]=0x7ffbfeff, sa_flags=0x10000004


---------------  S Y S T E M  ---------------

OS:CentOS Linux release 6.0 (Final)

uname:Linux 2.6.32-71.el6.i686 #1 SMP Fri Nov 12 04:17:17 GMT 2010 i686
libc:glibc 2.12 NPTL 2.12 
rlimit: STACK 10240k, CORE 0k, NPROC 1024, NOFILE 1024, AS infinity
load average:0.29 0.14 0.07

CPU:total 1 (1 cores per cpu, 1 threads per core) family 6 model 23 stepping 6, cmov, cx8, fxsr, mmx, sse, sse2, sse3, ssse3, sse4.1

Memory: 4k page, physical 1031320k(52744k free), swap 2064376k(2053348k free)

vm_info: OpenJDK Server VM (14.0-b16) for linux-x86 JRE (1.6.0_17-b17), built on Jun 25 2011 03:11:37 by "mockbuild" with gcc 4.4.4 20100726 (Red Hat 4.4.4-13)

time: Tue Nov  1 19:46:01 2011
elapsed time: 336 seconds

